U42
V18468
W6335
X26501
Y19170
Z15725
AA11479
AB29359
AC26963
AD24465
AU5706
AV28146
AW23282
AX16828
AY9962
AZ492
BA2996
BB11943
BC4828
BD5437
YU32392
YV14605
YW3903
YX154
YY293
YZ12383
ZA17422
ZB18717
ZC19719
ZD19896
ZU5448
ZV21727
ZW14772
ZX11539
ZY1870
ZZ19913
AAA25668
AAB26300
AAC17036
AAD9895
AAU28704
AAV23812
AAW31323
AAX30334
AAY17674
AAZ4665
ABA15142
ABB7712
ABC28254
ABD6869
YXU25548
YXV27645
YXW32663
YXX32758
YXY20038
YXZ12860
YYA8724
YYB9742
YYC27530
YYD779
YYU12317
YYV3036
YYW22191
YYX1843
YYY289
YYZ30107
YZA9041
YZB8943
YZC19265
YZD22649
YZU27447
YZV23806
YZW15891
YZX6730
YZY24371
YZZ15351
ZAA15007
ZAB31102
ZAC24394
ZAD3549
ZYU19630
ZYV12624
ZYW24085
ZYX19955
ZYY18757
ZYZ11841
ZZA4967
ZZB7377
ZZC13932
ZZD26309
ZZU16945
ZZV32440
ZZW24627
ZZX11324
ZZY5538
ZZZ21539
AAAA16119
AAAB2083
AAAC22930
AAAD16542
AAAU4834
AAAV31116
AAAW4640
AAAX29659
AAAY22705
AAAZ9931
AABA13978
AABB2307
AABC31674
AABD22387
YYZU5022
YYZV28746
YYZW26925
YYZX19073
YYZY6271
YYZZ5830
YZAA26778
YZAB15574
YZAC5098
YZAD16513
ZYYU23987
ZYYV13291
ZYYW9162
ZYYX18637
ZYYY22356
ZYYZ24768
ZYZA23656
ZYZB15575
ZYZC4032
ZYZD12053
ZYZU27351
ZYZV1151
ZYZW16942
ZYZX21725
ZYZY13967
ZYZZ3431
ZZAA31108
ZZAB30192
ZZAC18008
ZZAD11338
ZZZU15458
ZZZV12288
ZZZW27754
ZZZX10384
ZZZY14946
ZZZZ8910
AAAAA32210
AAAAB9759
AAAAC24222
AAAAD18589
AAAAU6423
AAAAV24947
AAAAW27507
AAAAX13031
AAAAY16414
AAAAZ29169
AAABA901
AAABB32592
AAABC18763
AAABD1656
YFLRYI17411
YFLRYJ6360
YFLRYK27625
YFLRYL20538
YFLRYM21549
YFLRYN6484
YFLRYO27596
YFLRYP4042
YFLRYQ3603
YFLRYR24351
A1
B2
C3
D4
E5
F6
G7
H8
I9
J10
K11
L12
M13
N14
O15
P16
Q17
R18
S19
T20
U21
V22
W23
X24
Y25
Z26
AA27
AB28
AC29
AD30
AE31
AF32
AG33
AH34
AI35
AJ36
AK37
AL38
AM39
AN40
AO41
AP42
AQ43
AR44
AS45
AT46
AU47
AV48
AW49
AX50
AY51
AZ52
BA53
BB54
BC55
BD56
BE57
BF58
BG59
BH60
BI61
BJ62
BK63
BL64
BM65
BN66
BO67
BP68
BQ69
BR70
BS71
BT72
BU73
BV74
BW75
BX76
BY77
BZ78
CA79
CB80
CC81
CD82
CE83
CF84
CG85
CH86
CI87
CJ88
CK89
CL90
CM91
CN92
CO93
CP94
CQ95
CR96
CS97
CT98
CU99
CV100
CW101
CX102
CY103
CZ104
DA105
DB106
DC107
DD108
DE109
DF110
DG111
DH112
DI113
DJ114
DK115
DL116
DM117
DN118
DO119
DP120
DQ121
DR122
DS123
DT124
DU125
DV126
DW127
DX128
DY129
DZ130
EA131
EB132
EC133
ED134
EE135
EF136
EG137
EH138
EI139
EJ140
EK141
EL142
EM143
EN144
EO145
EP146
EQ147
ER148
ES149
ET150
EU151
EV152
EW153
EX154
EY155
EZ156
FA157
FB158
FC159
FD160
FE161
FF162
FG163
FH164
FI165
FJ166
FK167
FL168
FM169
FN170
FO171
FP172
FQ173
FR174
FS175
FT176
FU177
FV178
FW179
FX180
FY181
FZ182
GA183
GB184
GC185
GD186
GE187
GF188
GG189
GH190
GI191
GJ192
GK193
GL194
GM195
GN196
GO197
GP198
GQ199
GR200
GS201
GT202
GU203
GV204
GW205
GX206
GY207
GZ208
HA209
HB210
HC211
HD212
HE213
HF214
HG215
HH216
HI217
HJ218
HK219
HL220
HM221
HN222
HO223
HP224
HQ225
HR226
HS227
HT228
HU229
HV230
HW231
HX232
HY233
HZ234
IA235
IB236
IC237
ID238
IE239
IF240
IG241
IH242
II243
IJ244
IK245
IL246
IM247
IN248
IO249
IP250
IQ251
IR252
IS253
IT254
IU255
IV256
IW257
IX258
IY259
IZ260
JA261
JB262
JC263
JD264
JE265
JF266
JG267
JH268
JI269
JJ270
JK271
JL272
JM273
JN274
JO275
JP276
JQ277
JR278
JS279
JT280
JU281
JV282
JW283
JX284
JY285
JZ286
KA287
KB288
KC289
KD290
KE291
KF292
KG293
KH294
KI295
KJ296
KK297
KL298
KM299
KN300
KO301
KP302
KQ303
KR304
KS305
KT306
KU307
KV308
KW309
KX310
KY311
KZ312
LA313
LB314
LC315
LD316
LE317
LF318
LG319
LH320
LI321
LJ322
LK323
LL324
LM325
LN326
LO327
LP328
LQ329
LR330
LS331
LT332
LU333
LV334
LW335
LX336
LY337
LZ338
MA339
MB340
MC341
MD342
ME343
MF344
MG345
MH346
MI347
MJ348
MK349
ML350
MM351
MN352
MO353
MP354
MQ355
MR356
MS357
MT358
MU359
MV360
MW361
MX362
MY363
MZ364
NA365
NB366
NC367
ND368
NE369
NF370
NG371
NH372
NI373
NJ374
NK375
NL376
NM377
NN378
NO379
NP380
NQ381
NR382
NS383
NT384
NU385
NV386
NW387
NX388
NY389
NZ390
OA391
OB392
OC393
OD394
OE395
OF396
OG397
OH398
OI399
OJ400
OK401
OL402
OM403
ON404
OO405
OP406
OQ407
OR408
OS409
OT410
OU411
OV412
OW413
OX414
OY415
OZ416
PA417
PB418
PC419
PD420
PE421
PF422
PG423
PH424
PI425
PJ426
PK427
PL428
PM429
PN430
PO431
PP432
PQ433
PR434
PS435
PT436
PU437
PV438
PW439
PX440
PY441
PZ442
QA443
QB444
QC445
QD446
QE447
QF448
QG449
QH450
QI451
QJ452
QK453
QL454
QM455
QN456
QO457
QP458
QQ459
QR460
QS461
QT462
QU463
QV464
QW465
QX466
QY467
QZ468
RA469
RB470
RC471
RD472
RE473
RF474
RG475
RH476
RI477
RJ478
RK479
RL480
RM481
RN482
RO483
RP484
RQ485
RR486
RS487
RT488
RU489
RV490
RW491
RX492
RY493
RZ494
SA495
SB496
SC497
SD498
SE499
SF500
SG501
SH502
SI503
SJ504
SK505
SL506
SM507
SN508
SO509
SP510
SQ511
SR512
SS513
ST514
SU515
SV516
SW517
SX518
SY519
SZ520
TA521
TB522
TC523
TD524
TE525
TF526
TG527
TH528
TI529
TJ530
TK531
TL532
TM533
TN534
TO535
TP536
TQ537
TR538
TS539
TT540
TU541
TV542
TW543
TX544
TY545
TZ546
UA547
UB548
UC549
UD550
UE551
UF552
UG553
UH554
UI555
UJ556
UK557
UL558
UM559
UN560
UO561
UP562
UQ563
UR564
US565
UT566
UU567
UV568
UW569
UX570
UY571
UZ572
VA573
VB574
VC575
VD576
VE577
VF578
VG579
VH580
VI581
VJ582
VK583
VL584
VM585
VN586
VO587
VP588
VQ589
VR590
VS591
VT592
VU593
VV594
VW595
VX596
VY597
VZ598
WA599
WB600
WC601
WD602
WE603
WF604
WG605
WH606
WI607
WJ608
WK609
WL610
WM611
WN612
WO613
WP614
WQ615
WR616
WS617
WT618
WU619
WV620
WW621
WX622
WY623
WZ624
XA625
XB626
XC627
XD628
XE629
XF630
XG631
XH632
XI633
XJ634
XK635
XL636
XM637
XN638
XO639
XP640
XQ641
XR642
XS643
XT644
XU645
XV646
XW647
XX648
XY649
XZ650
YA651
YB652
YC653
YD654
YE655
YF656
YG657
YH658
YI659
YJ660
YK661
YL662
YM663
YN664
YO665
YP666
YQ667
YR668
YS669
YT670
YU671
YV672
YW673
YX674
YY675
YZ676
ZA677
ZB678
ZC679
ZD680
ZE681
ZF682
ZG683
ZH684
ZI685
ZJ686
ZK687
ZL688
ZM689
ZN690
ZO691
ZP692
ZQ693
ZR694
ZS695
ZT696
ZU697
ZV698
ZW699
ZX700
ZY701
ZZ702
