Data set 1: 4 10 4
Data set 2: 8 42 0
Data set 3: 1 335 335
Data set 4: 5 1170 17838538420
Data set 5: 9 1479 1202097679638
Data set 6: 5 963 6737742068
Data set 7: 6 1706 1044330636708
Data set 8: 8 1282 653442325228
Data set 9: 2 1962 962361
Data set 10: 3 996 20584249
Data set 11: 7 828 24893517844
Data set 12: 5 392 75189520
Data set 13: 4 1903 8538044606
Data set 14: 3 293 523994
Data set 15: 7 1422 1107092902828
Data set 16: 6 1719 1093001418522
Data set 17: 7 1448 1257013509532
Data set 18: 9 772 2444321180
Data set 19: 3 1870 136233240
Data set 20: 10 1668 793614148612
Data set 21: 5 1036 9709665472
Data set 22: 2 704 123904
Data set 23: 4 1323 1994512410
Data set 24: 5 1674 106967703024
Data set 25: 2 1142 326041
Data set 26: 9 254 0
Data set 27: 5 1548 72330727200
Data set 28: 8 663 3064527786
Data set 29: 10 38 0
Data set 30: 2 724 131044
Data set 31: 9 1530 1644299969284
Data set 32: 6 317 42279606
Data set 33: 3 191 145136
Data set 34: 7 289 14166492
Data set 35: 3 1041 23502180
Data set 36: 9 1265 281295863204
Data set 37: 6 1447 388752273342
Data set 38: 10 1891 3123541817532
Data set 39: 1 371 371
Data set 40: 2 1007 253512
Data set 41: 9 394 1015268
Data set 42: 4 1630 4595710504
Data set 43: 5 85 34674
Data set 44: 1 757 757
Data set 45: 7 967 74040812720
Data set 46: 9 1932 14009497206840
Data set 47: 10 945 771131490
Data set 48: 4 627 100606974
Data set 49: 9 1538 1725384092484
Data set 50: 3 119 35090
Data set 51: 2 930 216225
Data set 52: 6 834 14228259084
Data set 53: 9 640 357547444
Data set 54: 1 705 705
Data set 55: 7 1978 11180550469036
Data set 56: 7 1674 3473337266100
Data set 57: 6 1022 48218733248
Data set 58: 3 925 16488472
Data set 59: 10 271 0
Data set 60: 4 778 238505540
Data set 61: 3 1098 27578100
Data set 62: 1 1987 1987
Data set 63: 7 1162 268724315076
Data set 64: 8 356 15475494
Data set 65: 5 1656 101338883568
Data set 66: 3 32 680
Data set 67: 1 1351 1351
Data set 68: 5 942 6034430084
Data set 69: 1 1967 1967
Data set 70: 2 1108 306916
Data set 71: 8 8 0
Data set 72: 8 1458 1841817207560
Data set 73: 4 1754 6161997160
Data set 74: 10 946 782808708
Data set 75: 9 210 0
Data set 76: 9 222 0
Data set 77: 7 423 217188294
Data set 78: 1 1507 1507
Data set 79: 9 414 2056108
Data set 80: 2 901 202950
Data set 81: 6 763 8338431224
Data set 82: 10 1411 120228044426
Data set 83: 8 1625 4406090656084
Data set 84: 4 1549 3748056526
Data set 85: 2 1596 636804
Data set 86: 1 1603 1603
Data set 87: 7 292 15269836
Data set 88: 1 1375 1375
Data set 89: 2 597 89102
Data set 90: 10 1349 71318088850
Data set 91: 5 1669 105379290744
Data set 92: 5 282 14462172
Data set 93: 10 54 0
Data set 94: 9 419 2424742
Data set 95: 9 901 11189337516
Data set 96: 8 128 1
Data set 97: 4 1729 5818111992
Data set 98: 4 649 115488882
Data set 99: 2 1808 817216
Data set 100: 8 311 4526726
Data set 101: 5 814 2907081940
Data set 102: 7 310 23518952
Data set 103: 2 936 219024
Data set 104: 10 601 118686
Data set 105: 7 520 938676048
Data set 106: 4 799 265316700
Data set 107: 9 225 0
Data set 108: 10 1845 2392881399308
Data set 109: 3 990 20214480
Data set 110: 6 1196 123904862146
Data set 111: 4 1094 932531600
Data set 112: 8 524 433577052
Data set 113: 4 1315 1946705420
Data set 114: 1 1449 1449
Data set 115: 9 1459 1059832435494
Data set 116: 7 581 2054895414
Data set 117: 2 799 159600
Data set 118: 9 1590 2344464938932
Data set 119: 8 10 0
Data set 120: 3 473 2204594
Data set 121: 3 539 3262230
Data set 122: 10 39 0
Data set 123: 8 191 25510
Data set 124: 2 1959 959420
Data set 125: 9 1816 7948687118896
Data set 126: 2 1157 334662
Data set 127: 5 203 2785692
Data set 128: 6 273 17145240
Data set 129: 7 329 36074962
Data set 130: 7 363 72990490
Data set 131: 4 876 383356270
Data set 132: 3 1870 136233240
Data set 133: 7 1845 6865823279172
Data set 134: 9 1882 11021978732944
Data set 135: 2 323 26082
Data set 136: 10 22 0
Data set 137: 7 1558 2099916665680
Data set 138: 10 1893 3159399238156
Data set 139: 3 1076 25953389
Data set 140: 1 601 601
Data set 141: 10 1004 1780343950
Data set 142: 9 1862 9995195087824
Data set 143: 10 1402 111666032804
Data set 144: 4 1256 1620154121
Data set 145: 6 1003 43080668256
Data set 146: 6 183 1511402
Data set 147: 7 1089 170460879282
Data set 148: 8 618 1714990136
Data set 149: 3 1833 128305494
Data set 150: 5 170 1144308
Data set 151: 10 1722 1127297065880
Data set 152: 10 1977 5040849611540
Data set 153: 3 369 1046684
Data set 154: 6 1426 356099670696
Data set 155: 10 1435 145984930714
Data set 156: 3 1442 62467440
Data set 157: 1 146 146
Data set 158: 4 1719 5684673530
Data set 159: 4 140 249594
Data set 160: 7 280 11266472
Data set 161: 10 688 3663090
Data set 162: 8 550 650471640
Data set 163: 10 1867 2720713918492
Data set 164: 6 194 2158660
Data set 165: 7 1298 583980492504
Data set 166: 6 287 23196168
Data set 167: 3 489 2435974
Data set 168: 5 456 160235208
Data set 169: 2 115 3306
Data set 170: 2 1317 433622
Data set 171: 4 1787 6638970464
Data set 172: 6 314 39927732
Data set 173: 4 1186 1288057320
Data set 174: 9 913 12721305452
Data set 175: 6 1833 1606832694086
Data set 176: 7 314 25794808
Data set 177: 9 322 31196
Data set 178: 3 1647 93076156
Data set 179: 5 482 211461044
Data set 180: 3 1197 35730500
Data set 181: 2 1130 319225
Data set 182: 1 1536 1536
Data set 183: 7 1174 288804120948
Data set 184: 10 45 0
Data set 185: 10 293 0
Data set 186: 5 1254 25230691044
Data set 187: 1 155 155
Data set 188: 10 746 17960932
Data set 189: 4 1187 1292401564
Data set 190: 3 475 2232678
Data set 191: 9 169 0
Data set 192: 6 788 10120105960
Data set 193: 2 1959 959420
Data set 194: 6 203 2843946
Data set 195: 5 478 202827044
Data set 196: 5 1315 31994454714
Data set 197: 5 1335 34502808172
Data set 198: 10 373 0
Data set 199: 1 1834 1834
Data set 200: 8 1488 2169844737324
Data set 201: 8 1519 2561350032076
Data set 202: 1 1774 1774
Data set 203: 9 1764 6090137671830
Data set 204: 6 1193 122049718258
Data set 205: 1 1103 1103
Data set 206: 8 1214 421002332124
Data set 207: 10 803 64662374
Data set 208: 6 528 912785488
Data set 209: 5 1544 71400995392
Data set 210: 3 1024 22369536
Data set 211: 2 1062 281961
Data set 212: 3 1004 21084251
Data set 213: 4 1506 3348891000
Data set 214: 2 726 131769
Data set 215: 3 493 2496244
Data set 216: 7 1223 384718112300
Data set 217: 1 1065 1065
Data set 218: 1 1188 1188
Data set 219: 5 414 98812220
Data set 220: 1 271 271
Data set 221: 4 236 2018110
Data set 222: 1 1712 1712
Data set 223: 8 897 36321273976
Data set 224: 1 1286 1286
Data set 225: 5 141 446952
Data set 226: 5 696 1328354280
Data set 227: 6 20 0
Data set 228: 5 577 520019460
Data set 229: 3 659 5962220
Data set 230: 7 1372 861416481838
Data set 231: 4 679 138370820
Data set 232: 5 1852 177291638852
Data set 233: 5 1019 8938577088
Data set 234: 3 1120 29269240
Data set 235: 8 801 14445006222
Data set 236: 7 1061 141987210960
Data set 237: 8 1011 95896027608
Data set 238: 6 171 998454
Data set 239: 8 1577 3462249105484
Data set 240: 9 44 0
Data set 241: 10 1165 12192450386
Data set 242: 7 1883 7919888576610
Data set 243: 8 1566 3272784366904
Data set 244: 5 1578 79616843460
Data set 245: 8 626 1907603768
Data set 246: 9 1630 2947160010092
Data set 247: 1 1424 1424
Data set 248: 3 903 15339750
Data set 249: 7 124 20798
Data set 250: 2 1738 755161
Data set 251: 6 196 2297834
Data set 252: 1 1265 1265
Data set 253: 7 203 1052956
Data set 254: 7 1031 116100284432
Data set 255: 2 1012 256036
Data set 256: 8 412 55896812
Data set 257: 1 1154 1154
Data set 258: 5 1791 149953793584
Data set 259: 4 189 829656
Data set 260: 2 941 221370
Data set 261: 10 663 1618810
Data set 262: 4 901 429025744
Data set 263: 9 959 20445474972
Data set 264: 8 366 19802644
Data set 265: 1 1478 1478
Data set 266: 10 59 0
Data set 267: 1 304 304
Data set 268: 5 1358 37579561208
Data set 269: 9 478 13292116
Data set 270: 8 1114 210263212848
Data set 271: 1 1802 1802
Data set 272: 9 461 8478402
Data set 273: 5 994 7894554612
Data set 274: 1 1406 1406
Data set 275: 5 1112 13833892156
Data set 276: 7 836 26633835566
Data set 277: 1 73 73
Data set 278: 6 824 13234050180
Data set 279: 7 557 1525619160
Data set 280: 8 1627 4449872841596
Data set 281: 8 527 454807148
Data set 282: 2 1338 447561
Data set 283: 2 1870 874225
Data set 284: 3 897 15036000
Data set 285: 3 1618 88245720
Data set 286: 7 718 9135587032
Data set 287: 2 1586 628849
Data set 288: 10 424 0
Data set 289: 6 230 6074544
Data set 290: 3 560 3658620
Data set 291: 6 297 28528086
Data set 292: 3 54 3276
Data set 293: 5 1585 81398237580
Data set 294: 3 655 5854308
Data set 295: 10 1458 175149873788
Data set 296: 4 533 52534834
Data set 297: 4 608 88956176
Data set 298: 6 912 24338762140
Data set 299: 9 68 0
Data set 300: 9 676 633469718
Data set 301: 3 224 234136
Data set 302: 2 1755 770006
Data set 303: 6 742 7051783440
Data set 304: 6 1460 410193027810
Data set 305: 1 1222 1222
Data set 306: 5 1627 92770303254
Data set 307: 4 1206 1377165300
Data set 308: 9 1851 9467327242328
Data set 309: 2 280 19600
Data set 310: 5 194 2219672
Data set 311: 5 1638 95949554004
Data set 312: 4 1557 3826088370
Data set 313: 6 177 1232978
Data set 314: 9 963 21280380964
Data set 315: 1 1882 1882
Data set 316: 2 414 42849
Data set 317: 6 1856 1731693576516
Data set 318: 3 1143 31109650
Data set 319: 8 1612 4130615799180
Data set 320: 9 425 2941966
Data set 321: 4 1753 6147944660
Data set 322: 4 297 5063006
Data set 323: 4 41 1790
Data set 324: 3 876 14004539
Data set 325: 1 819 819
Data set 326: 3 1018 21978620
Data set 327: 6 113 76788
Data set 328: 2 1170 342225
Data set 329: 9 41 0
Data set 330: 1 686 686
Data set 331: 10 1498 238346979748
Data set 332: 6 1991 2639108288082
Data set 333: 5 1354 37029324248
Data set 334: 1 652 652
Data set 335: 9 45 0
Data set 336: 10 336 0
Data set 337: 6 1193 122049718258
Data set 338: 2 1265 400056
Data set 339: 10 504 0
Data set 340: 9 1776 6480834092974
Data set 341: 8 1293 700026493254
Data set 342: 7 1550 2025508481360
Data set 343: 8 1562 3206158294040
Data set 344: 2 468 54756
Data set 345: 1 130 130
Data set 346: 5 1814 159833664052
Data set 347: 8 602 1379920824
Data set 348: 4 216 1415961
Data set 349: 3 214 204156
Data set 350: 2 1825 832656
Data set 351: 10 1393 103642605598
Data set 352: 9 671 586465002
Data set 353: 5 28 94
Data set 354: 7 76 94
Data set 355: 1 1499 1499
Data set 356: 8 288 2197788
Data set 357: 4 605 87211900
Data set 358: 4 1222 1451717040
Data set 359: 4 1707 5527592394
Data set 360: 2 1011 255530
Data set 361: 1 1490 1490
Data set 362: 3 165 93562
Data set 363: 4 1620 4483965094
Data set 364: 5 1592 83212033080
Data set 365: 3 1819 125387990
Data set 366: 6 751 7581156408
Data set 367: 10 976 1209999302
Data set 368: 3 304 585276
Data set 369: 8 1099 188432515320
Data set 370: 9 1585 2277370107506
Data set 371: 5 972 7058645988
Data set 372: 6 914 24660990536
Data set 373: 3 1546 76981524
Data set 374: 9 1547 1820792841322
Data set 375: 3 1770 115525540
Data set 376: 6 520 832727456
Data set 377: 5 290 16636476
Data set 378: 1 866 866
Data set 379: 9 1246 244191334056
Data set 380: 1 319 319
Data set 381: 4 1602 4287973200
Data set 382: 3 1133 30300244
Data set 383: 8 1153 277657283994
Data set 384: 4 571 69197736
Data set 385: 4 1902 8520126300
Data set 386: 8 424 71647720
Data set 387: 10 1601 503422609588
Data set 388: 6 16 0
Data set 389: 4 29 436
Data set 390: 9 1348 508669059290
Data set 391: 8 944 54996969992
Data set 392: 4 410 18392504
Data set 393: 2 1050 275625
Data set 394: 3 1589 83585174
Data set 395: 1 609 609
Data set 396: 9 1222 203542629480
Data set 397: 9 1955 15609982127720
Data set 398: 1 147 147
Data set 399: 4 1950 9413316504
Data set 400: 1 1431 1431
Data set 401: 8 749 8344639934
Data set 402: 4 537 54129836
Data set 403: 7 36 0
Data set 404: 9 1186 153755974536
Data set 405: 10 1854 2522509077048
Data set 406: 9 1225 208266807484
Data set 407: 10 1924 3764246395964
Data set 408: 7 258 6209736
Data set 409: 6 945 30128259210
Data set 410: 7 1319 653524220828
Data set 411: 6 1412 335625817692
Data set 412: 2 356 31684
Data set 413: 7 550 1395343344
Data set 414: 6 585 1690339218
Data set 415: 3 1965 158068612
Data set 416: 4 76 21570
Data set 417: 7 143 68778
Data set 418: 3 1949 154238744
Data set 419: 7 427 232215894
Data set 420: 10 174 0
Data set 421: 6 405 185095404
Data set 422: 3 627 5135156
Data set 423: 4 1376 2333852176
Data set 424: 7 566 1708563216
Data set 425: 2 737 135792
Data set 426: 5 815 2924941290
Data set 427: 3 257 353600
Data set 428: 9 1937 14344358400632
Data set 429: 6 483 534196816
Data set 430: 2 1016 258064
Data set 431: 2 231 13340
Data set 432: 2 626 97969
Data set 433: 7 638 3976013532
Data set 434: 1 1691 1691
Data set 435: 5 1663 103498604872
Data set 436: 4 894 415850400
Data set 437: 3 1417 59274350
Data set 438: 3 9 14
Data set 439: 5 234 5680332
Data set 440: 5 304 21065395
Data set 441: 7 304 20427068
Data set 442: 5 149 589878
Data set 443: 4 318 6654960
Data set 444: 9 1110 82385005544
Data set 445: 1 1201 1201
Data set 446: 9 1319 415447932778
Data set 447: 6 51 330
Data set 448: 5 1362 38136319708
Data set 449: 7 1904 8559801866458
Data set 450: 10 1644 675982452596
Data set 451: 2 903 203852
Data set 452: 9 490 17960932
Data set 453: 4 1283 1764019040
Data set 454: 1 675 675
Data set 455: 4 1403 2522489200
Data set 456: 10 1832 2216210894168
Data set 457: 10 1879 2915925675812
Data set 458: 10 1009 1903683886
Data set 459: 4 1972 9845368130
Data set 460: 2 1946 946729
Data set 461: 3 505 2683002
Data set 462: 4 686 144167820
Data set 463: 10 699 5095526
Data set 464: 9 723 1262135782
Data set 465: 1 1038 1038
Data set 466: 5 1462 54349902152
Data set 467: 2 509 64770
Data set 468: 4 1960 9607901625
Data set 469: 10 1516 272862744434
Data set 470: 10 938 694105220
Data set 471: 1 59 59
Data set 472: 5 1972 242673346756
Data set 473: 6 1118 82656595084
Data set 474: 6 556 1245302190
Data set 475: 10 331 0
Data set 476: 9 213 0
Data set 477: 5 83 30714
Data set 478: 1 86 86
Data set 479: 5 485 218118294
Data set 480: 6 381 128121532
Data set 481: 2 1952 952576
Data set 482: 10 116 0
Data set 483: 9 1111 83086488916
Data set 484: 9 1074 60294304136
Data set 485: 3 1978 161226780
Data set 486: 10 1957 4519675331724
Data set 487: 9 114 0
Data set 488: 1 942 942
Data set 489: 4 1724 5751114120
Data set 490: 5 29 114
Data set 491: 1 779 779
Data set 492: 6 1072 64230837418
Data set 493: 2 1975 975156
Data set 494: 8 1334 900304591164
Data set 495: 6 154 525576
Data set 496: 6 169 929106
Data set 497: 10 1677 842201303700
Data set 498: 9 651 427682266
Data set 499: 4 1310 1917272504
Data set 500: 1 687 687
Data set 501: 10 117 0
Data set 502: 9 668 559846226
Data set 503: 5 680 1182497764
Data set 504: 6 1422 350146630152
Data set 505: 7 827 24682216988
Data set 506: 7 1517 1741932269720
Data set 507: 8 667 3220243978
Data set 508: 5 1682 109548332404
Data set 509: 7 1341 733884221108
Data set 510: 3 22 220
Data set 511: 5 722 1595774316
Data set 512: 6 1310 214000611920
Data set 513: 4 1903 8538044606
Data set 514: 2 1125 316406
Data set 515: 3 746 8649124
Data set 516: 2 424 44944
Data set 517: 9 807 3799710244
Data set 518: 3 1319 47806990
Data set 519: 8 1908 16001949163278
Data set 520: 3 1482 67811380
Data set 521: 1 1137 1137
Data set 522: 10 115 0
Data set 523: 7 85 450
Data set 524: 4 291 4665996
Data set 525: 3 1997 165917500
Data set 526: 6 1055 58352953120
Data set 527: 9 709 1034164546
Data set 528: 3 1492 69193365
Data set 529: 5 1132 15123629486
Data set 530: 9 440 4665396
Data set 531: 5 723 1606827426
Data set 532: 3 996 20584249
Data set 533: 10 1270 34913956716
Data set 534: 4 239 2122510
Data set 535: 7 1919 9043473389362
Data set 536: 9 1660 3485498822306
Data set 537: 7 487 590163624
Data set 538: 4 1463 2982474586
Data set 539: 3 159 83720
Data set 540: 3 1147 31437406
Data set 541: 6 1038 52931741632
Data set 542: 9 648 407492292
Data set 543: 8 603 1398932276
Data set 544: 1 99 99
Data set 545: 1 1293 1293
Data set 546: 10 1279 37987893482
Data set 547: 9 353 177746
Data set 548: 1 1883 1883
Data set 549: 6 316 41487258
Data set 550: 8 763 9710200906
Data set 551: 8 337 9448286
Data set 552: 8 1419 1480656614580
Data set 553: 2 1829 836310
Data set 554: 1 817 817
Data set 555: 6 450 349010900
Data set 556: 10 659 1406950
Data set 557: 1 521 521
Data set 558: 8 1561 3189651534316
Data set 559: 6 1163 104747817108
Data set 560: 3 676 6435689
Data set 561: 5 362 50481596
Data set 562: 7 399 143323398
Data set 563: 7 715 8869951156
Data set 564: 10 1189 15690209570
Data set 565: 4 639 108533360
Data set 566: 6 1076 65683044262
Data set 567: 6 1522 526485855840
Data set 568: 9 1616 2722204876262
Data set 569: 1 1235 1235
Data set 570: 5 906 4966056144
Data set 571: 3 1558 78788060
Data set 572: 5 162 898348
Data set 573: 10 550 3404
Data set 574: 4 331 7811566
Data set 575: 4 351 9878132
Data set 576: 1 926 926
Data set 577: 7 1738 4517667902808
Data set 578: 9 338 81540
Data set 579: 7 394 131026428
Data set 580: 5 715 1519856316
Data set 581: 10 1592 472734974664
Data set 582: 6 1136 90973574748
Data set 583: 5 1338 34892447688
Data set 584: 4 338 8494220
Data set 585: 1 665 665
Data set 586: 9 1609 2615506123330
Data set 587: 6 1282 187973394704
Data set 588: 4 1153 1150564560
Data set 589: 5 653 965582472
Data set 590: 7 1877 7744782999750
Data set 591: 3 397 1303500
Data set 592: 1 250 250
Data set 593: 10 1175 13555947126
Data set 594: 2 944 222784
Data set 595: 10 1942 4161012520520
Data set 596: 6 420 230418734
Data set 597: 6 1806 1469933392144
Data set 598: 1 217 217
Data set 599: 10 1616 558553322564
Data set 600: 7 1065 145786250192
Data set 601: 5 894 4645732784
Data set 602: 1 1510 1510
Data set 603: 4 1696 5386493456
Data set 604: 2 1590 632025
Data set 605: 9 1173 138623595868
Data set 606: 2 1359 461720
Data set 607: 7 269 8417092
Data set 608: 3 511 2779776
Data set 609: 10 775 35434774
Data set 610: 3 911 15751076
Data set 611: 2 183 8372
Data set 612: 5 1496 60970875020
Data set 613: 5 875 4172482314
Data set 614: 6 903 22931374508
Data set 615: 5 461 169211868
Data set 616: 2 973 236682
Data set 617: 8 123 0
Data set 618: 10 1578 428283853336
Data set 619: 6 1606 726782596140
Data set 620: 1 1595 1595
Data set 621: 5 344 39109532
Data set 622: 3 482 2332880
Data set 623: 10 1673 820282351020
Data set 624: 3 1429 60793054
Data set 625: 8 1763 8482306965522
Data set 626: 6 409 196378572
Data set 627: 4 1909 8646234646
Data set 628: 5 1760 137417764198
Data set 629: 7 1205 346723291890
Data set 630: 9 320 27338
Data set 631: 7 1946 9973414030068
Data set 632: 1 167 167
Data set 633: 3 1368 53335470
Data set 634: 3 1788 119086015
Data set 635: 5 557 435901998
Data set 636: 2 1448 524176
Data set 637: 3 284 477191
Data set 638: 7 1332 700050535684
Data set 639: 9 584 133794468
Data set 640: 3 724 7906261
Data set 641: 7 19 0
Data set 642: 2 1221 372710
Data set 643: 7 183 479766
Data set 644: 6 1491 465316348386
Data set 645: 7 325 33039346
Data set 646: 10 1678 847778031672
Data set 647: 5 1644 97719867534
Data set 648: 9 1678 3848795492020
Data set 649: 2 1069 285690
Data set 650: 4 197 979400
Data set 651: 8 829 19118183122
Data set 652: 2 1427 509082
Data set 653: 3 698 7084700
Data set 654: 8 704 5020849302
Data set 655: 6 1409 331366266924
Data set 656: 6 1509 500064320048
Data set 657: 8 239 340310
Data set 658: 4 444 25296040
Data set 659: 1 502 502
Data set 660: 2 1129 318660
Data set 661: 10 1651 708557841308
Data set 662: 5 1193 19662219210
Data set 663: 2 1870 874225
Data set 664: 8 1466 1924741139640
Data set 665: 4 1714 5618833220
Data set 666: 3 635 5334238
Data set 667: 1 973 973
Data set 668: 3 902 15288900
Data set 669: 8 1178 330182602932
Data set 670: 3 1771 115721346
Data set 671: 2 365 33306
Data set 672: 4 591 79414802
Data set 673: 4 238 2087420
Data set 674: 6 180 1366970
Data set 675: 8 170 4964
Data set 676: 1 43 43
Data set 677: 9 183 0
Data set 678: 8 1927 17326712665264
Data set 679: 9 1671 3703658696774
Data set 680: 9 1652 3334038229286
Data set 681: 1 1214 1214
Data set 682: 7 1784 5425000920504
Data set 683: 1 743 743
Data set 684: 9 473 11677218
Data set 685: 2 435 47306
Data set 686: 4 719 173974530
Data set 687: 6 868 18086537700
Data set 688: 2 939 220430
Data set 689: 1 1258 1258
Data set 690: 9 615 234098758
Data set 691: 2 459 52670
Data set 692: 7 64 1
Data set 693: 9 808 3846856424
Data set 694: 6 1490 463449653804
Data set 695: 6 366 100594648
Data set 696: 7 1587 2389608111400
Data set 697: 1 1834 1834
Data set 698: 9 1331 452002791562
Data set 699: 3 929 16703304
Data set 700: 1 434 434
Data set 701: 6 767 8604440392
Data set 702: 10 1811 1955215545924
Data set 703: 3 1838 129358440
Data set 704: 9 1983 17776129269592
Data set 705: 10 1353 73832551666
Data set 706: 5 1245 24337967654
Data set 707: 3 609 4705464
Data set 708: 3 1648 93245900
Data set 709: 9 1536 1704787839326
Data set 710: 8 1265 586747671126
Data set 711: 10 1244 27227758238
Data set 712: 2 16 64
Data set 713: 1 190 190
Data set 714: 9 1813 7829089495416
Data set 715: 2 1524 580644
Data set 716: 4 475 33135580
Data set 717: 1 1892 1892
Data set 718: 1 1855 1855
Data set 719: 10 1698 966080317272
Data set 720: 9 1781 6649998835246
Data set 721: 5 932 5720820894
Data set 722: 8 1341 939067936774
Data set 723: 6 900 22478155084
Data set 724: 9 484 15475494
Data set 725: 4 1493 3234737594
Data set 726: 2 253 16002
Data set 727: 5 1561 75419149582
Data set 728: 8 1841 12009360680506
Data set 729: 10 786 45153796
Data set 730: 6 1541 567178434704
Data set 731: 3 792 10349790
Data set 732: 10 1211 19644678314
Data set 733: 10 1579 431321183876
Data set 734: 8 972 69715601976
Data set 735: 4 74 19380
Data set 736: 8 1621 4319653571636
Data set 737: 7 1827 6410082613036
Data set 738: 3 1791 119686336
Data set 739: 10 1579 431321183876
Data set 740: 10 419 0
Data set 741: 10 160 0
Data set 742: 3 925 16488472
Data set 743: 9 381 613646
Data set 744: 9 1968 16584843065144
Data set 745: 4 478 33981640
Data set 746: 8 1371 1122288013902
Data set 747: 5 197 2396628
Data set 748: 2 1723 742182
Data set 749: 2 1020 260100
Data set 750: 1 1057 1057
Data set 751: 4 1164 1195110010
Data set 752: 3 1717 105455350
Data set 753: 2 1453 527802
Data set 754: 4 955 541502360
Data set 755: 7 863 33298164510
Data set 756: 6 1461 411879211446
Data set 757: 10 905 414097758
Data set 758: 1 137 137
Data set 759: 3 1199 35909900
Data set 760: 5 388 71428120
Data set 761: 8 1241 502753452294
Data set 762: 1 1007 1007
Data set 763: 3 242 295240
Data set 764: 4 1250 1589416504
Data set 765: 6 1759 1254792283866
Data set 766: 6 1622 771333144980
Data set 767: 7 1297 580826099500
Data set 768: 9 1679 3869876350202
Data set 769: 9 1580 2212048530002
Data set 770: 1 1578 1578
Data set 771: 10 8 0
Data set 772: 6 82 9828
Data set 773: 7 679 6165598274
Data set 774: 10 1754 1379387290776
Data set 775: 6 1785 1370291953800
Data set 776: 9 1094 71812987096
Data set 777: 4 173 582274
Data set 778: 5 1930 217907759696
Data set 779: 6 169 929106
Data set 780: 4 1192 1314321401
Data set 781: 9 923 14136038716
Data set 782: 7 1652 3165842836130
Data set 783: 7 145 77026
Data set 784: 8 1578 3479982094680
Data set 785: 7 630 3637676004
Data set 786: 2 1875 878906
Data set 787: 3 1470 66177440
Data set 788: 4 147 303354
Data set 789: 6 1092 71768528006
Data set 790: 8 950 57898919216
Data set 791: 3 641 5486880
Data set 792: 2 237 14042
Data set 793: 7 1488 1521547868680
Data set 794: 6 163 744442
Data set 795: 5 1184 18931741234
Data set 796: 8 181 12414
Data set 797: 6 1066 62102751612
Data set 798: 2 514 66049
Data set 799: 9 579 121743270
Data set 800: 1 879 879
Data set 801: 8 612 1581864884
Data set 802: 1 446 446
Data set 803: 10 1976 5013634479240
Data set 804: 10 751 20282410
Data set 805: 6 1334 238636882652
Data set 806: 3 215 207018
Data set 807: 3 1008 21337260
Data set 808: 8 897 36321273976
Data set 809: 3 523 2980250
Data set 810: 2 1811 819930
Data set 811: 8 1232 474090555918
Data set 812: 10 706 6240932
Data set 813: 9 322 31196
Data set 814: 8 1352 1002971189748
Data set 815: 7 209 1310004
Data set 816: 10 277 0
Data set 817: 3 190 142880
Data set 818: 7 1667 3372812517906
Data set 819: 9 1456 1039851645390
Data set 820: 1 1615 1615
Data set 821: 8 1254 546850666404
Data set 822: 4 1349 2155984376
Data set 823: 2 862 185761
Data set 824: 6 1083 68289354518
Data set 825: 7 198 873272
Data set 826: 2 753 141752
Data set 827: 2 1297 420552
Data set 828: 6 22 0
Data set 829: 5 1948 228260894070
Data set 830: 6 319 43914642
Data set 831: 5 1377 40283025650
Data set 832: 9 1860 9897340808680
Data set 833: 4 75 20430
Data set 834: 6 923 26154895956
Data set 835: 9 1644 3188441184814
Data set 836: 3 154 76076
Data set 837: 1 748 748
Data set 838: 9 1927 13681316551848
Data set 839: 2 451 50850
Data set 840: 10 962 990388828
Data set 841: 4 856 349526521
Data set 842: 4 1717 5658263790
Data set 843: 6 1562 615178418400
Data set 844: 5 474 194477364
Data set 845: 4 1551 3767451482
Data set 846: 8 1182 339344470308
Data set 847: 1 700 700
Data set 848: 6 644 3011277444
Data set 849: 10 1173 13272994338
Data set 850: 3 1982 162206880
Data set 851: 2 1477 545382
Data set 852: 1 248 248
Data set 853: 6 672 3888631033
Data set 854: 3 373 1081094
Data set 855: 1 1990 1990
Data set 856: 2 1166 339889
Data set 857: 4 1659 4931591184
Data set 858: 9 1207 181285680652
Data set 859: 7 949 64890129446
Data set 860: 7 1172 285370900026
Data set 861: 8 1397 1305612802758
Data set 862: 5 1021 9026652096
Data set 863: 9 1530 1644299969284
Data set 864: 5 110 128044
Data set 865: 9 1970 16739494616592
Data set 866: 6 1618 759987778820
Data set 867: 5 627 788017672
Data set 868: 7 1169 280282368210
Data set 869: 8 1929 17471602276112
Data set 870: 1 119 119
Data set 871: 6 1200 126413129590
Data set 872: 10 487 0
Data set 873: 1 421 421
Data set 874: 4 272 3561636
Data set 875: 6 1416 341372702616
Data set 876: 1 319 319
Data set 877: 8 1332 889485536478
Data set 878: 5 388 71428120
Data set 879: 8 1187 351101485506
Data set 880: 8 361 17519842
Data set 881: 2 75 1406
Data set 882: 2 1153 332352
Data set 883: 4 269 3406766
Data set 884: 8 1886 14579280496444
Data set 885: 5 1312 31631320666
Data set 886: 7 678 6102224612
Data set 887: 3 1769 115329734
Data set 888: 1 1414 1414
Data set 889: 8 543 584340116
Data set 890: 9 39 0
Data set 891: 10 1356 75772052674
Data set 892: 2 1648 678976
Data set 893: 5 1094 12749812456
Data set 894: 2 988 244036
Data set 895: 8 494 263893576
Data set 896: 3 1502 70594000
Data set 897: 6 1448 390370277388
Data set 898: 5 754 1982264480
Data set 899: 6 1085 69049910446
Data set 900: 2 1526 582169
Data set 901: 2 1965 965306
Data set 902: 7 873 36105426422
Data set 903: 4 1657 4907852976
Data set 904: 1 594 594
Data set 905: 9 81 0
Data set 906: 4 1412 2587848560
Data set 907: 2 969 234740
Data set 908: 10 1217 20865336414
Data set 909: 1 769 769
Data set 910: 4 1532 3586216000
Data set 911: 4 1780 6535567594
Data set 912: 4 260 2973344
Data set 913: 6 1937 2237673733316
Data set 914: 5 366 53335436
Data set 915: 6 1721 1100655209790
Data set 916: 7 1681 3576365324298
Data set 917: 6 456 377962452
Data set 918: 9 72 0
Data set 919: 7 1560 2118880477360
Data set 920: 3 1603 85814000
Data set 921: 1 1906 1906
Data set 922: 3 1376 54276664
Data set 923: 3 886 14489644
Data set 924: 7 1081 161866580656
Data set 925: 3 798 10586800
Data set 926: 1 509 509
Data set 927: 7 1341 733884221108
Data set 928: 4 1059 818794284
Data set 929: 7 1741 4572555992820
Data set 930: 4 475 33135580
Data set 931: 1 1098 1098
Data set 932: 3 1336 49679494
Data set 933: 8 1401 1336021660534
Data set 934: 7 956 68327880294
Data set 935: 9 142 0
Data set 936: 9 482 14715740
Data set 937: 7 316 27001468
Data set 938: 10 226 0
Data set 939: 7 13 0
Data set 940: 3 1456 64304604
Data set 941: 3 1044 23706021
Data set 942: 3 22 220
Data set 943: 9 513 30943726
Data set 944: 9 19 0
Data set 945: 5 1718 121784885928
Data set 946: 1 1651 1651
Data set 947: 10 1336 63663476428
Data set 948: 6 1170 108590849784
Data set 949: 1 1304 1304
Data set 950: 10 1980 5123555095028
Data set 951: 2 1106 305809
Data set 952: 2 662 109561
Data set 953: 4 1653 4860633654
Data set 954: 10 34 0
Data set 955: 3 1988 163684465
Data set 956: 4 254 2708160
Data set 957: 5 1421 47144042616
Data set 958: 5 719 1562857956
Data set 959: 10 1064 3846860548
Data set 960: 5 653 965582472
Data set 961: 1 770 770
Data set 962: 8 1006 92123000912
Data set 963: 8 1595 3793074716860
Data set 964: 7 327 34528230
Data set 965: 1 1324 1324
Data set 966: 1 1680 1680
Data set 967: 1 589 589
Data set 968: 6 1272 179342742384
Data set 969: 1 1222 1222
Data set 970: 10 184 0
Data set 971: 9 1956 15683265000024
Data set 972: 7 780 16359278260
Data set 973: 6 1263 171858334856
Data set 974: 7 1488 1521547868680
Data set 975: 9 1034 42033788856
Data set 976: 10 936 673353212
Data set 977: 1 1994 1994
Data set 978: 6 963 33742069102
Data set 979: 6 1002 42824098368
Data set 980: 8 1808 10385772154258
Data set 981: 5 670 1098049372
Data set 982: 8 672 3424777884
Data set 983: 6 999 42059471712
Data set 984: 9 1598 2455407140364
Data set 985: 5 839 3381813188
Data set 986: 4 1373 2313557724
Data set 987: 5 1029 9385917632
Data set 988: 4 802 269326600
Data set 989: 5 1491 59958443602
Data set 990: 8 1602 3929046990440
Data set 991: 3 1198 35820200
Data set 992: 4 1772 6418863230
Data set 993: 4 1302 1870865100
Data set 994: 6 1722 1104504358428
Data set 995: 6 1422 350146630152
Data set 996: 6 611 2195165076
Data set 997: 3 742 8510740
Data set 998: 2 1813 821742
Data set 999: 6 1016 46544062656
Data set 1000: 9 1394 694737056356
Data set 1001: 3 1280 43690560
