0
0
1 2
0
1 3
0
1 4
0
1 4
3 2 3 2
3 3 4 5
15 8 14 12 2 11 5 10 7 9 6 4 3 2 7 13
47 28 29 22 28 25 27 25 26 24 25 5 24 4 23 4 22 14 21 19 20 4 19 9 18 9 17 10 15 10 14 6 13 8 12 5 10 3 9 8 7 3 6 4 5 4 2 11
27 3 18 2 17 7 16 12 15 8 14 7 12 6 11 6 10 6 9 8 4 5 4 2 3 2 6 13
5 4 5 2 4 2
39 5 26 9 25 6 24 3 23 15 22 7 21 10 20 17 18 11 17 5 16 15 13 14 5 13 5 12 5 11 9 10 9 6 8 4 7 2 4 6
40 13 28 9 26 14 25 2 24 16 23 13 22 16 21 4 20 7 18 2 16 9 15 7 14 7 13 11 3 10 9 2 8 5 7 6 3 5 4 12 19
7 3 7 2 6 3 5 2
24 8 17 10 16 6 15 2 14 13 4 12 9 11 6 10 8 6 7 2 6 3 5 2 9
8 4 7 6 5 2 4 3 2
43 10 27 14 26 5 25 14 24 2 23 18 22 16 21 11 20 6 19 11 18 9 17 13 16 6 14 6 12 7 11 7 10 3 9 3 8 6 4 5 2 4 2 13
34 2 22 20 21 3 20 11 19 2 18 12 17 8 16 5 14 7 13 11 12 10 4 9 6 8 6 7 5 2 4 3 2 6 11
36 20 28 10 26 16 25 11 24 18 23 7 21 10 20 14 19 14 18 3 15 4 14 6 13 7 10 8 5 7 4 3 5 6 9 12 27
11 5 9 2 8 4 6 3 5 4 3 10
28 10 19 15 18 8 17 7 16 10 15 9 14 7 13 11 12 10 11 8 9 2 6 3 4 2 3 7 10
10 5 9 6 7 5 6 3 5 2 8
46 18 30 12 29 3 28 10 27 19 26 6 24 18 23 7 22 9 21 10 20 5 18 9 17 13 16 7 15 5 12 3 11 6 10 7 9 5 8 5 7 4 2 3 5 13 14
13 9 11 10 2 9 7 4 6 3 2 4 5 8
44 2 30 7 29 16 28 21 27 7 26 17 25 9 24 20 22 20 19 3 18 11 17 13 16 6 15 9 14 2 13 3 12 11 5 10 3 9 2 4 2 5 7 8 23
