10D 4D QH 10C 5H
6C 5C 7H 8D KS
QH 7H 10H 7C 9S
2D 10D 6D 4S 5S
4C AC 10S QH 3S
5S QS JS 10C 9H
AS 10S 3D KD 8D
AD QD JH 10D QH
3C KC 5C 10S AH
QS 7S KH 6S 8H
QC JC AH 6C 6H
JD 9D 10H 6S JC
2D KD 4S 4C 6S
4D 3D AH 8C QS
6D KD KS 3H AC
6D AD KS 8C JH
2S AS 3H 4S JS
9D 6D 5H 6S AS
KC QC 6H 9S 10D
10S 8S 3S AC KS
AD KD 4S 10H KC
6S 3S 10C 10S 2C
AC QC 3H AD 6S
2C JC 2S KH 10D
6D AD KD 7H 8S
8H 3H JS AS 10C
2D JD AS 4C 3C
2C 9C KS KD 6S
3H 2H 4D 5D 10H
8C 4C 5D JD 6S
5C 2C 8H JS 8D
JS 9S 10H 3C KD
4C QC 10D 5D 9H
4H 3H 9H 10C 10H
8S 4S 3C KH JD
10H 6H 3C QC 4D
7S 3S 6C 9C 7C
AS QS 3C 2D 5D
QD 7D KC 8D 9S
4D AD 8C JH 6S
KC QC 4H 7D 10H
3C KC 9C JH 6C
4H 2H 10H 7C QD
7D 6D AH JD JS
JD 6D JC 3C 7H
3D 2D 5D 9S JH
8S 3S KS 4H 10C
JS 5S QC 10S 9D
10C 6C 5H 6H 5S
2D KD 9S 8C KC
