........................................
.AA.....................................
..A.................BBB......BBB........
.....................BBB....BBB.........
.......CCC............BBB..BBB..........
.....CCCCCCC...........BBBBBB...........
....CCCCCCCCC...........BBBB............
...CCCCCCCCCCC...........BB.............
..CCCCCCCCCCCCC.........................
..CCCCCCCCCCCCC........DDDDDDD..........
.CCCCCCCCCCCCCCC.......DDDDDDD..........
.CCCCCCCCCCCCCCC.......DDDDDDD..........
.CCCCCCCCCCCCCCC.......DDDDDDD..........
..CCCCCCCCCCCCC...........D.............
..CCCCCCCCCCCCC...........D.............
...CCCCCCCCCCC.........DDDDDDD..........
....CCCCCCCCC..........DDDDDDD..........
.....CCCCCCC...........DDDDDDD..........
.......CCC.............DDDDDDD..........
........................................

.A.A.A.A.A.A......BB...BBBBBBBBBBBBBBBB.
.AAA.AAA.AAA......BB..BBBBBBBBBBBBBBBBBB
.A...A...A........BB..BB.............BBB
.A.A.A.A.A.A......BB..BB...BBBBBBBB...BB
.AAA.AAA.AAA......BB..BB..BBBBBBBBBB..BB
.A...A...A........BB..BB..BB......BB..BB
.A.A.A.A.A.A......BB..BBB........BBB..BB
.AAA.AAA.AAA......BB..BBBBBBBBBBBBBB..BB
.A...A...A........BB...BBBBBBBBBBBB...BB
.A.A.A.A.A.A......BBB................BBB
.AAAAAAAAAAA......BBBBBBBBBBBBBBBBBBBBBB
...................BBBBBBBBBBBBBBBBBBBB.

.AA.BB.CC..D.E.....F
.....B.C..DD.EE....F
.G.................F
.G......HHHH.......F
........HHHH........
.IIII...HHHH...JJJJ.
.IIII...HHHH........
.IIII...HHHH.......K
.IIII.........L....K
.IIII.......LLL...KK

A.AAA.AAA.AAA.AAA.AAA.AAA.AAA.AAA.AAA.AAA.AAA.AAA.AAA.AAA.AAA.A
A.A.A.A.A.A.A.A.A.A.A.A.A.A.A.A.A.A.A.A.A.A.A.A.A.A.A.A.A.A.A.A
A.A.A.A.A.A.A.A.A.A.A.A.A.A.A.A.A.A.A.A.A.A.A.A.A.A.A.A.A.A.A.A
A.A.A.A.A.A.A.A.A.A.A.A.A.A.A.A.A.A.A.A.A.A.A.A.A.A.A.A.A.A.A.A
A.A.A.A.A.A.A.A.A.A.A.A.A.A.A.A.A.A.A.A.A.A.A.A.A.A.A.A.A.A.A.A
A.A.A.A.A.A.A.A.A.A.A.A.A.A.A.A.A.A.A.A.A.A.A.A.A.A.A.A.A.A.A.A
A.A.A.A.A.A.A.A.A.A.A.A.A.A.A.A.A.A.A.A.A.A.A.A.A.A.A.A.A.A.A.A
A.A.A.A.A.A.A.A.A.A.A.A.A.A.A.A.A.A.A.A.A.A.A.A.A.A.A.A.A.A.A.A
A.A.A.A.A.A.A.A.A.A.A.A.A.A.A.A.A.A.A.A.A.A.A.A.A.A.A.A.A.A.A.A
A.A.A.A.A.A.A.A.A.A.A.A.A.A.A.A.A.A.A.A.A.A.A.A.A.A.A.A.A.A.A.A
A.A.A.A.A.A.A.A.A.A.A.A.A.A.A.A.A.A.A.A.A.A.A.A.A.A.A.A.A.A.A.A
A.A.A.A.A.A.A.A.A.A.A.A.A.A.A.A.A.A.A.A.A.A.A.A.A.A.A.A.A.A.A.A
A.A.A.A.A.A.A.A.A.A.A.A.A.A.A.A.A.A.A.A.A.A.A.A.A.A.A.A.A.A.A.A
A.A.A.A.A.A.A.A.A.A.A.A.A.A.A.A.A.A.A.A.A.A.A.A.A.A.A.A.A.A.A.A
A.A.A.A.A.A.A.A.A.A.A.A.A.A.A.A.A.A.A.A.A.A.A.A.A.A.A.A.A.A.A.A
A.A.A.A.A.A.A.A.A.A.A.A.A.A.A.A.A.A.A.A.A.A.A.A.A.A.A.A.A.A.A.A
A.A.A.A.A.A.A.A.A.A.A.A.A.A.A.A.A.A.A.A.A.A.A.A.A.A.A.A.A.A.A.A
A.A.A.A.A.A.A.A.A.A.A.A.A.A.A.A.A.A.A.A.A.A.A.A.A.A.A.A.A.A.A.A
A.A.A.A.A.A.A.A.A.A.A.A.A.A.A.A.A.A.A.A.A.A.A.A.A.A.A.A.A.A.A.A
A.A.A.A.A.A.A.A.A.A.A.A.A.A.A.A.A.A.A.A.A.A.A.A.A.A.A.A.A.A.A.A
A.A.A.A.A.A.A.A.A.A.A.A.A.A.A.A.A.A.A.A.A.A.A.A.A.A.A.A.A.A.A.A
A.A.A.A.A.A.A.A.A.A.A.A.A.A.A.A.A.A.A.A.A.A.A.A.A.A.A.A.A.A.A.A
A.A.A.A.A.A.A.A.A.A.A.A.A.A.A.A.A.A.A.A.A.A.A.A.A.A.A.A.A.A.A.A
A.A.A.A.A.A.A.A.A.A.A.A.A.A.A.A.A.A.A.A.A.A.A.A.A.A.A.A.A.A.A.A
A.A.A.A.A.A.A.A.A.A.A.A.A.A.A.A.A.A.A.A.A.A.A.A.A.A.A.A.A.A.A.A
A.A.A.A.A.A.A.A.A.A.A.A.A.A.A.A.A.A.A.A.A.A.A.A.A.A.A.A.A.A.A.A
A.A.A.A.A.A.A.A.A.A.A.A.A.A.A.A.A.A.A.A.A.A.A.A.A.A.A.A.A.A.A.A
A.A.A.A.A.A.A.A.A.A.A.A.A.A.A.A.A.A.A.A.A.A.A.A.A.A.A.A.A.A.A.A
A.A.A.A.A.A.A.A.A.A.A.A.A.A.A.A.A.A.A.A.A.A.A.A.A.A.A.A.A.A.A.A
A.A.A.A.A.A.A.A.A.A.A.A.A.A.A.A.A.A.A.A.A.A.A.A.A.A.A.A.A.A.A.A
A.A.A.A.A.A.A.A.A.A.A.A.A.A.A.A.A.A.A.A.A.A.A.A.A.A.A.A.A.A.A.A
A.A.A.A.A.A.A.A.A.A.A.A.A.A.A.A.A.A.A.A.A.A.A.A.A.A.A.A.A.A.A.A
A.A.A.A.A.A.A.A.A.A.A.A.A.A.A.A.A.A.A.A.A.A.A.A.A.A.A.A.A.A.A.A
A.A.A.A.A.A.A.A.A.A.A.A.A.A.A.A.A.A.A.A.A.A.A.A.A.A.A.A.A.A.A.A
A.A.A.A.A.A.A.A.A.A.A.A.A.A.A.A.A.A.A.A.A.A.A.A.A.A.A.A.A.A.A.A
A.A.A.A.A.A.A.A.A.A.A.A.A.A.A.A.A.A.A.A.A.A.A.A.A.A.A.A.A.A.A.A
A.A.A.A.A.A.A.A.A.A.A.A.A.A.A.A.A.A.A.A.A.A.A.A.A.A.A.A.A.A.A.A
A.A.A.A.A.A.A.A.A.A.A.A.A.A.A.A.A.A.A.A.A.A.A.A.A.A.A.A.A.A.A.A
A.A.A.A.A.A.A.A.A.A.A.A.A.A.A.A.A.A.A.A.A.A.A.A.A.A.A.A.A.A.A.A
A.A.A.A.A.A.A.A.A.A.A.A.A.A.A.A.A.A.A.A.A.A.A.A.A.A.A.A.A.A.A.A
A.A.A.A.A.A.A.A.A.A.A.A.A.A.A.A.A.A.A.A.A.A.A.A.A.A.A.A.A.A.A.A
A.A.A.A.A.A.A.A.A.A.A.A.A.A.A.A.A.A.A.A.A.A.A.A.A.A.A.A.A.A.A.A
A.A.A.A.A.A.A.A.A.A.A.A.A.A.A.A.A.A.A.A.A.A.A.A.A.A.A.A.A.A.A.A
A.A.A.A.A.A.A.A.A.A.A.A.A.A.A.A.A.A.A.A.A.A.A.A.A.A.A.A.A.A.A.A
A.A.A.A.A.A.A.A.A.A.A.A.A.A.A.A.A.A.A.A.A.A.A.A.A.A.A.A.A.A.A.A
A.A.A.A.A.A.A.A.A.A.A.A.A.A.A.A.A.A.A.A.A.A.A.A.A.A.A.A.A.A.A.A
AAA.AAA.AAA.AAA.AAA.AAA.AAA.AAA.AAA.AAA.AAA.AAA.AAA.AAA.AAA.AAA

..AAAAAAAA...........BBBBBB...................CCCCCCC..........
.AAAAAAAAAAA.AAA.....BBBBBB...................C.....C..........
.AAAAAAAA...AAAA.....BBBBBB...................CCCC..C..........
.AAA.........AAA.........BBBBBB.....................C..........
.AAA.........AAA.........BBBBBB..........CCCCCCCCCCCC.CCCCC....
.AAA.........AAA.........BBBBBB..........C.....CCCCCC.C...C....
.AAA.........AAA.........BBBBBB..........C.CCC.CCCCCC.C.C.C....
.AAAAAAAAAAAAAAA.....BBBBBB..............C.C.C.CCCCCC.CCC.C....
..AAAAAAAAAAAAA......BBBBBB..............C...C.CCCCCC.....C....
..AAAAAAAAAAAA.......BBBBBB..............CCCCC.CCCCCCCCCCCC....
.................BBBBBB........................C...............
.................BBBBBB........................C..CCCC.........
.................BBBBBB........................C.....C.........
......................BBBBBB...................CCCCCCC.........
......................BBBBBB...................................
......................BBBBBB...................................
...............................................................
...............................................................
...............................................................
.........DDDDDDDDDDDDDDDD..........EEE.EEE.....................
...............DDDD................EEE.EEE.....................
.........DDDDDDDDDDDDDDDD..........EEE.EEE.....................
...............DDDD................EEE.EEE.....................
.........DDDDDDDDDDDDDDDD..........EEE.EEE.....................
...............DDDD................EEE.EEE.....................
.........DDDDDDDDDDDDDDDD..........EEE.EEE.....................
...................................E.EEE.E.....................
...................................E.EEE.E.....................
...................................E.EEE.E.....................
...................................E.EEE.E.....................
...................................E.EEE.E.....................
...................................E.EEE.E.....................
...................................E.EEE.E.....................
...................................E.EEE.E.....................
...............................................................
...............................................................
...............................................................
...............................................................
...............................................................
...............................................................
...............................................................
...............................................................
...............................................................
...............................................................
...............................................................
...............................................................
...............................................................

