1 4
2 8
3 6
4 10
5 8
6 9
7 9
8 10
9 9
10 10
11 8
12 9
13 6
14 8
15 7
16 7
17 8
18 7
19 8
20 9
21 9
22 10
23 9
24 9
25 8
26 10
27 9
28 10
29 10
30 9
31 9
32 9
33 9
34 6
35 8
36 10
37 10
38 9
39 8
40 8
41 9
42 7
43 9
44 8
45 10
46 7
47 10
48 9
49 9
50 9
51 8
52 7
53 7
54 9
55 9
56 8
57 7
58 7
59 8
60 9
61 9
62 9
63 9
64 8
65 10
66 7
67 7
68 8
69 9
70 9
71 9
72 8
73 9
74 9
75 8
76 10
77 8
78 9
79 10
80 9
81 7
82 10
83 10
84 8
85 10
86 8
87 7
88 9
89 8
90 9
91 9
92 9
93 8
94 8
95 8
96 8
97 8
98 7
99 6
100 9
101 7
102 9
103 6
104 10
105 10
106 9
107 10
108 7
109 8
110 9
111 9
112 9
113 7
114 8
115 8
116 9
117 7
118 8
119 9
120 9
121 8
122 10
123 7
124 9
125 8
126 10
127 8
128 7
129 8
130 6
131 5
132 9
133 9
134 9
135 8
136 7
137 7
138 7
139 9
140 9
141 7
142 10
143 10
144 8
145 7
146 8
147 8
148 10
149 7
150 9
151 7
152 8
153 8
154 8
155 10
156 8
157 10
158 8
159 9
160 10
161 9
162 9
163 10
164 9
165 10
166 8
167 9
168 8
169 9
170 9
171 7
172 7
173 8
174 8
175 8
176 8
177 9
178 7
179 9
180 10
181 9
182 10
183 9
184 7
185 9
186 8
187 10
188 9
189 8
190 9
191 8
192 10
193 10
194 9
195 9
196 7
197 9
198 10
199 10
200 8
201 10
202 9
203 8
204 9
205 10
206 8
207 8
208 9
209 9
210 9
211 8
212 9
213 7
214 10
215 9
216 9
217 9
218 9
219 8
220 7
221 9
222 9
223 10
224 9
225 7
226 7
227 7
228 10
229 8
230 8
231 9
232 10
233 10
234 9
235 8
236 7
237 8
238 7
239 10
240 9
241 8
242 8
243 9
244 8
245 9
246 9
247 10
248 8
249 8
250 9
251 8
252 8
253 8
254 6
255 10
256 8
257 8
258 10
259 10
260 9
261 9
262 8
263 10
264 7
265 7
266 8
267 10
268 9
269 7
270 9
271 10
272 10
273 10
274 9
275 8
276 9
277 7
278 9
279 8
280 9
281 8
282 9
283 10
284 9
285 9
286 7
287 7
288 7
289 10
290 7
291 8
292 9
293 9
294 8
295 7
296 10
297 9
298 10
299 10
300 9
301 9
302 8
303 10
304 8
305 9
306 9
307 7
308 9
309 8
310 8
311 7
312 9
313 8
314 8
315 9
316 8
317 9
318 10
319 9
320 6
321 9
322 10
323 8
324 9
325 7
326 8
327 9
328 8
329 10
330 8
331 8
332 7
333 9
334 8
335 8
336 9
337 10
338 9
339 8
340 9
341 8
342 9
343 9
344 10
345 8
346 9
347 7
348 10
349 8
350 8
351 9
352 10
353 10
354 9
355 7
356 10
357 10
358 9
359 9
360 9
361 9
362 7
363 9
364 9
365 9
366 6
367 10
368 9
369 10
370 9
371 10
372 7
373 9
374 9
375 9
376 10
377 9
378 9
379 8
380 9
381 9
382 9
383 10
384 6
385 10
386 10
387 7
388 9
389 7
390 10
391 10
392 9
393 10
394 7
395 9
396 9
397 9
398 9
399 10
400 8
401 10
402 8
403 8
404 9
405 10
406 7
407 8
408 10
409 8
410 8
411 7
412 9
413 8
414 10
415 8
416 9
417 6
418 9
419 9
420 8
421 9
422 8
423 10
424 10
425 9
426 9
427 8
428 10
429 9
430 9
431 8
432 8
433 10
434 8
435 9
436 8
437 9
438 7
439 7
440 8
441 10
442 9
443 10
444 7
445 10
446 9
447 8
448 9
449 8
450 8
451 8
452 8
453 8
454 9
455 9
456 10
457 8
458 9
459 7
460 10
461 9
462 9
463 9
464 9
465 9
466 9
467 9
468 9
469 9
470 9
471 8
472 8
473 9
474 9
475 9
476 10
477 9
478 10
479 9
480 9
481 7
482 9
483 8
484 9
485 9
486 9
487 6
488 7
489 8
490 9
491 9
492 8
493 10
494 9
495 7
496 6
497 9
498 10
499 6
500 10
501 9
502 9
503 9
504 7
505 7
506 9
507 9
508 8
509 10
510 8
511 8
512 10
513 9
514 9
515 10
516 9
517 10
518 8
519 10
520 8
521 8
522 9
523 9
524 9
525 9
526 10
527 8
528 10
529 7
530 9
531 9
532 9
533 8
534 6
535 8
536 8
537 9
538 8
539 9
540 8
541 9
542 9
543 9
544 10
545 8
546 6
547 9
548 6
549 9
550 10
551 7
552 8
553 8
554 9
555 8
556 9
557 9
558 10
559 10
560 7
561 8
562 7
563 9
564 9
565 7
566 9
567 8
568 8
569 10
570 9
571 8
572 8
573 8
574 8
575 8
576 9
577 10
578 8
579 9
580 10
581 7
582 9
583 9
584 10
585 9
586 9
587 8
588 9
589 10
590 6
591 8
592 9
593 8
594 8
595 8
596 8
597 9
598 7
599 9
600 8
601 9
602 10
603 9
604 10
605 9
606 9
607 9
608 9
609 7
610 7
611 7
612 7
613 7
614 7
615 6
616 7
617 10
618 9
619 9
620 6
621 7
622 8
623 8
624 8
625 10
626 7
627 6
628 9
629 7
630 9
631 9
632 8
633 10
634 9
635 8
636 10
637 7
638 9
639 8
640 5
641 10
642 10
643 9
644 9
645 8
646 8
647 8
648 9
649 9
650 10
651 9
652 9
653 8
654 6
655 9
656 9
657 9
658 9
659 9
660 8
661 8
662 9
663 7
664 9
665 7
666 9
667 7
668 8
669 8
670 9
671 8
672 7
673 9
674 10
675 6
676 8
677 9
678 7
679 8
680 10
681 8
682 8
683 7
684 9
685 9
686 9
687 8
688 10
689 10
690 9
691 8
692 7
693 9
694 9
695 10
696 9
697 9
698 7
699 9
700 7
701 8
702 7
703 7
704 9
705 9
706 6
707 8
708 8
709 9
710 9
711 8
712 9
713 8
714 10
715 8
716 7
717 9
718 8
719 9
720 8
721 10
722 9
723 8
724 9
725 10
726 9
727 8
728 8
729 10
730 7
731 8
732 8
733 7
734 7
735 6
736 10
737 8
738 9
739 8
740 8
741 10
742 10
743 7
744 9
745 9
746 8
747 9
748 9
749 9
750 9
751 9
752 8
753 10
754 9
755 9
756 8
757 7
758 9
759 9
760 6
761 7
762 8
763 9
764 9
765 10
766 9
767 9
768 9
769 9
770 8
771 9
772 10
773 9
774 8
775 7
776 8
777 9
778 8
779 9
780 9
781 8
782 9
783 10
784 8
785 8
786 9
787 9
788 9
789 9
790 8
791 9
792 9
793 9
794 8
795 7
796 10
797 10
798 8
799 9
800 9
801 9
802 10
803 8
804 8
805 9
806 8
807 8
808 5
809 9
810 9
811 7
812 9
813 10
814 7
815 9
816 9
817 9
818 7
819 9
820 8
821 9
822 10
823 8
824 9
825 8
826 10
827 8
828 9
829 9
830 8
831 8
832 8
833 8
834 8
835 9
836 9
837 6
838 8
839 9
840 7
841 10
842 9
843 7
844 8
845 9
846 8
847 9
848 9
849 10
850 8
851 10
852 9
853 8
854 7
855 8
856 7
857 9
858 9
859 8
860 7
861 9
862 10
863 9
864 7
865 9
866 8
867 5
868 9
869 10
870 9
871 8
872 9
873 10
874 10
875 10
876 9
877 9
878 8
879 8
880 8
881 8
882 8
883 9
884 8
885 10
886 7
887 9
888 9
889 7
890 8
891 9
892 8
893 10
894 8
895 9
896 9
897 8
898 8
899 9
900 9
901 10
902 7
903 9
904 9
905 9
906 9
907 9
908 8
909 10
910 7
911 7
912 9
913 7
914 8
915 8
916 9
917 7
918 7
919 9
920 8
921 8
922 10
923 8
924 7
925 9
926 7
927 9
928 9
929 10
930 9
931 10
932 8
933 10
934 10
935 10
936 7
937 9
938 9
939 7
940 10
941 10
942 9
943 10
944 8
945 9
946 8
947 9
948 9
949 6
950 8
951 10
952 9
953 8
954 10
955 7
956 6
957 7
958 9
959 7
960 7
961 7
962 8
963 9
964 8
965 10
966 9
967 10
968 8
969 10
970 7
971 7
972 8
973 9
974 10
975 7
976 8
977 9
978 10
979 10
980 8
981 9
982 8
983 8
984 9
985 8
986 7
987 9
988 8
989 10
990 9
991 9
992 8
993 9
994 9
995 9
996 8
997 9
998 10
999 9
1000 10
