1 40000000
2 FF7FFFFE
3 FF800000
4 80000000
5 00000000
6 00000000
7 02088888
8 244CCCCC
9 46888888
10 68AAAAAA
11 7F800000
12 7F800000
13 80000000
14 FF000000
15 BF800000
16 40000000
17 C0000000
18 40800000
19 41000000
20 41800000
21 00020000
22 00040000
23 00080000
24 00100000
25 00000200
26 00000020
27 00000100
28 00000040
29 00000002
30 00000000
31 00000000
32 00000000
33 00000001
34 00000000
35 C0800000
36 C1000000
37 C1800000
38 80020000
39 80040000
40 80080000
41 80100000
42 80000200
43 80000020
44 80000100
45 80000040
46 80000002
47 80000000
48 80000000
49 80000000
50 80000001
51 80000000
52 4082468A
53 41012345
54 41891A28
55 00022468
56 00042468
57 00082468
58 00102468
59 00000224
60 00000022
61 00000102
62 00000042
63 00000002
64 00000000
65 00000000
66 00000000
67 00000001
68 00000000
69 C082468A
70 C1012345
71 C1891A28
72 80022468
73 80042468
74 80082468
75 80102468
76 80000224
77 80000022
78 80000102
79 80000042
80 80000002
81 80000000
82 80000000
83 80000000
84 80000001
85 80000000
