1 3
0 1 3
2 12
1 2 2 2 2 6 2 4 6 8
10 12
3 39
0 2 2 1 3 2 2 2 6 7
5 0 6 12 2 6 10 14 18 1
3 5 7 9 11 13 15 17 19 21
23 25 27 29 31 33 35 37 39
4 74
1 2 0 2 4 0 6 0 0 7
5 7 3 8 10 9 5 17 9 19
7 15 23 6 12 18 24 1 5 9
13 17 21 25 29 33 37 2 4 6
8 10 12 14 16 18 20 22 24 26
28 30 32 34 36 38 40 42 44 46
48 50 52 54 56 58 60 62 64 66
68 70 72 74
5 37
0 1 3 4 2 4 2 0 2 1
9 4 10 1 5 9 13 17 1 3
5 7 9 11 13 15 17 19 21 23
25 27 29 31 33 35 37
6 60
0 1 1 1 1 4 6 5 9 4
2 7 9 8 4 14 6 14 2 8
14 20 2 6 10 14 18 22 26 30
2 4 6 8 10 12 14 16 18 20
22 24 26 28 30 32 34 36 38 40
42 44 46 48 50 52 54 56 58 60
7 64
0 2 0 4 2 1 1 4 2 10
0 7 11 12 10 5 15 6 14 1
7 13 19 0 4 8 12 16 20 24
28 32 2 4 6 8 10 12 14 16
18 20 22 24 26 28 30 32 34 36
38 40 42 44 46 48 50 52 54 56
58 60 62 64
8 56
0 1 1 3 5 5 7 0 8 10
6 9 9 6 0 8 16 5 11 17
1 5 9 13 17 21 25 0 2 4
6 8 10 12 14 16 18 20 22 24
26 28 30 32 34 36 38 40 42 44
46 48 50 52 54 56
9 38
0 1 1 2 0 2 0 7 1 0
8 3 9 0 4 8 12 16 0 2
4 6 8 10 12 14 16 18 20 22
24 26 28 30 32 34 36 38
10 62
1 2 2 3 1 6 2 1 5 0
10 4 6 5 1 11 3 11 19 6
12 18 0 4 8 12 16 20 24 28
0 2 4 6 8 10 12 14 16 18
20 22 24 26 28 30 32 34 36 38
40 42 44 46 48 50 52 54 56 58
60 62
11 72
1 0 0 3 3 3 3 0 6 0
6 6 0 3 3 0 12 5 15 4
12 20 4 10 16 22 0 4 8 12
16 20 24 28 32 36 2 4 6 8
10 12 14 16 18 20 22 24 26 28
30 32 34 36 38 40 42 44 46 48
50 52 54 56 58 60 62 64 66 68
70 72
12 74
0 0 0 0 0 1 7 1 1 8
6 8 4 9 11 10 6 18 10 20
8 16 0 6 12 18 24 1 5 9
13 17 21 25 29 33 37 2 4 6
8 10 12 14 16 18 20 22 24 26
28 30 32 34 36 38 40 42 44 46
48 50 52 54 56 58 60 62 64 66
68 70 72 74
13 54
1 2 0 0 0 1 7 7 5 5
11 1 13 10 4 12 2 8 14 20
4 8 12 16 20 24 0 2 4 6
8 10 12 14 16 18 20 22 24 26
28 30 32 34 36 38 40 42 44 46
48 50 52 54
14 60
1 2 2 0 4 0 0 6 0 4
2 7 9 8 4 14 6 14 2 8
14 20 2 6 10 14 18 22 26 30
2 4 6 8 10 12 14 16 18 20
22 24 26 28 30 32 34 36 38 40
42 44 46 48 50 52 54 56 58 60
15 55
0 0 0 1 5 3 3 3 1 1
7 10 10 7 1 9 17 6 12 18
2 6 10 14 18 22 26 1 3 5
7 9 11 13 15 17 19 21 23 25
27 29 31 33 35 37 39 41 43 45
47 49 51 53 55
16 71
0 1 3 1 5 5 5 2 8 2
8 8 2 5 5 2 14 7 17 6
14 22 6 12 18 24 2 6 10 14
18 22 26 30 34 1 3 5 7 9
11 13 15 17 19 21 23 25 27 29
31 33 35 37 39 41 43 45 47 49
51 53 55 57 59 61 63 65 67 69
71
17 48
1 2 2 0 4 0 4 5 7 3
5 4 0 8 0 6 12 18 4 8
12 16 20 24 2 4 6 8 10 12
14 16 18 20 22 24 26 28 30 32
34 36 38 40 42 44 46 48
18 56
0 2 2 3 1 1 3 5 5 7
3 6 6 3 13 6 14 3 9 15
21 4 8 12 16 20 24 28 2 4
6 8 10 12 14 16 18 20 22 24
26 28 30 32 34 36 38 40 42 44
46 48 50 52 54 56
19 64
1 1 3 0 0 1 3 8 8 7
9 5 9 10 8 3 13 4 12 20
6 12 18 24 4 8 12 16 20 24
28 32 2 4 6 8 10 12 14 16
18 20 22 24 26 28 30 32 34 36
38 40 42 44 46 48 50 52 54 56
58 60 62 64
20 52
1 1 1 3 5 4 0 5 1 10
4 5 3 13 7 15 5 11 17 2
6 10 14 18 22 26 2 4 6 8
10 12 14 16 18 20 22 24 26 28
30 32 34 36 38 40 42 44 46 48
50 52
21 47
0 0 2 4 0 6 2 1 1 6
8 7 3 11 3 9 15 2 6 10
14 18 22 1 3 5 7 9 11 13
15 17 19 21 23 25 27 29 31 33
35 37 39 41 43 45 47
22 70
0 1 1 1 1 4 2 6 2 5
11 11 5 8 8 5 17 10 0 8
16 1 7 13 19 25 3 7 11 15
19 23 27 31 35 2 4 6 8 10
12 14 16 18 20 22 24 26 28 30
32 34 36 38 40 42 44 46 48 50
52 54 56 58 60 62 64 66 68 70
23 72
1 2 0 3 3 3 3 0 6 0
6 6 0 3 3 0 12 5 15 4
12 20 4 10 16 22 0 4 8 12
16 20 24 28 32 36 2 4 6 8
10 12 14 16 18 20 22 24 26 28
30 32 34 36 38 40 42 44 46 48
50 52 54 56 58 60 62 64 66 68
70 72
24 39
0 2 2 1 3 2 2 2 6 7
5 0 6 12 2 6 10 14 18 1
3 5 7 9 11 13 15 17 19 21
23 25 27 29 31 33 35 37 39
25 38
0 2 0 0 0 4 4 4 8 9
7 2 8 14 4 8 12 16 0 2
4 6 8 10 12 14 16 18 20 22
24 26 28 30 32 34 36 38
26 73
0 1 3 4 2 1 5 6 6 2
10 12 8 13 15 14 10 3 13 2
10 18 2 8 14 20 26 3 7 11
15 19 23 27 31 35 1 3 5 7
9 11 13 15 17 19 21 23 25 27
29 31 33 35 37 39 41 43 45 47
49 51 53 55 57 59 61 63 65 67
69 71 73
27 51
1 2 0 4 2 4 6 2 6 4
8 9 7 2 10 1 7 13 19 4
8 12 16 20 24 1 3 5 7 9
11 13 15 17 19 21 23 25 27 29
31 33 35 37 39 41 43 45 47 49
51
28 30
0 2 2 2 2 1 7 1 9 6
0 4 8 12 0 2 4 6 8 10
12 14 16 18 20 22 24 26 28 30
29 78
1 0 2 4 0 6 6 6 2 2
2 6 4 11 15 16 14 9 1 11
21 8 16 24 6 12 18 24 0 4
8 12 16 20 24 28 32 36 0 2
4 6 8 10 12 14 16 18 20 22
24 26 28 30 32 34 36 38 40 42
44 46 48 50 52 54 56 58 60 62
64 66 68 70 72 74 76 78
30 73
1 1 1 4 4 1 3 2 0 5
1 1 9 14 0 14 10 3 13 2
10 18 2 8 14 20 26 3 7 11
15 19 23 27 31 35 1 3 5 7
9 11 13 15 17 19 21 23 25 27
29 31 33 35 37 39 41 43 45 47
49 51 53 55 57 59 61 63 65 67
69 71 73
31 52
1 0 0 1 5 2 4 0 4 2
6 7 5 0 8 16 6 12 18 3
7 11 15 19 23 0 2 4 6 8
10 12 14 16 18 20 22 24 26 28
30 32 34 36 38 40 42 44 46 48
50 52
32 65
1 2 2 1 3 6 2 7 7 6
8 4 8 9 7 2 12 3 11 19
5 11 17 23 3 7 11 15 19 23
27 31 1 3 5 7 9 11 13 15
17 19 21 23 25 27 29 31 33 35
37 39 41 43 45 47 49 51 53 55
57 59 61 63 65
33 14
1 2 0 0 0 4 0 2 4 6
8 10 12 14
34 53
1 2 2 1 3 2 6 4 0 9
3 4 2 12 6 14 4 10 16 1
5 9 13 17 21 25 1 3 5 7
9 11 13 15 17 19 21 23 25 27
29 31 33 35 37 39 41 43 45 47
49 51 53
35 68
1 0 2 2 2 4 4 4 6 7
11 9 1 2 0 12 6 16 6 14
0 6 12 18 24 3 7 11 15 19
23 27 31 0 2 4 6 8 10 12
14 16 18 20 22 24 26 28 30 32
34 36 38 40 42 44 46 48 50 52
54 56 58 60 62 64 66 68
36 68
0 0 0 2 4 1 1 1 3 4
8 6 12 0 14 11 5 15 5 13
21 6 12 18 24 3 7 11 15 19
23 27 31 0 2 4 6 8 10 12
14 16 18 20 22 24 26 28 30 32
34 36 38 40 42 44 46 48 50 52
54 56 58 60 62 64 66 68
37 57
1 1 1 4 4 6 2 4 4 6
2 5 5 2 12 5 13 2 8 14
20 3 7 11 15 19 23 27 1 3
5 7 9 11 13 15 17 19 21 23
25 27 29 31 33 35 37 39 41 43
45 47 49 51 53 55 57
38 73
0 1 1 1 1 5 1 0 8 4
0 0 8 13 15 14 10 3 13 2
10 18 2 8 14 20 26 3 7 11
15 19 23 27 31 35 1 3 5 7
9 11 13 15 17 19 21 23 25 27
29 31 33 35 37 39 41 43 45 47
49 51 53 55 57 59 61 63 65 67
69 71 73
39 38
1 1 1 4 4 1 7 7 1 0
8 3 9 0 4 8 12 16 0 2
4 6 8 10 12 14 16 18 20 22
24 26 28 30 32 34 36 38
40 42
0 0 2 2 2 0 4 8 6 9
9 6 0 6 12 1 5 9 13 17
21 2 4 6 8 10 12 14 16 18
20 22 24 26 28 30 32 34 36 38
40 42
41 19
1 1 1 3 5 1 7 4 8 1
3 5 7 9 11 13 15 17 19
42 46
0 1 3 2 4 1 1 7 7 1
1 11 7 0 6 12 0 4 8 12
16 20 0 2 4 6 8 10 12 14
16 18 20 22 24 26 28 30 32 34
36 38 40 42 44 46
43 34
1 0 0 2 4 2 4 0 0 8
4 10 2 6 10 14 0 2 4 6
8 10 12 14 16 18 20 22 24 26
28 30 32 34
44 76
1 1 1 3 5 5 7 3 5 3
1 3 13 5 7 6 2 14 6 16
4 12 20 3 9 15 21 27 3 7
11 15 19 23 27 31 35 0 2 4
6 8 10 12 14 16 18 20 22 24
26 28 30 32 34 36 38 40 42 44
46 48 50 52 54 56 58 60 62 64
66 68 70 72 74 76
45 78
0 2 0 3 3 2 0 7 3 3
3 7 5 12 0 16 14 9 1 11
21 8 16 24 6 12 18 24 0 4
8 12 16 20 24 28 32 36 0 2
4 6 8 10 12 14 16 18 20 22
24 26 28 30 32 34 36 38 40 42
44 46 48 50 52 54 56 58 60 62
64 66 68 70 72 74 76 78
46 72
0 0 0 3 3 3 3 0 6 0
6 6 0 3 3 0 12 5 15 4
12 20 4 10 16 22 0 4 8 12
16 20 24 28 32 36 2 4 6 8
10 12 14 16 18 20 22 24 26 28
30 32 34 36 38 40 42 44 46 48
50 52 54 56 58 60 62 64 66 68
70 72
47 62
1 1 3 3 3 3 7 8 4 10
10 4 6 5 1 11 3 11 19 6
12 18 0 4 8 12 16 20 24 28
0 2 4 6 8 10 12 14 16 18
20 22 24 26 28 30 32 34 36 38
40 42 44 46 48 50 52 54 56 58
60 62
48 56
0 2 0 0 0 5 7 0 8 10
6 9 9 6 0 8 16 5 11 17
1 5 9 13 17 21 25 0 2 4
6 8 10 12 14 16 18 20 22 24
26 28 30 32 34 36 38 40 42 44
46 48 50 52 54 56
49 52
0 1 3 1 5 2 4 0 4 2
6 7 5 0 8 16 6 12 18 3
7 11 15 19 23 0 2 4 6 8
10 12 14 16 18 20 22 24 26 28
30 32 34 36 38 40 42 44 46 48
50 52
50 16
1 1 1 2 0 6 4 8 2 4
6 8 10 12 14 16
51 68
0 1 3 2 4 1 1 1 3 4
8 6 12 0 14 11 5 15 5 13
21 6 12 18 24 3 7 11 15 19
23 27 31 0 2 4 6 8 10 12
14 16 18 20 22 24 26 28 30 32
34 36 38 40 42 44 46 48 50 52
54 56 58 60 62 64 66 68
52 58
1 0 2 2 2 4 0 2 2 4
0 3 3 0 10 3 11 0 6 12
18 1 5 9 13 17 21 25 29 2
4 6 8 10 12 14 16 18 20 22
24 26 28 30 32 34 36 38 40 42
44 46 48 50 52 54 56 58
53 12
1 2 0 3 3 0 2 4 6 8
10 12
54 67
0 1 3 2 4 4 2 0 0 10
2 11 3 4 2 14 8 18 8 16
2 8 14 20 0 4 8 12 16 20
24 28 32 1 3 5 7 9 11 13
15 17 19 21 23 25 27 29 31 33
35 37 39 41 43 45 47 49 51 53
55 57 59 61 63 65 67
55 56
0 2 0 2 4 4 6 8 8 10
6 9 9 6 0 8 16 5 11 17
1 5 9 13 17 21 25 0 2 4
6 8 10 12 14 16 18 20 22 24
26 28 30 32 34 36 38 40 42 44
46 48 50 52 54 56
56 56
1 2 0 3 3 1 1 1 9 0
6 9 9 6 0 8 16 5 11 17
1 5 9 13 17 21 25 0 2 4
6 8 10 12 14 16 18 20 22 24
26 28 30 32 34 36 38 40 42 44
46 48 50 52 54 56
57 73
0 0 0 3 3 0 2 1 9 5
1 1 9 14 0 14 10 3 13 2
10 18 2 8 14 20 26 3 7 11
15 19 23 27 31 35 1 3 5 7
9 11 13 15 17 19 21 23 25 27
29 31 33 35 37 39 41 43 45 47
49 51 53 55 57 59 61 63 65 67
69 71 73
58 12
0 2 0 3 3 0 2 4 6 8
10 12
59 70
1 0 0 2 4 5 1 3 7 10
4 2 8 11 11 8 2 12 2 10
18 3 9 15 21 0 4 8 12 16
20 24 28 32 0 2 4 6 8 10
12 14 16 18 20 22 24 26 28 30
32 34 36 38 40 42 44 46 48 50
52 54 56 58 60 62 64 66 68 70
60 64
0 0 0 0 0 1 3 8 8 7
9 5 9 10 8 3 13 4 12 20
6 12 18 24 4 8 12 16 20 24
28 32 2 4 6 8 10 12 14 16
18 20 22 24 26 28 30 32 34 36
38 40 42 44 46 48 50 52 54 56
58 60 62 64
61 46
1 0 2 2 2 1 3 2 2 7
9 8 4 12 4 10 16 3 7 11
15 19 23 2 4 6 8 10 12 14
16 18 20 22 24 26 28 30 32 34
36 38 40 42 44 46
62 24
0 2 0 2 4 4 6 5 1 5
9 0 2 4 6 8 10 12 14 16
18 20 22 24
63 54
0 0 0 4 2 5 5 5 3 3
9 12 12 9 3 11 1 7 13 19
3 7 11 15 19 23 27 2 4 6
8 10 12 14 16 18 20 22 24 26
28 30 32 34 36 38 40 42 44 46
48 50 52 54
64 62
0 0 0 1 5 5 1 0 4 10
10 4 6 5 1 11 3 11 19 6
12 18 0 4 8 12 16 20 24 28
0 2 4 6 8 10 12 14 16 18
20 22 24 26 28 30 32 34 36 38
40 42 44 46 48 50 52 54 56 58
60 62
65 73
1 2 2 0 4 1 3 2 0 5
1 1 9 14 0 14 10 3 13 2
10 18 2 8 14 20 26 3 7 11
15 19 23 27 31 35 1 3 5 7
9 11 13 15 17 19 21 23 25 27
29 31 33 35 37 39 41 43 45 47
49 51 53 55 57 59 61 63 65 67
69 71 73
66 18
0 2 2 2 2 3 1 5 9 2
4 6 8 10 12 14 16 18
67 77
1 2 0 3 3 5 1 6 0 9
9 0 10 2 4 3 17 12 4 14
2 10 18 1 7 13 19 25 1 5
9 13 17 21 25 29 33 37 1 3
5 7 9 11 13 15 17 19 21 23
25 27 29 31 33 35 37 39 41 43
45 47 49 51 53 55 57 59 61 63
65 67 69 71 73 75 77
68 72
1 1 3 4 2 4 6 5 3 8
4 4 12 2 2 16 12 5 15 4
12 20 4 10 16 22 0 4 8 12
16 20 24 28 32 36 2 4 6 8
10 12 14 16 18 20 22 24 26 28
30 32 34 36 38 40 42 44 46 48
50 52 54 56 58 60 62 64 66 68
70 72
69 38
1 1 1 1 1 5 5 5 9 10
8 3 9 0 4 8 12 16 0 2
4 6 8 10 12 14 16 18 20 22
24 26 28 30 32 34 36 38
70 54
1 2 2 2 2 3 1 8 6 6
0 1 13 10 4 12 2 8 14 20
4 8 12 16 20 24 0 2 4 6
8 10 12 14 16 18 20 22 24 26
28 30 32 34 36 38 40 42 44 46
48 50 52 54
71 42
0 0 0 1 5 3 7 2 8 0
10 7 1 7 13 2 6 10 14 18
0 2 4 6 8 10 12 14 16 18
20 22 24 26 28 30 32 34 36 38
40 42
72 67
1 0 2 2 2 0 4 2 2 1
3 12 4 5 3 15 9 0 8 16
2 8 14 20 0 4 8 12 16 20
24 28 32 1 3 5 7 9 11 13
15 17 19 21 23 25 27 29 31 33
35 37 39 41 43 45 47 49 51 53
55 57 59 61 63 65 67
73 71
0 0 0 4 2 0 6 3 9 3
9 9 3 6 6 3 15 8 18 7
15 0 6 12 18 24 2 6 10 14
18 22 26 30 34 1 3 5 7 9
11 13 15 17 19 21 23 25 27 29
31 33 35 37 39 41 43 45 47 49
51 53 55 57 59 61 63 65 67 69
71
74 38
0 1 3 2 4 3 3 3 7 8
6 1 7 13 3 7 11 15 19 2
4 6 8 10 12 14 16 18 20 22
24 26 28 30 32 34 36 38
75 64
0 2 2 3 1 0 0 3 1 9
11 7 11 12 10 5 15 6 14 1
7 13 19 0 4 8 12 16 20 24
28 32 2 4 6 8 10 12 14 16
18 20 22 24 26 28 30 32 34 36
38 40 42 44 46 48 50 52 54 56
58 60 62 64
76 67
1 0 2 3 1 1 7 7 9 10
2 11 3 4 2 14 8 18 8 16
2 8 14 20 0 4 8 12 16 20
24 28 32 1 3 5 7 9 11 13
15 17 19 21 23 25 27 29 31 33
35 37 39 41 43 45 47 49 51 53
55 57 59 61 63 65 67
77 34
1 2 0 2 4 2 4 0 0 8
4 10 2 6 10 14 0 2 4 6
8 10 12 14 16 18 20 22 24 26
28 30 32 34
78 56
0 1 3 4 2 2 4 6 6 8
4 7 7 4 14 7 15 4 10 16
0 4 8 12 16 20 24 28 2 4
6 8 10 12 14 16 18 20 22 24
26 28 30 32 34 36 38 40 42 44
46 48 50 52 54 56
79 35
0 0 2 0 4 4 0 5 7 6
2 8 0 4 8 12 16 1 3 5
7 9 11 13 15 17 19 21 23 25
27 29 31 33 35
80 76
1 2 2 1 3 3 5 1 3 1
11 2 12 4 6 5 1 13 5 15
3 11 19 2 8 14 20 26 2 6
10 14 18 22 26 30 34 38 2 4
6 8 10 12 14 16 18 20 22 24
26 28 30 32 34 36 38 40 42 44
46 48 50 52 54 56 58 60 62 64
66 68 70 72 74 76
81 67
0 0 0 1 5 0 6 6 8 9
1 10 2 3 1 13 7 17 7 15
1 7 13 19 25 4 8 12 16 20
24 28 32 1 3 5 7 9 11 13
15 17 19 21 23 25 27 29 31 33
35 37 39 41 43 45 47 49 51 53
55 57 59 61 63 65 67
82 45
0 0 2 2 2 4 4 1 9 3
3 0 8 1 7 13 1 5 9 13
17 21 1 3 5 7 9 11 13 15
17 19 21 23 25 27 29 31 33 35
37 39 41 43 45
83 17
0 1 1 4 4 5 3 7 1 3
5 7 9 11 13 15 17
84 63
0 0 2 0 4 1 7 1 7 4
4 11 1 0 12 7 17 8 16 3
9 15 21 2 6 10 14 18 22 26
30 1 3 5 7 9 11 13 15 17
19 21 23 25 27 29 31 33 35 37
39 41 43 45 47 49 51 53 55 57
59 61 63
85 7
0 0 2 1 3 5 7
86 52
0 1 1 2 0 2 4 0 4 2
6 7 5 0 8 16 6 12 18 3
7 11 15 19 23 0 2 4 6 8
10 12 14 16 18 20 22 24 26 28
30 32 34 36 38 40 42 44 46 48
50 52
87 48
0 0 2 0 4 0 4 5 7 3
5 4 0 8 0 6 12 18 4 8
12 16 20 24 2 4 6 8 10 12
14 16 18 20 22 24 26 28 30 32
34 36 38 40 42 44 46 48
88 14
1 2 0 2 4 3 7 2 4 6
8 10 12 14
89 68
1 2 2 1 3 0 0 0 2 3
7 5 11 14 14 11 5 15 5 13
21 6 12 18 24 3 7 11 15 19
23 27 31 0 2 4 6 8 10 12
14 16 18 20 22 24 26 28 30 32
34 36 38 40 42 44 46 48 50 52
54 56 58 60 62 64 66 68
90 56
1 1 1 1 1 6 0 0 8 10
6 9 9 6 0 8 16 5 11 17
1 5 9 13 17 21 25 0 2 4
6 8 10 12 14 16 18 20 22 24
26 28 30 32 34 36 38 40 42 44
46 48 50 52 54 56
91 22
1 0 0 3 3 1 1 7 3 7
11 2 4 6 8 10 12 14 16 18
20 22
92 32
0 1 1 1 1 4 6 2 2 10
6 12 4 8 12 16 2 4 6 8
10 12 14 16 18 20 22 24 26 28
30 32
93 51
1 0 0 4 2 4 6 2 6 4
8 9 7 2 10 1 7 13 19 4
8 12 16 20 24 1 3 5 7 9
11 13 15 17 19 21 23 25 27 29
31 33 35 37 39 41 43 45 47 49
51
94 62
0 2 0 2 4 6 4 5 1 7
7 1 3 2 14 9 1 9 17 4
10 16 22 3 7 11 15 19 23 27
31 2 4 6 8 10 12 14 16 18
20 22 24 26 28 30 32 34 36 38
40 42 44 46 48 50 52 54 56 58
60 62
95 20
0 0 0 4 2 5 5 2 6 10
2 4 6 8 10 12 14 16 18 20
96 68
0 2 2 2 2 4 4 4 6 7
11 9 1 2 0 12 6 16 6 14
0 6 12 18 24 3 7 11 15 19
23 27 31 0 2 4 6 8 10 12
14 16 18 20 22 24 26 28 30 32
34 36 38 40 42 44 46 48 50 52
54 56 58 60 62 64 66 68
97 54
0 2 2 1 3 6 6 6 4 4
10 0 12 9 3 11 1 7 13 19
3 7 11 15 19 23 27 2 4 6
8 10 12 14 16 18 20 22 24 26
28 30 32 34 36 38 40 42 44 46
48 50 52 54
98 63
0 1 1 0 2 4 2 3 9 6
6 0 2 1 13 8 0 8 16 3
9 15 21 2 6 10 14 18 22 26
30 1 3 5 7 9 11 13 15 17
19 21 23 25 27 29 31 33 35 37
39 41 43 45 47 49 51 53 55 57
59 61 63
99 77
1 0 2 3 1 1 3 8 2 0
10 1 11 3 5 4 0 12 4 14
2 10 18 1 7 13 19 25 1 5
9 13 17 21 25 29 33 37 1 3
5 7 9 11 13 15 17 19 21 23
25 27 29 31 33 35 37 39 41 43
45 47 49 51 53 55 57 59 61 63
65 67 69 71 73 75 77
100 14
1 0 0 0 0 4 0 2 4 6
8 10 12 14
101 54
1 1 3 4 2 5 5 5 3 3
9 12 12 9 3 11 1 7 13 19
3 7 11 15 19 23 27 2 4 6
8 10 12 14 16 18 20 22 24 26
28 30 32 34 36 38 40 42 44 46
48 50 52 54
102 70
1 1 3 1 5 1 5 0 4 7
1 12 6 9 9 6 0 10 0 8
16 1 7 13 19 25 3 7 11 15
19 23 27 31 35 2 4 6 8 10
12 14 16 18 20 22 24 26 28 30
32 34 36 38 40 42 44 46 48 50
52 54 56 58 60 62 64 66 68 70
103 56
0 0 0 0 0 5 7 0 8 10
6 9 9 6 0 8 16 5 11 17
1 5 9 13 17 21 25 0 2 4
6 8 10 12 14 16 18 20 22 24
26 28 30 32 34 36 38 40 42 44
46 48 50 52 54 56
104 70
1 0 0 0 0 6 2 4 8 0
4 2 8 11 11 8 2 12 2 10
18 3 9 15 21 0 4 8 12 16
20 24 28 32 0 2 4 6 8 10
12 14 16 18 20 22 24 26 28 30
32 34 36 38 40 42 44 46 48 50
52 54 56 58 60 62 64 66 68 70
105 67
1 0 0 1 5 0 6 6 8 9
1 10 2 3 1 13 7 17 7 15
1 7 13 19 25 4 8 12 16 20
24 28 32 1 3 5 7 9 11 13
15 17 19 21 23 25 27 29 31 33
35 37 39 41 43 45 47 49 51 53
55 57 59 61 63 65 67
106 70
0 2 2 4 0 6 2 4 8 0
4 2 8 11 11 8 2 12 2 10
18 3 9 15 21 0 4 8 12 16
20 24 28 32 0 2 4 6 8 10
12 14 16 18 20 22 24 26 28 30
32 34 36 38 40 42 44 46 48 50
52 54 56 58 60 62 64 66 68 70
107 67
1 1 3 2 4 4 2 0 0 10
2 11 3 4 2 14 8 18 8 16
2 8 14 20 0 4 8 12 16 20
24 28 32 1 3 5 7 9 11 13
15 17 19 21 23 25 27 29 31 33
35 37 39 41 43 45 47 49 51 53
55 57 59 61 63 65 67
108 16
0 2 0 1 5 6 4 8 2 4
6 8 10 12 14 16
109 18
1 0 2 2 2 3 1 5 9 2
4 6 8 10 12 14 16 18
110 20
0 1 3 2 4 0 6 3 7 0
2 4 6 8 10 12 14 16 18 20
111 74
0 2 0 3 3 4 2 3 3 10
8 10 6 11 13 12 8 1 11 0
8 16 0 6 12 18 24 1 5 9
13 17 21 25 29 33 37 2 4 6
8 10 12 14 16 18 20 22 24 26
28 30 32 34 36 38 40 42 44 46
48 50 52 54 56 58 60 62 64 66
68 70 72 74
112 66
0 1 1 0 2 5 1 6 6 5
7 3 7 8 6 1 11 2 10 18
4 10 16 22 2 6 10 14 18 22
26 30 0 2 4 6 8 10 12 14
16 18 20 22 24 26 28 30 32 34
36 38 40 42 44 46 48 50 52 54
56 58 60 62 64 66
113 77
0 0 0 4 2 2 4 0 2 0
10 1 11 3 5 4 0 12 4 14
2 10 18 1 7 13 19 25 1 5
9 13 17 21 25 29 33 37 1 3
5 7 9 11 13 15 17 19 21 23
25 27 29 31 33 35 37 39 41 43
45 47 49 51 53 55 57 59 61 63
65 67 69 71 73 75 77
114 64
0 2 2 0 4 5 7 3 1 9
11 7 11 12 10 5 15 6 14 1
7 13 19 0 4 8 12 16 20 24
28 32 2 4 6 8 10 12 14 16
18 20 22 24 26 28 30 32 34 36
38 40 42 44 46 48 50 52 54 56
58 60 62 64
115 44
0 2 2 0 4 6 6 3 1 4
4 1 9 2 8 14 2 6 10 14
18 22 2 4 6 8 10 12 14 16
18 20 22 24 26 28 30 32 34 36
38 40 42 44
116 25
1 0 2 3 1 1 3 2 8 3
7 11 1 3 5 7 9 11 13 15
17 19 21 23 25
117 12
0 1 3 3 3 0 2 4 6 8
10 12
118 26
0 2 0 1 5 0 2 1 7 2
6 10 0 2 4 6 8 10 12 14
16 18 20 22 24 26
119 67
0 1 3 1 5 0 6 6 8 9
1 10 2 3 1 13 7 17 7 15
1 7 13 19 25 4 8 12 16 20
24 28 32 1 3 5 7 9 11 13
15 17 19 21 23 25 27 29 31 33
35 37 39 41 43 45 47 49 51 53
55 57 59 61 63 65 67
120 58
0 2 0 2 4 1 5 0 0 2
10 2 2 14 10 3 11 0 6 12
18 1 5 9 13 17 21 25 29 2
4 6 8 10 12 14 16 18 20 22
24 26 28 30 32 34 36 38 40 42
44 46 48 50 52 54 56 58
121 59
1 2 0 3 3 2 0 4 6 10
8 0 0 12 8 1 9 17 5 11
17 0 4 8 12 16 20 24 28 1
3 5 7 9 11 13 15 17 19 21
23 25 27 29 31 33 35 37 39 41
43 45 47 49 51 53 55 57 59
122 78
1 2 2 0 4 3 1 8 4 4
4 8 6 13 1 0 14 9 1 11
21 8 16 24 6 12 18 24 0 4
8 12 16 20 24 28 32 36 0 2
4 6 8 10 12 14 16 18 20 22
24 26 28 30 32 34 36 38 40 42
44 46 48 50 52 54 56 58 60 62
64 66 68 70 72 74 76 78
123 56
0 2 2 4 0 5 7 0 8 10
6 9 9 6 0 8 16 5 11 17
1 5 9 13 17 21 25 0 2 4
6 8 10 12 14 16 18 20 22 24
26 28 30 32 34 36 38 40 42 44
46 48 50 52 54 56
124 78
1 2 2 2 2 1 7 7 3 3
3 7 5 12 0 16 14 9 1 11
21 8 16 24 6 12 18 24 0 4
8 12 16 20 24 28 32 36 0 2
4 6 8 10 12 14 16 18 20 22
24 26 28 30 32 34 36 38 40 42
44 46 48 50 52 54 56 58 60 62
64 66 68 70 72 74 76 78
125 36
1 0 2 1 3 5 3 1 3 2
10 5 11 2 6 10 14 18 2 4
6 8 10 12 14 16 18 20 22 24
26 28 30 32 34 36
126 72
1 1 1 4 4 4 4 1 7 1
7 7 1 4 4 1 13 6 16 5
13 21 5 11 17 23 1 5 9 13
17 21 25 29 33 0 2 4 6 8
10 12 14 16 18 20 22 24 26 28
30 32 34 36 38 40 42 44 46 48
50 52 54 56 58 60 62 64 66 68
70 72
127 58
0 0 0 0 0 2 6 1 1 3
11 3 3 0 10 3 11 0 6 12
18 1 5 9 13 17 21 25 29 2
4 6 8 10 12 14 16 18 20 22
24 26 28 30 32 34 36 38 40 42
44 46 48 50 52 54 56 58
128 13
0 1 1 1 1 5 1 3 5 7
9 11 13
129 71
0 0 0 1 5 5 5 2 8 2
8 8 2 5 5 2 14 7 17 6
14 22 6 12 18 24 2 6 10 14
18 22 26 30 34 1 3 5 7 9
11 13 15 17 19 21 23 25 27 29
31 33 35 37 39 41 43 45 47 49
51 53 55 57 59 61 63 65 67 69
71
130 35
0 2 0 3 3 3 7 5 7 6
2 8 0 4 8 12 16 1 3 5
7 9 11 13 15 17 19 21 23 25
27 29 31 33 35
131 22
1 0 0 1 5 3 3 0 4 8
0 2 4 6 8 10 12 14 16 18
20 22
132 47
1 1 3 0 0 6 2 1 1 6
8 7 3 11 3 9 15 2 6 10
14 18 22 1 3 5 7 9 11 13
15 17 19 21 23 25 27 29 31 33
35 37 39 41 43 45 47
133 34
0 1 3 2 4 2 4 0 0 8
4 10 2 6 10 14 0 2 4 6
8 10 12 14 16 18 20 22 24 26
28 30 32 34
134 74
1 0 2 4 0 1 7 1 1 8
6 8 4 9 11 10 6 18 10 20
8 16 0 6 12 18 24 1 5 9
13 17 21 25 29 33 37 2 4 6
8 10 12 14 16 18 20 22 24 26
28 30 32 34 36 38 40 42 44 46
48 50 52 54 56 58 60 62 64 66
68 70 72 74
135 29
0 2 0 1 5 4 2 3 1 7
1 5 9 13 1 3 5 7 9 11
13 15 17 19 21 23 25 27 29
136 78
1 2 0 1 5 4 2 0 4 4
4 8 6 13 1 0 14 9 1 11
21 8 16 24 6 12 18 24 0 4
8 12 16 20 24 28 32 36 0 2
4 6 8 10 12 14 16 18 20 22
24 26 28 30 32 34 36 38 40 42
44 46 48 50 52 54 56 58 60 62
64 66 68 70 72 74 76 78
137 27
1 0 0 2 4 1 5 6 4 10
4 8 12 1 3 5 7 9 11 13
15 17 19 21 23 25 27
138 62
0 2 0 2 4 2 4 3 7 2
0 5 7 6 2 12 4 12 0 6
12 18 0 4 8 12 16 20 24 28
0 2 4 6 8 10 12 14 16 18
20 22 24 26 28 30 32 34 36 38
40 42 44 46 48 50 52 54 56 58
60 62
139 54
0 1 1 1 1 2 0 7 5 5
11 1 13 10 4 12 2 8 14 20
4 8 12 16 20 24 0 2 4 6
8 10 12 14 16 18 20 22 24 26
28 30 32 34 36 38 40 42 44 46
48 50 52 54
140 59
0 0 2 3 1 2 2 8 2 6
4 9 11 10 6 16 8 16 4 10
16 22 4 8 12 16 20 24 28 1
3 5 7 9 11 13 15 17 19 21
23 25 27 29 31 33 35 37 39 41
43 45 47 49 51 53 55 57 59
141 26
1 1 1 2 0 0 2 1 7 2
6 10 0 2 4 6 8 10 12 14
16 18 20 22 24 26
142 54
0 1 3 1 5 6 4 2 8 8
2 3 1 11 5 13 3 9 15 0
4 8 12 16 20 24 0 2 4 6
8 10 12 14 16 18 20 22 24 26
28 30 32 34 36 38 40 42 44 46
48 50 52 54
143 68
0 2 0 2 4 1 1 1 3 4
8 6 12 0 14 11 5 15 5 13
21 6 12 18 24 3 7 11 15 19
23 27 31 0 2 4 6 8 10 12
14 16 18 20 22 24 26 28 30 32
34 36 38 40 42 44 46 48 50 52
54 56 58 60 62 64 66 68
144 41
1 2 0 4 2 5 1 3 9 1
11 8 2 8 14 3 7 11 15 19
1 3 5 7 9 11 13 15 17 19
21 23 25 27 29 31 33 35 37 39
41
145 50
0 1 3 4 2 0 6 0 2 9
1 0 10 5 13 4 10 16 2 6
10 14 18 22 0 2 4 6 8 10
12 14 16 18 20 22 24 26 28 30
32 34 36 38 40 42 44 46 48 50
146 22
0 1 1 2 0 3 3 0 4 8
0 2 4 6 8 10 12 14 16 18
20 22
147 11
0 1 1 4 4 1 3 5 7 9
11
148 68
1 2 0 3 3 5 5 5 7 8
0 9 1 2 0 12 6 16 6 14
0 6 12 18 24 3 7 11 15 19
23 27 31 0 2 4 6 8 10 12
14 16 18 20 22 24 26 28 30 32
34 36 38 40 42 44 46 48 50 52
54 56 58 60 62 64 66 68
149 30
1 0 2 0 4 3 1 2 0 6
0 4 8 12 0 2 4 6 8 10
12 14 16 18 20 22 24 26 28 30
150 78
1 0 0 2 4 5 5 5 1 1
1 5 3 10 14 15 13 8 0 10
20 7 15 23 5 11 17 23 29 4
8 12 16 20 24 28 32 36 0 2
4 6 8 10 12 14 16 18 20 22
24 26 28 30 32 34 36 38 40 42
44 46 48 50 52 54 56 58 60 62
64 66 68 70 72 74 76 78
151 68
0 1 3 4 2 6 0 0 2 3
7 5 11 14 14 11 5 15 5 13
21 6 12 18 24 3 7 11 15 19
23 27 31 0 2 4 6 8 10 12
14 16 18 20 22 24 26 28 30 32
34 36 38 40 42 44 46 48 50 52
54 56 58 60 62 64 66 68
152 76
0 1 1 3 5 5 7 3 5 3
1 3 13 5 7 6 2 14 6 16
4 12 20 3 9 15 21 27 3 7
11 15 19 23 27 31 35 0 2 4
6 8 10 12 14 16 18 20 22 24
26 28 30 32 34 36 38 40 42 44
46 48 50 52 54 56 58 60 62 64
66 68 70 72 74 76
153 74
1 1 1 2 0 6 4 5 5 1
9 11 7 12 14 13 9 2 12 1
9 17 1 7 13 19 25 2 6 10
14 18 22 26 30 34 0 2 4 6
8 10 12 14 16 18 20 22 24 26
28 30 32 34 36 38 40 42 44 46
48 50 52 54 56 58 60 62 64 66
68 70 72 74
154 27
1 0 0 0 0 2 6 7 5 0
4 8 12 1 3 5 7 9 11 13
15 17 19 21 23 25 27
155 78
1 2 2 1 3 0 4 2 6 6
6 10 8 0 2 1 15 10 2 12
0 8 16 24 6 12 18 24 0 4
8 12 16 20 24 28 32 36 0 2
4 6 8 10 12 14 16 18 20 22
24 26 28 30 32 34 36 38 40 42
44 46 48 50 52 54 56 58 60 62
64 66 68 70 72 74 76 78
156 52
1 0 0 0 0 4 0 5 1 10
4 5 3 13 7 15 5 11 17 2
6 10 14 18 22 26 2 4 6 8
10 12 14 16 18 20 22 24 26 28
30 32 34 36 38 40 42 44 46 48
50 52
157 72
1 1 1 1 1 1 1 7 5 10
6 6 0 3 3 0 12 5 15 4
12 20 4 10 16 22 0 4 8 12
16 20 24 28 32 36 2 4 6 8
10 12 14 16 18 20 22 24 26 28
30 32 34 36 38 40 42 44 46 48
50 52 54 56 58 60 62 64 66 68
70 72
158 75
1 2 2 0 4 2 2 5 7 5
3 5 1 6 8 7 3 15 7 17
5 13 21 4 10 16 22 28 4 8
12 16 20 24 28 32 36 1 3 5
7 9 11 13 15 17 19 21 23 25
27 29 31 33 35 37 39 41 43 45
47 49 51 53 55 57 59 61 63 65
67 69 71 73 75
159 75
1 1 3 1 5 3 3 6 8 6
4 6 2 7 9 8 4 16 8 18
6 14 22 5 11 17 23 0 4 8
12 16 20 24 28 32 36 1 3 5
7 9 11 13 15 17 19 21 23 25
27 29 31 33 35 37 39 41 43 45
47 49 51 53 55 57 59 61 63 65
67 69 71 73 75
160 61
1 2 2 4 0 3 5 4 8 3
1 6 8 7 3 13 5 13 1 7
13 19 1 5 9 13 17 21 25 29
1 3 5 7 9 11 13 15 17 19
21 23 25 27 29 31 33 35 37 39
41 43 45 47 49 51 53 55 57 59
61
161 59
0 0 2 4 0 6 6 3 5 9
7 12 0 12 8 1 9 17 5 11
17 0 4 8 12 16 20 24 28 1
3 5 7 9 11 13 15 17 19 21
23 25 27 29 31 33 35 37 39 41
43 45 47 49 51 53 55 57 59
162 20
1 1 3 2 4 0 6 3 7 0
2 4 6 8 10 12 14 16 18 20
163 74
0 1 3 2 4 0 6 0 0 7
5 7 3 8 10 9 5 17 9 19
7 15 23 6 12 18 24 1 5 9
13 17 21 25 29 33 37 2 4 6
8 10 12 14 16 18 20 22 24 26
28 30 32 34 36 38 40 42 44 46
48 50 52 54 56 58 60 62 64 66
68 70 72 74
164 74
1 2 2 3 1 0 4 5 5 1
9 11 7 12 14 13 9 2 12 1
9 17 1 7 13 19 25 2 6 10
14 18 22 26 30 34 0 2 4 6
8 10 12 14 16 18 20 22 24 26
28 30 32 34 36 38 40 42 44 46
48 50 52 54 56 58 60 62 64 66
68 70 72 74
165 15
1 2 2 1 3 2 6 1 3 5
7 9 11 13 15
166 37
0 0 2 3 1 3 1 8 2 1
9 4 10 1 5 9 13 17 1 3
5 7 9 11 13 15 17 19 21 23
25 27 29 31 33 35 37
167 78
1 2 0 3 3 2 0 7 3 3
3 7 5 12 0 16 14 9 1 11
21 8 16 24 6 12 18 24 0 4
8 12 16 20 24 28 32 36 0 2
4 6 8 10 12 14 16 18 20 22
24 26 28 30 32 34 36 38 40 42
44 46 48 50 52 54 56 58 60 62
64 66 68 70 72 74 76 78
168 57
1 1 1 2 0 0 2 4 4 6
2 5 5 2 12 5 13 2 8 14
20 3 7 11 15 19 23 27 1 3
5 7 9 11 13 15 17 19 21 23
25 27 29 31 33 35 37 39 41 43
45 47 49 51 53 55 57
169 61
0 2 2 4 0 3 5 4 8 3
1 6 8 7 3 13 5 13 1 7
13 19 1 5 9 13 17 21 25 29
1 3 5 7 9 11 13 15 17 19
21 23 25 27 29 31 33 35 37 39
41 43 45 47 49 51 53 55 57 59
61
170 56
0 1 3 3 3 1 1 1 9 0
6 9 9 6 0 8 16 5 11 17
1 5 9 13 17 21 25 0 2 4
6 8 10 12 14 16 18 20 22 24
26 28 30 32 34 36 38 40 42 44
46 48 50 52 54 56
171 59
0 2 2 3 1 2 2 8 2 6
4 9 11 10 6 16 8 16 4 10
16 22 4 8 12 16 20 24 28 1
3 5 7 9 11 13 15 17 19 21
23 25 27 29 31 33 35 37 39 41
43 45 47 49 51 53 55 57 59
172 54
1 0 0 4 2 5 5 5 3 3
9 12 12 9 3 11 1 7 13 19
3 7 11 15 19 23 27 2 4 6
8 10 12 14 16 18 20 22 24 26
28 30 32 34 36 38 40 42 44 46
48 50 52 54
173 60
1 1 1 2 0 1 1 7 1 5
3 8 10 9 5 15 7 15 3 9
15 21 3 7 11 15 19 23 27 0
2 4 6 8 10 12 14 16 18 20
22 24 26 28 30 32 34 36 38 40
42 44 46 48 50 52 54 56 58 60
174 49
0 1 3 0 0 3 1 2 4 0
2 1 11 6 14 5 11 17 3 7
11 15 19 23 1 3 5 7 9 11
13 15 17 19 21 23 25 27 29 31
33 35 37 39 41 43 45 47 49
175 55
1 1 3 1 5 3 3 3 1 1
7 10 10 7 1 9 17 6 12 18
2 6 10 14 18 22 26 1 3 5
7 9 11 13 15 17 19 21 23 25
27 29 31 33 35 37 39 41 43 45
47 49 51 53 55
176 48
0 1 1 4 4 0 4 5 7 3
5 4 0 8 0 6 12 18 4 8
12 16 20 24 2 4 6 8 10 12
14 16 18 20 22 24 26 28 30 32
34 36 38 40 42 44 46 48
177 73
0 1 3 2 4 3 7 8 8 4
0 0 8 13 15 14 10 3 13 2
10 18 2 8 14 20 26 3 7 11
15 19 23 27 31 35 1 3 5 7
9 11 13 15 17 19 21 23 25 27
29 31 33 35 37 39 41 43 45 47
49 51 53 55 57 59 61 63 65 67
69 71 73
178 74
0 1 1 4 4 5 3 4 4 0
8 10 6 11 13 12 8 1 11 0
8 16 0 6 12 18 24 1 5 9
13 17 21 25 29 33 37 2 4 6
8 10 12 14 16 18 20 22 24 26
28 30 32 34 36 38 40 42 44 46
48 50 52 54 56 58 60 62 64 66
68 70 72 74
179 51
0 0 0 0 0 0 0 3 7 5
9 10 8 3 11 2 8 14 0 4
8 12 16 20 24 1 3 5 7 9
11 13 15 17 19 21 23 25 27 29
31 33 35 37 39 41 43 45 47 49
51
180 23
1 2 2 2 2 0 0 6 2 6
10 1 3 5 7 9 11 13 15 17
19 21 23
181 46
0 2 0 1 5 4 6 5 5 10
0 10 6 14 6 12 0 4 8 12
16 20 0 2 4 6 8 10 12 14
16 18 20 22 24 26 28 30 32 34
36 38 40 42 44 46
182 67
0 2 0 0 0 5 3 1 1 0
2 11 3 4 2 14 8 18 8 16
2 8 14 20 0 4 8 12 16 20
24 28 32 1 3 5 7 9 11 13
15 17 19 21 23 25 27 29 31 33
35 37 39 41 43 45 47 49 51 53
55 57 59 61 63 65 67
183 78
1 2 0 2 4 5 5 5 1 1
1 5 3 10 14 15 13 8 0 10
20 7 15 23 5 11 17 23 29 4
8 12 16 20 24 28 32 36 0 2
4 6 8 10 12 14 16 18 20 22
24 26 28 30 32 34 36 38 40 42
44 46 48 50 52 54 56 58 60 62
64 66 68 70 72 74 76 78
184 35
0 1 3 3 3 3 7 5 7 6
2 8 0 4 8 12 16 1 3 5
7 9 11 13 15 17 19 21 23 25
27 29 31 33 35
185 63
1 0 2 1 3 5 3 4 0 6
6 0 2 1 13 8 0 8 16 3
9 15 21 2 6 10 14 18 22 26
30 1 3 5 7 9 11 13 15 17
19 21 23 25 27 29 31 33 35 37
39 41 43 45 47 49 51 53 55 57
59 61 63
186 71
1 0 2 3 1 6 6 3 9 3
9 9 3 6 6 3 15 8 18 7
15 0 6 12 18 24 2 6 10 14
18 22 26 30 34 1 3 5 7 9
11 13 15 17 19 21 23 25 27 29
31 33 35 37 39 41 43 45 47 49
51 53 55 57 59 61 63 65 67 69
71
187 19
0 2 2 4 0 1 7 4 8 1
3 5 7 9 11 13 15 17 19
188 77
1 0 0 3 3 5 1 6 0 9
9 0 10 2 4 3 17 12 4 14
2 10 18 1 7 13 19 25 1 5
9 13 17 21 25 29 33 37 1 3
5 7 9 11 13 15 17 19 21 23
25 27 29 31 33 35 37 39 41 43
45 47 49 51 53 55 57 59 61 63
65 67 69 71 73 75 77
189 59
1 0 2 4 0 6 6 3 5 9
7 12 0 12 8 1 9 17 5 11
17 0 4 8 12 16 20 24 28 1
3 5 7 9 11 13 15 17 19 21
23 25 27 29 31 33 35 37 39 41
43 45 47 49 51 53 55 57 59
190 56
1 0 0 0 0 5 7 0 8 10
6 9 9 6 0 8 16 5 11 17
1 5 9 13 17 21 25 0 2 4
6 8 10 12 14 16 18 20 22 24
26 28 30 32 34 36 38 40 42 44
46 48 50 52 54 56
191 70
0 0 2 2 2 5 3 7 3 6
0 11 5 8 8 5 17 10 0 8
16 1 7 13 19 25 3 7 11 15
19 23 27 31 35 2 4 6 8 10
12 14 16 18 20 22 24 26 28 30
32 34 36 38 40 42 44 46 48 50
52 54 56 58 60 62 64 66 68 70
192 70
1 2 2 4 0 3 1 5 1 4
10 10 4 7 7 4 16 9 19 8
16 1 7 13 19 25 3 7 11 15
19 23 27 31 35 2 4 6 8 10
12 14 16 18 20 22 24 26 28 30
32 34 36 38 40 42 44 46 48 50
52 54 56 58 60 62 64 66 68 70
193 71
1 0 0 4 2 0 6 3 9 3
9 9 3 6 6 3 15 8 18 7
15 0 6 12 18 24 2 6 10 14
18 22 26 30 34 1 3 5 7 9
11 13 15 17 19 21 23 25 27 29
31 33 35 37 39 41 43 45 47 49
51 53 55 57 59 61 63 65 67 69
71
194 54
1 1 3 0 0 1 7 7 5 5
11 1 13 10 4 12 2 8 14 20
4 8 12 16 20 24 0 2 4 6
8 10 12 14 16 18 20 22 24 26
28 30 32 34 36 38 40 42 44 46
48 50 52 54
195 36
1 2 0 2 4 6 4 2 4 3
11 6 12 3 7 11 15 0 2 4
6 8 10 12 14 16 18 20 22 24
26 28 30 32 34 36
196 22
1 2 0 1 5 3 3 0 4 8
0 2 4 6 8 10 12 14 16 18
20 22
197 13
1 1 1 1 1 5 1 3 5 7
9 11 13
198 48
1 1 1 2 0 1 5 6 8 4
6 5 1 9 1 7 13 0 4 8
12 16 20 24 2 4 6 8 10 12
14 16 18 20 22 24 26 28 30 32
34 36 38 40 42 44 46 48
199 56
0 0 0 4 2 2 4 6 6 8
4 7 7 4 14 7 15 4 10 16
0 4 8 12 16 20 24 28 2 4
6 8 10 12 14 16 18 20 22 24
26 28 30 32 34 36 38 40 42 44
46 48 50 52 54 56
200 27
0 1 1 3 5 2 6 7 5 0
4 8 12 1 3 5 7 9 11 13
15 17 19 21 23 25 27
