1 1/2
2 3/2
3 2/5
4 1346269/1860498
5 10000000/9999999
6 1/129
7 128/127
8 127/1073741944
9 1/153391690
10 1/257
11 256/255
12 85/357913984
13 8/1073741817
14 1/513
15 512/511
16 73/153391760
17 1/119304648
18 1/1025
19 1024/1023
20 1/1049602
21 10/1073741827
22 1/2049
23 2048/2047
24 2047/1073743360
25 1/97612894
26 1/4097
27 4096/4095
28 65/17043584
29 4/357913943
30 1/8193
31 8192/8191
32 8191/1073749984
33 13/1073741814
34 1/16385
35 16384/16383
36 5461/357919400
37 2/153391689
38 1/32769
39 32768/32767
40 1/32770
41 5/357913944
42 1/65537
43 65536/65535
44 21845/357924864
45 16/1073741809
46 1/131073
47 131072/131071
48 131071/1073856512
49 17/1073741816
50 1/262145
51 262144/262143
52 4161/17047552
53 2/119304647
54 1/524289
55 524288/524287
56 524287/1074262016
57 19/1073741822
58 1/1048577
59 1048576/1048575
60 1025/1050624
61 20/1073741837
62 1/2097153
63 2097152/2097151
64 299593/153691136
65 1/51130564
66 1/4194305
67 4194304/4194303
68 1398101/359311872
69 2/97612893
70 1/8388609
71 8388608/8388607
72 8388607/1082130176
73 23/1073741842
74 1/16777217
75 16777216/16777215
76 266305/17309824
77 8/357913939
78 1/33554433
79 33554432/33554431
80 1082401/35719232
81 25/1073741802
82 1/67108865
83 67108864/67108863
84 22369621/380283552
85 26/1073741827
86 1/134217729
87 134217728/134217727
88 19173961/172565648
89 3/119304646
90 1/268435457
91 268435456/268435455
92 89478485/447392424
93 4/153391691
94 1/536870913
95 536870912/536870911
96 536870911/1610612732
97 29/1073741846
98 1/1073741825
99 1073741824/1073741823
100 1/2
101 10/357913949
102 1288/181713857
103 2193/67424477
104 3983/168656615
105 1441/1002172977
106 2012/572218429
107 1637/314245891
108 1753/368493803
109 1306/814609873
110 5/1781141
111 458/303629385
112 529/574539004
113 983/485892930
114 3750/401609591
115 2001/924514738
116 1183/34148017
117 3547/121207673
118 2302/952500569
119 928/368586533
120 1414/24501643
121 3941/685086954
122 2469/814761623
123 100/967196601
124 95/130916508
125 964/90129775
126 194/21614189
127 1726/469176149
128 1339/507021354
129 2000/255635287
130 544/25849455
131 621/155907014
132 222/623254501
133 314/214757277
134 727/719707936
135 547/21143766
136 461/311483497
137 4087/60449332
138 1631/1015311972
139 1834/101023135
140 3267/860357248
141 3163/40922424
142 3403/421463738
143 589/1060248578
144 3811/670099066
145 2784/748386275
146 3883/286974960
147 1008/139001965
148 1783/917578462
149 1545/961030256
150 3792/640593217
151 1383/416346128
152 881/297142236
153 3989/14720980
154 527/36307413
155 1753/832728266
156 1538/1007021727
157 135/1018954402
158 2797/583931067
159 1665/585200942
160 461/81279859
161 389/19909664
162 1351/42801896
163 2983/138422780
164 113/53468008
165 220/458926151
166 2347/798662572
167 1901/629453595
168 249/220240256
169 555/122303336
170 424/546528841
171 2611/1066065653
172 185/248996403
173 16/869719315
174 1296/1025864375
175 922/471033127
176 3289/113385930
177 2760/331148903
178 1269/500179886
179 644/34891627
180 1723/46158438
181 1430/442744349
182 1811/101840346
183 1297/961100527
184 2817/85586234
185 3323/928681801
186 2230/46314039
187 1105/88688181
188 298/279877697
189 274/160940061
190 2037/759125239
191 2521/1069947065
192 3811/69738543
193 5/299346
194 669/168267943
195 587/299336535
196 1628/213486881
197 677/196357774
198 1282/7503525
199 509/17749668
200 3335/679406881
201 2881/444247029
202 2997/911880241
203 615/669494497
204 741/161444099
205 95/124642914
206 4059/937821799
207 2429/585618925
208 3573/650422643
209 481/77630235
210 86/106798881
211 541/32390592
212 859/444307911
213 3907/563694763
214 1153/158067139
215 1129/349194857
216 1819/30526908
217 223/79532146
218 883/2758357
219 1985/745049399
220 1079/894910017
221 1371/405900040
222 2306/574863867
223 142/88799337
224 3665/330957348
225 876/470510479
226 2021/491047602
227 1453/418391821
228 2227/331939582
229 2443/520805375
230 1889/115796664
231 1693/110053531
232 718/999964225
233 54/963672479
234 1672/633003383
235 2288/757295083
236 3924/575484559
237 621/173799922
238 4010/827500107
239 1525/999386926
240 539/401947415
241 2231/521064522
242 2135/306293964
243 5/5176219
244 454/82707415
245 1104/668972159
246 118/191111141
247 1387/370965948
248 3855/894767876
249 473/131640230
250 1755/730368922
251 1588/1058437535
252 149/152629403
253 2293/386723279
254 19/705509218
255 210/113603351
256 249/135924908
257 31/315499
258 3995/170045541
259 499/454431567
260 3438/485423771
261 1001/410985493
262 209/174104451
263 170/225824679
264 5/990171
265 1887/451026595
266 528/190558909
267 17/3894723
268 3577/708282594
269 2542/340171691
270 277/48556585
271 939/79042045
272 411/171278552
273 2750/324220913
274 848/55268689
275 4047/1044785887
276 681/459669049
277 1051/265565740
278 2376/571701517
279 1324/331528115
280 1991/17832433
281 1076/276986115
282 2709/743552825
283 511/239039415
284 2561/255886175
285 4/21712369
286 1941/372171700
287 1141/232890755
288 412/306486093
289 2917/178006080
290 919/380234982
291 664/29920885
292 1679/272458218
293 1287/203463191
294 1003/70413057
295 224/93665981
296 3147/523572358
297 351/324585068
298 415/207123912
299 2305/778018968
300 2435/642706703
301 887/320948281
302 541/182887
303 2723/43789861
304 14/3332123
305 378/468838373
306 1127/446323023
307 487/180901549
308 1381/237334455
309 2376/544355807
310 345/492282536
311 1262/783773995
312 434/303501603
313 3745/554568306
314 87/59866292
315 466/77622699
316 190/342171421
317 1604/527917171
318 353/48491361
319 779/772159726
320 2425/288436932
321 1340/1014678059
322 23/11046914
323 1699/504813213
324 1556/363220481
325 115/204757701
326 3737/616466710
327 897/161358413
328 1026/1069058587
329 79/5845734
330 1999/248908378
331 1673/976495277
332 505/524461223
333 177/192859414
334 309/626354659
335 1753/15813865
336 2517/304302079
337 1273/184831093
338 1777/1010549601
339 2260/371973601
340 3293/195187558
341 3379/585250355
342 2001/166776640
343 1613/350263445
344 1915/220966554
345 3087/124778782
346 684/125658409
347 397/746839617
348 629/54213604
349 64/469016765
350 3430/16537981
351 1613/274446654
352 203/5243117
353 1735/1052680163
354 2140/780962747
355 2235/133550567
356 3583/356233243
357 613/120445502
358 523/221439336
359 1528/121934673
360 31/175522190
361 1805/247524858
362 97/15077183
363 121/2381818
364 782/90343155
365 3049/790809238
366 2329/692486479
367 421/825467357
368 1109/132971414
369 1297/175519824
370 1625/113847459
371 1686/141745765
372 1757/195715033
373 2580/515823097
374 267/182340674
375 859/11838332
376 745/459279174
377 691/1010606794
378 49/6245937
379 170/157467093
380 4069/388518275
381 3566/340581525
382 35/147820917
383 2339/948395859
384 2001/189898078
385 26/48109507
386 3367/167498404
387 679/749815000
388 79/922723174
389 3200/513505239
390 3074/845734519
391 642/362270153
392 861/641057428
393 268/205214307
394 1816/94117153
395 1688/818147715
396 1727/296975964
397 3793/474847804
398 1/870172857
399 1667/497716674
400 1699/1052639187
401 1516/5230667
402 385/170731651
403 1687/81239257
404 284/46826749
405 489/1005190564
406 3088/674372965
407 955/154222359
408 1531/616964062
409 1163/661003097
410 920/336569351
411 891/279468389
412 1051/205408714
413 1745/1008429112
414 951/539973455
415 1735/122526991
416 247/377898652
417 767/113909050
418 795/310790152
419 547/292796393
420 549/83474833
421 328/364925809
422 1855/504971903
423 786/327133193
424 61/16015220
425 587/500254914
426 1953/476977163
427 3359/726877194
428 52/137685
429 726/136897627
430 145/54063166
431 2811/123197474
432 737/55613880
433 446/356899855
434 247/116331138
435 3738/28514807
436 466/478216965
437 1716/578137831
438 3982/862217319
439 391/143925278
440 691/290453664
441 46/41099009
442 3011/758045610
443 635/139816474
444 3745/443247046
445 3369/390531773
446 2278/531724557
447 1422/983119465
448 1631/815668318
449 3496/936260033
450 709/332943806
451 1536/114651197
452 3101/14347345
453 1685/365914579
454 981/104547386
455 581/116255780
456 1357/155054486
457 178/363051003
458 4054/525058051
459 4091/450851207
460 2719/417113470
461 3073/1017209710
462 736/1022795107
463 1731/514249945
464 2053/264609540
465 4033/824958705
466 23/104188260
467 3291/413164270
468 1624/260601297
469 223/81723185
470 3729/522533441
471 782/511604835
472 708/37478819
473 474/15170483
474 27/936328535
475 169/989724747
476 2263/541854498
477 379/115925580
478 539/166119733
479 803/610493355
480 3829/155843334
481 519/194724646
482 3364/973737385
483 292/68553821
484 2460/955661033
485 901/30620286
486 1285/499691933
487 1700/104115751
488 527/223987281
489 3919/667941223
490 2257/1002659767
491 50/109691699
492 3463/365683193
493 329/134073637
494 727/192689533
495 81/4071472
496 1975/17212317
497 3259/1008885811
498 2218/899052455
499 2545/914952117
500 1825/861749182
501 485/91806042
502 2842/328634749
503 3377/326835089
504 274/867621973
505 337/1061380812
506 1592/807568909
507 452/885218753
508 3313/508463027
509 523/26182334
510 341/112274204
511 2125/875282104
512 876/130318585
513 2075/935832778
514 1921/33909921
515 172/746803097
516 2431/859316036
517 18/82701709
518 304/8443031
519 2563/968779805
520 2512/683739763
521 11/337467011
522 1168/434558647
523 690/948347507
524 725/129338984
525 564/88990493
526 2516/11526073
527 1069/56979784
528 3579/91901140
529 3178/864104833
530 3179/711040611
531 2013/55520131
532 1271/498670130
533 1746/511713635
534 1831/950707072
535 263/17971497
536 860/483652029
537 511/167381778
538 13/520966564
539 359/41651071
540 3312/1013258075
541 631/378939665
542 366/173917789
543 451/74780834
544 1168/437801039
545 485/609575107
546 3365/765791933
547 4034/263908077
548 294/33043789
549 2658/351854065
550 24/13951847
551 1911/622119521
552 1541/94822056
553 1319/994957898
554 1301/564666822
555 13/7107157
556 1542/470645869
557 3/49022774
558 2517/74694128
559 198/118382263
560 727/16724788
561 205/1061834624
562 3441/316622147
563 735/217507681
564 1049/51591502
565 220/246186219
566 605/455714323
567 2201/338973822
568 3588/45397681
569 3039/656118959
570 4033/162112767
571 2554/454940517
572 2773/582065200
573 1306/635450941
574 2519/408767203
575 176/313490645
576 1429/573496250
577 355/961961789
578 2446/518687055
579 685/500882624
580 361/39751123
581 873/26603438
582 181/184482317
583 257/811194350
584 29/10478542
585 33/70330802
586 3166/991517965
587 343/14832108
588 3997/895729824
589 3036/906603199
590 1243/1055499164
591 1729/200172282
592 727/177117903
593 1523/62904964
594 3516/383857409
595 3634/159097811
596 361/174826094
597 449/168796029
598 1489/884117129
599 79/80467449
600 2293/922698366
601 935/182711783
602 1837/987857373
603 1301/395770252
604 1103/478875370
605 3259/436936741
606 912/512328161
607 2377/382591955
608 703/526884148
609 2199/515682964
610 1595/1070426854
611 975/351038119
612 2952/1055433715
613 521/437144131
614 79/950553819
615 2207/58694147
616 889/345140454
617 980/407564237
618 3181/237786684
619 3394/430206075
620 517/63478787
621 4087/115000510
622 3302/401844775
623 127/92487710
624 242/12032837
625 1340/290879713
626 435/57042392
627 388/45145739
628 1751/832410102
629 908/254246995
630 37/5409345
631 2134/613175751
632 2443/1045004729
633 416/339966441
634 1071/484579468
635 481/154927495
636 354/110849965
637 3537/831458513
638 311/171634090
639 100/118060213
640 1799/485116880
641 2431/1014648205
642 1325/945794587
643 439/63927029
644 384/49724897
645 972/1017140483
646 823/292658532
647 82/109576813
648 2707/497558056
649 378/107359321
650 619/15800438
651 1052/243803503
652 1914/478492675
653 3719/253625285
654 1014/933484007
655 3327/812866385
656 391/102266984
657 1213/251471088
658 132/37701397
659 1015/180975096
660 267/12707167
661 471/65700508
662 2703/324859657
663 212/1047583313
664 453/12942388
665 288/108689923
666 682/388621955
667 841/726335951
668 380/47047573
669 2651/343806975
670 352/10956645
671 841/286613692
672 2434/425188389
673 313/196518401
674 2149/813911085
675 1643/425813028
676 732/784905397
677 97/86669957
678 1298/836881413
679 2587/561324264
680 865/213108061
681 725/263834893
682 3801/19928180
683 271/54405814
684 2495/977563669
685 2445/916804202
686 257/8454664
687 1948/731346201
688 1013/130529356
689 105/19232693
690 607/69787790
691 4080/979176619
692 785/898803917
693 3964/690430773
694 566/60557953
695 3175/72550961
696 311/214722840
697 1909/59082132
698 5/2495606
699 2658/308929117
700 24/13309063
701 1115/717889857
702 568/198743761
703 1667/777491345
704 1819/637755302
705 111/19097267
706 481/274352940
707 3242/587664427
708 1423/519420953
709 3377/168624032
710 3643/225836366
711 680/337136169
712 1747/854336535
713 868/700454253
714 445/274829329
715 719/114456634
716 373/169695944
717 775/631417314
718 915/361185227
719 21/3372097
720 2901/29743205
721 215/151393819
722 3993/463248130
723 143/29535952
724 3909/751133984
725 185/185627758
726 1377/344571127
727 3343/504683891
728 298/389723465
729 472/162218505
730 2703/406947787
731 3793/41862176
732 1718/338692815
733 3536/477448117
734 3189/444665719
735 448/132057405
736 2265/131668697
737 1339/470382539
738 93/106998089
739 19/53052856
740 193/131317975
741 1130/40753809
742 143/71169647
743 3050/1056265667
744 590/314643157
745 995/263251521
746 3161/985866126
747 469/55287811
748 182/43833093
749 1106/22896375
750 1861/246217150
751 1074/42186211
752 998/489646067
753 1791/421306229
754 2621/31614889
755 733/164492467
756 1098/101137055
757 928/73435353
758 518/257427805
759 614/434386159
760 263/82705947
761 145/62736994
762 583/166105506
763 22/19808231
764 42/71797381
765 2234/293694489
766 982/209478221
767 329/52327756
768 188/650841607
769 1587/123843277
770 4009/652892374
771 595/461235156
772 79/6488784
773 1643/755495855
774 346/29612733
775 2034/294417073
776 723/40208458
777 1570/917581689
778 1601/102597835
779 2774/850951019
780 165/159123233
781 2395/970423387
782 527/59858640
783 2803/946782021
784 923/163463757
785 967/249963740
786 38/869830675
787 441/7063339
788 3548/227902229
789 1865/324233569
790 1607/943261041
791 1437/761241320
792 1826/976153911
793 3283/536243227
794 1759/952812577
795 1965/490875008
796 2335/848884074
797 1817/838899843
798 829/958318357
799 1529/855564034
800 49/180015268
801 361/96761296
802 1018/382972105
803 1330/145187991
804 3649/672582745
805 2039/714325819
806 3284/1008212667
807 1799/234889995
808 1288/6660379
809 1233/684551194
810 1261/989183677
811 2393/939974257
812 3017/449527173
813 2612/788726905
814 1865/418062369
815 997/186352303
816 3190/794051653
817 3425/999682488
818 851/425791832
819 1171/1007437435
820 1087/121025748
821 2777/769987741
822 1025/227493714
823 388/851215105
824 918/1013028415
825 407/26154561
826 1623/147085885
827 13/201483389
828 3628/972903251
829 932/211918263
830 463/20019499
831 1269/363001546
832 2801/1008448500
833 921/85048018
834 1858/503834909
835 1015/378152753
836 1047/264733640
837 132/20973949
838 1041/439794076
839 32/53565817
840 602/107063891
841 2485/758741672
842 885/8690203
843 3121/305803884
844 116/89348095
845 386/194808429
846 2497/23402215
847 2411/666073634
848 117/908304842
849 785/57862202
850 1478/446556119
851 16/6391225
852 519/654012835
853 901/27753790
854 3393/1049279671
855 336/92414717
856 943/699531635
857 909/158171492
858 1313/133674198
859 1183/333564480
860 797/831112915
861 227/50633256
862 269/286816490
863 130/124327191
864 323/41836750
865 979/199162704
866 137/97344794
867 862/782236855
868 593/832880814
869 1274/32899493
870 4051/218428236
871 134/951441945
872 1171/207508691
873 1741/739723068
874 1099/14409016
875 1374/692351345
876 3628/332960735
877 163/465768156
878 25/39977164
879 3463/908630555
880 410/102641413
881 1944/915663845
882 162/35097401
883 994/372535397
884 2357/349546420
885 2629/412312838
886 2053/179278083
887 657/21974524
888 2413/707931171
889 269/769952397
890 411/467734145
891 756/807782845
892 2548/19933653
893 2803/667193424
894 1423/783594069
895 700/96176623
896 1466/637882947
897 3639/413007962
898 370/26389529
899 181/1757418
900 2801/898660141
901 2137/866676155
902 538/1014286609
903 225/450603476
904 471/84167869
905 3611/222888506
906 401/595956283
907 440/156100547
908 2741/512936425
909 1471/225502587
910 1174/305695623
911 567/513599855
912 483/120977560
913 107/94388720
914 1/2172138
915 1993/94874019
916 3015/954685171
917 181/100904192
918 2639/661583633
919 2999/443104516
920 872/317327969
921 106/70861129
922 1209/495947159
923 353/495462556
924 1199/285380167
925 2854/97775327
926 1157/183748164
927 20/1946487
928 2646/245530147
929 124/970409139
930 1009/206947685
931 2989/930280457
932 4086/62692169
933 1171/127368488
934 3301/277365796
935 17/7012557
936 85/214331916
937 414/954230909
938 937/125608432
939 695/773174629
940 3107/1031922984
941 185/165357321
942 361/133318952
943 2429/148004821
944 850/560790097
945 3235/589500103
946 1087/111905621
947 334/147459923
948 3006/991074821
949 1413/149675546
950 1565/1019935288
951 2034/526436465
952 3543/77187694
953 2195/791669104
954 1436/1021110251
955 950/245332837
956 1359/151187440
957 2254/389050079
958 3722/1069253029
959 1628/227580769
960 279/611834518
961 118/596369589
962 360/51827879
963 1098/471465989
964 863/66803302
965 45/65338978
966 283/412658138
967 2519/248990697
968 409/631871624
969 853/385854369
970 3031/739560074
971 2787/735096484
972 1141/411565578
973 1869/666315703
974 3243/35493791
975 1368/486213613
976 2021/1019561821
977 1079/805834675
978 68/331676935
979 535/825646456
980 2842/57226833
981 549/230996909
982 111/27511477
983 1185/472123726
984 44/259809615
985 2597/626381549
986 401/141739531
987 569/51033799
988 3541/287527130
989 1514/68942915
990 1031/168907527
991 925/592327384
992 3069/258438179
993 38/1033751061
994 971/260274049
995 847/736595584
996 1838/509511193
997 139/61219083
998 1036/110230441
999 1649/815872271
1000 1900/34555453
