1 NO PATH
2 2 3 5
3 6 1 2 3 9 10 11
4 2 5257 5790
5 2 4790 5384
6 2 4117 5815
7 6 1 2 3 6264 8934 8935
8 2 5198 9849
9 6 1 2 3 761 4741 4742
10 6 1 2 3 1588 4642 4643
11 2 207 5537
12 6 1 2 3 746 3644 3645
13 6 1 2 3 3791 4472 4473
14 2 1999 7926
15 2 1070 1466
16 6 1 2 3 5240 9184 9185
17 6 1 2 3 3406 6909 6910
18 6 1 2 3 1358 3606 3607
19 2 7681 9978
20 6 1 2 3 1786 6050 6051
21 2 951 9867
22 6 1 2 3 1859 2377 2378
23 6 1 2 3 3214 8703 8704
24 2 1482 7880
25 6 1 2 3 1667 2673 2674
26 2 8085 9518
27 2 2378 6062
28 2 2297 8202
29 6 1 2 3 3694 3825 3826
30 2 4044 6905
31 2 2198 4289
32 2 1519 2859
33 2 6773 9933
34 6 1 2 3 2052 4946 4947
35 2 464 7643
36 2 4833 7914
37 2 1827 2302
38 2 1737 2575
39 6 1 2 3 4579 5984 5985
40 6 1 2 3 8388 9884 9885
41 2 4192 9606
42 6 1 2 3 3625 5525 5526
43 2 2615 4421
44 6 1 2 3 9142 9208 9209
45 6 1 2 3 2455 9497 9498
46 6 1 2 3 6222 8302 8303
47 2 73 4676
48 6 1 2 3 1979 9434 9435
49 2 5094 6574
50 2 3977 9920
51 6 1 2 3 3566 5127 5128
52 2 6244 9955
53 2 401 4074
54 6 1 2 3 344 6244 6245
55 2 2270 5822
56 2 2390 8457
57 2 2541 3158
58 2 1601 5533
59 2 1454 6576
60 2 841 6205
61 6 1 2 3 954 4871 4872
62 2 4375 4523
63 6 1 2 3 5752 5859 5860
64 2 5905 9754
65 6 1 2 3 352 4667 4668
66 2 6232 6623
67 6 1 2 3 1016 1641 1642
68 6 1 2 3 5402 6900 6901
69 2 3226 7111
70 2 3834 7010
71 2 2854 3829
72 2 4678 8860
73 6 1 2 3 1709 1761 1762
74 6 1 2 3 1038 8267 8268
75 2 6614 8183
76 6 1 2 3 2835 3964 3965
77 6 1 2 3 5864 7972 7973
78 6 1 2 3 2384 7480 7481
79 6 1 2 3 1204 8965 8966
80 6 1 2 3 6894 7604 7605
81 6 1 2 3 22 7382 7383
82 6 1 2 3 2257 2837 2838
83 2 6543 7259
84 6 1 2 3 2772 7091 7092
85 6 1 2 3 5919 9799 9800
86 6 1 2 3 1391 4219 4220
87 2 4045 4685
88 6 1 2 3 9245 9940 9941
89 6 1 2 3 5135 7135 7136
90 2 3058 7023
91 2 5143 7360
92 2 706 2792
93 6 1 2 3 1792 9768 9769
94 6 1 2 3 539 5649 5650
95 2 2602 4512
96 6 1 2 3 5056 7637 7638
97 6 1 2 3 7629 8081 8082
98 2 516 2576
99 2 1860 9737
100 6 1 2 3 407 4636 4637
101 6 1 2 3 6848 7021 7022
102 2 999 4576
103 2 3180 7342
104 6 1 2 3 7963 9508 9509
105 2 7520 9553
106 2 1892 4740
107 2 2347 8085
108 2 727 8714
109 2 4792 6731
110 6 1 2 3 4083 6990 6991
111 2 5467 5849
112 6 1 2 3 2834 6638 6639
113 6 1 2 3 1830 7941 7942
114 2 3297 7650
115 2 6175 8807
116 2 5494 7704
117 2 899 5085
118 6 1 2 3 2902 7854 7855
119 6 1 2 3 6479 8621 8622
120 6 1 2 3 4298 6704 6705
121 2 4719 5498
122 2 2439 7877
123 6 1 2 3 2222 4553 4554
124 2 131 1546
125 6 1 2 3 7487 8835 8836
126 6 1 2 3 5175 5205 5206
127 2 2817 5271
128 2 613 2405
129 6 1 2 3 915 6618 6619
130 2 3572 6821
131 2 6328 6604
132 2 379 9098
133 6 1 2 3 6608 7624 7625
134 2 5744 9881
135 6 1 2 3 5081 6979 6980
136 6 1 2 3 2969 4065 4066
137 6 1 2 3 6468 7941 7942
138 6 1 2 3 2541 6277 6278
139 2 1878 6241
140 2 5932 9056
141 6 1 2 3 7573 8474 8475
142 2 2366 5068
143 6 1 2 3 3268 8164 8165
144 6 1 2 3 2648 8633 8634
145 2 7333 8377
146 6 1 2 3 1192 9333 9334
147 6 1 2 3 6923 7416 7417
148 2 3683 9589
149 6 1 2 3 2625 8014 8015
150 2 6779 9538
151 2 5895 9114
152 6 1 2 3 2792 3341 3342
153 2 2723 9673
154 2 5041 5598
155 6 1 2 3 2602 9935 9936
156 6 1 2 3 1310 5438 5439
157 2 6006 9461
158 2 7844 9797
159 2 8806 9316
160 2 5128 8354
161 6 1 2 3 6914 9029 9030
162 6 1 2 3 5760 5866 5867
163 2 3857 9244
164 6 1 2 3 6311 7319 7320
165 6 1 2 3 3067 3070 3071
166 6 1 2 3 284 3127 3128
167 2 2340 7681
168 2 5499 7129
169 2 328 2817
170 6 1 2 3 518 3209 3210
171 6 1 2 3 2513 8121 8122
172 2 4090 4781
173 6 1 2 3 5665 8372 8373
174 2 3837 4741
175 6 1 2 3 281 4776 4777
176 6 1 2 3 1951 2068 2069
177 6 1 2 3 5348 9739 9740
178 2 6826 8242
179 2 35 1302
180 6 1 2 3 1027 1338 1339
181 2 2895 6133
182 6 1 2 3 2328 2553 2554
183 2 465 1193
184 2 5192 8470
185 6 1 2 3 4172 6652 6653
186 2 846 1306
187 6 1 2 3 6111 6860 6861
188 6 1 2 3 735 4864 4865
189 6 1 2 3 5798 7143 7144
190 6 1 2 3 689 914 915
191 2 954 1654
192 2 2315 7022
193 2 4912 9820
194 6 1 2 3 4670 5939 5940
195 6 1 2 3 365 2419 2420
196 6 1 2 3 6520 7784 7785
197 2 540 6660
198 2 119 8078
199 2 6517 7402
200 6 1 2 3 646 9050 9051
201 2 6688 9719
202 6 1 2 3 4416 5329 5330
203 2 366 1073
204 2 4399 4897
205 2 5767 9381
206 6 1 2 3 2690 6937 6938
207 6 1 2 3 6039 6651 6652
208 2 3501 9915
209 2 2943 5252
210 6 1 2 3 4787 9751 9752
211 6 1 2 3 6385 7432 7433
212 2 678 3830
213 6 1 2 3 5910 8158 8159
214 6 1 2 3 3281 7568 7569
215 2 2233 6525
216 2 2917 7588
217 2 1155 9957
218 2 5152 5274
219 6 1 2 3 2700 5582 5583
220 6 1 2 3 2592 3033 3034
221 2 639 6900
222 2 905 1839
223 2 8796 9213
224 6 1 2 3 2154 9696 9697
225 6 1 2 3 4937 5793 5794
226 6 1 2 3 2125 3184 3185
227 6 1 2 3 538 826 827
228 6 1 2 3 5722 7730 7731
229 2 5302 6882
230 2 2853 8265
231 6 1 2 3 209 5911 5912
232 6 1 2 3 1783 9096 9097
233 6 1 2 3 697 4332 4333
234 6 1 2 3 331 1661 1662
235 6 1 2 3 412 1534 1535
236 2 1373 9260
237 2 22 1766
238 2 1886 6762
239 2 1514 8369
240 2 4184 8238
241 2 3896 5655
242 2 1220 4494
243 2 3839 5947
244 6 1 2 3 5384 8622 8623
245 6 1 2 3 2182 4485 4486
246 2 610 8139
247 6 1 2 3 5087 5794 5795
248 6 1 2 3 7848 9093 9094
249 6 1 2 3 1698 1744 1745
250 2 710 5852
251 6 1 2 3 9554 9975 9976
252 2 5417 9419
253 6 1 2 3 1667 2357 2358
254 2 6238 8756
255 2 5484 7002
256 6 1 2 3 2964 3940 3941
257 6 1 2 3 371 1267 1268
258 6 1 2 3 1676 4449 4450
259 6 1 2 3 3166 4278 4279
260 6 1 2 3 4957 6724 6725
261 6 1 2 3 2655 4541 4542
262 2 2767 8015
263 2 4995 8077
264 2 867 2624
265 6 1 2 3 1773 2488 2489
266 2 2075 8793
267 6 1 2 3 1343 3682 3683
268 2 1443 6879
269 2 2415 9864
270 2 4226 9061
271 6 1 2 3 4222 5179 5180
272 2 676 1568
273 2 387 3924
274 2 743 6618
275 2 5423 5818
276 2 154 5268
277 6 1 2 3 3248 7255 7256
278 6 1 2 3 585 9621 9622
279 6 1 2 3 3621 3815 3816
280 6 1 2 3 3497 4370 4371
281 6 1 2 3 1514 3069 3070
282 2 2817 6082
283 6 1 2 3 1090 1990 1991
284 6 1 2 3 1160 3878 3879
285 6 1 2 3 847 3459 3460
286 2 640 3189
287 2 554 4716
288 2 2566 9229
289 2 85 916
290 6 1 2 3 6429 9126 9127
291 2 7127 9776
292 2 716 5456
293 6 1 2 3 5932 6283 6284
294 6 1 2 3 3210 5992 5993
295 2 7407 9158
296 2 5985 9484
297 2 5701 7951
298 6 1 2 3 7683 8369 8370
299 2 2490 5988
300 6 1 2 3 1518 1892 1893
301 6 1 2 3 3324 5076 5077
302 2 1409 9852
303 6 1 2 3 168 8137 8138
304 2 1456 2770
305 6 1 2 3 9067 9362 9363
306 6 1 2 3 3932 5905 5906
307 2 1956 6869
308 2 2193 7477
309 2 2689 8691
310 2 7839 7870
311 2 8120 9512
312 2 1326 2583
313 2 6171 9668
314 2 1455 4316
315 6 1 2 3 27 8268 8269
316 6 1 2 3 2716 3880 3881
317 6 1 2 3 2564 7036 7037
318 6 1 2 3 7729 9759 9760
319 6 1 2 3 5337 9929 9930
320 6 1 2 3 601 6716 6717
321 2 1851 2110
322 6 1 2 3 1631 5760 5761
323 6 1 2 3 1139 1810 1811
324 6 1 2 3 455 9281 9282
325 2 4946 9028
326 6 1 2 3 2319 3962 3963
327 2 393 4436
328 6 1 2 3 1325 5217 5218
329 6 1 2 3 33 5976 5977
330 2 408 4635
331 2 1723 4175
332 2 1912 5994
333 2 3744 7440
334 2 4509 8686
335 2 1731 8142
336 6 1 2 3 303 8622 8623
337 2 1375 5865
338 6 1 2 3 5845 6204 6205
339 2 1297 8926
340 6 1 2 3 4838 6961 6962
341 2 3399 5758
342 2 3208 4665
343 2 1385 5105
344 2 6156 7794
345 6 1 2 3 2535 2943 2944
346 6 1 2 3 1103 1924 1925
347 6 1 2 3 781 3528 3529
348 2 7281 9187
349 2 7020 8928
350 6 1 2 3 7059 7321 7322
351 2 370 6335
352 6 1 2 3 5893 9440 9441
353 6 1 2 3 2631 8086 8087
354 2 4812 7824
355 6 1 2 3 5315 7137 7138
356 2 8362 9570
357 6 1 2 3 7522 8567 8568
358 2 39 54
359 6 1 2 3 3502 4819 4820
360 2 7406 8241
361 2 617 4462
362 6 1 2 3 6433 9991 9992
363 2 2594 2632
364 2 6023 9122
365 2 3319 4997
366 2 5445 5962
367 2 925 3821
368 2 7880 8322
369 6 1 2 3 2517 5075 5076
370 2 1994 5182
371 6 1 2 3 564 8757 8758
372 2 1366 4015
373 6 1 2 3 770 2841 2842
374 2 1741 5839
375 2 2665 9807
376 2 8667 9851
377 2 1649 4508
378 2 4201 9496
379 6 1 2 3 7767 8873 8874
380 2 2324 4831
381 2 3737 5015
382 2 8973 9243
383 6 1 2 3 96 5037 5038
384 2 1875 9814
385 6 1 2 3 3460 5616 5617
386 6 1 2 3 6693 9296 9297
387 2 3844 4862
388 2 301 669
389 6 1 2 3 1164 1557 1558
390 2 1202 9850
391 2 696 9760
392 6 1 2 3 2039 3326 3327
393 6 1 2 3 4760 6096 6097
394 6 1 2 3 2976 9752 9753
395 6 1 2 3 8166 8865 8866
396 6 1 2 3 7425 7888 7889
397 6 1 2 3 7890 9547 9548
398 6 1 2 3 4059 8059 8060
399 6 1 2 3 6089 7063 7064
400 6 1 2 3 3785 5799 5800
401 2 6548 7011
402 2 2783 8999
403 6 1 2 3 2153 9421 9422
404 6 1 2 3 548 3175 3176
405 2 6386 9815
406 2 1375 3120
407 2 167 7299
408 6 1 2 3 9339 9516 9517
409 6 1 2 3 3430 4185 4186
410 6 1 2 3 4062 9126 9127
411 6 1 2 3 939 1794 1795
412 2 863 5299
413 6 1 2 3 2967 3890 3891
414 6 1 2 3 1740 8450 8451
415 2 690 4583
416 2 1543 9580
417 2 3195 5957
418 6 1 2 3 441 9670 9671
419 6 1 2 3 189 754 755
420 6 1 2 3 2940 5514 5515
421 2 1947 2978
422 6 1 2 3 1559 8044 8045
423 2 1661 9934
424 2 1819 8194
425 2 5253 9106
426 2 5948 9983
427 6 1 2 3 3798 6212 6213
428 2 318 953
429 6 1 2 3 6279 7320 7321
430 2 4266 8742
431 6 1 2 3 1446 7869 7870
432 2 3618 9503
433 6 1 2 3 1602 9981 9982
434 2 1687 2450
435 2 8602 9592
436 2 3757 8309
437 6 1 2 3 7189 7496 7497
438 2 5356 5692
439 2 2947 4875
440 2 1273 4892
441 2 1584 8809
442 2 1140 1425
443 6 1 2 3 247 6160 6161
444 6 1 2 3 4203 5605 5606
445 6 1 2 3 4864 5028 5029
446 6 1 2 3 129 4160 4161
447 6 1 2 3 234 6026 6027
448 2 2348 3906
449 2 5962 9748
450 6 1 2 3 5183 8945 8946
451 2 290 575
452 6 1 2 3 822 9102 9103
453 2 6925 8313
454 6 1 2 3 5729 7536 7537
455 6 1 2 3 7635 9426 9427
456 2 890 2186
457 2 4559 5602
458 6 1 2 3 1507 3991 3992
459 6 1 2 3 5118 6701 6702
460 6 1 2 3 5699 6983 6984
461 6 1 2 3 2003 2382 2383
462 2 5142 9733
463 6 1 2 3 252 1922 1923
464 6 1 2 3 647 673 674
465 2 387 3298
466 6 1 2 3 7352 9910 9911
467 2 4159 4981
468 2 3645 7771
469 6 1 2 3 277 8775 8776
470 6 1 2 3 808 1624 1625
471 6 1 2 3 4697 6447 6448
472 2 136 5412
473 6 1 2 3 2747 5741 5742
474 2 1080 3306
475 6 1 2 3 2877 6693 6694
476 2 1166 7583
477 2 3853 8161
478 6 1 2 3 8119 9835 9836
479 6 1 2 3 5069 7806 7807
480 2 4578 4695
481 6 1 2 3 1556 7134 7135
482 6 1 2 3 630 7584 7585
483 6 1 2 3 1148 6812 6813
484 6 1 2 3 1552 4249 4250
485 2 1753 4002
486 2 269 8503
487 2 3154 5514
488 6 1 2 3 3741 4923 4924
489 6 1 2 3 741 1325 1326
490 2 131 2754
491 2 475 9471
492 2 2389 6861
493 6 1 2 3 1882 9631 9632
494 6 1 2 3 773 8145 8146
495 2 6947 9069
496 6 1 2 3 4519 5438 5439
497 2 4717 6463
498 6 1 2 3 2295 3335 3336
499 6 1 2 3 3456 5869 5870
500 6 1 2 3 2865 4214 4215
501 6 1 2 3 734 6449 6450
502 2 8956 9382
503 6 1 2 3 1726 9720 9721
504 6 1 2 3 834 3145 3146
505 2 4920 5739
506 6 1 2 3 6030 6162 6163
507 6 1 2 3 475 4495 4496
508 6 1 2 3 3919 5796 5797
509 2 3459 6716
510 6 1 2 3 2767 8354 8355
511 6 1 2 3 8760 9184 9185
512 6 1 2 3 6368 9369 9370
513 2 1840 3583
514 2 1361 7641
515 2 2745 4709
516 2 3292 7125
517 2 847 5099
518 6 1 2 3 2055 3228 3229
519 6 1 2 3 750 4563 4564
520 6 1 2 3 7959 9147 9148
521 2 2009 4669
522 6 1 2 3 5226 9784 9785
523 2 2369 8186
524 6 1 2 3 1833 8511 8512
525 6 1 2 3 4425 4810 4811
526 6 1 2 3 4822 8807 8808
527 2 4293 9046
528 6 1 2 3 3049 4476 4477
529 6 1 2 3 105 6300 6301
530 2 8698 9384
531 6 1 2 3 5400 7118 7119
532 2 453 5772
533 2 3122 6905
534 6 1 2 3 8351 9760 9761
535 6 1 2 3 925 5439 5440
536 6 1 2 3 3932 6489 6490
537 2 1015 8602
538 6 1 2 3 570 4446 4447
539 6 1 2 3 5763 7057 7058
540 2 1343 8728
541 2 5011 5721
542 2 6212 8929
543 6 1 2 3 1150 6929 6930
544 6 1 2 3 6274 9775 9776
545 6 1 2 3 272 6071 6072
546 6 1 2 3 4183 7979 7980
547 6 1 2 3 1198 2447 2448
548 6 1 2 3 5720 9418 9419
549 2 7776 9206
550 6 1 2 3 4484 9764 9765
551 2 47 1339
552 6 1 2 3 3361 7947 7948
553 2 2234 4841
554 6 1 2 3 7295 9198 9199
555 6 1 2 3 1840 2528 2529
556 2 7086 7837
557 2 45 4674
558 6 1 2 3 1846 7352 7353
559 2 1684 6724
560 6 1 2 3 1852 6266 6267
561 6 1 2 3 1033 3771 3772
562 6 1 2 3 5369 9126 9127
563 6 1 2 3 4123 7686 7687
564 2 2045 4136
565 6 1 2 3 1641 2258 2259
566 6 1 2 3 2260 2815 2816
567 6 1 2 3 1284 8196 8197
568 2 2743 9493
569 6 1 2 3 3836 7835 7836
570 6 1 2 3 1960 3151 3152
571 6 1 2 3 3155 8248 8249
572 2 515 1712
573 2 8830 9751
574 6 1 2 3 1505 1829 1830
575 2 6957 9351
576 2 4163 4483
577 2 2190 2367
578 2 3204 7033
579 6 1 2 3 6957 8346 8347
580 6 1 2 3 4004 4958 4959
581 2 1419 3074
582 2 1319 2666
583 6 1 2 3 3293 6862 6863
584 6 1 2 3 6412 6555 6556
585 2 2925 7245
586 2 1015 5799
587 2 240 4632
588 6 1 2 3 5219 7320 7321
589 6 1 2 3 7090 9391 9392
590 6 1 2 3 601 2086 2087
591 2 7698 8072
592 2 134 6364
593 2 459 1646
594 6 1 2 3 4619 8580 8581
595 6 1 2 3 2118 8196 8197
596 2 1214 7627
597 2 1992 4577
598 6 1 2 3 1979 3290 3291
599 6 1 2 3 4564 7895 7896
600 6 1 2 3 8034 9801 9802
601 2 4493 6275
602 2 3106 4049
603 2 20 188
604 6 1 2 3 2678 5170 5171
605 2 4386 8694
606 6 1 2 3 5868 6161 6162
607 2 8810 9758
608 2 2825 7845
609 6 1 2 3 3633 6186 6187
610 2 1972 2559
611 2 2026 8681
612 6 1 2 3 2067 3099 3100
613 2 2576 5376
614 6 1 2 3 784 4026 4027
615 6 1 2 3 714 5864 5865
616 6 1 2 3 9112 9355 9356
617 6 1 2 3 828 6932 6933
618 6 1 2 3 6796 7032 7033
619 2 1193 5739
620 6 1 2 3 1617 3721 3722
621 6 1 2 3 2540 6665 6666
622 6 1 2 3 2604 4928 4929
623 6 1 2 3 4626 7296 7297
624 2 4564 7366
625 2 542 3153
626 2 2948 3403
627 2 8422 9937
628 2 2103 2117
629 2 251 7335
630 6 1 2 3 7106 9969 9970
631 6 1 2 3 6990 9129 9130
632 2 3000 5501
633 6 1 2 3 4202 9269 9270
634 6 1 2 3 6902 8765 8766
635 6 1 2 3 1296 1786 1787
636 6 1 2 3 4421 6311 6312
637 6 1 2 3 4880 6467 6468
638 2 4855 7429
639 6 1 2 3 5329 5639 5640
640 2 2432 7414
641 2 421 2035
642 6 1 2 3 3622 8362 8363
643 2 1457 4752
644 6 1 2 3 946 6176 6177
645 6 1 2 3 8343 8434 8435
646 2 2085 4394
647 6 1 2 3 5504 7073 7074
648 6 1 2 3 694 1580 1581
649 6 1 2 3 5915 7947 7948
650 2 7113 9002
651 6 1 2 3 1330 1914 1915
652 6 1 2 3 1409 5490 5491
653 6 1 2 3 5775 5917 5918
654 6 1 2 3 6607 9718 9719
655 6 1 2 3 5326 7354 7355
656 2 1651 3903
657 2 4580 8348
658 6 1 2 3 4338 6204 6205
659 6 1 2 3 1272 8995 8996
660 6 1 2 3 3686 5242 5243
661 2 5175 6606
662 6 1 2 3 2778 5252 5253
663 6 1 2 3 3089 4569 4570
664 6 1 2 3 3661 8538 8539
665 6 1 2 3 4862 6813 6814
666 2 3720 9383
667 2 2722 9084
668 2 3026 4338
669 2 4539 6631
670 2 4412 9469
671 6 1 2 3 1802 4209 4210
672 2 4967 5095
673 2 3652 7316
674 2 1761 6035
675 6 1 2 3 2304 2689 2690
676 2 140 5694
677 6 1 2 3 1120 1483 1484
678 6 1 2 3 64 8864 8865
679 6 1 2 3 8351 8584 8585
680 6 1 2 3 2085 4845 4846
681 2 1586 4787
682 2 3056 7785
683 6 1 2 3 410 3615 3616
684 6 1 2 3 2018 9908 9909
685 6 1 2 3 8075 9275 9276
686 2 1143 4247
687 6 1 2 3 7108 7299 7300
688 6 1 2 3 2736 4340 4341
689 6 1 2 3 2048 3982 3983
690 NO PATH
691 6 1 2 3 4030 9684 9685
692 6 1 2 3 182 9235 9236
693 2 222 950
694 2 690 1027
695 6 1 2 3 4620 6039 6040
696 2 681 7714
697 6 1 2 3 3292 5400 5401
698 2 2426 7719
699 2 2242 9880
700 6 1 2 3 2918 3561 3562
701 6 1 2 3 8841 8928 8929
702 2 476 7776
703 2 438 3824
704 2 2638 9175
705 6 1 2 3 6957 8247 8248
706 2 3485 8034
707 6 1 2 3 2003 3685 3686
708 6 1 2 3 3619 4563 4564
709 2 1677 2943
710 6 1 2 3 3026 8566 8567
711 2 411 1097
712 6 1 2 3 6356 9918 9919
713 6 1 2 3 1046 8784 8785
714 6 1 2 3 3302 4734 4735
715 2 57 178
716 2 635 5309
717 2 2481 4534
718 2 277 8048
719 2 4008 8667
720 6 1 2 3 3304 4723 4724
721 2 2070 5007
722 6 1 2 3 2333 2693 2694
723 6 1 2 3 333 3883 3884
724 6 1 2 3 1592 7381 7382
725 6 1 2 3 2692 8001 8002
726 6 1 2 3 142 5920 5921
727 6 1 2 3 2272 6211 6212
728 6 1 2 3 4667 8396 8397
729 6 1 2 3 5347 9685 9686
730 2 2944 7147
731 6 1 2 3 9117 9531 9532
732 6 1 2 3 1752 6999 7000
733 2 796 4622
734 6 1 2 3 6688 6779 6780
735 6 1 2 3 2390 3870 3871
736 6 1 2 3 340 4663 4664
737 2 184 3248
738 2 1230 1492
739 6 1 2 3 1070 6031 6032
740 2 5391 5902
741 6 1 2 3 560 4286 4287
742 2 1782 5606
743 6 1 2 3 4632 6193 6194
744 6 1 2 3 1668 5647 5648
745 6 1 2 3 33 5150 5151
746 6 1 2 3 1057 1166 1167
747 6 1 2 3 1397 4156 4157
748 6 1 2 3 1541 7727 7728
749 2 7668 8219
750 6 1 2 3 1361 9042 9043
751 2 2445 4265
752 6 1 2 3 6769 8515 8516
753 2 259 2263
754 2 8550 9127
755 2 1366 4854
756 6 1 2 3 7883 8287 8288
757 6 1 2 3 3717 4733 4734
758 2 2486 3154
759 6 1 2 3 6110 6910 6911
760 6 1 2 3 7981 8718 8719
761 6 1 2 3 1346 5172 5173
762 6 1 2 3 3709 5260 5261
763 2 1222 4615
764 2 1579 8965
765 6 1 2 3 3972 6005 6006
766 6 1 2 3 5648 6197 6198
767 6 1 2 3 1722 4883 4884
768 6 1 2 3 1645 3246 3247
769 2 1838 8844
770 6 1 2 3 5534 8005 8006
771 2 4925 9087
772 2 2197 6321
773 2 6484 9477
774 6 1 2 3 201 5494 5495
775 2 400 9892
776 6 1 2 3 2790 2801 2802
777 6 1 2 3 1317 1614 1615
778 2 4992 8664
779 6 1 2 3 440 740 741
780 2 4839 9539
781 6 1 2 3 3861 6115 6116
782 6 1 2 3 5802 8506 8507
783 2 1184 8492
784 6 1 2 3 4282 7810 7811
785 2 1874 7559
786 2 238 7782
787 2 2762 4920
788 6 1 2 3 8399 9713 9714
789 6 1 2 3 14 3026 3027
790 6 1 2 3 5157 5564 5565
791 2 805 3989
792 6 1 2 3 2143 7840 7841
793 6 1 2 3 4378 6517 6518
794 2 200 2908
795 2 2041 5547
796 2 1929 6223
797 6 1 2 3 3505 5720 5721
798 2 760 6893
799 6 1 2 3 2759 5781 5782
800 2 372 5682
801 6 1 2 3 138 1960 1961
802 2 1501 1731
803 6 1 2 3 7121 9190 9191
804 2 8163 9883
805 6 1 2 3 226 3545 3546
806 6 1 2 3 222 3057 3058
807 6 1 2 3 1492 9442 9443
808 2 225 4046
809 6 1 2 3 3522 3793 3794
810 6 1 2 3 762 8011 8012
811 2 2721 8529
812 6 1 2 3 4046 9260 9261
813 6 1 2 3 6918 7179 7180
814 2 6123 9054
815 6 1 2 3 7027 7956 7957
816 6 1 2 3 5924 8322 8323
817 6 1 2 3 2727 8325 8326
818 2 3641 8040
819 2 5076 7191
820 6 1 2 3 4180 8572 8573
821 6 1 2 3 6480 9106 9107
822 6 1 2 3 2738 3932 3933
823 6 1 2 3 8932 9726 9727
824 2 8336 9187
825 6 1 2 3 300 1993 1994
826 6 1 2 3 8823 9453 9454
827 6 1 2 3 1500 5860 5861
828 6 1 2 3 2916 7986 7987
829 2 258 2514
830 6 1 2 3 2882 7820 7821
831 2 6948 8844
832 6 1 2 3 642 2718 2719
833 6 1 2 3 6758 7378 7379
834 6 1 2 3 2177 3037 3038
835 2 6785 8318
836 6 1 2 3 6050 8396 8397
837 6 1 2 3 633 2646 2647
838 6 1 2 3 1379 1447 1448
839 6 1 2 3 6561 7793 7794
840 6 1 2 3 3851 8693 8694
841 6 1 2 3 1433 2614 2615
842 2 86 723
843 6 1 2 3 1545 3863 3864
844 2 180 2231
845 6 1 2 3 975 2140 2141
846 2 203 6275
847 2 4097 4786
848 6 1 2 3 80 2146 2147
849 2 166 7476
850 6 1 2 3 1344 2731 2732
851 6 1 2 3 213 1702 1703
852 6 1 2 3 3497 9854 9855
853 2 42 4804
854 6 1 2 3 4449 7225 7226
855 6 1 2 3 6972 9107 9108
856 2 866 2626
857 6 1 2 3 4967 9023 9024
858 2 3842 6697
859 6 1 2 3 6029 7396 7397
860 6 1 2 3 4426 7137 7138
861 6 1 2 3 1827 9099 9100
862 6 1 2 3 1428 9401 9402
863 2 691 2013
864 2 564 1003
865 6 1 2 3 635 2383 2384
866 6 1 2 3 5219 7534 7535
867 6 1 2 3 695 6534 6535
868 6 1 2 3 4681 6075 6076
869 2 1819 5927
870 2 8488 9683
871 6 1 2 3 7477 9085 9086
872 6 1 2 3 7791 9815 9816
873 6 1 2 3 1976 3693 3694
874 2 247 9237
875 2 5376 7406
876 2 2119 3203
877 2 358 4122
878 6 1 2 3 664 5433 5434
879 2 4575 5173
880 2 2225 5401
881 2 4348 7888
882 2 621 9543
883 6 1 2 3 3921 5180 5181
884 6 1 2 3 2928 7705 7706
885 2 366 868
886 6 1 2 3 8192 9762 9763
887 2 5237 6380
888 6 1 2 3 3114 5238 5239
889 2 341 1648
890 2 3357 7757
891 6 1 2 3 40 522 523
892 2 2086 9962
893 6 1 2 3 3178 7020 7021
894 2 5618 7359
895 2 7392 8610
896 2 2285 5207
897 2 3803 8104
898 6 1 2 3 312 773 774
899 2 3630 9042
900 6 1 2 3 3520 3538 3539
901 6 1 2 3 5377 5486 5487
902 2 1159 3514
903 6 1 2 3 468 568 569
904 2 6056 9896
905 2 724 3562
906 2 1132 7642
907 2 3793 5895
908 6 1 2 3 4368 8740 8741
909 2 348 3589
910 2 2879 9632
911 2 3500 8061
912 2 657 1644
913 2 5891 7926
914 2 4053 6755
915 2 3367 4630
916 2 7114 9144
917 6 1 2 3 1389 4383 4384
918 2 1174 2074
919 6 1 2 3 7431 9096 9097
920 2 407 1884
921 2 607 6030
922 6 1 2 3 7517 8830 8831
923 2 2724 4781
924 2 7461 8481
925 6 1 2 3 1385 3495 3496
926 2 2968 5297
927 6 1 2 3 2099 6589 6590
928 2 934 2129
929 2 396 6194
930 6 1 2 3 7164 7679 7680
931 2 2429 3168
932 2 1199 3132
933 2 1672 9402
934 2 5587 9789
935 2 5871 8585
936 6 1 2 3 2043 7340 7341
937 2 6559 8164
938 6 1 2 3 135 1767 1768
939 6 1 2 3 1278 4794 4795
940 6 1 2 3 1722 2856 2857
941 6 1 2 3 6592 7006 7007
942 6 1 2 3 3217 7238 7239
943 6 1 2 3 2801 5832 5833
944 6 1 2 3 7801 8692 8693
945 2 4509 5061
946 2 6146 6434
947 2 8809 9498
948 2 4998 9786
949 6 1 2 3 1332 3848 3849
950 2 3015 7931
951 6 1 2 3 6140 6969 6970
952 2 650 2472
953 2 860 9621
954 2 1936 5726
955 2 2342 2643
956 2 1500 9088
957 6 1 2 3 4961 6076 6077
958 6 1 2 3 5650 7101 7102
959 6 1 2 3 1229 4199 4200
960 6 1 2 3 361 417 418
961 6 1 2 3 2846 7297 7298
962 6 1 2 3 2722 9566 9567
963 2 2595 2619
964 6 1 2 3 4914 6937 6938
965 2 4798 8853
966 2 443 4811
967 6 1 2 3 6938 9480 9481
968 6 1 2 3 818 3359 3360
969 2 4893 8904
970 6 1 2 3 2570 7557 7558
971 6 1 2 3 2520 4904 4905
972 6 1 2 3 1170 8131 8132
973 6 1 2 3 4238 6073 6074
974 6 1 2 3 4846 9574 9575
975 2 2911 6061
976 2 115 9632
977 6 1 2 3 7618 7996 7997
978 6 1 2 3 2499 3637 3638
979 6 1 2 3 908 2133 2134
980 6 1 2 3 8458 9115 9116
981 2 8601 9915
982 6 1 2 3 5748 7687 7688
983 2 1525 7554
984 2 4925 5316
985 2 219 6757
986 2 3511 4028
987 2 6863 7142
988 2 524 8981
989 2 1466 3516
990 2 4505 5270
991 2 6989 8210
992 2 5480 6436
993 2 7717 9394
994 2 1359 1899
995 2 1247 8180
996 2 8390 8848
997 2 5662 6065
998 2 4623 9572
999 2 5019 6621
1000 2 4033 8475
