1 16 12345678AC-42E\92\A3
2 2 #1ABC#0345
3 23 HTTP://WWW.ACMGNYR.ORG/
4 36 3.1415926535897932384626433832795028
5 41 01234567890123456789012345678901234567890
6 25 ABCDEFGHIJKLMNOPQRSTUVWXY
7 17 abcdefghijklmnopq
8 10 #0223#1567#089A#1BCD#0EFF#1123#0456#1789#0ABC#1DEF
9 10 9876543210
10 20 0123456789Z $%*+-./:
11 10 \01\02\03\04\05\AB\CD\EF\89\E3
12 3 #0555#1666#0777
13 15 #1ABC#0DEFa\CD\0AX%Y$Z13579
14 15 #1ABC#0DEFa\CD\0A13579X%Y$Z
15 15 #1ABC#0DEFX%Y$Z13579a\CD\0A
16 15 #1ABC#0DEFX%Y$Za\CD\0A13579
17 15 #1ABC#0DEF13579a\CD\0AX%Y$Z
18 15 #1ABC#0DEF13579X%Y$Za\CD\0A
19 15 a\CD\0AX%Y$Z13579#1ABC#0DEF
20 15 a\CD\0AX%Y$Z#1ABC#0DEF13579
21 15 a\CD\0A13579X%Y$Z#1ABC#0DEF
22 15 a\CD\0A13579#1ABC#0DEFX%Y$Z
23 15 a\CD\0A#1ABC#0DEFX%Y$Z13579
24 15 a\CD\0A#1ABC#0DEF13579X%Y$Z
25 15 X%Y$Z13579#1ABC#0DEFa\CD\0A
26 15 X%Y$Z13579a\CD\0A#1ABC#0DEF
27 15 X%Y$Z#1ABC#0DEFa\CD\0A13579
28 15 X%Y$Z#1ABC#0DEF13579a\CD\0A
29 15 X%Y$Za\CD\0A#1ABC#0DEF13579
30 15 X%Y$Za\CD\0A13579#1ABC#0DEF
31 15 13579#1ABC#0DEFX%Y$Za\CD\0A
32 15 13579#1ABC#0DEFa\CD\0AX%Y$Z
33 15 13579X%Y$Za\CD\0A#1ABC#0DEF
34 15 13579X%Y$Z#1ABC#0DEFa\CD\0A
35 15 13579a\CD\0A#1ABC#0DEFX%Y$Z
36 15 13579a\CD\0AX%Y$Z#1ABC#0DEF
