1 35.000 54.136 75.469 54.167 54.666 6382
2 25.000 25.000 25.000 25.000 25.000 4589
3 29.144 29.144 29.144 29.144 29.144 4937
4 10.847 26.985 22.650 6.823 16.825 4751
5 44.039 65.659 52.724 32.286 48.668 6063
6 16.841 2.475 269.191 394.385 148.239 36745
7 8.759 0.499 53.756 86.267 32.395 8156
8 11.428 41.676 26.336 0.308 19.658 4735
9 21.252 2.601 16.299 39.938 19.634 4470
10 23.935 30.616 69.259 62.911 46.679 6697
11 8.575 2.518 9.305 17.234 9.291 2870
12 67.522 15.039 27.067 80.233 47.462 6085
13 15.605 31.631 34.304 17.190 24.668 5095
14 11.840 23.872 55.128 40.840 32.872 5332
15 11.029 19.185 40.104 30.652 25.222 4536
16 3.694 22.172 37.975 13.826 18.899 4051
17 15.188 3.438 26.026 45.274 21.700 4329
18 61.621 67.131 127.238 123.195 94.789 8662
19 17.440 53.292 42.974 8.210 30.467 4850
20 49.211 37.948 3.678 13.274 25.994 4444
21 57.371 2.794 600.330 930.959 338.009 37380
22 10.673 24.292 17.900 5.298 14.519 3454
23 53.350 42.013 13.920 23.837 33.261 4947
24 25.553 0.179 1314.330 1989.504 673.873 159954
25 18.390 51.286 51.923 17.034 34.623 5219
26 12.903 16.430 52.254 50.424 32.975 5469
27 14.514 7.855 14.551 22.240 14.768 3541
28 28.452 18.132 64.618 82.619 48.075 6686
29 5.919 5.816 1.613 1.929 3.816 1792
30 52.828 26.906 90.146 128.570 73.958 7899
