1 9
9 4 7
8 3 8
7 2 9
6 2 10
5 1 10
4 1 10
3 1 10
2 1 9
1 2 7
2 12
9 3 6
8 3 9
7 3 12
6 2 12
5 2 12
4 2 12
3 1 11
2 1 11
1 1 11
0 1 10
-1 4 10
-2 7 10
3 0
4 1
2 2 2
5 2
4 1 1
2 2 2
6 1
2 1 3
7 20
29 1 2
28 1 2
27 1 2
26 1 2
25 1 2
24 2 2
23 2 2
22 2 2
21 2 2
20 2 2
19 2 3
18 3 3
17 3 3
16 3 3
15 3 3
14 3 3
13 3 3
9 4 4
8 4 4
7 4 4
8 2
2 1 9
1 2 19
9 9
9 1 1
8 2 2
7 2 3
6 3 4
5 3 5
4 4 5
3 5 6
2 6 6
1 7 7
10 7
8 1 1
7 2 2
6 2 2
5 2 3
4 3 3
3 3 3
2 4 4
11 7
7 3 5
6 2 6
5 1 7
4 1 7
3 1 7
2 2 6
1 3 5
12 7
7 6 9
6 4 9
5 3 9
4 2 9
3 1 8
2 2 7
1 4 6
13 11
11 9 9
10 8 9
9 7 9
8 6 9
7 5 8
6 5 7
5 4 6
4 3 5
3 2 4
2 1 3
1 1 2
14 6
6 7 10
5 5 12
4 3 14
3 1 13
2 3 11
1 6 9
15 6
8 1 1
7 1 1
6 1 1
5 2 2
4 2 2
3 2 2
16 11
11 3 4
10 3 5
9 2 7
8 2 8
7 2 9
6 1 9
5 1 8
4 1 7
3 2 7
2 3 6
1 4 5
