1 55
2 220
3 715
4 2002
5 5005
6 11440
7 24310
8 48620
9 92378
10 167960
11 293930
12 497420
13 817190
14 1307504
15 2042975
16 3124550
17 4686825
18 6906900
19 10015005
20 14307150
21 20160075
22 28048800
23 38567100
24 52451256
25 70607460
26 94143280
27 124403620
28 163011640
29 211915132
30 273438880
31 350343565
32 445891810
33 563921995
34 708930508
35 886163135
36 1101716330
37 1362649145
38 1677106640
39 2054455634
40 2505433700
41 3042312350
42 3679075400
43 4431613550
44 5317936260
45 6358402050
46 7575968400
47 8996462475
48 10648873950
49 12565671261
50 14783142660
51 17341763505
52 20286591270
53 23667689815
54 27540584512
55 31966749880
56 37014131440
57 42757703560
58 49280065120
59 56672074888
60 65033528560
61 74473879480
62 85113005120
63 97082021465
64 10
