<Kalii Index=1>BAD DATA</Kalii>
<Kalii Index=2>
    <startdate>22JAN04</startdate>
    <rate>6.000</rate>
    <enddate>15FEB11</enddate>
</Kalii>
<Kalii Index=3>BAD DATA</Kalii>
<Kalii Index=4>
    <startdate>01JAN04</startdate>
    <rate>0.500</rate>
    <enddate>15MAR22</enddate>
</Kalii>
<Kalii Index=5>BAD DATA</Kalii>
<Kalii Index=6>
    <startdate>22JAN04</startdate>
    <rate>2.375</rate>
    <enddate>15JAN22</enddate>
</Kalii>
<Kalii Index=7>BAD DATA</Kalii>
<Kalii Index=8>BAD DATA</Kalii>
<Kalii Index=9>
    <startdate>11JAN04</startdate>
    <rate>0.000</rate>
    <enddate>15JAN11</enddate>
</Kalii>
<Kalii Index=10>BAD DATA</Kalii>
<Kalii Index=11>BAD DATA</Kalii>
<Kalii Index=12>BAD DATA</Kalii>
<Kalii Index=13>BAD DATA</Kalii>
<Kalii Index=14>BAD DATA</Kalii>
<Kalii Index=15>BAD DATA</Kalii>
<Kalii Index=16>BAD DATA</Kalii>
<Kalii Index=17>BAD DATA</Kalii>
<Kalii Index=18>BAD DATA</Kalii>
<Kalii Index=19>BAD DATA</Kalii>
<Kalii Index=20>
    <startdate>22FEB04</startdate>
    <rate>12.000</rate>
    <enddate>15APR31</enddate>
</Kalii>
<Kalii Index=21>BAD DATA</Kalii>
<Kalii Index=22>BAD DATA</Kalii>
<Kalii Index=23>
    <startdate>21JAN04</startdate>
    <rate>0.500</rate>
    <enddate>15JAN21</enddate>
</Kalii>
<Kalii Index=24>BAD DATA</Kalii>
<Kalii Index=25>
    <startdate>22MAY04</startdate>
    <rate>4.000</rate>
    <enddate>15APR33</enddate>
</Kalii>
<Kalii Index=26>BAD DATA</Kalii>
<Kalii Index=27>
    <startdate>09NOV03</startdate>
    <rate>4.000</rate>
    <enddate>15NOV44</enddate>
</Kalii>
<Kalii Index=28>
    <startdate>09NOV03</startdate>
    <rate>1.250</rate>
    <enddate>15NOV44</enddate>
</Kalii>
<Kalii Index=29>
    <startdate>09NOV03</startdate>
    <rate>4.000</rate>
    <enddate>15NOV44</enddate>
</Kalii>
<Kalii Index=30>
    <startdate>09NOV03</startdate>
    <rate>1.250</rate>
    <enddate>15NOV44</enddate>
</Kalii>
<Kalii Index=31>
    <startdate>11NOV03</startdate>
    <rate>45.000</rate>
    <enddate>15JAN11</enddate>
</Kalii>
<Kalii Index=32>BAD DATA</Kalii>
<Kalii Index=33>BAD DATA</Kalii>
<Kalii Index=34>BAD DATA</Kalii>
<Kalii Index=35>BAD DATA</Kalii>
<Kalii Index=36>
    <startdate>31OCT04</startdate>
    <rate>2.500</rate>
    <enddate>15MAR09</enddate>
</Kalii>
<Kalii Index=37>BAD DATA</Kalii>
<Kalii Index=38>BAD DATA</Kalii>
<Kalii Index=39>BAD DATA</Kalii>
<Kalii Index=40>BAD DATA</Kalii>
