1 MISPELL
2 ROGRAMMING
3 CONTES
4 BALOON
5 I
6 ABCDEFGHI
7 ABCDEFGHIJKLMNOPQRSTUVWXYZABCDEFGHIJKLMNOPQRSTUVWXY
8 ABCDEFGHIJKLMNOPQRSTUVWXYZABCDEFGHIJKLMNOPQRSTUVWXZ
9 ABCDEFGHIJKLMNOPQRSTUVWXYZABCDEFGHIJKLMNOPQRSTUVWYZ
10 ABCDEFGHIJKLMNOPQRSTUVWXYZABCDEFGHIJKLMNOPQRSTUVXYZ
11 BCDEFGHIJKLMNOPQRSTUVWXYZABCDEFGHIJKLMNOPQRSTUVWXYZ
12 ACDEFGHIJKLMNOPQRSTUVWXYZABCDEFGHIJKLMNOPQRSTUVWXYZ
13 ABDEFGHIJKLMNOPQRSTUVWXYZABCDEFGHIJKLMNOPQRSTUVWXYZ
14 ABCDEFGHIJKLMNOPQRSTUVWXYABCDEFGHIJKLMNOPQRSTUVWXYZ
15 ABCDEFGHIJKLMNOPQRSTUVWXZABCDEFGHIJKLMNOPQRSTUVWXYZ
16 BCDEFGHIJKLMNOPQRSTUVWXYZABCDEFGHIJKLMNOPQRSTUVWXYZABCDEFGHIJKLMNOPQRSTUVWXYZAB
17 ABCDEFGHIJKLMNOPQRSTUVWXYZABCDEFGHIJKLMNOPQRSTUVWXYZABCDEFGHIJKLMNOPQRSTUVWXYZA
18 ACDEFGHIJKLMNOPQRSTUVWXYZABCDEFGHIJKLMNOPQRSTUVWXYZABCDEFGHIJKLMNOPQRSTUVWXYZAB
19 ABCDEFGHIJKLMNOPQRSTUVWXYZABCDEFGHIJKLMNOPQRSTUVWXYZABCDEFGHIJKLMNOPQRSTUVWXYZB
20 ABDEFGHIJKLMNOPQRSTUVWXYZABCDEFGHIJKLMNOPQRSTUVWXYZABCDEFGHIJKLMNOPQRSTUVWXYZAB
21 ABCDEFGHIJKLMNOPQRSTUVWXYZABCDEFGHIJKLMNOPQRSTUVWXYZABCDEFGHIJKLMNOPQRSTUVWXYAB
22 ABCDEFGHIJKLMNOPQRSTUVWXYZABCDEFGHIJKLNOPQRSTUVWXYZABCDEFGHIJKLMNOPQRSTUVWXYZAB
23 ABCDEFGHIJKLMNOPQRSTUVWXYZABCDEFGHIJKLMOPQRSTUVWXYZABCDEFGHIJKLMNOPQRSTUVWXYZAB
24 BC
25 AC
26 AB
27 BCD
28 ACD
29 ABD
30 
