1 0000110100101100
2 0110000010
3 010000001001
4 0100001000011010110000010
5 011100111100100000100011101000011011101000000000000000001010000100001100010001001001100001010111010111110001111000000010
6 011100111100100000100011101000011011101000000000000000001010000100001100010001001001100001010111010111110001111000000010
7 010010000000000000000001001000000000000000
8 0100100000000000000010010000000000000000
9 010000110000100000000000000000000000000000
10 0110000110000000000000000000000000000000
11 0111100000000000000000000000000000000000
12 0111100000000000000000000000000000000000
13 0111100000000000000000000000000000000000
14 000000101000100100001101100001001000101000000000000
15 000010001101101000000000000000000010110110001000000
16 010000010101100011000000000010011000000000000000000010000000000000000110000000000000000001000000000000000101000000001000000001000100100111000001100000101001100000100000001110000000000000000000001100000101100101110000100000010111001100110000000000000000001000010001010000
17 010000010101100000000000010010000000000000011000000000000001000000000000000000000000000010000000001000110000100100000001100000100000101100000010000001000000111000001000100001100000100001110000000110100000001100000100101110000000010111001100100000000000000000010001010000
18 1010001000000000000011110100111011001000000000100001000010011110000001101011000001000010100100000011
19 1010001000010011001100000001011100000000100110010000000011101111000000110001100000010111010010111100010000000010100010001010001110001100001010001100011011101011001001011000000110110100110000100001100010001100110111000011011010011100000000000111000110011100010001000010111001101101001011100000010010100000101000010100101101011101000000000101100010111000100000000010101000000010011010011100100001100111
20 0000100000000000000000000000000000000000000000000000000000000000000000000000000000000000000000000000000000000000000000000000000000000000000000000000000000000000000000000000000000000000000001000000000000000000010000000000000000000000000000000000000000000000000000000000000000000000000000000000000000000000000000000000000000000000000000000000000000000000000000000000000000000000000000000000000000000000
21 0000100000000000000000000000000000000000000000000000000000000000000000000000000000000000000000000000000000000000000000000000000000000000000000000000000000000000000000000000000000000000000000000000000000000000000000000000000000000000000000000000000000000000000000000000000000000000000000000000000000000000000000000000000000000000000000000000000000000000000000000000000000000000000000000000000000000000
22 0100100000000000000000000000000000000000000000000000000000000000000000000000000000000000000000000000000000000000000000000000000000000000000000000000000000000000000000000000000000000000000000000000000000000000000000000000000000000000000000000000000000000000000000000000000000000000000000000000000000000000000000000000000000000000000000000000000000000000000000000000000000000000000000000000000000000000
23 00011000011001000000
24 00010011110000110100
25 010000001
26 0000110100101100
27 1001110010111010010000000
28 000110000101001011110011011001101110
29 0001101010001001100100000110010000000000101001100
30 1011101000000000010110010000000000000101001011010010100000001100
31 00001
32 00001
33 00000
34 00000
35 110001000
36 000000001
37 000000000
38 00001000000000000000000000000000000000000000000000000000000000000000000000000000000000000000000000000000000000000000000000000000000000000000000000000000000000000000000000000000000000000000000000000000
39 00001000000000000000000000000000000000000000000000000000000000000000000000000000000000000000000000000000000000000000000000000000000000000000000000000000000000000000000000000000000000000000000000000000
40 00000000000000000000000000000000000000000000000000000000000000000000000000000000000000000000000000000000000000000000000000000000000000000000000000000000000000000000000000000000000000000000000000000000
41 00000000000000000000000000000000000000000000000000000000000000000000000000000000000000000000000000000000000000000000000000000000000000000000000000000000000000000000000000000000000000000000000000000000
42 0000100000000000000000000000000000000000000000000000000000000000000000000000000000000000000000000000000000000000000000000000000000000000000000000000000000000000000000000000000000000000000000000000000000000000000000000000000000000000000000000000000000000000000000000000000000000000000000000000000000000000000000000000000000000000000000000000000000000000000000000000000000000000000000000000000000000000
43 0000000000000000000000000000000000000000000000000000000000000000000000000000000000000000000000000000000000000000000000000000000000000000000000000000000000000000000000000000000000000000000000000000000000000000000000000000000000000000000000000000000000000000000000000000000000000000000000000000000000000000000000000000000000000000000000000000000000000000000000000000000000000000000000000000000000000000
