1 ACM
2 HI
3 HI
4 HI HO
5 NO WHAT HELLO WHEN WHO
6 NO WHAT HELLO WHEN WHO
7 I      I
8 I      I
9 I      I
10 I      I
11 O
12 O
13 O
14 ACM ACM
15 ACM ACM
16 HELLO  THIS   IS    A     TEST      WITH        SPACES
17 HELLO  THIS   IS    A     TEST      WITH        SPACES
18 THIS IS A TEST MSG
19 THIS MESSAGE IS EXACTLY EIGHTY CHARACTERS LONG AND WILL TEST THE LONGEST MESSAGE
20 A                                                                              I
21 A
22 I
23 CAR
24 BOAT
25 I
26 ACM
27 SHARK
28 CONTEST
29 CHARACTER
30 WILL    TEST
31 A
32 A
33 
34 
35 Z
36 A
37 
38 A
39 A
40 
41 
42 A
43 
