1 6 2 1 3 1 2 1
2 6 4 1 4 3 1 2
3 3 5 1 5
4 43 25 1 25 24 1 24 23 1 23 22 1 22 19 1 19 17 1 17 16 1 16 14 1 14 13 1 13 12 1 12 10 1 10 9 1 9 7 1 7 6 1 6 1
5 10 5 1 5 4 1 4 3 1 3 1
6 0
7 31 18 1 18 15 1 15 14 1 14 13 1 13 9 1 9 6 1 6 5 1 5 4 1 4 3 1 3 2 1 2 1
8 43 28 1 28 24 1 24 23 1 23 22 1 22 21 1 21 20 1 20 19 1 19 16 1 16 15 1 15 13 1 13 10 1 10 8 1 8 4 1 4 2 1 2 1
9 22 19 1 19 15 1 15 14 1 14 13 1 13 12 1 12 7 1 7 5 1 5 1
10 6 3 1 3 2 1 2
11 34 22 1 22 20 1 20 17 1 17 13 1 13 12 1 12 11 1 11 10 1 10 6 1 6 5 1 5 4 1 4 3 1 3 1
12 39 24 1 24 23 1 23 21 1 21 20 1 20 17 1 17 15 1 15 13 1 13 11 1 11 9 1 9 8 1 8 4 1 4 3 1 3 2 1 2
13 12 5 1 5 4 1 4 3 1 3 2 1 2
14 46 30 1 30 29 1 29 28 1 28 26 1 26 24 1 24 23 1 23 22 1 22 21 1 21 19 1 19 18 1 18 11 1 11 10 1 10 7 1 7 4 1 4 3 1 3 1
15 18 18 1 18 14 1 14 12 1 12 8 1 8 5 1 5 3 1 3
16 0
17 42 26 1 26 25 1 25 20 1 20 19 1 19 16 1 16 14 1 14 13 1 13 12 1 12 11 1 11 9 1 9 6 1 6 5 1 5 4 1 4 2 1 2
18 24 14 1 14 13 1 13 11 1 11 9 1 9 8 1 8 5 1 5 3 1 3 2 1 2
19 3 9 1 9
20 30 21 1 21 20 1 20 16 1 16 12 1 12 10 1 10 8 1 8 7 1 7 6 1 6 5 1 5 2 1 2
21 9 8 1 8 5 1 5 4 1 4
22 24 12 1 12 11 1 11 9 1 9 7 1 7 6 1 6 5 1 5 4 1 4 3 1 3
23 6 3 1 3 2 1 2
24 46 27 1 27 26 1 26 25 1 25 21 1 21 20 1 20 18 1 18 17 1 17 14 1 14 13 1 13 11 1 11 10 1 10 9 1 9 8 1 8 4 1 4 3 1 3 1
25 4 2 1 2 1
26 48 28 1 28 27 1 27 24 1 24 23 1 23 22 1 22 21 1 21 18 1 18 15 1 15 14 1 14 13 1 13 11 1 11 10 1 10 8 1 8 5 1 5 4 1 4 3 1 3
27 1 1
28 10 10 1 10 6 1 6 4 1 4 1
29 6 4 1 4 3 1 3
30 13 8 1 8 5 1 5 3 1 3 2 1 2 1
31 13 12 1 12 11 1 11 10 1 10 5 1 5 1
32 51 27 1 27 26 1 26 24 1 24 22 1 22 21 1 21 20 1 20 17 1 17 16 1 16 13 1 13 12 1 12 9 1 9 8 1 8 7 1 7 6 1 6 5 1 5 4 1 4 3 1 3
33 24 19 1 19 17 1 17 16 1 16 12 1 12 11 1 11 8 1 8 6 1 6 4 1 4
34 31 19 1 19 18 1 18 17 1 17 15 1 15 12 1 12 11 1 11 5 1 5 4 1 4 3 1 3 2 1 2 1
35 54 28 1 28 27 1 27 26 1 26 25 1 25 24 1 24 22 1 22 21 1 21 19 1 19 15 1 15 14 1 14 12 1 12 11 1 11 9 1 9 7 1 7 6 1 6 4 1 4 3 1 3 2 1 2
36 16 13 1 13 11 1 11 8 1 8 7 1 7 3 1 3 1
37 34 19 1 19 17 1 17 15 1 15 13 1 13 12 1 12 11 1 11 9 1 9 6 1 6 5 1 5 4 1 4 2 1 2 1
38 43 30 1 30 27 1 27 26 1 26 25 1 25 24 1 24 23 1 23 20 1 20 19 1 19 18 1 18 16 1 16 10 1 10 6 1 6 5 1 5 3 1 3 1
39 0
40 31 24 1 24 21 1 21 18 1 18 17 1 17 16 1 16 15 1 15 10 1 10 6 1 6 4 1 4 3 1 3 1
41 3 3 1 3
42 19 14 1 14 13 1 13 12 1 12 11 1 11 10 1 10 3 1 3 1
43 37 21 1 21 20 1 20 19 1 19 18 1 18 16 1 16 15 1 15 13 1 13 9 1 9 8 1 8 6 1 6 4 1 4 2 1 2 1
44 28 16 1 16 15 1 15 12 1 12 11 1 11 9 1 9 8 1 8 7 1 7 5 1 5 4 1 4 1
45 25 29 1 29 27 1 27 20 1 20 15 1 15 12 1 12 8 1 8 6 1 6 4 1 4 1
46 21 18 1 18 13 1 13 12 1 12 10 1 10 8 1 8 7 1 7 4 1 4
47 52 27 1 27 26 1 26 24 1 24 23 1 23 22 1 22 21 1 21 20 1 20 19 1 19 17 1 17 16 1 16 15 1 15 13 1 13 11 1 11 8 1 8 6 1 6 5 1 5 4 1 4 1
48 24 17 1 17 16 1 16 13 1 13 12 1 12 9 1 9 6 1 6 5 1 5 3 1 3
49 48 30 1 30 29 1 29 28 1 28 24 1 24 20 1 20 19 1 19 18 1 18 17 1 17 16 1 16 13 1 13 12 1 12 11 1 11 9 1 9 8 1 8 7 1 7 3 1 3
50 9 6 1 6 5 1 5 3 1 3
51 31 23 1 23 20 1 20 18 1 18 17 1 17 16 1 16 14 1 14 10 1 10 7 1 7 6 1 6 4 1 4 1
52 1 1
53 36 21 1 21 19 1 19 16 1 16 15 1 15 14 1 14 13 1 13 11 1 11 10 1 10 9 1 9 5 1 5 3 1 3 2 1 2
54 45 29 1 29 28 1 28 27 1 27 25 1 25 24 1 24 23 1 23 21 1 21 20 1 20 19 1 19 18 1 18 17 1 17 14 1 14 11 1 11 9 1 9 6 1 6
55 16 12 1 12 11 1 11 6 1 6 4 1 4 2 1 2 1
56 9 8 1 8 6 1 6 3 1 3
57 39 21 1 21 18 1 18 17 1 17 16 1 16 15 1 15 11 1 11 9 1 9 8 1 8 7 1 7 6 1 6 4 1 4 3 1 3 2 1 2
58 0
59 25 26 1 26 21 1 21 20 1 20 14 1 14 10 1 10 7 1 7 5 1 5 2 1 2 1
60 10 9 1 9 7 1 7 6 1 6 1
61 6 5 1 5 3 1 3
62 45 28 1 28 26 1 26 24 1 24 23 1 23 21 1 21 20 1 20 19 1 19 17 1 17 16 1 16 11 1 11 10 1 10 9 1 9 6 1 6 5 1 5 4 1 4
63 40 23 1 23 20 1 20 18 1 18 17 1 17 16 1 16 15 1 15 14 1 14 13 1 13 10 1 10 9 1 9 8 1 8 7 1 7 3 1 3 1
64 24 19 1 19 16 1 16 15 1 15 10 1 10 9 1 9 8 1 8 4 1 4 3 1 3
65 33 26 1 26 23 1 23 22 1 22 21 1 21 17 1 17 16 1 16 15 1 15 9 1 9 7 1 7 4 1 4 2 1 2
66 9 7 1 7 4 1 4 3 1 3
67 7 7 1 7 2 1 2 1
68 15 9 1 9 8 1 8 6 1 6 4 1 4 3 1 3
69 6 4 1 4 3 1 3
70 4 2 1 2 1
71 24 23 1 23 19 1 19 18 1 18 12 1 12 11 1 11 8 1 8 7 1 7 5 1 5
72 6 4 1 4 2 1 2
73 10 5 1 5 4 1 4 2 1 2 1
74 7 6 1 6 3 1 3 1
75 25 21 1 21 19 1 19 16 1 16 14 1 14 12 1 12 7 1 7 5 1 5 3 1 3 1
76 18 12 1 12 10 1 10 7 1 7 6 1 6 4 1 4 2 1 2
77 39 28 1 28 26 1 26 25 1 25 22 1 22 17 1 17 14 1 14 12 1 12 11 1 11 9 1 9 8 1 8 7 1 7 4 1 4 3 1 3
78 25 15 1 15 10 1 10 9 1 9 7 1 7 6 1 6 5 1 5 4 1 4 2 1 2 1
79 1 1
80 4 3 1 3 1
81 33 23 1 23 21 1 21 19 1 19 18 1 18 17 1 17 16 1 16 15 1 15 11 1 11 7 1 7 6 1 6 4 1 4
82 31 24 1 24 23 1 23 20 1 20 19 1 19 18 1 18 17 1 17 9 1 9 8 1 8 4 1 4 2 1 2 1
83 22 21 1 21 20 1 20 16 1 16 9 1 9 7 1 7 4 1 4 3 1 3 1
84 18 11 1 11 10 1 10 9 1 9 8 1 8 6 1 6 5 1 5
85 28 17 1 17 16 1 16 14 1 14 12 1 12 11 1 11 10 1 10 9 1 9 5 1 5 2 1 2 1
86 24 15 1 15 12 1 12 10 1 10 7 1 7 6 1 6 5 1 5 4 1 4 3 1 3
87 7 3 1 3 2 1 2 1
88 16 7 1 7 6 1 6 5 1 5 4 1 4 3 1 3 1
89 1 1
90 39 23 1 23 22 1 22 21 1 21 20 1 20 18 1 18 17 1 17 12 1 12 10 1 10 8 1 8 7 1 7 6 1 6 3 1 3 2 1 2
91 27 18 1 18 16 1 16 12 1 12 11 1 11 10 1 10 7 1 7 5 1 5 4 1 4 3 1 3
92 27 14 1 14 10 1 10 9 1 9 8 1 8 6 1 6 5 1 5 4 1 4 3 1 3 2 1 2
93 27 19 1 19 16 1 16 12 1 12 11 1 11 8 1 8 7 1 7 6 1 6 3 1 3 2 1 2
94 9 8 1 8 6 1 6 4 1 4
95 3 5 1 5
96 25 21 1 21 18 1 18 14 1 14 13 1 13 12 1 12 11 1 11 9 1 9 4 1 4 1
97 6 5 1 5 3 1 3
98 49 22 1 22 21 1 21 20 1 20 19 1 19 18 1 18 17 1 17 16 1 16 14 1 14 13 1 13 11 1 11 10 1 10 9 1 9 8 1 8 7 1 7 6 1 6 4 1 4 1
99 0
100 39 22 1 22 21 1 21 19 1 19 18 1 18 17 1 17 16 1 16 14 1 14 11 1 11 9 1 9 7 1 7 5 1 5 4 1 4 2 1 2
101 33 29 1 29 25 1 25 24 1 24 22 1 22 21 1 21 14 1 14 12 1 12 11 1 11 6 1 6 5 1 5 4 1 4
102 31 19 1 19 18 1 18 17 1 17 15 1 15 14 1 14 8 1 8 7 1 7 6 1 6 5 1 5 3 1 3 1
103 39 25 1 25 24 1 24 23 1 23 22 1 22 21 1 21 19 1 19 16 1 16 14 1 14 13 1 13 11 1 11 9 1 9 7 1 7 3 1 3
104 46 27 1 27 26 1 26 25 1 25 23 1 23 19 1 19 18 1 18 17 1 17 13 1 13 11 1 11 10 1 10 9 1 9 7 1 7 5 1 5 3 1 3 2 1 2 1
105 52 26 1 26 25 1 25 23 1 23 21 1 21 20 1 20 19 1 19 18 1 18 16 1 16 14 1 14 13 1 13 12 1 12 11 1 11 9 1 9 8 1 8 6 1 6 4 1 4 3 1 3 1
106 30 20 1 20 18 1 18 17 1 17 16 1 16 14 1 14 13 1 13 11 1 11 10 1 10 6 1 6 4 1 4
107 21 8 1 8 7 1 7 6 1 6 5 1 5 4 1 4 3 1 3 2 1 2
108 34 17 1 17 16 1 16 14 1 14 13 1 13 11 1 11 10 1 10 8 1 8 7 1 7 6 1 6 4 1 4 3 1 3 1
109 22 8 1 8 7 1 7 6 1 6 5 1 5 4 1 4 3 1 3 2 1 2 1
110 6 7 1 7 4 1 4
111 6 3 1 3 2 1 2
112 40 27 1 27 25 1 25 24 1 24 20 1 20 17 1 17 14 1 14 13 1 13 12 1 12 11 1 11 10 1 10 8 1 8 7 1 7 2 1 2 1
113 22 20 1 20 18 1 18 17 1 17 11 1 11 10 1 10 7 1 7 5 1 5 1
114 3 2 1 2
115 1 1
116 34 26 1 26 24 1 24 23 1 23 22 1 22 19 1 19 18 1 18 16 1 16 14 1 14 10 1 10 8 1 8 6 1 6 1
117 28 14 1 14 13 1 13 12 1 12 10 1 10 9 1 9 8 1 8 7 1 7 4 1 4 2 1 2 1
118 51 30 1 30 29 1 29 28 1 28 26 1 26 25 1 25 24 1 24 23 1 23 21 1 21 20 1 20 19 1 19 16 1 16 13 1 13 9 1 9 6 1 6 5 1 5 3 1 3 2 1 2
119 45 28 1 28 26 1 26 25 1 25 23 1 23 22 1 22 19 1 19 18 1 18 17 1 17 16 1 16 12 1 12 10 1 10 8 1 8 5 1 5 3 1 3 2 1 2
120 18 13 1 13 12 1 12 11 1 11 8 1 8 6 1 6 4 1 4
121 21 11 1 11 10 1 10 9 1 9 7 1 7 6 1 6 4 1 4 2 1 2
122 0
123 27 23 1 23 22 1 22 20 1 20 17 1 17 16 1 16 12 1 12 10 1 10 7 1 7 6 1 6
124 40 26 1 26 25 1 25 22 1 22 21 1 21 19 1 19 16 1 16 15 1 15 10 1 10 8 1 8 6 1 6 5 1 5 4 1 4 2 1 2 1
125 0
126 22 12 1 12 10 1 10 9 1 9 7 1 7 6 1 6 3 1 3 2 1 2 1
127 13 9 1 9 7 1 7 5 1 5 2 1 2 1
128 9 8 1 8 6 1 6 3 1 3
129 31 20 1 20 19 1 19 18 1 18 17 1 17 15 1 15 12 1 12 11 1 11 10 1 10 8 1 8 3 1 3 1
130 4 2 1 2 1
131 40 21 1 21 18 1 18 17 1 17 16 1 16 15 1 15 11 1 11 9 1 9 8 1 8 7 1 7 5 1 5 4 1 4 3 1 3 2 1 2 1
132 27 22 1 22 21 1 21 20 1 20 19 1 19 18 1 18 12 1 12 9 1 9 6 1 6 2 1 2
133 28 18 1 18 17 1 17 15 1 15 14 1 14 9 1 9 8 1 8 7 1 7 5 1 5 4 1 4 1
134 36 28 1 28 27 1 27 25 1 25 20 1 20 17 1 17 16 1 16 15 1 15 11 1 11 8 1 8 6 1 6 5 1 5 4 1 4
135 34 29 1 29 27 1 27 24 1 24 22 1 22 20 1 20 17 1 17 16 1 16 15 1 15 13 1 13 9 1 9 7 1 7 1
136 39 23 1 23 20 1 20 19 1 19 17 1 17 16 1 16 13 1 13 12 1 12 10 1 10 9 1 9 8 1 8 7 1 7 4 1 4 2 1 2
137 33 15 1 15 14 1 14 13 1 13 12 1 12 11 1 11 7 1 7 6 1 6 5 1 5 4 1 4 3 1 3 2 1 2
138 15 11 1 11 8 1 8 7 1 7 5 1 5 4 1 4
139 12 10 1 10 9 1 9 6 1 6 3 1 3
140 15 12 1 12 9 1 9 8 1 8 6 1 6 5 1 5
141 27 19 1 19 18 1 18 17 1 17 16 1 16 15 1 15 14 1 14 13 1 13 9 1 9 5 1 5
142 10 9 1 9 7 1 7 2 1 2 1
143 36 20 1 20 18 1 18 17 1 17 16 1 16 15 1 15 14 1 14 10 1 10 7 1 7 5 1 5 4 1 4 3 1 3 2 1 2
144 22 13 1 13 11 1 11 10 1 10 8 1 8 6 1 6 4 1 4 3 1 3 1
145 7 3 1 3 2 1 2 1
146 33 28 1 28 27 1 27 25 1 25 24 1 24 23 1 23 21 1 21 16 1 16 9 1 9 7 1 7 5 1 5 4 1 4
147 13 8 1 8 7 1 7 3 1 3 2 1 2 1
148 52 27 1 27 26 1 26 24 1 24 23 1 23 22 1 22 20 1 20 18 1 18 17 1 17 16 1 16 14 1 14 13 1 13 12 1 12 11 1 11 10 1 10 6 1 6 4 1 4 3 1 3 1
149 10 7 1 7 6 1 6 3 1 3 1
150 3 3 1 3
151 9 8 1 8 7 1 7 4 1 4
152 21 19 1 19 18 1 18 16 1 16 11 1 11 10 1 10 8 1 8 2 1 2
153 6 5 1 5 4 1 4
154 34 18 1 18 17 1 17 15 1 15 13 1 13 12 1 12 11 1 11 10 1 10 9 1 9 8 1 8 6 1 6 3 1 3 1
155 28 26 1 26 25 1 25 24 1 24 23 1 23 21 1 21 13 1 13 9 1 9 7 1 7 5 1 5 1
156 15 7 1 7 6 1 6 5 1 5 4 1 4 3 1 3
157 6 5 1 5 4 1 4
158 15 15 1 15 13 1 13 5 1 5 4 1 4 2 1 2
159 37 20 1 20 19 1 19 18 1 18 17 1 17 16 1 16 13 1 13 11 1 11 10 1 10 9 1 9 6 1 6 5 1 5 3 1 3 1
160 36 23 1 23 18 1 18 17 1 17 16 1 16 15 1 15 11 1 11 10 1 10 9 1 9 8 1 8 4 1 4 3 1 3 2 1 2
161 12 11 1 11 8 1 8 6 1 6 5 1 5
162 12 7 1 7 6 1 6 4 1 4 2 1 2
163 34 18 1 18 17 1 17 16 1 16 15 1 15 14 1 14 13 1 13 10 1 10 9 1 9 4 1 4 3 1 3 2 1 2 1
164 27 26 1 26 25 1 25 24 1 24 20 1 20 16 1 16 14 1 14 6 1 6 3 1 3 2 1 2
165 13 6 1 6 4 1 4 3 1 3 2 1 2 1
166 12 7 1 7 6 1 6 5 1 5 2 1 2
167 24 19 1 19 15 1 15 14 1 14 13 1 13 12 1 12 11 1 11 8 1 8 2 1 2
168 22 15 1 15 14 1 14 13 1 13 11 1 11 9 1 9 8 1 8 3 1 3 1
169 33 20 1 20 19 1 19 17 1 17 14 1 14 13 1 13 12 1 12 10 1 10 8 1 8 6 1 6 4 1 4 3 1 3
170 28 20 1 20 18 1 18 17 1 17 16 1 16 15 1 15 11 1 11 9 1 9 3 1 3 2 1 2 1
171 13 6 1 6 5 1 5 3 1 3 2 1 2 1
172 42 25 1 25 23 1 23 22 1 22 20 1 20 17 1 17 15 1 15 14 1 14 12 1 12 10 1 10 9 1 9 8 1 8 5 1 5 4 1 4 2 1 2
173 1 1
174 12 14 1 14 12 1 12 6 1 6 2 1 2
175 37 22 1 22 20 1 20 19 1 19 18 1 18 14 1 14 13 1 13 11 1 11 10 1 10 8 1 8 6 1 6 4 1 4 2 1 2 1
176 19 17 1 17 11 1 11 7 1 7 5 1 5 4 1 4 2 1 2 1
177 45 30 1 30 26 1 26 25 1 25 22 1 22 18 1 18 17 1 17 16 1 16 14 1 14 13 1 13 12 1 12 8 1 8 7 1 7 5 1 5 4 1 4 2 1 2
178 18 18 1 18 16 1 16 11 1 11 10 1 10 6 1 6 3 1 3
179 9 4 1 4 3 1 3 2 1 2
180 25 14 1 14 13 1 13 12 1 12 10 1 10 9 1 9 8 1 8 4 1 4 3 1 3 1
181 21 16 1 16 14 1 14 12 1 12 11 1 11 8 1 8 5 1 5 3 1 3
182 22 27 1 27 20 1 20 19 1 19 18 1 18 16 1 16 13 1 13 10 1 10 1
183 10 6 1 6 5 1 5 3 1 3 1
184 24 19 1 19 18 1 18 16 1 16 13 1 13 12 1 12 9 1 9 7 1 7 5 1 5
185 15 15 1 15 13 1 13 9 1 9 5 1 5 3 1 3
186 24 18 1 18 17 1 17 15 1 15 13 1 13 11 1 11 8 1 8 4 1 4 2 1 2
187 33 19 1 19 18 1 18 17 1 17 14 1 14 11 1 11 9 1 9 8 1 8 7 1 7 5 1 5 3 1 3 2 1 2
188 9 9 1 9 8 1 8 3 1 3
189 18 10 1 10 8 1 8 7 1 7 6 1 6 5 1 5 2 1 2
190 36 28 1 28 25 1 25 22 1 22 20 1 20 18 1 18 17 1 17 16 1 16 14 1 14 9 1 9 7 1 7 4 1 4 3 1 3
191 48 29 1 29 27 1 27 24 1 24 23 1 23 21 1 21 20 1 20 18 1 18 17 1 17 16 1 16 15 1 15 10 1 10 8 1 8 6 1 6 4 1 4 3 1 3 2 1 2
192 4 6 1 6 1
193 7 5 1 5 4 1 4 1
194 6 3 1 3 2 1 2
195 21 15 1 15 10 1 10 9 1 9 8 1 8 7 1 7 6 1 6 2 1 2
196 3 2 1 2
197 19 14 1 14 13 1 13 12 1 12 10 1 10 6 1 6 4 1 4 1
198 16 9 1 9 8 1 8 7 1 7 6 1 6 2 1 2 1
199 21 9 1 9 8 1 8 7 1 7 6 1 6 5 1 5 4 1 4 2 1 2
200 27 15 1 15 13 1 13 11 1 11 9 1 9 7 1 7 6 1 6 4 1 4 3 1 3 2 1 2
201 13 10 1 10 7 1 7 4 1 4 3 1 3 1
202 1 1
203 36 17 1 17 16 1 16 15 1 15 13 1 13 11 1 11 10 1 10 9 1 9 8 1 8 7 1 7 6 1 6 5 1 5 3 1 3
204 18 11 1 11 8 1 8 7 1 7 6 1 6 5 1 5 2 1 2
205 1 1
206 21 13 1 13 10 1 10 7 1 7 6 1 6 5 1 5 3 1 3 2 1 2
207 18 10 1 10 8 1 8 7 1 7 6 1 6 5 1 5 4 1 4
208 24 18 1 18 17 1 17 13 1 13 9 1 9 6 1 6 5 1 5 3 1 3 2 1 2
209 19 12 1 12 9 1 9 5 1 5 4 1 4 3 1 3 2 1 2 1
210 27 16 1 16 15 1 15 13 1 13 12 1 12 11 1 11 9 1 9 7 1 7 4 1 4 2 1 2
211 10 4 1 4 3 1 3 2 1 2 1
212 31 24 1 24 21 1 21 19 1 19 17 1 17 15 1 15 11 1 11 8 1 8 5 1 5 4 1 4 3 1 3 1
213 19 11 1 11 10 1 10 8 1 8 7 1 7 5 1 5 4 1 4 1
214 22 13 1 13 12 1 12 8 1 8 7 1 7 6 1 6 4 1 4 3 1 3 1
215 3 2 1 2
216 43 30 1 30 29 1 29 26 1 26 24 1 24 23 1 23 21 1 21 18 1 18 14 1 14 13 1 13 11 1 11 8 1 8 6 1 6 5 1 5 3 1 3 1
217 33 27 1 27 24 1 24 23 1 23 21 1 21 20 1 20 19 1 19 17 1 17 12 1 12 9 1 9 7 1 7 3 1 3
218 42 23 1 23 22 1 22 20 1 20 19 1 19 17 1 17 15 1 15 14 1 14 12 1 12 11 1 11 10 1 10 9 1 9 4 1 4 3 1 3 2 1 2
219 12 6 1 6 5 1 5 4 1 4 2 1 2
220 15 7 1 7 5 1 5 4 1 4 3 1 3 2 1 2
221 58 27 1 27 26 1 26 25 1 25 24 1 24 23 1 23 22 1 22 20 1 20 19 1 19 18 1 18 17 1 17 16 1 16 14 1 14 12 1 12 11 1 11 9 1 9 7 1 7 6 1 6 4 1 4 2 1 2 1
222 21 14 1 14 12 1 12 11 1 11 10 1 10 9 1 9 7 1 7 3 1 3
223 18 10 1 10 9 1 9 7 1 7 6 1 6 3 1 3 2 1 2
224 3 2 1 2
225 40 23 1 23 22 1 22 21 1 21 20 1 20 18 1 18 16 1 16 15 1 15 11 1 11 9 1 9 8 1 8 5 1 5 4 1 4 2 1 2 1
226 43 17 1 17 16 1 16 15 1 15 13 1 13 12 1 12 11 1 11 10 1 10 9 1 9 8 1 8 7 1 7 6 1 6 4 1 4 3 1 3 2 1 2 1
227 6 10 1 10 3 1 3
228 33 28 1 28 23 1 23 22 1 22 21 1 21 20 1 20 19 1 19 16 1 16 11 1 11 9 1 9 8 1 8 6 1 6
229 18 8 1 8 7 1 7 5 1 5 4 1 4 3 1 3 2 1 2
230 19 11 1 11 9 1 9 6 1 6 5 1 5 4 1 4 3 1 3 1
231 18 13 1 13 11 1 11 10 1 10 9 1 9 8 1 8 3 1 3
232 6 7 1 7 2 1 2
233 58 29 1 29 28 1 28 26 1 26 25 1 25 24 1 24 23 1 23 21 1 21 18 1 18 17 1 17 15 1 15 12 1 12 11 1 11 10 1 10 8 1 8 7 1 7 6 1 6 5 1 5 3 1 3 2 1 2 1
234 4 2 1 2 1
235 46 19 1 19 18 1 18 17 1 17 15 1 15 13 1 13 12 1 12 11 1 11 10 1 10 9 1 9 8 1 8 7 1 7 6 1 6 5 1 5 4 1 4 3 1 3 1
236 28 14 1 14 12 1 12 11 1 11 9 1 9 7 1 7 6 1 6 5 1 5 3 1 3 2 1 2 1
237 15 20 1 20 18 1 18 17 1 17 8 1 8 5 1 5
238 52 26 1 26 25 1 25 23 1 23 22 1 22 21 1 21 20 1 20 19 1 19 16 1 16 15 1 15 14 1 14 13 1 13 11 1 11 8 1 8 7 1 7 6 1 6 4 1 4 2 1 2 1
239 15 8 1 8 7 1 7 5 1 5 4 1 4 3 1 3
240 13 6 1 6 5 1 5 3 1 3 2 1 2 1
241 33 24 1 24 23 1 23 21 1 21 17 1 17 15 1 15 11 1 11 10 1 10 7 1 7 5 1 5 4 1 4 2 1 2
242 37 26 1 26 25 1 25 23 1 23 22 1 22 21 1 21 20 1 20 15 1 15 14 1 14 12 1 12 7 1 7 6 1 6 5 1 5 1
243 9 9 1 9 5 1 5 2 1 2
244 33 25 1 25 23 1 23 20 1 20 18 1 18 15 1 15 13 1 13 10 1 10 9 1 9 8 1 8 6 1 6 4 1 4
245 34 20 1 20 19 1 19 18 1 18 16 1 16 15 1 15 14 1 14 11 1 11 7 1 7 5 1 5 4 1 4 3 1 3 1
246 43 24 1 24 22 1 22 21 1 21 20 1 20 18 1 18 16 1 16 13 1 13 12 1 12 11 1 11 10 1 10 9 1 9 8 1 8 4 1 4 3 1 3 1
247 4 9 1 9 1
248 24 17 1 17 15 1 15 12 1 12 10 1 10 9 1 9 8 1 8 6 1 6 3 1 3
249 6 5 1 5 2 1 2
250 12 8 1 8 7 1 7 6 1 6 3 1 3
251 48 30 1 30 28 1 28 27 1 27 26 1 26 21 1 21 19 1 19 18 1 18 15 1 15 13 1 13 12 1 12 10 1 10 9 1 9 7 1 7 5 1 5 4 1 4 3 1 3
252 16 18 1 18 15 1 15 11 1 11 6 1 6 4 1 4 1
253 39 26 1 26 25 1 25 23 1 23 22 1 22 21 1 21 20 1 20 15 1 15 13 1 13 10 1 10 9 1 9 6 1 6 4 1 4 2 1 2
254 36 20 1 20 19 1 19 18 1 18 17 1 17 16 1 16 15 1 15 14 1 14 10 1 10 8 1 8 7 1 7 6 1 6 2 1 2
255 1 1
256 22 20 1 20 13 1 13 9 1 9 5 1 5 4 1 4 3 1 3 2 1 2 1
257 37 21 1 21 20 1 20 18 1 18 14 1 14 13 1 13 12 1 12 11 1 11 10 1 10 9 1 9 6 1 6 3 1 3 2 1 2 1
258 1 1
259 1 1
260 25 12 1 12 10 1 10 9 1 9 7 1 7 6 1 6 5 1 5 4 1 4 2 1 2 1
261 34 25 1 25 24 1 24 22 1 22 21 1 21 20 1 20 19 1 19 16 1 16 14 1 14 9 1 9 7 1 7 2 1 2 1
262 15 13 1 13 9 1 9 7 1 7 5 1 5 3 1 3
263 6 4 1 4 2 1 2
264 40 30 1 30 29 1 29 28 1 28 27 1 27 22 1 22 19 1 19 14 1 14 12 1 12 9 1 9 8 1 8 7 1 7 6 1 6 4 1 4 1
265 21 14 1 14 13 1 13 12 1 12 9 1 9 6 1 6 3 1 3 2 1 2
266 0
267 12 6 1 6 5 1 5 4 1 4 2 1 2
268 28 14 1 14 13 1 13 11 1 11 10 1 10 8 1 8 7 1 7 4 1 4 3 1 3 2 1 2 1
269 27 20 1 20 19 1 19 15 1 15 13 1 13 12 1 12 10 1 10 8 1 8 6 1 6 3 1 3
270 21 15 1 15 12 1 12 11 1 11 8 1 8 7 1 7 6 1 6 4 1 4
271 3 2 1 2
272 0
273 36 26 1 26 23 1 23 22 1 22 18 1 18 16 1 16 14 1 14 13 1 13 10 1 10 9 1 9 8 1 8 3 1 3 2 1 2
274 4 2 1 2 1
275 42 19 1 19 16 1 16 15 1 15 13 1 13 11 1 11 10 1 10 9 1 9 8 1 8 7 1 7 6 1 6 5 1 5 4 1 4 3 1 3 2 1 2
276 18 17 1 17 13 1 13 8 1 8 4 1 4 3 1 3 2 1 2
277 24 15 1 15 14 1 14 13 1 13 12 1 12 10 1 10 8 1 8 3 1 3 2 1 2
278 0
279 46 30 1 30 29 1 29 28 1 28 27 1 27 25 1 25 24 1 24 21 1 21 16 1 16 15 1 15 14 1 14 13 1 13 7 1 7 6 1 6 4 1 4 2 1 2 1
280 3 2 1 2
281 4 3 1 3 1
282 30 21 1 21 20 1 20 19 1 19 18 1 18 17 1 17 16 1 16 10 1 10 9 1 9 8 1 8 7 1 7
283 27 24 1 24 21 1 21 16 1 16 15 1 15 12 1 12 11 1 11 10 1 10 8 1 8 7 1 7
284 12 11 1 11 10 1 10 9 1 9 4 1 4
285 33 26 1 26 25 1 25 24 1 24 23 1 23 22 1 22 20 1 20 17 1 17 16 1 16 8 1 8 7 1 7 6 1 6
286 34 28 1 28 26 1 26 25 1 25 21 1 21 20 1 20 19 1 19 18 1 18 17 1 17 10 1 10 8 1 8 6 1 6 1
287 12 11 1 11 6 1 6 5 1 5 4 1 4
288 21 17 1 17 13 1 13 12 1 12 7 1 7 6 1 6 4 1 4 3 1 3
289 4 3 1 3 1
290 4 3 1 3 1
291 1 1
292 21 11 1 11 9 1 9 7 1 7 6 1 6 4 1 4 3 1 3 2 1 2
293 1 1
294 0
295 42 27 1 27 24 1 24 22 1 22 20 1 20 19 1 19 18 1 18 17 1 17 16 1 16 11 1 11 8 1 8 7 1 7 6 1 6 3 1 3 2 1 2
296 6 5 1 5 4 1 4
297 0
298 33 30 1 30 21 1 21 18 1 18 16 1 16 15 1 15 14 1 14 13 1 13 12 1 12 11 1 11 9 1 9 5 1 5
299 43 27 1 27 25 1 25 23 1 23 22 1 22 21 1 21 20 1 20 18 1 18 16 1 16 14 1 14 13 1 13 9 1 9 7 1 7 6 1 6 5 1 5 1
300 3 5 1 5
301 40 30 1 30 28 1 28 23 1 23 20 1 20 18 1 18 17 1 17 15 1 15 14 1 14 11 1 11 10 1 10 9 1 9 8 1 8 4 1 4 1
302 45 30 1 30 29 1 29 27 1 27 22 1 22 21 1 21 19 1 19 18 1 18 17 1 17 15 1 15 14 1 14 12 1 12 11 1 11 10 1 10 4 1 4 2 1 2
303 9 4 1 4 3 1 3 2 1 2
304 1 1
305 9 5 1 5 3 1 3 2 1 2
306 31 20 1 20 18 1 18 15 1 15 14 1 14 11 1 11 9 1 9 8 1 8 7 1 7 6 1 6 3 1 3 1
307 24 10 1 10 9 1 9 7 1 7 6 1 6 5 1 5 4 1 4 3 1 3 2 1 2
308 15 12 1 12 8 1 8 7 1 7 5 1 5 4 1 4
309 13 9 1 9 8 1 8 5 1 5 2 1 2 1
310 27 22 1 22 19 1 19 17 1 17 16 1 16 12 1 12 11 1 11 9 1 9 7 1 7 6 1 6
311 37 27 1 27 26 1 26 25 1 25 23 1 23 17 1 17 12 1 12 11 1 11 9 1 9 7 1 7 6 1 6 5 1 5 3 1 3 1
312 4 2 1 2 1
313 4 3 1 3 1
314 39 19 1 19 18 1 18 17 1 17 15 1 15 13 1 13 12 1 12 11 1 11 9 1 9 8 1 8 7 1 7 6 1 6 3 1 3 2 1 2
315 27 19 1 19 18 1 18 16 1 16 15 1 15 14 1 14 13 1 13 10 1 10 5 1 5 3 1 3
316 6 6 1 6 4 1 4
317 1 1
318 18 17 1 17 16 1 16 8 1 8 7 1 7 6 1 6 2 1 2
319 39 24 1 24 22 1 22 21 1 21 20 1 20 16 1 16 13 1 13 12 1 12 11 1 11 10 1 10 9 1 9 7 1 7 6 1 6 4 1 4
320 9 7 1 7 6 1 6 5 1 5
321 4 2 1 2 1
322 49 23 1 23 22 1 22 21 1 21 20 1 20 18 1 18 17 1 17 14 1 14 13 1 13 12 1 12 11 1 11 8 1 8 7 1 7 6 1 6 5 1 5 4 1 4 3 1 3 1
323 28 19 1 19 18 1 18 14 1 14 13 1 13 11 1 11 8 1 8 4 1 4 3 1 3 2 1 2 1
324 36 29 1 29 27 1 27 25 1 25 24 1 24 23 1 23 21 1 21 19 1 19 14 1 14 12 1 12 7 1 7 6 1 6 4 1 4
325 15 14 1 14 13 1 13 7 1 7 5 1 5 2 1 2
326 3 4 1 4
327 28 20 1 20 18 1 18 16 1 16 15 1 15 12 1 12 7 1 7 6 1 6 5 1 5 4 1 4 1
328 3 3 1 3
329 13 8 1 8 7 1 7 6 1 6 3 1 3 1
330 0
331 16 8 1 8 7 1 7 6 1 6 5 1 5 3 1 3 1
332 15 11 1 11 9 1 9 8 1 8 6 1 6 5 1 5
333 12 9 1 9 4 1 4 3 1 3 2 1 2
334 15 12 1 12 11 1 11 9 1 9 6 1 6 4 1 4
335 24 14 1 14 13 1 13 9 1 9 7 1 7 5 1 5 4 1 4 3 1 3 2 1 2
336 12 12 1 12 11 1 11 3 1 3 2 1 2
337 30 13 1 13 12 1 12 11 1 11 10 1 10 9 1 9 7 1 7 6 1 6 4 1 4 3 1 3 2 1 2
338 30 16 1 16 13 1 13 11 1 11 9 1 9 7 1 7 6 1 6 5 1 5 4 1 4 3 1 3 2 1 2
339 6 4 1 4 2 1 2
340 13 8 1 8 5 1 5 4 1 4 2 1 2 1
341 28 21 1 21 16 1 16 14 1 14 11 1 11 10 1 10 9 1 9 6 1 6 5 1 5 3 1 3 1
342 34 25 1 25 22 1 22 21 1 21 18 1 18 15 1 15 13 1 13 10 1 10 8 1 8 7 1 7 6 1 6 2 1 2 1
343 13 11 1 11 8 1 8 7 1 7 4 1 4 1
344 31 21 1 21 19 1 19 17 1 17 13 1 13 12 1 12 10 1 10 7 1 7 6 1 6 5 1 5 2 1 2 1
345 3 2 1 2
346 46 30 1 30 29 1 29 27 1 27 25 1 25 24 1 24 23 1 23 20 1 20 19 1 19 18 1 18 14 1 14 13 1 13 9 1 9 7 1 7 3 1 3 2 1 2 1
347 27 23 1 23 22 1 22 10 1 10 9 1 9 8 1 8 6 1 6 5 1 5 3 1 3 2 1 2
348 13 13 1 13 8 1 8 6 1 6 3 1 3 1
349 27 23 1 23 21 1 21 19 1 19 16 1 16 15 1 15 11 1 11 9 1 9 7 1 7 2 1 2
350 30 25 1 25 18 1 18 17 1 17 16 1 16 14 1 14 12 1 12 11 1 11 9 1 9 5 1 5 4 1 4
351 25 23 1 23 21 1 21 20 1 20 15 1 15 14 1 14 13 1 13 11 1 11 2 1 2 1
352 13 8 1 8 5 1 5 3 1 3 2 1 2 1
353 40 28 1 28 26 1 26 25 1 25 24 1 24 20 1 20 18 1 18 17 1 17 16 1 16 9 1 9 7 1 7 4 1 4 3 1 3 2 1 2 1
354 45 26 1 26 24 1 24 23 1 23 20 1 20 19 1 19 16 1 16 15 1 15 13 1 13 11 1 11 10 1 10 9 1 9 8 1 8 7 1 7 6 1 6 4 1 4
355 30 25 1 25 22 1 22 20 1 20 17 1 17 16 1 16 15 1 15 14 1 14 12 1 12 4 1 4 3 1 3
356 10 6 1 6 5 1 5 2 1 2 1
357 36 18 1 18 15 1 15 14 1 14 12 1 12 11 1 11 10 1 10 9 1 9 8 1 8 7 1 7 6 1 6 5 1 5 4 1 4
358 13 7 1 7 6 1 6 5 1 5 2 1 2 1
359 40 28 1 28 26 1 26 24 1 24 23 1 23 21 1 21 19 1 19 17 1 17 14 1 14 9 1 9 7 1 7 6 1 6 5 1 5 3 1 3 1
360 28 16 1 16 13 1 13 12 1 12 11 1 11 8 1 8 7 1 7 6 1 6 5 1 5 3 1 3 1
361 39 30 1 30 28 1 28 25 1 25 23 1 23 22 1 22 21 1 21 18 1 18 16 1 16 15 1 15 14 1 14 13 1 13 11 1 11 8 1 8
362 9 4 1 4 3 1 3 2 1 2
363 27 20 1 20 19 1 19 17 1 17 16 1 16 12 1 12 11 1 11 7 1 7 6 1 6 3 1 3
364 19 17 1 17 15 1 15 12 1 12 11 1 11 8 1 8 7 1 7 1
365 30 22 1 22 21 1 21 20 1 20 17 1 17 13 1 13 12 1 12 11 1 11 9 1 9 8 1 8 2 1 2
366 36 26 1 26 25 1 25 24 1 24 21 1 21 20 1 20 17 1 17 14 1 14 10 1 10 8 1 8 7 1 7 5 1 5 2 1 2
367 7 5 1 5 3 1 3 1
368 31 19 1 19 18 1 18 17 1 17 16 1 16 15 1 15 12 1 12 10 1 10 8 1 8 7 1 7 5 1 5 1
369 9 5 1 5 4 1 4 2 1 2
370 37 27 1 27 25 1 25 24 1 24 23 1 23 21 1 21 17 1 17 15 1 15 10 1 10 8 1 8 7 1 7 6 1 6 4 1 4 1
371 4 2 1 2 1
372 30 25 1 25 19 1 19 16 1 16 14 1 14 12 1 12 10 1 10 8 1 8 6 1 6 3 1 3 2 1 2
373 27 23 1 23 22 1 22 21 1 21 15 1 15 13 1 13 11 1 11 6 1 6 3 1 3 2 1 2
374 37 20 1 20 19 1 19 18 1 18 16 1 16 14 1 14 11 1 11 10 1 10 9 1 9 8 1 8 7 1 7 6 1 6 2 1 2 1
375 19 10 1 10 7 1 7 5 1 5 4 1 4 3 1 3 2 1 2 1
376 13 15 1 15 12 1 12 10 1 10 4 1 4 1
377 6 3 1 3 2 1 2
378 18 12 1 12 10 1 10 5 1 5 4 1 4 3 1 3 2 1 2
379 13 15 1 15 12 1 12 8 1 8 5 1 5 1
380 6 8 1 8 4 1 4
381 13 11 1 11 9 1 9 6 1 6 4 1 4 1
382 9 4 1 4 3 1 3 2 1 2
383 15 10 1 10 8 1 8 6 1 6 3 1 3 2 1 2
384 15 7 1 7 5 1 5 4 1 4 3 1 3 2 1 2
385 34 22 1 22 19 1 19 18 1 18 17 1 17 15 1 15 13 1 13 11 1 11 7 1 7 6 1 6 5 1 5 3 1 3 1
386 16 22 1 22 16 1 16 14 1 14 11 1 11 7 1 7 1
387 30 21 1 21 19 1 19 18 1 18 17 1 17 16 1 16 14 1 14 9 1 9 8 1 8 3 1 3 2 1 2
388 24 13 1 13 11 1 11 8 1 8 7 1 7 6 1 6 5 1 5 4 1 4 3 1 3
389 19 13 1 13 12 1 12 11 1 11 10 1 10 9 1 9 7 1 7 1
390 34 23 1 23 21 1 21 19 1 19 16 1 16 15 1 15 14 1 14 12 1 12 10 1 10 9 1 9 7 1 7 6 1 6 1
391 28 19 1 19 18 1 18 16 1 16 13 1 13 10 1 10 9 1 9 6 1 6 3 1 3 2 1 2 1
392 33 24 1 24 22 1 22 21 1 21 16 1 16 15 1 15 14 1 14 11 1 11 10 1 10 9 1 9 7 1 7 5 1 5
393 36 26 1 26 23 1 23 21 1 21 18 1 18 17 1 17 16 1 16 13 1 13 12 1 12 11 1 11 7 1 7 6 1 6 5 1 5
394 3 2 1 2
395 15 19 1 19 16 1 16 10 1 10 5 1 5 4 1 4
396 37 21 1 21 20 1 20 19 1 19 18 1 18 12 1 12 11 1 11 10 1 10 8 1 8 7 1 7 5 1 5 3 1 3 2 1 2 1
397 19 8 1 8 6 1 6 5 1 5 4 1 4 3 1 3 2 1 2 1
398 18 14 1 14 10 1 10 8 1 8 7 1 7 5 1 5 2 1 2
399 30 20 1 20 16 1 16 13 1 13 12 1 12 11 1 11 9 1 9 8 1 8 6 1 6 4 1 4 3 1 3
400 43 25 1 25 24 1 24 23 1 23 21 1 21 18 1 18 17 1 17 16 1 16 14 1 14 13 1 13 10 1 10 8 1 8 7 1 7 3 1 3 2 1 2 1
401 25 19 1 19 18 1 18 15 1 15 12 1 12 10 1 10 9 1 9 8 1 8 2 1 2 1
402 13 13 1 13 12 1 12 11 1 11 7 1 7 1
403 31 25 1 25 23 1 23 19 1 19 15 1 15 11 1 11 9 1 9 8 1 8 7 1 7 6 1 6 4 1 4 1
404 1 1
405 4 6 1 6 1
406 7 3 1 3 2 1 2 1
407 21 13 1 13 12 1 12 8 1 8 7 1 7 6 1 6 5 1 5 4 1 4
408 19 20 1 20 18 1 18 11 1 11 8 1 8 4 1 4 3 1 3 1
409 39 26 1 26 24 1 24 22 1 22 21 1 21 20 1 20 16 1 16 15 1 15 14 1 14 11 1 11 10 1 10 9 1 9 8 1 8 2 1 2
410 33 22 1 22 21 1 21 17 1 17 16 1 16 15 1 15 14 1 14 13 1 13 10 1 10 8 1 8 7 1 7 6 1 6
411 10 7 1 7 5 1 5 3 1 3 1
412 22 14 1 14 12 1 12 11 1 11 10 1 10 6 1 6 5 1 5 3 1 3 1
413 25 16 1 16 14 1 14 13 1 13 10 1 10 9 1 9 6 1 6 4 1 4 3 1 3 1
414 15 15 1 15 12 1 12 8 1 8 3 1 3 2 1 2
415 1 1
416 21 15 1 15 10 1 10 9 1 9 8 1 8 7 1 7 6 1 6 2 1 2
417 9 5 1 5 3 1 3 2 1 2
418 7 3 1 3 2 1 2 1
419 24 16 1 16 12 1 12 9 1 9 7 1 7 6 1 6 5 1 5 3 1 3 2 1 2
420 25 16 1 16 15 1 15 12 1 12 11 1 11 7 1 7 6 1 6 3 1 3 2 1 2 1
421 18 14 1 14 13 1 13 12 1 12 10 1 10 8 1 8 3 1 3
422 18 12 1 12 9 1 9 8 1 8 6 1 6 5 1 5 3 1 3
423 10 6 1 6 3 1 3 2 1 2 1
424 25 24 1 24 23 1 23 18 1 18 12 1 12 11 1 11 9 1 9 5 1 5 2 1 2 1
425 3 6 1 6
426 9 6 1 6 5 1 5 4 1 4
427 1 1
428 15 9 1 9 6 1 6 5 1 5 4 1 4 3 1 3
429 31 17 1 17 15 1 15 13 1 13 12 1 12 9 1 9 8 1 8 7 1 7 6 1 6 3 1 3 2 1 2 1
430 16 8 1 8 7 1 7 5 1 5 3 1 3 2 1 2 1
431 36 24 1 24 18 1 18 14 1 14 13 1 13 12 1 12 10 1 10 9 1 9 8 1 8 6 1 6 4 1 4 3 1 3 2 1 2
432 18 12 1 12 11 1 11 10 1 10 8 1 8 5 1 5 4 1 4
433 9 8 1 8 6 1 6 2 1 2
434 31 17 1 17 15 1 15 14 1 14 13 1 13 10 1 10 9 1 9 6 1 6 5 1 5 4 1 4 2 1 2 1
435 0
436 15 10 1 10 9 1 9 6 1 6 4 1 4 2 1 2
437 10 6 1 6 3 1 3 2 1 2 1
438 6 4 1 4 2 1 2
439 22 18 1 18 17 1 17 15 1 15 12 1 12 10 1 10 9 1 9 6 1 6 1
440 4 3 1 3 1
441 54 23 1 23 22 1 22 20 1 20 19 1 19 18 1 18 17 1 17 16 1 16 15 1 15 14 1 14 13 1 13 12 1 12 10 1 10 8 1 8 7 1 7 6 1 6 5 1 5 4 1 4 3 1 3
442 19 11 1 11 8 1 8 7 1 7 6 1 6 5 1 5 4 1 4 1
443 49 28 1 28 25 1 25 23 1 23 22 1 22 21 1 21 20 1 20 15 1 15 14 1 14 13 1 13 12 1 12 10 1 10 9 1 9 7 1 7 5 1 5 4 1 4 3 1 3 1
444 25 13 1 13 12 1 12 11 1 11 8 1 8 7 1 7 5 1 5 3 1 3 2 1 2 1
445 21 12 1 12 11 1 11 8 1 8 6 1 6 5 1 5 4 1 4 3 1 3
446 12 10 1 10 6 1 6 5 1 5 3 1 3
447 9 4 1 4 3 1 3 2 1 2
448 19 13 1 13 10 1 10 7 1 7 5 1 5 4 1 4 2 1 2 1
449 39 27 1 27 25 1 25 24 1 24 23 1 23 19 1 19 15 1 15 14 1 14 13 1 13 12 1 12 7 1 7 4 1 4 3 1 3 2 1 2
450 40 28 1 28 26 1 26 24 1 24 23 1 23 19 1 19 15 1 15 11 1 11 9 1 9 7 1 7 6 1 6 5 1 5 4 1 4 2 1 2 1
451 57 30 1 30 28 1 28 27 1 27 26 1 26 23 1 23 22 1 22 19 1 19 18 1 18 17 1 17 15 1 15 13 1 13 11 1 11 10 1 10 9 1 9 8 1 8 7 1 7 5 1 5 4 1 4 3 1 3
452 40 22 1 22 20 1 20 18 1 18 16 1 16 15 1 15 14 1 14 12 1 12 11 1 11 8 1 8 7 1 7 5 1 5 4 1 4 3 1 3 1
453 25 18 1 18 16 1 16 14 1 14 13 1 13 11 1 11 9 1 9 7 1 7 4 1 4 1
454 31 17 1 17 15 1 15 14 1 14 13 1 13 10 1 10 6 1 6 5 1 5 4 1 4 3 1 3 2 1 2 1
455 18 9 1 9 8 1 8 7 1 7 6 1 6 5 1 5 3 1 3
456 3 3 1 3
457 4 6 1 6 1
458 19 16 1 16 15 1 15 13 1 13 12 1 12 7 1 7 6 1 6 1
459 31 19 1 19 18 1 18 14 1 14 10 1 10 8 1 8 6 1 6 5 1 5 4 1 4 3 1 3 2 1 2 1
460 21 24 1 24 23 1 23 18 1 18 11 1 11 7 1 7 4 1 4 2 1 2
461 19 10 1 10 9 1 9 6 1 6 4 1 4 3 1 3 2 1 2 1
462 24 17 1 17 16 1 16 13 1 13 12 1 12 11 1 11 9 1 9 5 1 5 4 1 4
463 4 3 1 3 1
464 10 11 1 11 10 1 10 2 1 2 1
465 19 9 1 9 8 1 8 6 1 6 5 1 5 4 1 4 2 1 2 1
466 6 10 1 10 5 1 5
467 10 7 1 7 5 1 5 3 1 3 1
468 24 17 1 17 15 1 15 9 1 9 7 1 7 6 1 6 5 1 5 4 1 4 3 1 3
469 4 3 1 3 1
470 27 24 1 24 23 1 23 18 1 18 17 1 17 11 1 11 8 1 8 7 1 7 6 1 6 4 1 4
471 39 25 1 25 23 1 23 20 1 20 16 1 16 15 1 15 14 1 14 12 1 12 10 1 10 9 1 9 8 1 8 4 1 4 3 1 3 2 1 2
472 33 24 1 24 23 1 23 21 1 21 20 1 20 19 1 19 18 1 18 17 1 17 14 1 14 9 1 9 8 1 8 6 1 6
473 10 10 1 10 8 1 8 3 1 3 1
474 33 24 1 24 23 1 23 22 1 22 20 1 20 15 1 15 14 1 14 12 1 12 11 1 11 10 1 10 7 1 7 6 1 6
475 9 5 1 5 4 1 4 3 1 3
476 21 12 1 12 10 1 10 9 1 9 7 1 7 4 1 4 3 1 3 2 1 2
477 30 26 1 26 25 1 25 23 1 23 16 1 16 15 1 15 14 1 14 11 1 11 10 1 10 9 1 9 2 1 2
478 28 14 1 14 13 1 13 12 1 12 11 1 11 10 1 10 8 1 8 6 1 6 4 1 4 3 1 3 1
479 10 4 1 4 3 1 3 2 1 2 1
480 33 17 1 17 16 1 16 15 1 15 14 1 14 12 1 12 11 1 11 9 1 9 8 1 8 6 1 6 4 1 4 3 1 3
481 52 29 1 29 28 1 28 26 1 26 25 1 25 23 1 23 21 1 21 19 1 19 18 1 18 16 1 16 15 1 15 13 1 13 11 1 11 10 1 10 8 1 8 5 1 5 4 1 4 3 1 3 1
482 4 6 1 6 1
483 9 8 1 8 7 1 7 2 1 2
484 28 19 1 19 18 1 18 14 1 14 13 1 13 9 1 9 8 1 8 6 1 6 5 1 5 2 1 2 1
485 22 14 1 14 10 1 10 8 1 8 7 1 7 5 1 5 4 1 4 3 1 3 1
486 33 16 1 16 15 1 15 14 1 14 13 1 13 12 1 12 11 1 11 10 1 10 9 1 9 7 1 7 4 1 4 3 1 3
487 24 20 1 20 13 1 13 11 1 11 9 1 9 7 1 7 5 1 5 4 1 4 2 1 2
488 9 9 1 9 8 1 8 3 1 3
489 15 9 1 9 8 1 8 7 1 7 5 1 5 3 1 3
490 25 18 1 18 17 1 17 13 1 13 11 1 11 9 1 9 6 1 6 4 1 4 2 1 2 1
491 27 17 1 17 15 1 15 13 1 13 12 1 12 11 1 11 10 1 10 8 1 8 4 1 4 3 1 3
492 13 12 1 12 10 1 10 9 1 9 2 1 2 1
493 25 18 1 18 15 1 15 13 1 13 12 1 12 10 1 10 7 1 7 6 1 6 5 1 5 1
494 12 8 1 8 6 1 6 5 1 5 4 1 4
495 13 16 1 16 15 1 15 10 1 10 7 1 7 1
496 22 14 1 14 11 1 11 10 1 10 9 1 9 7 1 7 6 1 6 5 1 5 1
497 1 1
498 25 15 1 15 14 1 14 13 1 13 11 1 11 9 1 9 6 1 6 3 1 3 2 1 2 1
499 13 9 1 9 5 1 5 4 1 4 3 1 3 1
500 40 25 1 25 24 1 24 23 1 23 22 1 22 19 1 19 17 1 17 15 1 15 9 1 9 7 1 7 6 1 6 5 1 5 4 1 4 2 1 2 1
501 30 22 1 22 18 1 18 16 1 16 15 1 15 14 1 14 9 1 9 6 1 6 4 1 4 3 1 3 2 1 2
502 0
503 39 24 1 24 23 1 23 21 1 21 20 1 20 19 1 19 17 1 17 13 1 13 12 1 12 8 1 8 6 1 6 5 1 5 4 1 4 2 1 2
504 10 6 1 6 5 1 5 3 1 3 1
505 0
506 36 18 1 18 17 1 17 16 1 16 13 1 13 12 1 12 10 1 10 9 1 9 7 1 7 6 1 6 5 1 5 3 1 3 2 1 2
507 36 26 1 26 25 1 25 24 1 24 23 1 23 21 1 21 18 1 18 11 1 11 10 1 10 5 1 5 4 1 4 3 1 3 2 1 2
508 31 24 1 24 23 1 23 21 1 21 20 1 20 19 1 19 18 1 18 15 1 15 14 1 14 8 1 8 6 1 6 1
509 28 16 1 16 15 1 15 12 1 12 9 1 9 7 1 7 5 1 5 4 1 4 3 1 3 2 1 2 1
510 45 27 1 27 24 1 24 23 1 23 20 1 20 19 1 19 18 1 18 17 1 17 14 1 14 12 1 12 9 1 9 6 1 6 5 1 5 4 1 4 3 1 3 2 1 2
511 28 18 1 18 16 1 16 15 1 15 13 1 13 12 1 12 10 1 10 6 1 6 5 1 5 4 1 4 1
512 25 14 1 14 13 1 13 12 1 12 11 1 11 10 1 10 6 1 6 3 1 3 2 1 2 1
513 9 4 1 4 3 1 3 2 1 2
514 27 18 1 18 16 1 16 13 1 13 10 1 10 8 1 8 7 1 7 6 1 6 4 1 4 3 1 3
515 30 15 1 15 14 1 14 13 1 13 12 1 12 10 1 10 9 1 9 7 1 7 6 1 6 5 1 5 3 1 3
516 4 4 1 4 1
517 15 14 1 14 8 1 8 7 1 7 4 1 4 3 1 3
518 30 13 1 13 12 1 12 11 1 11 9 1 9 8 1 8 7 1 7 6 1 6 5 1 5 4 1 4 3 1 3
519 4 4 1 4 1
520 31 26 1 26 25 1 25 21 1 21 19 1 19 16 1 16 14 1 14 13 1 13 11 1 11 8 1 8 7 1 7 1
521 3 2 1 2
522 7 3 1 3 2 1 2 1
523 49 29 1 29 26 1 26 25 1 25 23 1 23 22 1 22 21 1 21 20 1 20 19 1 19 18 1 18 17 1 17 15 1 15 14 1 14 12 1 12 11 1 11 7 1 7 6 1 6 1
524 22 10 1 10 9 1 9 7 1 7 6 1 6 5 1 5 4 1 4 3 1 3 1
525 10 5 1 5 3 1 3 2 1 2 1
526 28 20 1 20 19 1 19 15 1 15 14 1 14 9 1 9 8 1 8 7 1 7 5 1 5 3 1 3 1
527 16 8 1 8 6 1 6 5 1 5 4 1 4 3 1 3 1
528 33 29 1 29 25 1 25 24 1 24 21 1 21 20 1 20 17 1 17 15 1 15 9 1 9 8 1 8 7 1 7 4 1 4
529 36 24 1 24 17 1 17 16 1 16 15 1 15 14 1 14 9 1 9 8 1 8 7 1 7 6 1 6 5 1 5 3 1 3 2 1 2
530 48 30 1 30 28 1 28 24 1 24 22 1 22 21 1 21 20 1 20 18 1 18 17 1 17 16 1 16 14 1 14 11 1 11 8 1 8 5 1 5 4 1 4 3 1 3 2 1 2
531 0
532 4 2 1 2 1
533 43 26 1 26 23 1 23 22 1 22 21 1 21 18 1 18 16 1 16 15 1 15 14 1 14 12 1 12 11 1 11 8 1 8 7 1 7 3 1 3 2 1 2 1
534 30 18 1 18 17 1 17 16 1 16 15 1 15 14 1 14 12 1 12 11 1 11 6 1 6 5 1 5 2 1 2
535 33 25 1 25 22 1 22 20 1 20 18 1 18 16 1 16 15 1 15 13 1 13 10 1 10 9 1 9 8 1 8 5 1 5
536 22 15 1 15 13 1 13 11 1 11 10 1 10 8 1 8 7 1 7 4 1 4 1
537 18 12 1 12 11 1 11 9 1 9 8 1 8 6 1 6 4 1 4
538 36 22 1 22 20 1 20 19 1 19 18 1 18 15 1 15 14 1 14 11 1 11 10 1 10 9 1 9 8 1 8 6 1 6 5 1 5
539 48 29 1 29 26 1 26 25 1 25 24 1 24 23 1 23 22 1 22 21 1 21 19 1 19 17 1 17 14 1 14 12 1 12 11 1 11 9 1 9 7 1 7 5 1 5 3 1 3
540 27 28 1 28 27 1 27 16 1 16 12 1 12 11 1 11 9 1 9 6 1 6 5 1 5 3 1 3
541 1 1
542 33 18 1 18 17 1 17 15 1 15 13 1 13 11 1 11 9 1 9 7 1 7 6 1 6 5 1 5 4 1 4 2 1 2
543 30 24 1 24 23 1 23 20 1 20 18 1 18 17 1 17 12 1 12 10 1 10 9 1 9 7 1 7 3 1 3
544 30 19 1 19 18 1 18 16 1 16 14 1 14 13 1 13 11 1 11 9 1 9 7 1 7 5 1 5 2 1 2
545 27 23 1 23 21 1 21 18 1 18 15 1 15 14 1 14 12 1 12 10 1 10 3 1 3 2 1 2
546 39 22 1 22 19 1 19 18 1 18 17 1 17 13 1 13 12 1 12 11 1 11 10 1 10 9 1 9 6 1 6 5 1 5 4 1 4 3 1 3
547 37 22 1 22 21 1 21 20 1 20 19 1 19 16 1 16 15 1 15 13 1 13 9 1 9 8 1 8 4 1 4 3 1 3 2 1 2 1
548 7 3 1 3 2 1 2 1
549 45 30 1 30 29 1 29 26 1 26 24 1 24 22 1 22 21 1 21 20 1 20 19 1 19 16 1 16 15 1 15 14 1 14 12 1 12 8 1 8 7 1 7 6 1 6
550 1 1
551 24 21 1 21 19 1 19 16 1 16 15 1 15 9 1 9 8 1 8 7 1 7 5 1 5
552 13 12 1 12 9 1 9 8 1 8 3 1 3 1
553 19 14 1 14 13 1 13 12 1 12 8 1 8 5 1 5 3 1 3 1
554 22 14 1 14 10 1 10 7 1 7 6 1 6 4 1 4 3 1 3 2 1 2 1
555 4 3 1 3 1
556 51 28 1 28 26 1 26 25 1 25 24 1 24 23 1 23 22 1 22 21 1 21 19 1 19 18 1 18 17 1 17 16 1 16 15 1 15 13 1 13 11 1 11 8 1 8 6 1 6 5 1 5
557 31 22 1 22 19 1 19 17 1 17 14 1 14 13 1 13 11 1 11 10 1 10 7 1 7 6 1 6 5 1 5 1
558 16 11 1 11 10 1 10 9 1 9 6 1 6 3 1 3 1
559 12 12 1 12 7 1 7 5 1 5 2 1 2
560 36 27 1 27 24 1 24 21 1 21 17 1 17 16 1 16 14 1 14 13 1 13 12 1 12 11 1 11 7 1 7 6 1 6 4 1 4
561 24 15 1 15 13 1 13 10 1 10 9 1 9 8 1 8 7 1 7 6 1 6 4 1 4
562 18 16 1 16 14 1 14 10 1 10 9 1 9 6 1 6 2 1 2
563 22 20 1 20 18 1 18 13 1 13 11 1 11 8 1 8 3 1 3 2 1 2 1
564 27 21 1 21 19 1 19 18 1 18 16 1 16 13 1 13 12 1 12 11 1 11 4 1 4 3 1 3
565 36 24 1 24 21 1 21 20 1 20 19 1 19 18 1 18 17 1 17 14 1 14 13 1 13 7 1 7 6 1 6 5 1 5 4 1 4
566 49 26 1 26 25 1 25 24 1 24 22 1 22 19 1 19 18 1 18 17 1 17 14 1 14 13 1 13 12 1 12 11 1 11 10 1 10 8 1 8 7 1 7 4 1 4 3 1 3 1
567 28 23 1 23 22 1 22 15 1 15 12 1 12 10 1 10 9 1 9 8 1 8 6 1 6 4 1 4 1
568 46 26 1 26 25 1 25 24 1 24 19 1 19 18 1 18 17 1 17 15 1 15 14 1 14 13 1 13 8 1 8 7 1 7 6 1 6 5 1 5 4 1 4 3 1 3 1
569 40 19 1 19 17 1 17 16 1 16 15 1 15 14 1 14 13 1 13 9 1 9 8 1 8 7 1 7 6 1 6 5 1 5 4 1 4 3 1 3 1
570 39 25 1 25 20 1 20 19 1 19 18 1 18 15 1 15 14 1 14 12 1 12 11 1 11 9 1 9 7 1 7 6 1 6 4 1 4 3 1 3
571 25 16 1 16 13 1 13 11 1 11 8 1 8 7 1 7 5 1 5 4 1 4 3 1 3 1
572 31 20 1 20 19 1 19 16 1 16 12 1 12 11 1 11 9 1 9 7 1 7 5 1 5 4 1 4 3 1 3 1
573 49 30 1 30 28 1 28 26 1 26 24 1 24 23 1 23 22 1 22 21 1 21 19 1 19 18 1 18 16 1 16 14 1 14 12 1 12 9 1 9 6 1 6 4 1 4 2 1 2 1
574 3 2 1 2
575 16 10 1 10 9 1 9 8 1 8 7 1 7 6 1 6 1
576 27 10 1 10 9 1 9 8 1 8 7 1 7 6 1 6 5 1 5 4 1 4 3 1 3 2 1 2
577 42 22 1 22 21 1 21 20 1 20 19 1 19 18 1 18 15 1 15 14 1 14 11 1 11 10 1 10 7 1 7 5 1 5 4 1 4 3 1 3 2 1 2
578 25 13 1 13 11 1 11 10 1 10 8 1 8 7 1 7 6 1 6 4 1 4 2 1 2 1
579 43 25 1 25 24 1 24 23 1 23 22 1 22 21 1 21 20 1 20 19 1 19 18 1 18 17 1 17 15 1 15 12 1 12 10 1 10 8 1 8 4 1 4 1
580 31 21 1 21 19 1 19 17 1 17 16 1 16 13 1 13 12 1 12 11 1 11 10 1 10 9 1 9 4 1 4 1
581 22 8 1 8 7 1 7 6 1 6 5 1 5 4 1 4 3 1 3 2 1 2 1
582 6 7 1 7 5 1 5
583 19 16 1 16 15 1 15 13 1 13 12 1 12 10 1 10 4 1 4 1
584 34 30 1 30 26 1 26 25 1 25 23 1 23 22 1 22 16 1 16 13 1 13 9 1 9 8 1 8 7 1 7 6 1 6 1
585 22 24 1 24 21 1 21 20 1 20 14 1 14 10 1 10 3 1 3 2 1 2 1
586 25 20 1 20 17 1 17 16 1 16 15 1 15 12 1 12 8 1 8 6 1 6 5 1 5 1
587 4 2 1 2 1
588 45 28 1 28 27 1 27 25 1 25 24 1 24 23 1 23 15 1 15 13 1 13 11 1 11 9 1 9 8 1 8 7 1 7 6 1 6 5 1 5 3 1 3 2 1 2
589 24 21 1 21 19 1 19 18 1 18 12 1 12 11 1 11 7 1 7 4 1 4 2 1 2
590 18 16 1 16 15 1 15 14 1 14 11 1 11 8 1 8 7 1 7
591 46 28 1 28 26 1 26 21 1 21 20 1 20 19 1 19 18 1 18 16 1 16 15 1 15 13 1 13 8 1 8 7 1 7 6 1 6 5 1 5 4 1 4 3 1 3 1
592 49 24 1 24 22 1 22 21 1 21 18 1 18 16 1 16 15 1 15 14 1 14 13 1 13 11 1 11 10 1 10 9 1 9 6 1 6 5 1 5 4 1 4 3 1 3 2 1 2 1
593 3 6 1 6
594 24 16 1 16 12 1 12 11 1 11 8 1 8 6 1 6 4 1 4 3 1 3 2 1 2
595 21 25 1 25 18 1 18 14 1 14 11 1 11 9 1 9 4 1 4 2 1 2
596 6 10 1 10 2 1 2
597 25 16 1 16 14 1 14 11 1 11 10 1 10 9 1 9 8 1 8 6 1 6 4 1 4 1
598 27 16 1 16 15 1 15 14 1 14 13 1 13 12 1 12 10 1 10 8 1 8 7 1 7 3 1 3
599 13 7 1 7 5 1 5 4 1 4 3 1 3 1
600 16 10 1 10 8 1 8 5 1 5 4 1 4 3 1 3 1
601 34 27 1 27 26 1 26 25 1 25 24 1 24 21 1 21 20 1 20 19 1 19 16 1 16 11 1 11 4 1 4 2 1 2 1
602 21 11 1 11 10 1 10 9 1 9 7 1 7 6 1 6 5 1 5 2 1 2
603 22 10 1 10 9 1 9 6 1 6 5 1 5 4 1 4 3 1 3 2 1 2 1
604 15 6 1 6 5 1 5 4 1 4 3 1 3 2 1 2
605 1 1
606 3 3 1 3
607 13 11 1 11 7 1 7 4 1 4 2 1 2 1
608 24 20 1 20 19 1 19 14 1 14 12 1 12 8 1 8 7 1 7 5 1 5 3 1 3
609 27 21 1 21 19 1 19 17 1 17 13 1 13 12 1 12 11 1 11 10 1 10 8 1 8 6 1 6
610 34 22 1 22 21 1 21 20 1 20 19 1 19 18 1 18 15 1 15 13 1 13 11 1 11 10 1 10 9 1 9 6 1 6 1
611 22 19 1 19 18 1 18 16 1 16 15 1 15 5 1 5 3 1 3 2 1 2 1
612 3 3 1 3
613 30 18 1 18 17 1 17 16 1 16 13 1 13 12 1 12 9 1 9 7 1 7 6 1 6 4 1 4 2 1 2
614 19 13 1 13 12 1 12 10 1 10 9 1 9 8 1 8 7 1 7 1
615 31 20 1 20 19 1 19 18 1 18 17 1 17 14 1 14 13 1 13 10 1 10 8 1 8 5 1 5 4 1 4 1
616 9 10 1 10 6 1 6 4 1 4
617 4 3 1 3 1
618 10 4 1 4 3 1 3 2 1 2 1
619 3 3 1 3
620 28 16 1 16 15 1 15 14 1 14 13 1 13 12 1 12 10 1 10 9 1 9 6 1 6 4 1 4 1
621 21 9 1 9 8 1 8 7 1 7 6 1 6 5 1 5 3 1 3 2 1 2
622 21 13 1 13 11 1 11 9 1 9 8 1 8 5 1 5 4 1 4 2 1 2
623 19 18 1 18 15 1 15 10 1 10 7 1 7 5 1 5 2 1 2 1
624 16 7 1 7 6 1 6 4 1 4 3 1 3 2 1 2 1
625 25 18 1 18 15 1 15 14 1 14 13 1 13 12 1 12 8 1 8 6 1 6 4 1 4 1
626 52 27 1 27 26 1 26 25 1 25 23 1 23 22 1 22 20 1 20 19 1 19 17 1 17 16 1 16 13 1 13 10 1 10 9 1 9 8 1 8 6 1 6 5 1 5 3 1 3 2 1 2 1
627 16 8 1 8 6 1 6 5 1 5 3 1 3 2 1 2 1
628 10 9 1 9 7 1 7 5 1 5 1
629 34 24 1 24 20 1 20 19 1 19 17 1 17 14 1 14 12 1 12 11 1 11 8 1 8 5 1 5 3 1 3 2 1 2 1
630 33 27 1 27 23 1 23 16 1 16 13 1 13 12 1 12 10 1 10 8 1 8 7 1 7 6 1 6 5 1 5 4 1 4
631 3 3 1 3
632 19 11 1 11 10 1 10 8 1 8 7 1 7 4 1 4 3 1 3 1
633 19 11 1 11 9 1 9 8 1 8 7 1 7 6 1 6 2 1 2 1
634 39 26 1 26 24 1 24 21 1 21 20 1 20 18 1 18 17 1 17 16 1 16 14 1 14 13 1 13 12 1 12 9 1 9 8 1 8 7 1 7
635 22 18 1 18 17 1 17 13 1 13 11 1 11 8 1 8 5 1 5 3 1 3 1
636 0
637 36 29 1 29 28 1 28 25 1 25 20 1 20 19 1 19 18 1 18 15 1 15 10 1 10 6 1 6 5 1 5 4 1 4 2 1 2
638 16 13 1 13 12 1 12 7 1 7 5 1 5 2 1 2 1
639 25 16 1 16 14 1 14 13 1 13 11 1 11 10 1 10 5 1 5 4 1 4 2 1 2 1
640 12 8 1 8 6 1 6 3 1 3 2 1 2
641 0
642 0
643 12 12 1 12 10 1 10 6 1 6 3 1 3
644 7 3 1 3 2 1 2 1
645 9 5 1 5 3 1 3 2 1 2
646 1 1
647 10 4 1 4 3 1 3 2 1 2 1
648 3 6 1 6
649 19 7 1 7 6 1 6 5 1 5 4 1 4 3 1 3 2 1 2 1
650 37 28 1 28 26 1 26 25 1 25 23 1 23 17 1 17 16 1 16 15 1 15 12 1 12 9 1 9 7 1 7 5 1 5 3 1 3 1
651 13 8 1 8 7 1 7 4 1 4 2 1 2 1
652 19 12 1 12 11 1 11 10 1 10 6 1 6 3 1 3 2 1 2 1
653 4 2 1 2 1
654 16 11 1 11 9 1 9 5 1 5 4 1 4 3 1 3 1
655 30 17 1 17 16 1 16 15 1 15 11 1 11 10 1 10 9 1 9 6 1 6 5 1 5 4 1 4 3 1 3
656 34 18 1 18 17 1 17 15 1 15 14 1 14 12 1 12 11 1 11 8 1 8 7 1 7 5 1 5 3 1 3 2 1 2 1
657 21 17 1 17 13 1 13 12 1 12 10 1 10 7 1 7 6 1 6 4 1 4
658 49 29 1 29 27 1 27 25 1 25 23 1 23 21 1 21 20 1 20 19 1 19 18 1 18 17 1 17 14 1 14 13 1 13 11 1 11 6 1 6 4 1 4 3 1 3 2 1 2 1
659 18 11 1 11 10 1 10 9 1 9 8 1 8 5 1 5 3 1 3
660 25 15 1 15 13 1 13 11 1 11 10 1 10 9 1 9 7 1 7 6 1 6 2 1 2 1
661 10 7 1 7 5 1 5 3 1 3 1
662 22 18 1 18 15 1 15 13 1 13 12 1 12 10 1 10 6 1 6 3 1 3 1
663 55 30 1 30 29 1 29 28 1 28 26 1 26 23 1 23 21 1 21 19 1 19 15 1 15 13 1 13 12 1 12 11 1 11 9 1 9 7 1 7 6 1 6 5 1 5 4 1 4 3 1 3 2 1 2 1
664 16 6 1 6 5 1 5 4 1 4 3 1 3 2 1 2 1
665 25 17 1 17 16 1 16 13 1 13 12 1 12 11 1 11 10 1 10 5 1 5 2 1 2 1
666 21 11 1 11 10 1 10 7 1 7 6 1 6 5 1 5 4 1 4 3 1 3
667 4 3 1 3 1
668 54 30 1 30 29 1 29 28 1 28 26 1 26 25 1 25 24 1 24 20 1 20 18 1 18 16 1 16 14 1 14 12 1 12 11 1 11 10 1 10 8 1 8 7 1 7 6 1 6 5 1 5 2 1 2
669 37 26 1 26 25 1 25 24 1 24 22 1 22 21 1 21 19 1 19 11 1 11 10 1 10 9 1 9 8 1 8 7 1 7 2 1 2 1
670 25 11 1 11 10 1 10 9 1 9 8 1 8 7 1 7 5 1 5 3 1 3 2 1 2 1
671 37 27 1 27 22 1 22 21 1 21 20 1 20 16 1 16 13 1 13 11 1 11 10 1 10 9 1 9 8 1 8 4 1 4 3 1 3 1
672 1 1
673 34 24 1 24 22 1 22 18 1 18 14 1 14 12 1 12 11 1 11 10 1 10 9 1 9 7 1 7 5 1 5 4 1 4 1
674 18 10 1 10 9 1 9 8 1 8 7 1 7 4 1 4 2 1 2
675 25 17 1 17 15 1 15 13 1 13 11 1 11 10 1 10 7 1 7 4 1 4 3 1 3 1
676 40 29 1 29 26 1 26 24 1 24 23 1 23 21 1 21 18 1 18 16 1 16 14 1 14 11 1 11 10 1 10 6 1 6 4 1 4 2 1 2 1
677 0
678 39 30 1 30 27 1 27 26 1 26 24 1 24 23 1 23 22 1 22 20 1 20 15 1 15 12 1 12 9 1 9 7 1 7 3 1 3 2 1 2
679 4 2 1 2 1
680 25 25 1 25 24 1 24 14 1 14 13 1 13 12 1 12 10 1 10 8 1 8 4 1 4 1
681 40 28 1 28 24 1 24 21 1 21 20 1 20 17 1 17 14 1 14 12 1 12 11 1 11 9 1 9 6 1 6 5 1 5 4 1 4 3 1 3 1
682 3 3 1 3
683 3 4 1 4
684 27 14 1 14 13 1 13 12 1 12 10 1 10 9 1 9 8 1 8 6 1 6 5 1 5 4 1 4
685 31 23 1 23 22 1 22 20 1 20 19 1 19 18 1 18 14 1 14 12 1 12 11 1 11 6 1 6 5 1 5 1
686 1 1
687 42 30 1 30 29 1 29 28 1 28 26 1 26 23 1 23 19 1 19 16 1 16 14 1 14 11 1 11 10 1 10 6 1 6 5 1 5 3 1 3 2 1 2
688 16 13 1 13 10 1 10 7 1 7 5 1 5 2 1 2 1
689 16 12 1 12 11 1 11 8 1 8 4 1 4 2 1 2 1
690 10 5 1 5 3 1 3 2 1 2 1
691 33 23 1 23 22 1 22 21 1 21 18 1 18 12 1 12 11 1 11 8 1 8 7 1 7 5 1 5 4 1 4 3 1 3
692 28 11 1 11 10 1 10 9 1 9 7 1 7 6 1 6 5 1 5 4 1 4 3 1 3 2 1 2 1
693 22 14 1 14 13 1 13 12 1 12 11 1 11 8 1 8 6 1 6 2 1 2 1
694 37 25 1 25 22 1 22 21 1 21 19 1 19 17 1 17 14 1 14 11 1 11 10 1 10 7 1 7 4 1 4 3 1 3 2 1 2 1
695 19 9 1 9 7 1 7 6 1 6 4 1 4 3 1 3 2 1 2 1
696 31 23 1 23 21 1 21 18 1 18 16 1 16 14 1 14 12 1 12 10 1 10 8 1 8 7 1 7 2 1 2 1
697 6 4 1 4 3 1 3
698 12 5 1 5 4 1 4 3 1 3 2 1 2
699 7 7 1 7 3 1 3 1
700 46 28 1 28 27 1 27 26 1 26 21 1 21 20 1 20 19 1 19 17 1 17 11 1 11 9 1 9 8 1 8 7 1 7 6 1 6 5 1 5 3 1 3 2 1 2 1
701 34 23 1 23 22 1 22 20 1 20 19 1 19 15 1 15 13 1 13 12 1 12 11 1 11 10 1 10 9 1 9 6 1 6 1
702 10 7 1 7 6 1 6 5 1 5 1
703 7 5 1 5 2 1 2 1
704 1 1
705 13 9 1 9 7 1 7 4 1 4 2 1 2 1
706 22 13 1 13 11 1 11 8 1 8 7 1 7 5 1 5 4 1 4 2 1 2 1
707 43 28 1 28 25 1 25 23 1 23 19 1 19 18 1 18 16 1 16 15 1 15 14 1 14 13 1 13 10 1 10 8 1 8 6 1 6 5 1 5 3 1 3 1
708 19 12 1 12 11 1 11 10 1 10 7 1 7 5 1 5 2 1 2 1
709 24 22 1 22 19 1 19 17 1 17 13 1 13 12 1 12 9 1 9 6 1 6 3 1 3
710 37 19 1 19 18 1 18 17 1 17 16 1 16 13 1 13 12 1 12 11 1 11 10 1 10 9 1 9 8 1 8 4 1 4 2 1 2 1
711 45 29 1 29 27 1 27 26 1 26 24 1 24 21 1 21 18 1 18 15 1 15 14 1 14 12 1 12 11 1 11 10 1 10 9 1 9 5 1 5 4 1 4 2 1 2
712 31 20 1 20 19 1 19 16 1 16 14 1 14 12 1 12 10 1 10 9 1 9 5 1 5 4 1 4 3 1 3 1
713 13 17 1 17 16 1 16 5 1 5 4 1 4 1
714 0
715 7 3 1 3 2 1 2 1
716 9 8 1 8 6 1 6 5 1 5
717 0
718 31 21 1 21 20 1 20 17 1 17 15 1 15 14 1 14 9 1 9 8 1 8 7 1 7 3 1 3 2 1 2 1
719 39 26 1 26 24 1 24 22 1 22 21 1 21 20 1 20 19 1 19 18 1 18 14 1 14 12 1 12 9 1 9 5 1 5 3 1 3 2 1 2
720 18 18 1 18 14 1 14 12 1 12 7 1 7 3 1 3 2 1 2
721 25 18 1 18 17 1 17 15 1 15 13 1 13 11 1 11 10 1 10 7 1 7 4 1 4 1
722 10 4 1 4 3 1 3 2 1 2 1
723 43 25 1 25 24 1 24 20 1 20 18 1 18 17 1 17 16 1 16 15 1 15 13 1 13 12 1 12 11 1 11 9 1 9 7 1 7 6 1 6 2 1 2 1
724 9 4 1 4 3 1 3 2 1 2
725 45 21 1 21 20 1 20 19 1 19 17 1 17 15 1 15 14 1 14 13 1 13 11 1 11 10 1 10 9 1 9 8 1 8 7 1 7 6 1 6 4 1 4 3 1 3
726 3 5 1 5
727 28 19 1 19 18 1 18 13 1 13 12 1 12 10 1 10 6 1 6 5 1 5 4 1 4 3 1 3 1
728 16 10 1 10 9 1 9 6 1 6 5 1 5 2 1 2 1
729 51 29 1 29 28 1 28 27 1 27 26 1 26 23 1 23 21 1 21 20 1 20 19 1 19 18 1 18 14 1 14 12 1 12 10 1 10 9 1 9 7 1 7 6 1 6 3 1 3 2 1 2
730 4 2 1 2 1
731 36 25 1 25 24 1 24 22 1 22 19 1 19 17 1 17 16 1 16 14 1 14 13 1 13 12 1 12 8 1 8 6 1 6 5 1 5
732 42 24 1 24 22 1 22 21 1 21 20 1 20 19 1 19 17 1 17 12 1 12 10 1 10 9 1 9 8 1 8 7 1 7 6 1 6 3 1 3 2 1 2
733 0
734 61 29 1 29 28 1 28 26 1 26 25 1 25 24 1 24 23 1 23 19 1 19 17 1 17 16 1 16 15 1 15 14 1 14 13 1 13 12 1 12 11 1 11 10 1 10 9 1 9 8 1 8 6 1 6 3 1 3 2 1 2 1
735 0
736 27 25 1 25 24 1 24 21 1 21 18 1 18 15 1 15 14 1 14 10 1 10 7 1 7 2 1 2
737 40 28 1 28 26 1 26 25 1 25 23 1 23 22 1 22 21 1 21 19 1 19 16 1 16 13 1 13 10 1 10 9 1 9 3 1 3 2 1 2 1
738 19 12 1 12 9 1 9 7 1 7 6 1 6 5 1 5 4 1 4 1
739 13 12 1 12 10 1 10 9 1 9 4 1 4 1
740 22 15 1 15 14 1 14 9 1 9 7 1 7 6 1 6 5 1 5 2 1 2 1
741 16 11 1 11 10 1 10 8 1 8 7 1 7 6 1 6 1
742 15 9 1 9 8 1 8 6 1 6 4 1 4 2 1 2
743 15 7 1 7 5 1 5 4 1 4 3 1 3 2 1 2
744 9 8 1 8 6 1 6 4 1 4
745 0
746 49 29 1 29 28 1 28 27 1 27 26 1 26 23 1 23 22 1 22 21 1 21 20 1 20 19 1 19 16 1 16 15 1 15 13 1 13 12 1 12 10 1 10 3 1 3 2 1 2 1
747 25 18 1 18 16 1 16 11 1 11 10 1 10 9 1 9 7 1 7 4 1 4 2 1 2 1
748 48 23 1 23 21 1 21 20 1 20 19 1 19 16 1 16 15 1 15 14 1 14 13 1 13 11 1 11 10 1 10 9 1 9 8 1 8 7 1 7 6 1 6 5 1 5 4 1 4
749 15 11 1 11 9 1 9 8 1 8 7 1 7 2 1 2
750 1 1
751 48 30 1 30 27 1 27 26 1 26 25 1 25 24 1 24 22 1 22 21 1 21 19 1 19 17 1 17 16 1 16 15 1 15 13 1 13 12 1 12 7 1 7 5 1 5 3 1 3
752 36 21 1 21 18 1 18 17 1 17 16 1 16 13 1 13 11 1 11 10 1 10 9 1 9 7 1 7 5 1 5 4 1 4 3 1 3
753 39 25 1 25 23 1 23 22 1 22 19 1 19 18 1 18 17 1 17 16 1 16 15 1 15 11 1 11 8 1 8 6 1 6 3 1 3 2 1 2
754 4 2 1 2 1
755 13 10 1 10 9 1 9 8 1 8 7 1 7 1
756 13 5 1 5 4 1 4 3 1 3 2 1 2 1
757 31 23 1 23 20 1 20 19 1 19 17 1 17 16 1 16 13 1 13 11 1 11 10 1 10 4 1 4 3 1 3 1
758 39 18 1 18 17 1 17 16 1 16 15 1 15 14 1 14 13 1 13 12 1 12 11 1 11 8 1 8 7 1 7 5 1 5 4 1 4 3 1 3
759 22 15 1 15 14 1 14 9 1 9 8 1 8 7 1 7 6 1 6 5 1 5 1
760 21 17 1 17 12 1 12 9 1 9 6 1 6 5 1 5 4 1 4 3 1 3
761 45 30 1 30 29 1 29 24 1 24 19 1 19 17 1 17 15 1 15 14 1 14 11 1 11 10 1 10 8 1 8 6 1 6 5 1 5 4 1 4 3 1 3 2 1 2
762 30 21 1 21 19 1 19 16 1 16 15 1 15 14 1 14 13 1 13 11 1 11 9 1 9 8 1 8 3 1 3
763 1 1
764 42 26 1 26 25 1 25 24 1 24 21 1 21 18 1 18 16 1 16 15 1 15 14 1 14 12 1 12 11 1 11 10 1 10 8 1 8 6 1 6 3 1 3
765 16 11 1 11 10 1 10 9 1 9 8 1 8 2 1 2 1
766 37 18 1 18 17 1 17 16 1 16 15 1 15 13 1 13 12 1 12 9 1 9 8 1 8 7 1 7 6 1 6 5 1 5 3 1 3 1
767 28 19 1 19 18 1 18 16 1 16 15 1 15 12 1 12 8 1 8 7 1 7 5 1 5 3 1 3 1
768 21 16 1 16 15 1 15 13 1 13 9 1 9 8 1 8 6 1 6 2 1 2
769 13 7 1 7 6 1 6 5 1 5 3 1 3 1
770 19 16 1 16 13 1 13 12 1 12 11 1 11 7 1 7 3 1 3 1
771 28 20 1 20 19 1 19 18 1 18 14 1 14 10 1 10 9 1 9 7 1 7 4 1 4 2 1 2 1
772 9 11 1 11 5 1 5 2 1 2
773 49 26 1 26 25 1 25 24 1 24 20 1 20 19 1 19 17 1 17 14 1 14 13 1 13 11 1 11 8 1 8 7 1 7 6 1 6 5 1 5 4 1 4 3 1 3 2 1 2 1
774 13 5 1 5 4 1 4 3 1 3 2 1 2 1
775 12 7 1 7 5 1 5 3 1 3 2 1 2
776 52 28 1 28 27 1 27 25 1 25 20 1 20 19 1 19 18 1 18 17 1 17 15 1 15 14 1 14 12 1 12 10 1 10 9 1 9 8 1 8 7 1 7 6 1 6 5 1 5 4 1 4 1
777 52 28 1 28 26 1 26 21 1 21 20 1 20 18 1 18 16 1 16 15 1 15 14 1 14 13 1 13 11 1 11 10 1 10 9 1 9 7 1 7 6 1 6 5 1 5 4 1 4 3 1 3 1
778 34 25 1 25 24 1 24 16 1 16 15 1 15 14 1 14 13 1 13 12 1 12 7 1 7 6 1 6 4 1 4 3 1 3 1
779 12 12 1 12 8 1 8 7 1 7 3 1 3
780 28 14 1 14 13 1 13 12 1 12 11 1 11 10 1 10 8 1 8 6 1 6 3 1 3 2 1 2 1
781 21 10 1 10 9 1 9 7 1 7 6 1 6 5 1 5 3 1 3 2 1 2
782 10 5 1 5 4 1 4 2 1 2 1
783 1 1
784 40 22 1 22 21 1 21 20 1 20 19 1 19 17 1 17 14 1 14 13 1 13 9 1 9 8 1 8 6 1 6 5 1 5 3 1 3 2 1 2 1
785 9 5 1 5 3 1 3 2 1 2
786 42 26 1 26 24 1 24 20 1 20 18 1 18 17 1 17 15 1 15 14 1 14 13 1 13 12 1 12 11 1 11 9 1 9 6 1 6 4 1 4 2 1 2
787 19 13 1 13 12 1 12 8 1 8 7 1 7 6 1 6 5 1 5 1
788 46 23 1 23 21 1 21 20 1 20 19 1 19 17 1 17 15 1 15 14 1 14 12 1 12 11 1 11 10 1 10 9 1 9 6 1 6 4 1 4 3 1 3 2 1 2 1
789 40 24 1 24 22 1 22 21 1 21 19 1 19 17 1 17 15 1 15 11 1 11 10 1 10 9 1 9 8 1 8 7 1 7 4 1 4 3 1 3 1
790 18 13 1 13 12 1 12 10 1 10 9 1 9 6 1 6 3 1 3
791 0
792 25 22 1 22 21 1 21 20 1 20 17 1 17 12 1 12 11 1 11 8 1 8 3 1 3 1
793 33 28 1 28 27 1 27 26 1 26 18 1 18 17 1 17 13 1 13 9 1 9 8 1 8 7 1 7 3 1 3 2 1 2
794 4 5 1 5 1
795 13 6 1 6 5 1 5 4 1 4 2 1 2 1
796 22 19 1 19 18 1 18 17 1 17 12 1 12 11 1 11 10 1 10 5 1 5 1
797 21 15 1 15 14 1 14 12 1 12 11 1 11 10 1 10 8 1 8 4 1 4
798 36 26 1 26 25 1 25 23 1 23 22 1 22 20 1 20 19 1 19 16 1 16 9 1 9 8 1 8 5 1 5 3 1 3 2 1 2
799 3 6 1 6
800 13 8 1 8 7 1 7 6 1 6 2 1 2 1
801 18 12 1 12 10 1 10 7 1 7 5 1 5 4 1 4 2 1 2
802 37 25 1 25 24 1 24 23 1 23 22 1 22 20 1 20 19 1 19 18 1 18 16 1 16 13 1 13 10 1 10 8 1 8 4 1 4 1
803 25 18 1 18 15 1 15 14 1 14 13 1 13 11 1 11 10 1 10 9 1 9 7 1 7 1
804 3 5 1 5
805 36 23 1 23 20 1 20 19 1 19 17 1 17 16 1 16 15 1 15 14 1 14 13 1 13 11 1 11 7 1 7 6 1 6 5 1 5
806 25 21 1 21 18 1 18 13 1 13 12 1 12 9 1 9 8 1 8 7 1 7 5 1 5 1
807 25 13 1 13 12 1 12 11 1 11 9 1 9 7 1 7 6 1 6 4 1 4 3 1 3 1
808 25 11 1 11 9 1 9 8 1 8 6 1 6 5 1 5 4 1 4 3 1 3 2 1 2 1
809 34 28 1 28 21 1 21 20 1 20 16 1 16 13 1 13 12 1 12 10 1 10 6 1 6 4 1 4 3 1 3 2 1 2 1
810 40 21 1 21 19 1 19 15 1 15 14 1 14 13 1 13 12 1 12 10 1 10 9 1 9 8 1 8 5 1 5 4 1 4 3 1 3 2 1 2 1
811 27 15 1 15 13 1 13 10 1 10 9 1 9 8 1 8 6 1 6 5 1 5 4 1 4 3 1 3
812 4 4 1 4 1
813 45 29 1 29 28 1 28 24 1 24 23 1 23 22 1 22 21 1 21 14 1 14 13 1 13 12 1 12 11 1 11 10 1 10 8 1 8 4 1 4 3 1 3 2 1 2
814 51 28 1 28 27 1 27 25 1 25 23 1 23 21 1 21 20 1 20 19 1 19 17 1 17 16 1 16 15 1 15 14 1 14 12 1 12 11 1 11 9 1 9 8 1 8 7 1 7 6 1 6
815 33 25 1 25 24 1 24 23 1 23 22 1 22 13 1 13 10 1 10 9 1 9 8 1 8 6 1 6 5 1 5 3 1 3
816 34 22 1 22 21 1 21 20 1 20 19 1 19 18 1 18 17 1 17 15 1 15 13 1 13 11 1 11 6 1 6 4 1 4 1
817 12 7 1 7 5 1 5 4 1 4 2 1 2
818 52 29 1 29 28 1 28 27 1 27 25 1 25 24 1 24 23 1 23 21 1 21 20 1 20 18 1 18 17 1 17 16 1 16 15 1 15 14 1 14 9 1 9 6 1 6 4 1 4 2 1 2 1
819 1 1
820 27 23 1 23 22 1 22 20 1 20 19 1 19 15 1 15 10 1 10 9 1 9 4 1 4 2 1 2
821 24 17 1 17 16 1 16 14 1 14 11 1 11 7 1 7 4 1 4 3 1 3 2 1 2
822 3 2 1 2
823 7 7 1 7 5 1 5 1
824 0
825 16 8 1 8 7 1 7 6 1 6 3 1 3 2 1 2 1
826 22 19 1 19 18 1 18 17 1 17 13 1 13 10 1 10 8 1 8 2 1 2 1
827 31 17 1 17 16 1 16 15 1 15 12 1 12 8 1 8 7 1 7 6 1 6 4 1 4 3 1 3 2 1 2 1
828 1 1
829 6 4 1 4 2 1 2
830 7 5 1 5 2 1 2 1
831 12 6 1 6 5 1 5 4 1 4 3 1 3
832 37 29 1 29 28 1 28 27 1 27 25 1 25 24 1 24 23 1 23 21 1 21 19 1 19 18 1 18 13 1 13 11 1 11 5 1 5 1
833 1 1
834 31 22 1 22 21 1 21 19 1 19 18 1 18 17 1 17 13 1 13 11 1 11 9 1 9 6 1 6 5 1 5 1
835 6 5 1 5 4 1 4
836 12 10 1 10 6 1 6 4 1 4 2 1 2
837 33 20 1 20 19 1 19 18 1 18 16 1 16 15 1 15 14 1 14 10 1 10 9 1 9 5 1 5 4 1 4 3 1 3
838 18 16 1 16 13 1 13 11 1 11 10 1 10 4 1 4 2 1 2
839 30 16 1 16 13 1 13 12 1 12 11 1 11 8 1 8 7 1 7 6 1 6 4 1 4 3 1 3 2 1 2
840 48 30 1 30 28 1 28 26 1 26 25 1 25 23 1 23 22 1 22 19 1 19 17 1 17 16 1 16 13 1 13 9 1 9 8 1 8 7 1 7 6 1 6 5 1 5 2 1 2
841 7 7 1 7 4 1 4 1
842 37 24 1 24 23 1 23 22 1 22 21 1 21 20 1 20 16 1 16 15 1 15 13 1 13 12 1 12 11 1 11 7 1 7 2 1 2 1
843 9 13 1 13 11 1 11 10 1 10
844 18 10 1 10 7 1 7 6 1 6 5 1 5 4 1 4 3 1 3
845 48 26 1 26 24 1 24 23 1 23 21 1 21 19 1 19 18 1 18 17 1 17 15 1 15 13 1 13 11 1 11 9 1 9 6 1 6 5 1 5 4 1 4 3 1 3 2 1 2
846 16 8 1 8 7 1 7 5 1 5 4 1 4 3 1 3 1
847 40 22 1 22 21 1 21 17 1 17 16 1 16 15 1 15 14 1 14 12 1 12 11 1 11 9 1 9 8 1 8 7 1 7 5 1 5 2 1 2 1
848 18 8 1 8 7 1 7 6 1 6 5 1 5 4 1 4 3 1 3
849 0
850 13 11 1 11 8 1 8 6 1 6 5 1 5 1
851 36 24 1 24 21 1 21 20 1 20 18 1 18 17 1 17 16 1 16 14 1 14 13 1 13 10 1 10 8 1 8 7 1 7 3 1 3
852 16 8 1 8 7 1 7 5 1 5 3 1 3 2 1 2 1
853 12 11 1 11 8 1 8 4 1 4 3 1 3
854 6 7 1 7 2 1 2
855 36 25 1 25 23 1 23 21 1 21 20 1 20 16 1 16 13 1 13 12 1 12 8 1 8 6 1 6 5 1 5 3 1 3 2 1 2
856 27 16 1 16 14 1 14 12 1 12 10 1 10 9 1 9 8 1 8 6 1 6 5 1 5 3 1 3
857 24 21 1 21 19 1 19 16 1 16 12 1 12 11 1 11 8 1 8 5 1 5 4 1 4
858 16 12 1 12 9 1 9 8 1 8 7 1 7 2 1 2 1
859 19 9 1 9 7 1 7 6 1 6 5 1 5 4 1 4 2 1 2 1
860 39 18 1 18 17 1 17 16 1 16 15 1 15 13 1 13 12 1 12 10 1 10 9 1 9 8 1 8 7 1 7 5 1 5 4 1 4 3 1 3
861 6 3 1 3 2 1 2
862 12 5 1 5 4 1 4 3 1 3 2 1 2
863 12 8 1 8 7 1 7 4 1 4 3 1 3
864 3 2 1 2
865 30 19 1 19 18 1 18 17 1 17 16 1 16 11 1 11 7 1 7 6 1 6 5 1 5 3 1 3 2 1 2
866 4 3 1 3 1
867 7 5 1 5 3 1 3 1
868 25 20 1 20 15 1 15 13 1 13 12 1 12 11 1 11 7 1 7 6 1 6 5 1 5 1
869 25 14 1 14 12 1 12 10 1 10 9 1 9 7 1 7 5 1 5 4 1 4 2 1 2 1
870 9 4 1 4 3 1 3 2 1 2
871 4 3 1 3 1
872 33 22 1 22 19 1 19 17 1 17 16 1 16 15 1 15 13 1 13 11 1 11 10 1 10 9 1 9 8 1 8 6 1 6
873 43 26 1 26 24 1 24 23 1 23 22 1 22 19 1 19 18 1 18 16 1 16 14 1 14 13 1 13 7 1 7 6 1 6 5 1 5 4 1 4 3 1 3 1
874 4 5 1 5 1
875 42 29 1 29 28 1 28 25 1 25 21 1 21 20 1 20 19 1 19 18 1 18 17 1 17 15 1 15 12 1 12 11 1 11 5 1 5 3 1 3 2 1 2
876 30 19 1 19 17 1 17 16 1 16 14 1 14 13 1 13 11 1 11 9 1 9 8 1 8 7 1 7 2 1 2
877 30 14 1 14 13 1 13 12 1 12 10 1 10 9 1 9 8 1 8 7 1 7 6 1 6 4 1 4 2 1 2
878 34 29 1 29 27 1 27 26 1 26 24 1 24 23 1 23 15 1 15 11 1 11 9 1 9 8 1 8 6 1 6 2 1 2 1
879 34 26 1 26 22 1 22 18 1 18 17 1 17 15 1 15 14 1 14 12 1 12 10 1 10 7 1 7 6 1 6 5 1 5 1
880 12 11 1 11 10 1 10 6 1 6 5 1 5
881 22 9 1 9 8 1 8 7 1 7 6 1 6 5 1 5 4 1 4 3 1 3 1
882 3 2 1 2
883 37 22 1 22 20 1 20 19 1 19 17 1 17 15 1 15 14 1 14 12 1 12 10 1 10 9 1 9 5 1 5 4 1 4 3 1 3 1
884 34 18 1 18 17 1 17 16 1 16 14 1 14 13 1 13 9 1 9 6 1 6 5 1 5 4 1 4 3 1 3 2 1 2 1
885 34 27 1 27 24 1 24 23 1 23 22 1 22 17 1 17 16 1 16 14 1 14 13 1 13 9 1 9 7 1 7 2 1 2 1
886 13 11 1 11 10 1 10 7 1 7 2 1 2 1
887 24 20 1 20 19 1 19 18 1 18 13 1 13 12 1 12 11 1 11 8 1 8 6 1 6
888 18 9 1 9 6 1 6 5 1 5 4 1 4 3 1 3 2 1 2
889 15 8 1 8 6 1 6 4 1 4 3 1 3 2 1 2
890 39 24 1 24 23 1 23 20 1 20 18 1 18 17 1 17 16 1 16 13 1 13 12 1 12 9 1 9 7 1 7 6 1 6 5 1 5 4 1 4
891 39 29 1 29 28 1 28 27 1 27 26 1 26 21 1 21 19 1 19 18 1 18 16 1 16 13 1 13 12 1 12 5 1 5 4 1 4 2 1 2
892 37 20 1 20 18 1 18 17 1 17 16 1 16 15 1 15 14 1 14 12 1 12 10 1 10 6 1 6 5 1 5 4 1 4 3 1 3 1
893 36 29 1 29 28 1 28 18 1 18 17 1 17 15 1 15 14 1 14 13 1 13 11 1 11 10 1 10 5 1 5 3 1 3 2 1 2
894 13 9 1 9 4 1 4 3 1 3 2 1 2 1
895 3 2 1 2
896 36 27 1 27 26 1 26 24 1 24 20 1 20 18 1 18 15 1 15 13 1 13 10 1 10 9 1 9 8 1 8 4 1 4 3 1 3
897 9 4 1 4 3 1 3 2 1 2
898 7 3 1 3 2 1 2 1
899 27 26 1 26 24 1 24 23 1 23 21 1 21 20 1 20 12 1 12 11 1 11 9 1 9 4 1 4
900 18 10 1 10 9 1 9 8 1 8 7 1 7 4 1 4 3 1 3
901 34 28 1 28 26 1 26 25 1 25 22 1 22 21 1 21 19 1 19 17 1 17 16 1 16 10 1 10 9 1 9 7 1 7 1
902 30 19 1 19 18 1 18 17 1 17 15 1 15 14 1 14 13 1 13 7 1 7 6 1 6 4 1 4 2 1 2
903 15 15 1 15 13 1 13 11 1 11 10 1 10 9 1 9
904 43 30 1 30 29 1 29 28 1 28 26 1 26 24 1 24 20 1 20 18 1 18 17 1 17 15 1 15 13 1 13 10 1 10 7 1 7 6 1 6 2 1 2 1
905 16 9 1 9 7 1 7 5 1 5 3 1 3 2 1 2 1
906 6 6 1 6 4 1 4
907 22 14 1 14 13 1 13 12 1 12 9 1 9 6 1 6 5 1 5 3 1 3 1
908 24 16 1 16 15 1 15 10 1 10 8 1 8 7 1 7 6 1 6 5 1 5 2 1 2
909 13 6 1 6 5 1 5 3 1 3 2 1 2 1
910 18 17 1 17 14 1 14 9 1 9 5 1 5 4 1 4 2 1 2
911 43 27 1 27 23 1 23 21 1 21 20 1 20 19 1 19 15 1 15 13 1 13 11 1 11 8 1 8 7 1 7 6 1 6 4 1 4 3 1 3 2 1 2 1
912 21 13 1 13 11 1 11 8 1 8 7 1 7 5 1 5 4 1 4 2 1 2
913 19 11 1 11 9 1 9 8 1 8 6 1 6 3 1 3 2 1 2 1
914 31 28 1 28 21 1 21 18 1 18 17 1 17 14 1 14 9 1 9 7 1 7 6 1 6 5 1 5 4 1 4 1
915 28 15 1 15 14 1 14 10 1 10 9 1 9 8 1 8 7 1 7 6 1 6 4 1 4 3 1 3 1
916 7 10 1 10 2 1 2 1
917 22 17 1 17 16 1 16 11 1 11 8 1 8 6 1 6 3 1 3 2 1 2 1
918 1 1
919 4 2 1 2 1
920 48 29 1 29 28 1 28 27 1 27 25 1 25 24 1 24 23 1 23 22 1 22 21 1 21 18 1 18 17 1 17 11 1 11 10 1 10 7 1 7 6 1 6 5 1 5 3 1 3
921 33 24 1 24 23 1 23 22 1 22 18 1 18 17 1 17 15 1 15 10 1 10 8 1 8 6 1 6 5 1 5 3 1 3
922 7 4 1 4 3 1 3 1
923 4 5 1 5 1
924 7 5 1 5 4 1 4 1
925 28 21 1 21 20 1 20 17 1 17 16 1 16 15 1 15 13 1 13 12 1 12 9 1 9 6 1 6 1
926 6 4 1 4 2 1 2
927 36 30 1 30 29 1 29 27 1 27 26 1 26 25 1 25 24 1 24 23 1 23 19 1 19 18 1 18 11 1 11 7 1 7 2 1 2
928 15 9 1 9 8 1 8 6 1 6 4 1 4 2 1 2
929 0
930 1 1
931 21 21 1 21 20 1 20 17 1 17 15 1 15 14 1 14 13 1 13 9 1 9
932 30 15 1 15 13 1 13 11 1 11 10 1 10 9 1 9 8 1 8 7 1 7 6 1 6 4 1 4 2 1 2
933 43 27 1 27 26 1 26 25 1 25 24 1 24 17 1 17 15 1 15 13 1 13 11 1 11 10 1 10 8 1 8 7 1 7 6 1 6 4 1 4 3 1 3 1
934 3 2 1 2
935 28 20 1 20 19 1 19 16 1 16 15 1 15 14 1 14 10 1 10 9 1 9 8 1 8 6 1 6 1
936 34 21 1 21 20 1 20 18 1 18 17 1 17 15 1 15 13 1 13 12 1 12 10 1 10 6 1 6 5 1 5 3 1 3 1
937 31 15 1 15 14 1 14 13 1 13 12 1 12 9 1 9 8 1 8 6 1 6 4 1 4 3 1 3 2 1 2 1
938 3 2 1 2
939 34 27 1 27 22 1 22 20 1 20 17 1 17 16 1 16 14 1 14 11 1 11 9 1 9 8 1 8 7 1 7 3 1 3 1
940 7 8 1 8 2 1 2 1
941 0
942 30 14 1 14 13 1 13 12 1 12 11 1 11 10 1 10 9 1 9 7 1 7 5 1 5 4 1 4 2 1 2
943 31 20 1 20 17 1 17 16 1 16 15 1 15 11 1 11 10 1 10 9 1 9 4 1 4 3 1 3 2 1 2 1
944 40 15 1 15 13 1 13 12 1 12 11 1 11 10 1 10 9 1 9 8 1 8 7 1 7 6 1 6 5 1 5 4 1 4 3 1 3 2 1 2 1
945 9 5 1 5 4 1 4 2 1 2
946 42 28 1 28 24 1 24 23 1 23 22 1 22 21 1 21 19 1 19 18 1 18 16 1 16 14 1 14 13 1 13 11 1 11 8 1 8 6 1 6 5 1 5
947 31 18 1 18 17 1 17 14 1 14 12 1 12 11 1 11 9 1 9 8 1 8 7 1 7 5 1 5 4 1 4 1
948 24 16 1 16 13 1 13 11 1 11 10 1 10 9 1 9 5 1 5 4 1 4 3 1 3
949 15 9 1 9 8 1 8 7 1 7 6 1 6 5 1 5
950 16 12 1 12 9 1 9 7 1 7 6 1 6 4 1 4 1
951 10 6 1 6 5 1 5 3 1 3 1
952 45 24 1 24 20 1 20 19 1 19 18 1 18 17 1 17 16 1 16 15 1 15 10 1 10 9 1 9 7 1 7 6 1 6 5 1 5 4 1 4 3 1 3 2 1 2
953 18 17 1 17 16 1 16 13 1 13 8 1 8 6 1 6 5 1 5
954 13 12 1 12 11 1 11 5 1 5 4 1 4 1
955 30 19 1 19 18 1 18 16 1 16 15 1 15 14 1 14 11 1 11 8 1 8 6 1 6 4 1 4 3 1 3
956 13 11 1 11 8 1 8 7 1 7 6 1 6 1
957 28 22 1 22 16 1 16 14 1 14 12 1 12 11 1 11 10 1 10 7 1 7 6 1 6 3 1 3 1
958 46 27 1 27 26 1 26 25 1 25 24 1 24 23 1 23 22 1 22 21 1 21 15 1 15 12 1 12 9 1 9 8 1 8 7 1 7 6 1 6 5 1 5 4 1 4 1
959 36 24 1 24 23 1 23 19 1 19 17 1 17 16 1 16 15 1 15 14 1 14 12 1 12 10 1 10 7 1 7 5 1 5 2 1 2
960 22 12 1 12 10 1 10 9 1 9 5 1 5 4 1 4 3 1 3 2 1 2 1
961 22 12 1 12 11 1 11 10 1 10 7 1 7 4 1 4 3 1 3 2 1 2 1
962 10 4 1 4 3 1 3 2 1 2 1
963 22 10 1 10 8 1 8 7 1 7 6 1 6 5 1 5 4 1 4 2 1 2 1
964 31 22 1 22 21 1 21 20 1 20 17 1 17 16 1 16 12 1 12 9 1 9 8 1 8 7 1 7 2 1 2 1
965 43 24 1 24 23 1 23 22 1 22 21 1 21 20 1 20 19 1 19 18 1 18 17 1 17 13 1 13 12 1 12 8 1 8 7 1 7 6 1 6 2 1 2 1
966 3 2 1 2
967 18 9 1 9 8 1 8 7 1 7 6 1 6 3 1 3 2 1 2
968 4 2 1 2 1
969 21 15 1 15 14 1 14 12 1 12 11 1 11 8 1 8 6 1 6 3 1 3
970 28 20 1 20 19 1 19 18 1 18 16 1 16 15 1 15 11 1 11 10 1 10 8 1 8 4 1 4 1
971 25 19 1 19 17 1 17 12 1 12 11 1 11 10 1 10 9 1 9 6 1 6 3 1 3 1
972 25 17 1 17 15 1 15 13 1 13 12 1 12 9 1 9 7 1 7 3 1 3 2 1 2 1
973 15 13 1 13 11 1 11 9 1 9 8 1 8 4 1 4
974 24 12 1 12 9 1 9 8 1 8 7 1 7 6 1 6 5 1 5 4 1 4 3 1 3
975 10 5 1 5 4 1 4 3 1 3 1
976 43 30 1 30 29 1 29 28 1 28 26 1 26 25 1 25 24 1 24 20 1 20 19 1 19 18 1 18 17 1 17 13 1 13 12 1 12 7 1 7 3 1 3 1
977 22 17 1 17 11 1 11 9 1 9 8 1 8 7 1 7 5 1 5 3 1 3 1
978 0
979 7 4 1 4 2 1 2 1
980 19 10 1 10 7 1 7 6 1 6 4 1 4 3 1 3 2 1 2 1
981 49 26 1 26 25 1 25 24 1 24 23 1 23 22 1 22 20 1 20 19 1 19 17 1 17 15 1 15 14 1 14 13 1 13 12 1 12 11 1 11 7 1 7 6 1 6 5 1 5 1
982 4 3 1 3 1
983 25 17 1 17 16 1 16 15 1 15 14 1 14 12 1 12 8 1 8 7 1 7 4 1 4 1
984 21 15 1 15 13 1 13 10 1 10 9 1 9 4 1 4 3 1 3 2 1 2
985 9 10 1 10 5 1 5 2 1 2
986 10 5 1 5 3 1 3 2 1 2 1
987 25 23 1 23 22 1 22 19 1 19 17 1 17 13 1 13 10 1 10 8 1 8 2 1 2 1
988 10 5 1 5 4 1 4 2 1 2 1
989 12 9 1 9 5 1 5 3 1 3 2 1 2
990 25 13 1 13 12 1 12 11 1 11 8 1 8 5 1 5 4 1 4 3 1 3 2 1 2 1
991 45 29 1 29 27 1 27 26 1 26 25 1 25 23 1 23 18 1 18 15 1 15 14 1 14 13 1 13 11 1 11 8 1 8 7 1 7 6 1 6 5 1 5 4 1 4
992 42 24 1 24 23 1 23 22 1 22 21 1 21 17 1 17 16 1 16 15 1 15 13 1 13 9 1 9 7 1 7 6 1 6 5 1 5 3 1 3 2 1 2
993 36 29 1 29 28 1 28 23 1 23 22 1 22 21 1 21 19 1 19 18 1 18 17 1 17 15 1 15 11 1 11 3 1 3 2 1 2
994 6 7 1 7 3 1 3
995 9 21 1 21 18 1 18 14 1 14
996 19 9 1 9 8 1 8 7 1 7 6 1 6 4 1 4 2 1 2 1
997 31 24 1 24 22 1 22 21 1 21 20 1 20 15 1 15 13 1 13 11 1 11 8 1 8 7 1 7 3 1 3 1
998 15 10 1 10 8 1 8 5 1 5 3 1 3 2 1 2
999 16 7 1 7 6 1 6 4 1 4 3 1 3 2 1 2 1
1000 21 12 1 12 11 1 11 10 1 10 9 1 9 6 1 6 3 1 3 2 1 2
