1 50
2 62
3 95
4 119
5 128
6 112
7 73
8 78
9 ERROR
10 ERROR
11 135
12 80
13 109
14 129
15 94
16 DISQUALIFIED
17 127
18 86
19 112
20 ERROR
21 116
22 DISQUALIFIED
23 62
24 55
25 115
26 DISQUALIFIED
27 132
28 67
29 95
30 ERROR
31 71
32 108
33 67
34 93
35 123
36 60
37 ERROR
38 74
39 DISQUALIFIED
40 DISQUALIFIED
41 117
42 DISQUALIFIED
43 ERROR
44 ERROR
45 ERROR
46 ERROR
47 129
48 ERROR
49 130
50 78
51 59
52 DISQUALIFIED
53 74
54 83
55 78
56 112
57 DISQUALIFIED
58 ERROR
59 ERROR
60 95
61 88
62 92
63 61
64 53
65 103
66 60
67 ERROR
68 ERROR
69 ERROR
70 ERROR
71 94
72 DISQUALIFIED
73 103
74 DISQUALIFIED
75 81
76 ERROR
77 ERROR
78 112
79 79
80 113
81 114
82 94
83 66
84 50
85 75
86 99
87 ERROR
88 82
89 105
90 DISQUALIFIED
91 101
92 126
93 68
94 125
95 55
96 102
97 ERROR
98 52
99 73
100 129
101 126
102 DISQUALIFIED
103 80
104 94
105 ERROR
106 99
107 DISQUALIFIED
108 91
109 74
110 102
111 57
112 109
113 127
114 110
115 85
116 81
117 79
118 ERROR
119 134
120 75
121 ERROR
122 68
123 ERROR
124 91
125 ERROR
126 98
127 81
128 109
129 ERROR
130 50
131 DISQUALIFIED
132 125
133 ERROR
134 128
135 ERROR
136 74
137 74
138 53
139 58
140 118
141 56
142 103
143 64
144 84
145 81
146 116
147 69
148 78
149 ERROR
150 70
151 DISQUALIFIED
152 ERROR
153 64
154 ERROR
155 65
156 68
157 80
158 ERROR
159 121
160 ERROR
161 112
162 DISQUALIFIED
163 114
164 100
165 67
166 67
167 82
168 ERROR
169 73
170 ERROR
171 79
172 88
173 92
174 DISQUALIFIED
175 121
176 90
177 56
178 70
179 122
180 68
181 DISQUALIFIED
182 72
183 109
184 DISQUALIFIED
185 81
186 ERROR
187 92
188 113
189 ERROR
190 57
191 ERROR
192 70
193 85
194 ERROR
195 DISQUALIFIED
196 54
197 77
198 101
199 DISQUALIFIED
200 97
