1 5
2 11
3 781
4 1
5 36
6 95
7 281
8 2245
9 6336
10 18061
11 51205
12 145601
13 413351
14 1174500
15 3335651
16 9475901
17 26915305
18 76455961
19 217172736
20 1
21 5
22 11
23 36
24 95
25 281
26 2245
27 6336
28 18061
29 51205
30 145601
31 413351
32 1174500
33 3335651
34 9475901
35 26915305
36 76455961
37 217172736
38 1
39 5
40 11
41 36
42 95
43 281
44 2245
45 6336
46 18061
47 51205
48 145601
49 413351
50 1174500
51 3335651
52 9475901
53 26915305
54 76455961
55 217172736
56 1
57 5
58 11
59 36
60 95
61 281
62 2245
63 6336
64 18061
65 51205
66 145601
67 413351
68 1174500
69 3335651
70 9475901
71 26915305
72 76455961
73 217172736
74 1
75 5
76 11
77 36
78 95
79 281
80 2245
81 6336
82 18061
83 51205
84 145601
85 413351
86 1174500
87 3335651
88 9475901
89 26915305
90 76455961
91 217172736
92 1
93 5
94 11
95 36
96 95
97 281
98 2245
99 6336
100 18061
101 51205
102 145601
103 413351
104 1174500
105 3335651
106 9475901
107 26915305
108 76455961
109 217172736
110 1
111 5
112 11
113 36
114 95
115 281
116 2245
117 6336
118 18061
119 51205
120 145601
121 413351
122 1174500
123 3335651
124 9475901
125 26915305
126 76455961
127 217172736
128 1
129 5
130 11
131 36
132 95
133 281
134 2245
135 6336
136 18061
137 51205
138 145601
139 413351
140 1174500
141 3335651
142 9475901
143 26915305
144 76455961
145 217172736
146 1
147 5
148 11
149 36
150 95
151 281
152 2245
153 6336
154 18061
155 51205
156 145601
157 413351
158 1174500
159 3335651
160 9475901
161 26915305
162 76455961
163 217172736
164 1
165 5
166 11
167 36
168 95
169 281
170 2245
171 6336
172 18061
173 51205
174 145601
175 413351
176 1174500
177 3335651
178 9475901
179 26915305
180 76455961
181 217172736
182 1
183 5
184 11
185 36
186 95
187 281
188 2245
189 6336
190 18061
191 51205
192 145601
193 413351
194 1174500
195 3335651
196 9475901
197 26915305
198 76455961
199 217172736
200 1
201 5
202 11
203 36
204 95
205 281
206 2245
207 6336
208 18061
209 51205
210 145601
211 413351
212 1174500
213 3335651
214 9475901
215 26915305
216 76455961
217 217172736
218 1
219 5
220 11
221 36
222 95
223 281
224 2245
225 6336
226 18061
227 51205
228 145601
229 413351
230 1174500
231 3335651
232 9475901
233 26915305
234 76455961
235 217172736
236 1
237 5
238 11
239 36
240 95
241 281
242 2245
243 6336
244 18061
245 51205
246 145601
247 413351
248 1174500
249 3335651
250 9475901
251 26915305
252 76455961
253 217172736
254 1
255 5
256 11
257 36
258 95
259 281
260 2245
261 6336
262 18061
263 51205
264 145601
265 413351
266 1174500
267 3335651
268 9475901
269 26915305
270 76455961
271 217172736
272 1
273 5
274 11
275 36
276 95
277 281
278 2245
279 6336
280 18061
281 51205
282 145601
283 413351
284 1174500
285 3335651
286 9475901
287 26915305
288 76455961
289 217172736
290 1
291 5
292 11
293 36
294 95
295 281
296 2245
297 6336
298 18061
299 51205
300 145601
301 413351
302 1174500
303 3335651
304 9475901
305 26915305
306 76455961
307 217172736
308 1
309 5
310 11
311 36
312 95
313 281
314 2245
315 6336
316 18061
317 51205
318 145601
319 413351
320 1174500
321 3335651
322 9475901
323 26915305
324 76455961
325 217172736
326 1
327 5
328 11
329 36
330 95
331 281
332 2245
333 6336
334 18061
335 51205
336 145601
337 413351
338 1174500
339 3335651
340 9475901
341 26915305
342 76455961
343 217172736
344 1
345 5
346 11
347 36
348 95
349 281
350 2245
351 6336
352 18061
353 51205
354 145601
355 413351
356 1174500
357 3335651
358 9475901
359 26915305
360 76455961
361 217172736
362 1
363 5
364 11
365 36
366 95
367 281
368 2245
369 6336
370 18061
371 51205
372 145601
373 413351
374 1174500
375 3335651
376 9475901
377 26915305
378 76455961
379 217172736
380 1
381 5
382 11
383 36
384 95
385 281
386 2245
387 6336
388 18061
389 51205
390 145601
391 413351
392 1174500
393 3335651
394 9475901
395 26915305
396 76455961
397 217172736
398 1
399 5
400 11
401 36
402 95
403 281
404 2245
405 6336
406 18061
407 51205
408 145601
409 413351
410 1174500
411 3335651
412 9475901
413 26915305
414 76455961
415 217172736
416 1
417 5
418 11
419 36
420 95
421 281
422 2245
423 6336
424 18061
425 51205
426 145601
427 413351
428 1174500
429 3335651
430 9475901
431 26915305
432 76455961
433 217172736
434 1
435 5
436 11
437 36
438 95
439 281
440 2245
441 6336
442 18061
443 51205
444 145601
445 413351
446 1174500
447 3335651
448 9475901
449 26915305
450 76455961
451 217172736
452 1
453 5
454 11
455 36
456 95
457 281
458 2245
459 6336
460 18061
461 51205
462 145601
463 413351
464 1174500
465 3335651
466 9475901
467 26915305
468 76455961
469 217172736
470 1
471 5
472 11
473 36
474 95
475 281
476 2245
477 6336
478 18061
479 51205
480 145601
481 413351
482 1174500
483 3335651
484 9475901
485 26915305
486 76455961
487 217172736
488 1
489 5
490 11
491 36
492 95
493 281
494 2245
495 6336
496 18061
497 51205
498 145601
499 413351
500 1174500
501 3335651
502 9475901
503 26915305
504 76455961
505 217172736
506 1
507 5
508 11
509 36
510 95
511 281
512 2245
513 6336
514 18061
515 51205
516 145601
517 413351
518 1174500
519 3335651
520 9475901
521 26915305
522 76455961
523 217172736
524 1
525 5
526 11
527 36
528 95
529 281
530 2245
531 6336
532 18061
533 51205
534 145601
535 413351
536 1174500
537 3335651
538 9475901
539 26915305
540 76455961
541 217172736
542 1
543 5
544 11
545 36
546 95
547 281
548 2245
549 6336
550 18061
551 51205
552 145601
553 413351
554 1174500
555 3335651
556 9475901
557 26915305
558 76455961
559 217172736
560 1
561 5
562 11
563 36
564 95
565 281
566 2245
567 6336
568 18061
569 51205
570 145601
571 413351
572 1174500
573 3335651
574 9475901
575 26915305
576 76455961
577 217172736
578 1
579 5
580 11
581 36
582 95
583 281
584 2245
585 6336
586 18061
587 51205
588 145601
589 413351
590 1174500
591 3335651
592 9475901
593 26915305
594 76455961
595 217172736
