1 0 N N N N N
2 2 Y N Y N N
3 4 N Y Y Y Y
4 3 Y N Y N Y
5 4 Y Y Y Y N
6 5 Y Y Y Y Y
7 0 N N N N N
8 1 Y N N N N
9 2 N Y Y N N
10 3 N N Y Y Y
11 4 N Y Y Y Y
12 5 Y Y Y Y Y
13 0 N N N N N
14 1 N N Y N N
15 2 N Y N Y N
16 3 N Y Y N Y
17 4 Y Y Y N Y
18 5 Y Y Y Y Y
19 0 N N N N N
20 1 N Y N N N
21 2 N Y N Y N
22 3 Y N N Y Y
23 4 N Y Y Y Y
24 5 Y Y Y Y Y
25 0 N N N N N
26 1 N N N N Y
27 2 Y N N Y N
28 3 Y Y Y N N
29 4 Y Y Y Y N
30 5 Y Y Y Y Y
31 0 N N N N N
32 1 Y N N N N
33 2 Y N N N Y
34 3 N N Y Y Y
35 4 Y Y Y N Y
36 5 Y Y Y Y Y
