1 4
2 1
3 9
4 37
5 40197719157
6 0
7 1
8 16
9 101
10 425
11 226
12 1261
13 5342
14 3185
15 16661
16 70624
17 45397
18 227925
19 964702
20 654589
21 3192707
22 13483514
23 9533591
24 45499169
25 191695011
26 140024274
27 656975671
28 2761415749
29 2071251366
30 9585067029
31 30823385424
32 141022545077
33 590174378453
34 461076613802
35 2089303926185
36 8726567622555
37 6928035002534
38 31135655962227
39 129811259033521
40 104507122669576
41 466323616692283
42 1940942711798053
43 1581897746416066
44 7014487515180361
45 29150498233064655
46 24018140388709152
47 105912301155194501
48 439511434241632076
49 365668377576409175
50 1604517292705494701
51 0
52 1
53 4
54 1
55 9
56 37
57 16
58 101
59 425
60 226
61 1261
62 5342
63 3185
64 16661
65 70624
66 45397
67 227925
68 964702
69 654589
70 3192707
71 13483514
72 9533591
73 45499169
74 191695011
75 140024274
76 656975671
77 2761415749
78 2071251366
79 9585067029
80 40197719157
81 30823385424
82 141022545077
83 590174378453
84 461076613802
85 2089303926185
86 8726567622555
87 6928035002534
88 31135655962227
89 129811259033521
90 104507122669576
91 466323616692283
92 1940942711798053
93 1581897746416066
94 7014487515180361
95 29150498233064655
96 24018140388709152
97 105912301155194501
98 439511434241632076
99 365668377576409175
100 1604517292705494701
101 0
102 1
103 4
104 1
105 9
106 37
107 16
108 101
109 425
110 226
111 1261
112 5342
113 3185
114 16661
115 70624
116 45397
117 227925
118 964702
119 654589
120 3192707
121 13483514
122 9533591
123 45499169
124 191695011
125 140024274
126 656975671
127 2761415749
128 2071251366
129 9585067029
130 40197719157
131 30823385424
132 141022545077
133 590174378453
134 461076613802
135 2089303926185
136 8726567622555
137 6928035002534
138 31135655962227
139 129811259033521
140 104507122669576
141 466323616692283
142 1940942711798053
143 1581897746416066
144 7014487515180361
145 29150498233064655
146 24018140388709152
147 105912301155194501
148 439511434241632076
149 365668377576409175
150 1604517292705494701
151 0
152 1
153 4
154 1
155 9
156 37
157 16
158 101
159 425
160 226
161 1261
162 5342
163 3185
164 16661
165 70624
166 45397
167 227925
168 964702
169 654589
170 3192707
171 13483514
172 9533591
173 45499169
174 191695011
175 140024274
176 656975671
177 2761415749
178 2071251366
179 9585067029
180 40197719157
181 30823385424
182 141022545077
183 590174378453
184 461076613802
185 2089303926185
186 8726567622555
187 6928035002534
188 31135655962227
189 129811259033521
190 104507122669576
191 466323616692283
192 1940942711798053
193 1581897746416066
194 7014487515180361
195 29150498233064655
196 24018140388709152
197 105912301155194501
198 439511434241632076
199 365668377576409175
200 1604517292705494701
201 0
202 1
203 4
204 1
205 9
206 37
207 16
208 101
209 425
210 226
211 1261
212 5342
213 3185
214 16661
215 70624
216 45397
217 227925
218 964702
219 654589
220 3192707
221 13483514
222 9533591
223 45499169
224 191695011
225 140024274
226 656975671
227 2761415749
228 2071251366
229 9585067029
230 40197719157
231 30823385424
232 141022545077
233 590174378453
234 461076613802
235 2089303926185
236 8726567622555
237 6928035002534
238 31135655962227
239 129811259033521
240 104507122669576
241 466323616692283
242 1940942711798053
243 1581897746416066
244 7014487515180361
245 29150498233064655
246 24018140388709152
247 105912301155194501
248 439511434241632076
249 365668377576409175
250 1604517292705494701
251 0
252 1
253 4
254 1
255 9
256 37
257 16
258 101
259 425
260 226
261 1261
262 5342
263 3185
264 16661
265 70624
266 45397
267 227925
268 964702
269 654589
270 3192707
271 13483514
272 9533591
273 45499169
274 191695011
275 140024274
276 656975671
277 2761415749
278 2071251366
279 9585067029
280 40197719157
281 30823385424
282 141022545077
283 590174378453
284 461076613802
285 2089303926185
286 8726567622555
287 6928035002534
288 31135655962227
289 129811259033521
290 104507122669576
291 466323616692283
292 1940942711798053
293 1581897746416066
294 7014487515180361
295 29150498233064655
296 24018140388709152
297 105912301155194501
298 439511434241632076
299 365668377576409175
300 1604517292705494701
301 0
302 1
303 4
304 1
305 9
306 37
307 16
308 101
309 425
310 226
311 1261
312 5342
313 3185
314 16661
315 70624
316 45397
317 227925
318 964702
319 654589
320 3192707
321 13483514
322 9533591
323 45499169
324 191695011
325 140024274
326 656975671
327 2761415749
328 2071251366
329 9585067029
330 40197719157
331 30823385424
332 141022545077
333 590174378453
334 461076613802
335 2089303926185
336 8726567622555
337 6928035002534
338 31135655962227
339 129811259033521
340 104507122669576
341 466323616692283
342 1940942711798053
343 1581897746416066
344 7014487515180361
345 29150498233064655
346 24018140388709152
347 105912301155194501
348 439511434241632076
349 365668377576409175
350 1604517292705494701
351 0
352 1
353 4
354 1
355 9
356 37
357 16
358 101
359 425
360 226
361 1261
362 5342
363 3185
364 16661
365 70624
366 45397
367 227925
368 964702
369 654589
370 3192707
371 13483514
372 9533591
373 45499169
374 191695011
375 140024274
376 656975671
377 2761415749
378 2071251366
379 9585067029
380 40197719157
381 30823385424
382 141022545077
383 590174378453
384 461076613802
385 2089303926185
386 8726567622555
387 6928035002534
388 31135655962227
389 129811259033521
390 104507122669576
391 466323616692283
392 1940942711798053
393 1581897746416066
394 7014487515180361
395 29150498233064655
396 24018140388709152
397 105912301155194501
398 439511434241632076
399 365668377576409175
400 1604517292705494701
401 0
402 1
403 4
404 1
405 9
406 37
407 16
408 101
409 425
410 226
411 1261
412 5342
413 3185
414 16661
415 70624
416 45397
417 227925
418 964702
419 654589
420 3192707
421 13483514
422 9533591
423 45499169
424 191695011
425 140024274
426 656975671
427 2761415749
428 2071251366
429 9585067029
430 40197719157
431 30823385424
432 141022545077
433 590174378453
434 461076613802
435 2089303926185
436 8726567622555
437 6928035002534
438 31135655962227
439 129811259033521
440 104507122669576
441 466323616692283
442 1940942711798053
443 1581897746416066
444 7014487515180361
445 29150498233064655
446 24018140388709152
447 105912301155194501
448 439511434241632076
449 365668377576409175
450 1604517292705494701
451 0
452 1
453 4
454 1
455 9
456 37
457 16
458 101
459 425
460 226
461 1261
462 5342
463 3185
464 16661
465 70624
466 45397
467 227925
468 964702
469 654589
470 3192707
471 13483514
472 9533591
473 45499169
474 191695011
475 140024274
476 656975671
477 2761415749
478 2071251366
479 9585067029
480 40197719157
481 30823385424
482 141022545077
483 590174378453
484 461076613802
485 2089303926185
486 8726567622555
487 6928035002534
488 31135655962227
489 129811259033521
490 104507122669576
491 466323616692283
492 1940942711798053
493 1581897746416066
494 7014487515180361
495 29150498233064655
496 24018140388709152
497 105912301155194501
498 439511434241632076
499 365668377576409175
500 1604517292705494701
501 0
502 1
503 4
504 1
505 9
506 37
507 16
508 101
509 425
510 226
511 1261
512 5342
513 3185
514 16661
515 70624
516 45397
517 227925
518 964702
519 654589
520 3192707
521 13483514
522 9533591
523 45499169
524 191695011
525 140024274
526 656975671
527 2761415749
528 2071251366
529 9585067029
530 40197719157
531 30823385424
532 141022545077
533 590174378453
534 461076613802
535 2089303926185
536 8726567622555
537 6928035002534
538 31135655962227
539 129811259033521
540 104507122669576
541 466323616692283
542 1940942711798053
543 1581897746416066
544 7014487515180361
545 29150498233064655
546 24018140388709152
547 105912301155194501
548 439511434241632076
549 365668377576409175
550 1604517292705494701
551 0
552 1
553 4
554 1
555 9
556 37
557 16
558 101
559 425
560 226
561 1261
562 5342
563 3185
564 16661
565 70624
566 45397
567 227925
568 964702
569 654589
570 3192707
571 13483514
572 9533591
573 45499169
574 191695011
575 140024274
576 656975671
577 2761415749
578 2071251366
579 9585067029
580 40197719157
581 30823385424
582 141022545077
583 590174378453
584 461076613802
585 2089303926185
586 8726567622555
587 6928035002534
588 31135655962227
589 129811259033521
590 104507122669576
591 466323616692283
592 1940942711798053
593 1581897746416066
594 7014487515180361
595 29150498233064655
596 24018140388709152
597 105912301155194501
598 439511434241632076
599 365668377576409175
600 1604517292705494701
601 0
602 1
603 4
604 1
605 9
606 37
607 16
608 101
609 425
610 226
611 1261
612 5342
613 3185
614 16661
615 70624
616 45397
617 227925
618 964702
619 654589
620 3192707
621 13483514
622 9533591
623 45499169
624 191695011
625 140024274
626 656975671
627 2761415749
628 2071251366
629 9585067029
630 40197719157
631 30823385424
632 141022545077
633 590174378453
634 461076613802
635 2089303926185
636 8726567622555
637 6928035002534
638 31135655962227
639 129811259033521
640 104507122669576
641 466323616692283
642 1940942711798053
643 1581897746416066
644 7014487515180361
645 29150498233064655
646 24018140388709152
647 105912301155194501
648 439511434241632076
649 365668377576409175
650 1604517292705494701
651 0
652 1
653 4
654 1
655 9
656 37
657 16
658 101
659 425
660 226
661 1261
662 5342
663 3185
664 16661
665 70624
666 45397
667 227925
668 964702
669 654589
670 3192707
671 13483514
672 9533591
673 45499169
674 191695011
675 140024274
676 656975671
677 2761415749
678 2071251366
679 9585067029
680 40197719157
681 30823385424
682 141022545077
683 590174378453
684 461076613802
685 2089303926185
686 8726567622555
687 6928035002534
688 31135655962227
689 129811259033521
690 104507122669576
691 466323616692283
692 1940942711798053
693 1581897746416066
694 7014487515180361
695 29150498233064655
696 24018140388709152
697 105912301155194501
698 439511434241632076
699 365668377576409175
700 1604517292705494701
701 0
702 1
703 4
704 1
705 9
706 37
707 16
708 101
709 425
710 226
711 1261
712 5342
713 3185
714 16661
715 70624
716 45397
717 227925
718 964702
719 654589
720 3192707
721 13483514
722 9533591
723 45499169
724 191695011
725 140024274
726 656975671
727 2761415749
728 2071251366
729 9585067029
730 40197719157
731 30823385424
732 141022545077
733 590174378453
734 461076613802
735 2089303926185
736 8726567622555
737 6928035002534
738 31135655962227
739 129811259033521
740 104507122669576
741 466323616692283
742 1940942711798053
743 1581897746416066
744 7014487515180361
745 29150498233064655
746 24018140388709152
747 105912301155194501
748 439511434241632076
749 365668377576409175
750 1604517292705494701
751 0
752 1
753 4
754 1
755 9
756 37
757 16
758 101
759 425
760 226
761 1261
762 5342
763 3185
764 16661
765 70624
766 45397
767 227925
768 964702
769 654589
770 3192707
771 13483514
772 9533591
773 45499169
774 191695011
775 140024274
776 656975671
777 2761415749
778 2071251366
779 9585067029
780 40197719157
781 30823385424
782 141022545077
783 590174378453
784 461076613802
785 2089303926185
786 8726567622555
787 6928035002534
788 31135655962227
789 129811259033521
790 104507122669576
791 466323616692283
792 1940942711798053
793 1581897746416066
794 7014487515180361
795 29150498233064655
796 24018140388709152
797 105912301155194501
798 439511434241632076
799 365668377576409175
800 1604517292705494701
801 0
802 1
803 4
804 1
805 9
806 37
807 16
808 101
809 425
810 226
811 1261
812 5342
813 3185
814 16661
815 70624
816 45397
817 227925
818 964702
819 654589
820 3192707
821 13483514
822 9533591
823 45499169
824 191695011
825 140024274
826 656975671
827 2761415749
828 2071251366
829 9585067029
830 40197719157
831 30823385424
832 141022545077
833 590174378453
834 461076613802
835 2089303926185
836 8726567622555
837 6928035002534
838 31135655962227
839 129811259033521
840 104507122669576
841 466323616692283
842 1940942711798053
843 1581897746416066
844 7014487515180361
845 29150498233064655
846 24018140388709152
847 105912301155194501
848 439511434241632076
849 365668377576409175
850 1604517292705494701
851 0
852 1
853 4
854 1
855 9
856 37
857 16
858 101
859 425
860 226
861 1261
862 5342
863 3185
864 16661
865 70624
866 45397
867 227925
868 964702
869 654589
870 3192707
871 13483514
872 9533591
873 45499169
874 191695011
875 140024274
876 656975671
877 2761415749
878 2071251366
879 9585067029
880 40197719157
881 30823385424
882 141022545077
883 590174378453
884 461076613802
885 2089303926185
886 8726567622555
887 6928035002534
888 31135655962227
889 129811259033521
890 104507122669576
891 466323616692283
892 1940942711798053
893 1581897746416066
894 7014487515180361
895 29150498233064655
896 24018140388709152
897 105912301155194501
898 439511434241632076
899 365668377576409175
900 1604517292705494701
901 0
902 1
903 4
904 1
905 9
906 37
907 16
908 101
909 425
910 226
911 1261
912 5342
913 3185
914 16661
915 70624
916 45397
917 227925
918 964702
919 654589
920 3192707
921 13483514
922 9533591
923 45499169
924 191695011
925 140024274
926 656975671
927 2761415749
928 2071251366
929 9585067029
930 40197719157
931 30823385424
932 141022545077
933 590174378453
934 461076613802
935 2089303926185
936 8726567622555
937 6928035002534
938 31135655962227
939 129811259033521
940 104507122669576
941 466323616692283
942 1940942711798053
943 1581897746416066
944 7014487515180361
945 29150498233064655
946 24018140388709152
947 105912301155194501
948 439511434241632076
949 365668377576409175
950 1604517292705494701
951 0
952 1
953 4
954 1
955 9
956 37
957 16
958 101
959 425
960 226
961 1261
962 5342
963 3185
964 16661
965 70624
966 45397
967 227925
968 964702
969 654589
970 3192707
971 13483514
972 9533591
973 45499169
974 191695011
975 140024274
976 656975671
977 2761415749
978 2071251366
979 9585067029
980 40197719157
981 30823385424
982 141022545077
983 590174378453
984 461076613802
985 2089303926185
986 8726567622555
987 6928035002534
988 31135655962227
989 129811259033521
990 104507122669576
991 466323616692283
992 1940942711798053
993 1581897746416066
994 7014487515180361
995 29150498233064655
996 24018140388709152
997 105912301155194501
998 439511434241632076
999 365668377576409175
1000 1604517292705494701
