1 1
2 1
3 21
4 6765
5 836311903
6 8755920
7 499999999
8 500000001
9 0
10 500000001
11 309764667
12 978079970
13 331684697
14 646395273
15 685289424
16 961105849
17 724183575
18 236922274
19 487261301
20 749660973
21 737600328
22 12060645
23 725539683
24 286520962
25 439018721
26 847502241
27 591516480
28 255985761
29 335530719
30 920455042
31 415075677
32 505379365
33 909696312
34 595683053
35 314013259
36 281669794
37 32343465
38 249326329
39 783017136
40 466309193
41 316707943
42 149601250
43 167106693
44 982494557
45 184612136
46 797882421
47 386729715
48 411152706
49 975577009
50 435575697
51 540001312
52 895574385
53 644426927
54 251147458
55 393279469
56 857867989
57 535411480
58 322456509
59 212954971
60 109501538
61 103453433
62 6048105
63 97405328
64 908642777
65 188762551
66 719880226
67 468882325
68 250997901
69 217884424
70 33113477
71 184770947
72 848342530
73 336428417
74 511914113
75 824514304
76 687399809
77 137114495
78 550285314
79 586829181
80 963456133
81 623373048
82 340083085
83 283289963
84 56793122
85 226496841
86 830296281
87 396200560
88 434095721
89 962104839
90 471990882
91 490113957
92 981876925
93 508237032
94 473639893
95 34597139
96 439042754
97 595554385
98 843488369
99 752066016
100 91422353
