1 YES
2 NO
3 YES
4 NO
5 NO
6 NO
7 YES
8 YES
9 YES
10 YES
11 YES
12 YES
13 YES
14 NO
15 NO
16 NO
17 YES
18 YES
19 NO
20 NO
21 NO
22 NO
23 YES
24 YES
25 YES
26 NO
27 YES
28 YES
29 NO
30 NO
31 YES
32 NO
33 YES
34 NO
35 YES
36 YES
37 NO
38 NO
39 NO
40 YES
41 YES
42 YES
43 NO
44 NO
45 YES
46 YES
47 NO
48 YES
49 NO
50 NO
51 NO
52 YES
53 YES
54 NO
55 YES
56 YES
57 YES
58 YES
59 YES
60 NO
61 NO
62 YES
63 NO
64 NO
65 YES
66 NO
67 YES
68 YES
69 YES
70 NO
71 NO
72 NO
73 YES
74 YES
75 NO
76 NO
77 YES
78 YES
79 NO
80 NO
81 NO
82 YES
83 YES
84 YES
85 NO
86 YES
87 YES
88 NO
89 YES
90 YES
91 YES
92 YES
93 YES
94 YES
95 NO
96 YES
97 NO
98 NO
99 NO
100 NO
101 YES
102 NO
103 YES
104 YES
105 YES
106 NO
107 NO
108 YES
109 YES
110 NO
111 NO
112 YES
113 NO
114 NO
115 YES
116 NO
117 YES
118 NO
119 YES
120 YES
121 NO
122 YES
123 NO
124 YES
125 YES
126 YES
127 NO
128 YES
129 YES
130 NO
131 YES
132 NO
133 NO
134 YES
135 YES
136 YES
137 YES
138 NO
139 YES
140 YES
141 YES
142 NO
143 NO
144 YES
145 NO
146 YES
147 NO
148 YES
149 YES
150 NO
151 NO
152 YES
153 NO
154 NO
155 NO
156 YES
157 NO
158 YES
159 NO
160 NO
161 NO
162 YES
163 YES
164 NO
165 YES
166 YES
167 NO
168 NO
169 NO
170 NO
171 NO
172 NO
173 NO
174 YES
175 NO
176 YES
177 YES
178 YES
179 NO
180 NO
181 NO
182 YES
183 NO
184 NO
185 NO
186 NO
187 NO
188 NO
189 NO
190 NO
191 YES
192 YES
193 YES
194 YES
195 YES
196 YES
197 YES
198 NO
199 YES
200 YES
201 NO
202 NO
203 YES
204 NO
205 YES
206 NO
207 NO
208 YES
209 YES
210 NO
211 NO
212 YES
213 YES
214 YES
215 YES
216 NO
217 NO
218 NO
219 NO
220 NO
221 YES
222 YES
223 NO
224 NO
225 YES
226 YES
227 NO
228 YES
229 NO
230 YES
231 YES
232 YES
233 NO
234 YES
235 NO
236 NO
237 NO
238 YES
239 NO
240 YES
241 NO
242 NO
243 NO
244 YES
245 YES
246 NO
247 YES
248 NO
249 NO
250 NO
251 NO
252 YES
253 YES
254 YES
255 NO
256 NO
257 NO
258 NO
259 YES
260 NO
261 NO
262 YES
263 YES
264 NO
265 NO
266 YES
267 YES
268 NO
269 NO
270 YES
271 NO
272 NO
273 YES
274 NO
275 YES
276 YES
277 YES
278 NO
279 NO
280 YES
281 NO
282 NO
283 YES
284 NO
285 NO
286 NO
287 NO
288 NO
289 YES
290 YES
291 NO
292 YES
293 YES
294 NO
295 NO
296 NO
297 NO
298 NO
299 NO
300 NO
301 YES
302 NO
303 NO
304 NO
305 NO
306 NO
307 YES
308 YES
309 YES
310 NO
311 NO
312 NO
313 YES
314 YES
315 NO
316 NO
317 YES
318 NO
319 NO
320 NO
321 NO
322 YES
323 YES
324 YES
325 NO
326 NO
327 NO
328 YES
329 YES
330 NO
331 NO
332 NO
333 YES
334 YES
335 YES
336 NO
337 YES
338 YES
339 NO
340 YES
341 YES
342 NO
343 NO
344 YES
345 YES
346 NO
347 NO
348 YES
349 YES
350 NO
351 NO
352 NO
353 NO
354 YES
355 NO
356 NO
357 NO
358 NO
359 YES
360 YES
361 YES
362 NO
363 NO
364 YES
365 NO
366 NO
367 YES
368 NO
369 NO
370 YES
371 YES
372 NO
373 YES
374 YES
375 NO
376 NO
377 YES
378 NO
379 YES
380 YES
381 YES
382 YES
383 YES
384 YES
385 NO
386 NO
387 YES
388 NO
389 NO
390 YES
391 NO
392 NO
393 YES
394 YES
395 NO
396 YES
397 NO
398 YES
399 NO
400 NO
401 YES
402 YES
403 NO
404 NO
405 NO
406 YES
407 YES
408 NO
409 YES
410 NO
411 YES
412 NO
413 YES
414 YES
415 YES
416 NO
417 YES
418 NO
419 YES
420 NO
421 NO
422 NO
423 NO
424 YES
425 NO
426 NO
427 NO
428 YES
429 YES
430 YES
431 NO
432 YES
433 NO
434 YES
435 YES
436 YES
437 NO
438 NO
439 YES
440 NO
441 NO
442 NO
443 YES
444 NO
445 YES
446 YES
447 NO
448 YES
449 NO
450 YES
451 YES
452 YES
453 YES
454 YES
455 NO
456 NO
457 YES
458 YES
459 YES
460 NO
461 YES
462 YES
463 NO
464 YES
465 NO
466 YES
467 NO
468 YES
469 NO
470 YES
471 NO
472 NO
473 NO
474 YES
475 NO
476 YES
477 NO
478 NO
479 YES
480 NO
481 YES
482 NO
483 YES
484 NO
485 YES
486 NO
487 NO
488 YES
489 YES
490 NO
491 YES
492 YES
493 YES
494 NO
495 YES
496 NO
497 YES
498 YES
499 YES
500 NO
