1 55
2 235
3 18848806
4 500
5 7418847
6 32900768
7 8079683
8 65534
9 500
10 268288003
11 268435392
12 16320
13 474
14 32448
15 268288003
16 67076096
17 2097147
18 33554404
19 1081
20 12
21 16064
22 4194292
23 2965270
24 32766
25 2
26 1048548
27 134202368
28 12
29 523968
30 16777152
31 1202
32 62
33 7873
34 4068
35 2097147
36 126
37 960
38 4
39 510
40 33484808
41 507
42 268435444
43 21
44 52107
45 1041411
46 16382
47 33554430
48 3
49 86
50 2097150
51 268435444
52 4091
53 16777152
54 101
55 2027934
56 1584872
57 230380
58 12
59 126
60 16775680
