1 1.40456 0.82890
2 1.56047 0.74902
3 3.87699 0.40167
4 1.28558 3.36163
5 -0.06619 -2.09377
6 -3.38510 -1.34009
7 1.67768 0.15932
8 1.27988 -0.88248
9 4.05685 0.90668
10 2.46050 3.79122
11 3.91543 -1.56405
12 0.46826 -6.37708
13 1.90043 5.99650
14 1.28489 2.24963
15 3.56088 3.29351
16 0.95492 1.29528
17 5.26791 1.88436
18 2.81860 -0.01798
19 -1.79451 -1.52397
20 -3.12805 -6.35990
21 0.99074 -2.35598
22 -6.35097 1.99373
23 -2.10470 -4.08163
24 -2.43579 -3.56510
25 -2.41719 -3.10631
26 5.08134 2.43873
27 2.30912 1.66056
28 -1.97367 -0.42653
29 3.39333 -1.31555
30 0.69672 -4.63313
31 -2.46583 1.53683
32 -2.54011 1.38553
33 -3.42588 -3.71559
34 3.04632 -6.53601
35 -4.23990 -4.14207
36 -3.53671 6.12103
37 2.41918 2.46777
38 3.69759 0.86546
39 6.97827 1.60063
40 -0.12972 -7.39946
41 6.42659 -0.73371
42 -0.12611 -7.05841
43 1.60974 -1.02852
44 -4.79573 -4.40609
45 1.23482 0.70976
46 0.22644 -4.72671
47 -3.96916 2.68889
48 -5.97033 1.25196
49 -8.09902 3.17693
50 2.26918 -2.31433
51 1.25506 3.13383
52 3.26860 -1.67491
53 -3.65879 -0.32126
54 3.32561 3.02587
55 -5.37683 -1.78943
56 2.17165 0.74788
57 -1.05702 -2.08643
58 -2.08806 1.51304
59 -2.06315 -0.16843
60 -2.44321 -2.45336
61 -0.95827 -2.84569
62 2.14748 -6.74573
63 2.48292 -1.22542
64 5.90895 -2.74221
65 -4.31442 4.65487
66 -0.72042 2.43426
67 -0.57822 3.57321
68 -4.35521 0.14113
69 -2.89377 1.00876
70 -3.77811 -1.23109
71 1.34360 0.41119
72 3.19725 1.48414
73 3.05953 5.81336
74 -2.79406 -3.37473
75 3.19187 0.64375
76 -7.58393 -1.28237
77 1.12460 -0.55177
78 6.54502 1.13271
79 2.00751 -0.87714
80 7.92732 -1.29380
81 -2.02834 1.70008
82 -2.25482 5.65372
83 -4.08155 4.72631
84 -3.53559 -0.76866
85 3.31954 -0.51374
86 0.28259 1.68533
87 -5.51176 0.73388
88 3.75970 0.97283
89 -1.28839 0.84454
90 -0.68321 1.75435
91 -5.13001 1.90529
92 -0.60308 3.02499
93 0.79106 -0.02798
94 -3.89778 3.03476
95 -0.49736 -0.35620
96 -3.13062 2.27998
97 3.55867 0.13539
98 2.75858 -4.31036
99 3.42022 0.82657
100 -1.19851 -0.09521
101 6.59756 0.57490
102 -0.47672 -1.21708
103 0.01085 3.24358
104 -4.02629 1.93378
105 6.83576 -2.71247
106 -0.15590 3.77318
107 -3.47296 3.66668
108 1.90022 -2.08533
109 -2.41230 0.29951
110 -4.90758 -0.31451
111 -0.24042 0.95952
112 1.96474 7.08159
113 4.99078 4.24343
114 -4.98919 2.37304
115 -0.62480 -0.55113
116 -4.11174 0.55199
117 1.18972 -7.23205
118 5.56790 -3.90823
119 -0.17138 -1.16610
120 4.78664 -1.86500
121 -1.93748 4.04591
122 3.52842 0.06134
123 -3.44743 1.56027
124 -2.63334 0.54709
125 6.50974 -3.42673
126 -5.93258 -0.35397
127 1.40847 -4.37965
128 0.98891 2.43720
129 1.77178 -4.54850
130 -1.18118 1.66115
131 3.61849 -8.43876
132 -3.78537 -0.81612
133 4.02994 5.66340
134 0.13543 -0.12365
135 0.33955 4.41733
136 -0.88371 3.43469
137 -3.69932 1.94759
138 -8.01496 -2.48148
139 0.13079 5.63676
140 -2.57479 0.82244
141 -0.50494 0.98955
142 -5.50729 -2.71290
143 0.81415 -4.46306
144 0.32805 7.41827
145 6.66533 -0.17555
146 -0.29983 4.84185
147 -3.72422 0.34217
148 1.61598 -1.84108
149 -5.30381 -0.25456
150 1.43197 -0.03878
151 -1.15306 -2.37510
152 2.67257 4.56472
153 3.03011 2.33994
154 -4.44216 0.89779
155 3.29205 0.27125
156 4.90154 -3.32391
157 -6.19798 -0.96968
158 -0.59679 -4.80246
159 0.92737 2.06625
160 -0.46937 -0.68674
161 1.02250 3.38930
162 -1.13259 5.29025
163 4.03201 -3.38030
164 -3.20984 0.52741
165 1.29534 -5.08132
166 -2.32938 5.45456
167 2.15568 7.20024
168 0.56429 2.01319
169 2.31459 -5.61254
170 -3.43272 -2.32021
171 3.57075 -4.69866
172 1.77265 5.85046
173 3.36897 -1.11948
174 2.09285 -4.89009
175 -4.71127 2.02610
176 5.67970 1.14285
177 -2.15118 2.43683
178 -6.22374 1.31471
179 4.18611 -0.82711
180 -6.06756 -1.36234
181 -0.05009 2.98650
182 0.09717 2.09807
183 2.33429 -2.42730
184 -0.39003 3.61742
185 0.51822 -2.56955
186 1.94385 -1.48976
187 3.14080 -0.54226
188 -4.06026 -0.75531
189 -1.06221 4.34644
190 -3.37448 1.03982
191 0.33203 -3.93784
192 0.35145 -3.11513
193 -2.91849 -5.57747
194 0.56559 -0.84309
195 -4.46718 -2.36138
196 -0.83533 -2.21862
197 -4.48048 0.30896
198 -1.04545 -0.99347
199 -0.43440 3.19956
200 1.05952 5.70081
201 2.45722 -4.50235
202 0.56371 -3.42901
203 -2.99820 -4.13531
204 0.68368 -4.03639
205 -1.31554 1.85477
206 2.57195 0.31373
207 0.81499 1.84999
208 -2.32543 -0.40506
209 0.82699 -3.65945
210 -3.63348 2.10286
211 2.96582 6.30099
212 2.11116 0.48487
213 -4.31943 -5.38265
214 -0.80403 3.58309
215 2.94388 2.17126
216 -1.20302 0.52026
217 -4.93528 -5.70137
218 4.06812 -2.14624
219 -3.41218 0.97127
220 3.90269 -3.45643
221 2.10487 1.08618
222 -0.47325 0.54118
223 2.33606 -2.74750
224 3.09821 2.47256
225 0.15950 -5.16145
226 2.83530 -2.35039
227 3.43061 -2.28551
228 3.30067 4.10131
229 6.47875 -2.06396
230 0.87428 -7.40867
231 3.73735 2.27181
232 1.46634 2.65741
233 -2.18374 3.38060
234 2.73748 -4.59666
235 -0.02697 -1.76257
236 0.43792 -1.15906
237 -0.87104 5.17620
238 6.13322 3.26768
239 1.88960 -2.86942
240 -3.84416 -0.97839
241 -0.29339 0.47089
242 -2.80990 0.39491
243 2.17589 1.80106
244 -0.65137 -1.18501
245 -0.60117 -3.47658
246 2.66017 -1.31534
247 -1.84051 -1.75384
248 -1.28680 2.78016
249 4.05279 -1.39990
250 3.20827 3.68044
251 0.73572 1.18566
252 -2.65981 2.91407
253 -0.67385 3.82279
254 -1.76207 -1.01718
255 -1.31466 -2.67632
256 -1.35230 -2.91701
257 5.86475 1.28091
258 2.70991 3.31687
259 1.02840 -2.68549
260 0.78844 0.53062
261 3.42997 3.49378
262 -1.96882 2.14699
263 -2.00494 -3.43424
264 3.08199 -3.17322
265 -2.11661 5.57253
266 1.57741 -3.61654
267 1.11746 -1.82175
268 -1.16578 -0.55152
269 -0.00346 -0.69243
270 -4.89199 -0.30505
271 2.90244 -3.21667
272 -0.11979 -2.26540
273 -0.31448 -3.96844
274 -4.39682 1.28843
275 -3.17447 4.28741
276 -2.37385 -3.23200
277 -3.91620 -5.19047
278 1.80862 -0.35049
279 2.08937 -2.29634
280 0.97416 2.14295
281 -1.19056 -3.12059
282 -1.08579 0.99028
283 1.13343 1.70829
284 1.53191 2.09317
285 1.05865 1.37759
286 2.30813 -2.85641
287 0.43735 2.34721
288 2.22354 0.44289
289 1.45698 -1.94925
290 0.42303 -0.56478
291 1.30879 -1.72265
292 0.12755 1.69595
293 1.28534 -3.44237
294 3.39918 1.12366
295 -0.49020 -1.31981
296 -0.35185 -2.51197
297 0.18076 2.91063
298 2.06395 -3.01710
299 -3.66028 0.16042
300 -0.37621 -4.52658
301 -3.84462 -1.03503
302 0.47689 -2.32573
303 -0.30692 0.83649
304 -0.41616 0.42405
305 1.55279 -2.94811
306 -0.27080 -3.95728
307 0.29649 -1.03878
308 -4.88449 -0.82536
309 -4.43686 -1.47664
310 -1.90230 -0.20922
311 -0.06503 5.34391
312 0.26112 -0.80020
313 -1.88023 0.71021
314 1.02884 -2.52416
315 -0.63516 2.91445
316 -0.07756 -0.69442
317 -3.33778 2.30940
318 0.00156 1.74546
319 -2.81317 -2.10113
320 -0.45938 1.11459
321 4.00390 2.33364
322 -2.01861 3.38621
323 -0.34217 -0.33556
324 -3.28385 -0.90554
325 -1.35384 -1.74375
326 -1.55701 -4.24126
327 -0.61159 -2.97741
328 4.22357 -2.62810
329 -1.19623 -0.48520
330 -0.02090 0.79063
331 -3.21963 3.32040
332 3.88430 3.41252
333 -0.54679 -0.17893
334 -2.85428 3.81807
335 3.18117 -0.91640
336 -0.78135 -0.49930
337 0.92183 0.24607
338 -2.34006 3.83713
339 3.65196 0.36662
340 1.69671 -0.17413
341 2.25741 4.96516
342 -0.92373 0.77359
343 1.36292 0.39384
344 -0.33781 -2.78686
345 -1.94414 0.49548
346 0.36628 -2.41920
347 -2.08552 1.90323
348 0.37333 -1.16337
349 -0.09837 3.27357
350 -2.10416 -3.34226
351 -0.02533 2.80893
352 1.41024 1.90194
353 1.57763 2.46991
354 -2.25039 -3.32180
355 1.16576 -0.52822
356 0.55285 -5.01522
357 1.83555 -2.61730
358 3.13338 2.78787
359 -0.67667 -1.26502
360 0.03891 0.65501
361 3.69989 -1.36586
362 0.41017 -2.47390
363 0.28949 -2.02578
364 0.38098 1.93525
365 -0.35327 -3.49416
366 -0.72507 -1.74285
367 -1.01938 -1.36000
368 0.47023 3.39660
369 -1.18900 -4.06684
370 2.64677 0.42847
371 5.13591 2.44235
372 -4.03536 2.01844
373 -2.73236 -1.23699
374 -3.41863 -1.89205
375 -2.23606 -1.92569
376 2.95883 -0.48790
377 -0.83844 -0.82278
378 1.33363 3.59846
379 0.74654 -1.53640
380 -0.41671 0.69216
381 -0.65285 1.76557
382 -2.12694 -1.25944
383 2.65553 0.02739
384 4.84033 -1.29346
385 3.31670 -1.74402
386 -1.30684 -2.23458
387 -1.28858 -1.67458
388 1.96614 0.59134
389 -1.38311 1.29504
390 0.33002 1.26576
391 1.19547 -3.40083
392 -1.83180 0.57866
393 0.42101 -1.18336
394 0.74568 -2.26473
395 3.06402 -1.25139
396 -3.50463 1.41525
397 -2.16674 3.11160
398 -1.56091 -4.09820
399 3.46523 -2.45242
400 0.93967 -0.42019
401 0.13812 -2.35646
402 -0.90904 -2.36143
403 2.92022 -1.72206
404 -0.57043 -1.64486
405 1.61305 0.18538
406 -4.59861 -1.23513
407 -1.28365 4.15121
408 3.51928 2.13448
409 0.23256 0.05224
410 -0.54803 -3.50866
411 -2.01123 -1.24075
412 1.74976 3.12648
413 0.26273 0.95493
414 -1.32607 2.22364
415 0.70329 4.35492
416 0.89130 -0.86303
417 -1.35034 -1.39553
418 2.14845 -0.18489
419 0.41073 0.45967
420 -3.40307 0.99115
421 3.15316 -1.37683
422 2.13911 -2.68890
423 -0.01212 1.31282
424 1.29891 -3.05909
425 1.98546 3.08302
426 -0.60447 -0.17783
427 -1.39633 -1.50480
428 -1.16544 -3.64569
429 2.88605 0.07605
430 -0.99054 2.96170
431 3.88271 0.28144
432 -0.33941 0.89030
433 0.62039 2.60352
434 0.30106 -3.69880
435 1.61051 1.00194
436 -0.52126 -3.73123
437 -0.94825 0.17878
438 0.91387 2.38369
439 -0.28896 -1.22328
440 2.94951 2.61847
441 0.85100 2.26054
442 1.65388 -2.16848
443 0.47388 0.89491
444 1.87167 -1.99359
445 4.00075 0.44151
446 0.62618 0.54730
447 -0.68362 -4.84179
448 1.32879 -0.55164
449 -4.67260 -3.78766
450 -0.31901 3.54593
451 2.61757 -4.38340
452 -0.58111 2.32218
453 -0.93616 -0.28956
454 -0.89797 -1.22333
455 4.28376 -1.05424
456 0.96461 2.55780
457 -1.90596 0.04851
458 1.11204 -0.77802
459 -0.09105 -1.04047
460 2.08778 -1.47879
461 -3.05273 -1.16328
462 2.97025 -1.60861
463 -1.56750 -0.72015
464 0.72950 -3.85486
465 -1.06303 -1.29906
466 -0.29449 -1.16562
467 -1.62524 1.39381
468 0.80701 -1.63331
469 1.29048 -3.34633
470 2.22019 1.01090
471 -4.70834 1.24547
472 -1.57878 -0.34846
473 -3.45144 3.61692
474 -0.05511 -0.81439
475 -1.76094 -3.01830
476 1.47237 -0.92245
477 0.79180 -0.95965
478 -0.05365 1.72009
479 2.10915 1.78020
480 -1.97722 2.52236
481 1.97066 0.31529
482 -2.44978 -0.58386
483 -0.08892 0.02610
484 3.32878 -0.53628
485 -1.78151 -2.11046
486 -2.19949 1.54804
487 -1.87530 -1.44504
488 -1.12507 1.20349
489 -0.11037 -0.04379
490 0.02439 -2.91394
491 -0.74574 1.52241
492 1.53207 1.51864
493 2.55617 -2.95215
494 -3.18629 -1.24392
495 0.72266 -0.39107
496 -0.37343 2.82926
497 2.36172 -0.75862
498 -2.16022 0.26734
499 3.07591 -3.10856
500 -0.56638 0.22813
501 -0.79350 2.26264
502 -1.37349 0.99029
503 1.75828 1.47280
504 0.72176 -0.26186
505 -1.10771 -1.07436
506 0.44445 -1.09471
507 -1.61031 -1.13654
508 0.58378 -1.00001
509 -1.70390 -0.55992
510 -1.09578 -2.26597
511 2.82894 0.13774
512 -0.07294 -1.82279
513 0.70861 -0.06112
514 -1.74547 2.23838
515 -0.02535 0.88822
516 2.97657 -0.90155
517 0.39216 -0.67244
518 -0.38893 -0.28705
519 1.39083 -0.03274
520 0.94046 -0.28135
521 1.27804 -1.85929
522 0.51119 -1.61404
523 -2.29157 2.78136
524 0.34700 -0.13314
525 -1.40084 -0.41419
526 -4.23145 -0.27299
527 -3.72149 1.55804
528 -3.74226 -0.95872
529 0.09281 2.07926
530 -1.23391 2.21771
531 -0.76449 1.82532
532 0.47961 -1.13649
533 -2.36330 0.98361
534 2.51980 2.86332
535 -0.46739 1.72210
536 1.09357 -0.89181
537 -0.28885 -0.37454
538 2.12418 -0.62794
539 0.52986 -1.51307
540 -1.89799 0.74000
541 -2.55208 -1.49062
542 2.75119 0.56087
543 1.11753 2.24598
544 0.04423 0.73627
545 -1.68393 -1.90887
546 1.27154 -0.55675
547 1.13878 1.87302
548 -3.38027 -1.78559
549 1.11520 -0.74726
550 0.78615 -1.22297
551 3.35722 -0.09739
552 0.30042 -1.18256
553 2.31958 -1.33017
554 0.04859 0.83244
555 -0.99569 -0.51276
556 3.68138 1.19912
557 2.31935 -0.52297
558 -1.38887 0.91783
559 1.79234 0.87766
560 -1.23142 -1.20324
561 -3.77034 -0.56636
562 1.66021 -0.33136
563 -0.21001 3.21485
564 2.57670 -2.34493
565 2.57690 1.53088
566 -0.20503 -1.26220
567 0.27990 1.58717
568 0.06308 0.29010
569 -0.92258 1.89788
570 2.79414 0.80601
571 -0.67584 -0.94920
572 -1.16904 0.42602
573 1.86504 3.67306
574 0.76639 1.61644
575 1.65422 -0.48681
576 -0.07052 -1.00082
577 0.96069 -0.29751
578 -0.60396 -2.54848
579 -2.54929 -1.26649
580 -3.67378 -1.09637
581 1.94018 -3.81677
582 -0.44368 2.14470
583 -2.25888 -2.27922
584 2.52140 -2.50995
585 1.36688 1.54081
586 2.49753 1.12796
587 0.21627 0.07735
588 2.89107 -1.56343
589 -1.53981 -1.03394
590 1.84659 -1.93978
591 -1.87081 2.42529
592 1.45450 -1.26473
593 1.26548 -1.63619
594 1.95422 -0.43886
595 -0.56763 -1.42236
596 -2.50441 -1.40003
597 0.73322 -1.64382
598 0.40156 -1.06975
599 1.61778 -1.64652
600 1.54830 -0.07826
