1 R 10
2 C 20
3 666677888
4 C 20
5 R 28
6 C 1
7 R 15
8 1666666666777777777
9 R 19
10 R 28
11 R 28
12 R 44
13 C 28
14 15666777777
15 15555566677777777777
16 15666777777
17 1122277
18 R 21
19 4444555555
20 R 20
21 1111177777778
22 R 53
23 238889
24 88889999
25 145557777
26 11144445
27 1177
28 C 21
29 23888999999
30 C 12
31 1233899
32 333344444
33 C 48
34 R 21
35 6688888899
36 122233338889
37 14599
38 C 34
39 R 42
40 C 13
41 R 8
42 222255556666
43 1233355
44 R 8
45 2222
46 C 43
47 14599
48 889999
49 R 44
50 C 18
51 11111111111111111111112333
52 C 6
53 16777
54 25555
55 R 25
56 C 12
57 R 53
58 C 36
59 R 30
60 C 14
