1 3
2 8
3 6
4 20
5 24
6 16
7 12
8 24
9 60
10 10
11 24
12 28
13 48
14 40
15 24
16 36
17 24
18 18
19 60
20 16
21 30
22 48
23 24
24 100
25 84
26 72
27 48
28 14
29 120
30 30
31 48
32 40
33 36
34 80
35 24
36 76
37 18
38 56
39 60
40 40
41 48
42 88
43 30
44 120
45 48
46 32
47 24
48 112
49 300
50 72
51 84
52 108
53 72
54 20
55 48
56 72
57 42
58 58
59 120
60 60
61 30
62 48
63 96
64 140
65 120
66 136
67 36
68 48
69 240
70 70
71 24
72 148
73 228
74 200
75 18
76 80
77 168
78 78
79 120
80 216
81 120
82 168
83 48
84 180
85 264
86 56
87 60
88 44
89 120
90 112
91 48
92 120
93 96
94 180
95 48
96 196
97 336
98 120
99 300
100 50
101 72
102 208
103 84
104 80
105 108
106 72
107 72
108 108
109 60
110 152
111 48
112 76
113 72
114 240
115 42
116 168
117 174
118 144
119 120
120 110
121 60
122 40
123 30
124 500
125 48
126 256
127 192
128 88
129 420
130 130
131 120
132 144
133 408
134 360
135 36
136 276
137 48
138 46
139 240
140 32
141 210
142 140
143 24
144 140
145 444
146 112
147 228
148 148
149 600
150 50
151 36
152 72
153 240
154 60
155 168
156 316
157 78
158 216
159 240
160 48
161 216
162 328
163 120
164 40
165 168
166 336
167 48
168 364
169 180
170 72
171 264
172 348
173 168
174 400
175 120
176 232
177 132
178 178
179 120
180 90
181 336
182 120
183 48
184 380
185 120
186 180
187 96
188 144
189 180
190 190
191 96
192 388
193 588
194 280
195 336
196 396
197 120
198 22
199 300
200 136
201 150
202 112
203 72
204 40
205 624
206 48
207 168
208 90
209 240
210 42
211 108
212 280
213 72
214 440
215 72
216 240
217 108
218 296
219 60
220 252
221 456
222 448
223 48
224 600
225 228
226 456
227 72
228 114
229 240
230 80
231 84
232 52
233 168
234 160
235 174
236 312
237 144
238 238
239 120
240 240
241 330
242 648
243 60
244 560
245 120
246 252
247 60
248 168
249 1500
250 250
251 48
252 240
253 768
254 360
255 384
256 516
257 264
258 304
259 420
260 168
261 390
262 176
263 120
264 540
265 144
266 88
267 408
268 268
269 360
270 270
271 72
272 112
273 276
274 100
275 48
276 556
277 138
278 120
279 240
280 56
281 96
282 568
283 210
284 360
285 420
286 80
287 48
288 612
289 420
290 392
291 444
292 588
293 336
294 580
295 228
296 360
297 444
298 336
299 600
300 176
301 150
302 200
303 72
304 60
305 72
306 88
307 240
308 208
309 60
310 310
311 168
312 628
313 948
314 240
315 78
316 636
317 216
318 70
319 480
320 72
321 48
322 36
323 216
324 700
325 984
326 216
327 120
328 32
329 120
330 110
331 168
332 456
333 336
334 680
335 48
336 676
337 1092
338 152
339 180
340 30
341 72
342 784
343 264
344 240
345 348
346 232
347 168
348 174
349 1200
350 504
351 240
352 236
353 696
354 140
355 132
356 144
357 534
358 358
359 120
360 342
361 90
362 440
363 336
364 740
365 120
366 736
367 48
368 120
369 1140
370 432
371 120
372 748
373 180
374 1000
375 96
376 28
377 144
378 378
379 180
380 256
381 570
382 768
383 192
384 80
385 1164
386 264
387 588
388 388
389 840
390 144
391 336
392 520
393 396
394 780
395 120
396 796
397 66
398 144
399 600
400 200
401 408
402 420
403 150
404 1080
405 336
406 380
407 72
408 408
409 120
410 552
411 624
412 464
413 48
414 840
415 336
416 184
417 90
418 418
419 240
420 84
421 42
422 96
423 108
424 900
425 840
426 240
427 72
428 280
429 1320
430 430
431 72
432 868
433 240
434 280
435 108
436 144
437 888
438 438
439 60
440 336
441 252
442 888
443 456
444 220
445 1344
446 296
447 96
448 448
449 600
450 40
451 228
452 200
453 456
454 560
455 72
456 916
457 114
458 72
459 240
460 46
461 240
462 928
463 168
464 120
465 156
466 936
467 168
468 272
469 480
470 632
471 348
472 440
473 312
474 900
475 144
476 216
477 714
478 478
479 240
480 532
481 240
482 48
483 330
484 980
485 648
486 976
487 60
488 328
489 1680
490 490
491 120
492 252
493 252
494 120
495 120
496 560
497 168
498 498
499 1500
500 336
501 750
502 1008
503 48
504 100
505 240
506 728
507 768
508 254
509 360
510 592
511 768
512 72
513 516
514 1040
515 264
516 160
517 912
518 696
519 420
520 26
521 168
522 1048
523 390
524 400
525 528
526 180
527 120
528 1104
529 540
530 696
531 144
532 280
533 264
534 360
535 408
536 712
537 804
538 560
539 360
540 90
541 270
542 360
543 144
544 540
545 336
546 1096
547 276
548 120
549 300
550 126
551 48
552 624
553 1668
554 760
555 138
556 124
557 120
558 616
559 240
560 360
561 168
562 376
563 96
564 380
565 1704
566 432
567 420
568 568
569 360
570 570
571 420
572 760
573 240
574 1200
575 96
576 1156
577 612
578 776
579 420
580 336
581 1176
582 540
583 444
584 840
585 588
586 1176
587 336
588 90
589 1740
590 792
591 456
592 1188
593 360
594 720
595 444
596 88
597 336
598 598
599 600
600 600
601 528
602 408
603 150
604 220
605 600
606 1216
607 144
608 112
609 60
610 224
611 72
612 1228
613 264
614 40
615 240
616 1236
617 624
618 206
619 60
620 144
621 930
622 176
623 168
624 2500
625 1884
626 360
627 948
628 684
629 240
630 630
631 156
632 168
633 636
634 1280
635 216
636 112
637 210
638 840
639 960
640 640
641 72
642 1288
643 48
644 440
645 36
646 1296
647 216
648 290
649 2100
650 240
651 984
652 1308
653 216
654 260
655 120
656 888
657 96
658 658
659 120
660 220
661 330
662 504
663 168
664 720
665 456
666 336
667 336
668 448
669 2040
670 60
671 48
672 1348
673 2028
674 1800
675 1092
676 452
677 456
678 784
679 180
680 456
681 30
682 1368
683 72
684 1380
685 2352
686 456
687 264
688 756
689 240
690 138
691 348
692 240
693 696
694 460
695 168
696 360
697 174
698 104
699 1200
700 700
701 504
702 684
703 480
704 160
705 708
706 400
707 696
708 118
709 420
710 312
711 132
712 240
713 144
714 140
715 534
716 952
717 1074
718 718
719 120
720 208
721 342
722 240
723 90
724 700
725 1320
726 1456
727 336
728 1944
729 2220
730 792
731 120
732 1468
733 2208
734 560
735 48
736 680
737 120
738 738
739 1140
740 504
741 432
742 496
743 120
744 740
745 2244
746 168
747 180
748 144
749 3000
750 750
751 96
752 1000
753 84
754 100
755 144
756 1516
757 378
758 240
759 180
760 380
761 768
762 432
763 570
764 360
765 768
766 812
767 384
768 192
769 240
770 1032
771 1164
772 1548
773 264
774 300
775 588
776 304
777 1164
778 360
779 840
780 70
781 144
782 504
783 336
784 1580
785 1560
786 1576
787 396
788 176
789 780
790 304
791 120
792 420
793 2388
794 1080
795 66
796 228
797 144
798 288
799 1200
800 264
801 600
802 740
803 408
804 240
805 420
806 536
807 300
808 202
809 1080
810 270
811 336
812 1080
813 1140
814 1640
815 72
816 792
817 408
818 336
819 120
820 820
821 552
822 1648
823 624
824 200
825 1392
826 1656
827 48
828 276
829 840
830 1112
831 672
832 1008
833 552
834 1680
835 90
836 360
837 1254
838 838
839 240
840 406
841 84
842 56
843 42
844 1820
845 96
846 880
847 216
848 568
849 900
850 912
851 840
852 1708
853 240
854 360
855 72
856 1716
857 840
858 78
859 1320
860 80
861 1290
862 1728
863 144
864 1740
865 2604
866 1224
867 240
868 390
869 840
870 952
871 108
872 1176
873 144
874 2000
875 888
876 1756
877 438
878 1176
879 120
880 176
881 336
882 1768
883 252
884 1160
885 888
886 1776
887 456
888 256
889 660
890 1080
891 1344
892 288
893 888
894 1780
895 192
896 336
897 1344
898 210
899 600
900 108
901 120
902 176
903 228
904 180
905 600
906 1816
907 456
908 600
909 1680
910 70
911 72
912 840
913 2748
914 120
915 114
916 1040
917 72
918 102
919 240
920 88
921 138
922 140
923 240
924 1900
925 2784
926 624
927 336
928 928
929 120
930 1008
931 156
932 1240
933 936
934 180
935 168
936 1876
937 816
938 1256
939 480
940 470
941 1896
942 240
943 696
944 720
945 1320
946 1896
947 312
948 1036
949 900
950 1272
951 144
952 212
953 216
954 380
955 714
956 280
957 1434
958 1104
959 480
960 930
961 1596
962 72
963 240
964 1940
965 48
966 176
967 660
968 72
969 2940
970 970
971 648
972 368
973 2928
974 1400
975 120
976 652
977 984
978 220
979 1680
980 216
981 1470
982 1968
983 120
984 1980
985 252
986 32
987 252
988 528
989 120
990 198
991 240
992 440
993 1680
994 220
995 168
996 1996
997 498
998 1368
999 1500
1000 560
