1 W 2 2
2 W 3 1
3 L
4 W 51 1
5 W 9 2
6 L
7 W 3 3
8 W 3 3
9 W 33 3
10 L
11 W 33 1
12 L
13 W 22 1
14 L
15 W 24 3
16 L
17 W 12 3
18 W 12 3
19 W 37 2
20 L
21 W 20 3
22 W 20 3
23 W 36 2
24 L
25 W 25 3
26 W 59 1
27 L
28 W 50 2
29 L
30 W 41 3
31 W 10 1
32 L
33 W 11 2
34 L
35 W 7 1
36 L
37 W 6 1
38 L
39 W 48 2
40 L
41 W 37 3
42 W 51 1
43 L
44 W 57 2
45 L
46 W 61 1
47 W 54 1
48 L
49 W 55 3
50 L
51 W 25 1
52 L
53 W 23 1
54 L
55 W 13 2
56 L
57 W 3 3
58 W 3 3
59 W 48 3
60 L
61 W 58 1
62 L
63 W 6 1
64 L
65 W 67 3
66 L
67 W 65 1
68 L
69 W 59 1
70 L
71 W 43 2
72 L
73 W 43 2
74 W 34 1
75 W 40 2
76 L
77 W 31 1
78 L
79 W 28 1
80 L
81 W 47 2
82 L
83 W 28 1
84 L
85 W 8 1
86 L
87 W 53 3
88 L
89 W 46 1
90 L
91 W 10 1
92 W 20 2
93 L
94 W 15 3
95 W 15 3
96 W 41 1
97 L
98 W 18 1
99 L
100 W 9 2
101 W 15 1
102 L
103 W 26 3
104 L
105 W 4 1
106 L
107 W 10 2
108 L
109 W 14 1
110 L
111 W 3 1
112 L
113 W 56 3
114 L
115 W 60 1
116 L
117 W 23 1
118 L
119 W 21 2
120 L
121 W 17 1
122 W 15 1
123 W 38 3
124 L
125 W 33 3
126 W 3 1
127 W 28 2
128 L
129 W 5 1
130 L
131 W 3 1
132 W 45 2
133 L
134 W 43 3
135 W 66 1
136 L
137 W 1 3
138 W 8 3
139 W 6 1
140 W 47 3
141 L
142 W 37 3
143 W 42 1
144 L
145 W 56 2
146 L
147 W 71 1
148 L
149 W 65 1
150 L
151 W 65 3
152 L
153 W 55 3
154 W 62 1
155 L
156 W 1 2
157 L
158 W 14 3
159 L
160 W 7 1
161 W 6 1
162 W 50 1
163 L
164 W 42 1
165 L
166 W 12 1
167 L
168 W 10 1
169 L
170 W 60 3
171 L
172 W 20 3
173 W 59 1
174 L
175 W 7 2
176 W 9 1
177 L
178 W 7 1
179 L
180 W 41 3
181 W 27 1
182 L
183 W 41 1
184 W 27 1
185 L
186 W 23 2
187 L
188 W 4 1
189 W 37 3
190 W 6 1
191 W 6 2
192 L
193 W 6 2
194 W 6 2
195 W 55 1
196 L
197 W 27 1
198 W 35 2
199 W 11 1
200 W 8 1
201 L
202 W 19 1
203 W 3 1
204 W 24 2
205 W 10 3
206 W 20 1
207 W 5 2
208 W 5 1
209 W 3 1
210 W 19 1
211 W 8 1
212 W 17 2
213 L
214 W 10 3
215 W 10 3
216 W 30 3
217 L
218 W 26 1
219 L
220 W 18 1
221 L
222 W 50 1
223 W 33 1
224 L
225 W 3 3
226 L
227 W 7 1
228 W 3 1
229 W 38 1
230 L
231 W 32 1
232 L
233 W 4 1
234 W 60 1
235 W 57 1
236 L
237 W 4 1
238 W 62 3
239 L
240 W 81 1
241 W 77 1
242 W 58 2
243 L
244 W 10 3
245 W 10 3
246 W 9 3
247 L
248 W 7 3
249 W 12 1
250 L
251 W 11 1
252 W 8 1
253 W 12 2
254 L
255 W 10 3
256 W 18 1
257 W 26 2
258 L
259 W 31 1
260 W 6 1
261 W 35 2
262 W 13 1
263 W 22 3
264 W 20 1
265 W 6 3
266 W 6 3
267 W 51 2
268 L
269 W 54 1
270 L
271 W 47 1
272 L
273 W 43 2
274 W 66 1
275 L
276 W 12 1
277 W 11 1
278 L
279 W 31 1
280 W 26 1
281 L
282 W 7 1
283 W 3 1
284 W 54 1
285 W 20 1
286 W 21 3
287 L
288 W 6 3
289 W 3 1
290 W 10 3
291 W 41 1
292 L
293 W 15 2
294 W 15 2
295 W 18 1
296 W 26 1
297 W 23 1
298 L
299 W 45 2
300 W 66 1
301 L
302 W 25 3
303 W 34 1
304 W 28 3
305 L
306 W 26 1
307 W 10 1
308 W 20 3
309 W 20 3
310 W 4 1
311 W 5 1
312 W 3 1
313 W 16 2
314 W 5 1
315 W 3 1
316 W 48 2
317 W 72 1
318 L
319 W 12 1
320 W 10 1
321 W 35 1
322 W 20 1
323 W 36 1
324 W 18 1
325 W 26 1
326 W 24 1
327 L
328 W 19 1
329 W 18 1
330 L
331 W 49 2
332 L
333 W 41 1
334 W 34 1
335 L
336 W 3 3
337 W 3 3
338 W 10 3
339 W 10 3
340 W 69 3
341 L
342 W 50 3
343 W 23 1
344 W 28 1
345 W 10 1
346 W 14 2
347 W 17 1
348 W 10 1
349 W 2 2
350 W 1 3
351 W 3 1
352 W 44 2
353 L
354 W 25 3
355 W 34 1
356 W 18 3
357 W 32 1
358 L
359 W 44 3
360 L
361 W 31 3
362 W 60 1
363 L
364 W 49 1
365 W 48 1
366 L
367 W 16 1
368 W 14 1
369 L
370 W 22 1
371 W 21 1
372 L
373 W 34 2
374 W 12 3
375 W 12 3
376 W 4 1
377 W 7 2
378 W 7 2
379 W 8 3
380 W 9 2
381 W 58 1
382 W 27 1
383 W 5 1
384 W 3 1
385 W 18 2
386 W 7 1
387 W 3 1
388 W 32 3
389 W 78 1
390 W 23 3
391 W 23 3
392 W 11 1
393 W 6 1
394 W 71 3
395 L
396 W 86 1
397 W 3 1
398 W 7 1
399 W 6 1
400 W 22 1
401 W 20 1
402 L
403 W 6 3
404 W 10 1
405 W 11 1
406 W 3 1
407 W 7 1
408 W 6 1
409 W 4 1
410 W 21 1
411 W 18 1
412 L
413 W 34 2
414 W 34 2
415 W 73 1
416 L
417 W 59 1
418 L
419 W 40 3
420 L
421 W 8 3
422 W 8 3
423 W 4 1
424 W 4 1
425 W 54 1
426 W 33 1
427 L
428 W 4 1
429 W 45 3
430 L
431 W 60 1
432 W 49 1
433 L
434 W 18 2
435 W 18 2
436 W 54 2
437 L
438 W 17 1
439 W 8 1
440 W 6 3
441 W 6 3
442 W 45 1
443 W 15 1
444 L
445 W 69 1
446 W 66 1
447 W 8 2
448 W 3 3
449 W 3 3
450 W 38 1
451 W 6 1
452 W 25 3
453 W 39 1
454 W 19 2
455 W 25 1
456 W 3 1
457 W 64 3
458 L
459 W 50 1
460 W 3 1
461 W 40 1
462 W 25 1
463 L
464 W 3 3
465 W 3 1
466 W 26 1
467 W 10 1
468 W 47 3
469 W 47 3
470 W 57 2
471 W 57 2
472 W 60 1
473 W 13 1
474 W 25 1
475 W 22 1
476 L
477 W 34 3
478 W 34 3
479 W 65 1
480 W 6 1
481 W 9 1
482 W 8 1
483 L
484 W 26 1
485 W 3 1
486 W 4 2
487 W 4 1
488 W 21 1
489 W 10 1
490 W 60 1
491 W 18 1
492 W 1 3
493 W 3 1
494 W 77 1
495 W 76 1
496 L
497 W 19 1
498 W 16 1
499 L
500 W 25 1
501 W 22 1
502 W 4 1
503 W 17 1
504 W 12 1
505 W 31 1
506 W 10 1
507 W 35 3
508 W 3 1
509 W 12 1
510 W 11 1
511 W 51 3
512 L
513 W 44 3
514 W 66 1
515 L
516 W 27 2
517 W 5 1
518 W 3 1
519 W 3 3
520 W 3 3
521 W 40 1
522 W 25 1
523 W 33 1
524 W 18 1
525 W 3 2
526 W 4 1
527 W 12 2
528 W 12 2
529 W 9 1
530 W 7 1
531 W 52 1
532 L
533 W 10 1
534 W 22 1
535 W 21 1
536 W 39 2
537 L
538 W 12 3
539 W 8 1
540 W 79 1
541 L
542 W 42 1
543 W 38 1
544 W 3 1
545 W 58 1
546 W 18 1
547 W 17 1
548 W 14 1
549 L
550 W 1 3
551 W 1 3
552 W 32 2
553 W 32 2
554 W 34 1
555 W 14 1
556 W 10 1
557 W 9 1
558 W 7 1
559 W 42 2
560 W 32 3
561 W 13 1
562 W 29 1
563 W 24 1
564 L
565 W 55 1
566 W 3 1
567 W 14 1
568 W 8 1
569 W 19 2
570 W 18 1
571 W 7 1
572 W 6 1
573 W 53 3
574 W 95 1
575 L
576 W 42 2
577 W 6 1
578 W 6 3
579 W 10 1
580 W 19 1
581 W 17 1
582 L
583 W 22 2
584 W 35 1
585 W 18 1
586 W 11 1
587 W 8 1
588 W 33 1
589 W 32 1
590 L
591 W 26 1
592 W 24 1
593 W 25 2
594 L
595 W 38 1
596 W 36 1
597 L
598 W 15 3
599 W 37 1
600 W 58 3
601 L
602 W 54 1
603 W 20 1
604 W 11 1
605 W 10 1
606 L
607 W 15 3
608 W 32 1
609 L
610 W 36 1
611 W 3 1
612 W 96 1
613 W 68 1
614 L
615 W 3 3
616 W 3 3
617 W 46 1
618 W 34 1
619 W 6 3
620 W 8 1
621 W 27 3
622 W 54 1
623 L
624 W 29 3
625 W 29 3
626 W 31 2
627 W 6 3
628 W 53 1
629 L
630 W 11 1
631 W 3 1
632 W 37 3
633 W 66 1
634 L
635 W 5 1
636 W 3 1
637 W 12 1
638 W 9 1
639 W 4 1
640 W 57 3
641 W 27 1
642 W 20 3
643 W 20 3
644 W 17 3
645 L
646 W 4 1
647 W 19 1
648 W 15 1
649 L
650 W 12 1
651 W 3 1
652 W 38 1
653 W 13 1
654 W 31 3
655 W 42 1
656 W 1 3
657 W 15 1
658 W 52 1
659 W 47 1
660 L
661 W 1 3
662 W 1 3
663 W 29 1
664 W 8 1
665 W 11 1
666 W 10 1
667 W 9 1
668 W 7 1
669 W 29 2
670 W 29 2
671 W 10 1
672 W 37 3
673 W 37 3
674 W 28 1
675 W 8 1
676 W 30 2
677 W 7 1
678 W 6 1
679 W 23 3
680 W 39 1
681 L
682 W 46 2
683 W 41 3
684 W 47 1
685 W 1 3
686 W 1 3
687 W 25 1
688 W 22 1
689 W 15 3
690 W 59 1
691 W 60 1
692 W 47 1
693 L
694 W 55 2
695 L
696 W 35 3
697 W 90 1
698 L
699 W 45 1
700 W 3 1
701 W 36 1
702 W 10 1
703 W 27 3
704 W 27 3
705 W 33 1
706 W 27 1
707 L
708 W 50 3
709 L
710 W 25 3
711 W 59 1
712 L
713 W 1 3
714 W 15 1
715 W 19 2
716 W 21 2
717 W 19 1
718 W 10 1
719 W 3 3
720 W 6 1
721 W 6 3
722 W 6 3
723 W 6 3
724 W 6 3
725 W 5 1
726 W 3 1
727 W 1 3
728 W 24 1
729 W 1 3
730 W 1 3
731 W 27 2
732 W 42 1
733 L
734 W 36 1
735 W 32 1
736 L
737 W 31 3
738 L
739 W 33 1
740 W 24 1
741 L
742 W 22 1
743 W 17 1
744 L
745 W 34 3
746 L
747 W 41 1
748 W 10 1
749 W 33 1
750 W 18 1
751 W 29 3
752 W 18 1
753 W 4 1
754 W 21 3
755 W 24 1
756 W 1 3
757 W 1 3
758 W 29 1
759 W 3 1
760 W 5 1
761 W 3 1
762 W 6 3
763 W 3 1
764 W 16 2
765 W 16 2
766 W 69 1
767 W 37 1
768 W 60 1
769 W 6 1
770 W 36 1
771 W 8 1
772 W 8 3
773 W 8 3
774 W 52 2
775 L
776 W 73 1
777 W 49 1
778 L
779 W 5 1
780 W 3 1
781 W 37 2
782 W 37 2
783 W 9 1
784 W 7 1
785 W 46 1
786 W 38 1
787 L
788 W 28 1
789 W 23 1
790 L
791 W 5 1
792 W 3 1
793 W 18 3
794 W 18 3
795 W 3 3
796 W 3 3
797 W 43 3
798 L
799 W 1 3
800 W 1 3
801 W 43 1
802 W 15 1
803 W 11 1
804 W 10 1
805 W 55 2
806 W 55 2
807 W 51 2
808 W 42 1
809 W 35 1
810 W 6 1
811 W 69 1
812 W 59 1
813 L
814 W 5 1
815 W 3 1
816 W 5 2
817 W 5 2
818 W 31 1
819 W 23 1
820 L
821 W 18 3
822 W 18 3
823 W 5 1
824 W 3 1
825 W 5 1
826 W 3 1
827 W 3 3
828 W 27 1
829 W 84 1
830 W 53 1
831 L
832 W 7 1
833 W 3 1
834 W 54 1
835 W 38 1
836 L
837 W 16 1
838 W 3 1
839 W 47 3
840 W 68 1
841 L
842 W 16 1
843 W 13 1
844 L
845 W 9 1
846 W 3 1
847 W 31 2
848 W 31 2
849 W 6 3
850 W 32 1
851 L
852 W 22 3
853 L
854 W 35 1
855 W 30 1
856 L
857 W 14 1
858 W 6 1
859 W 71 1
860 W 62 1
861 L
862 W 56 3
863 W 78 1
864 L
865 W 33 2
866 L
867 W 12 1
868 W 3 1
869 W 54 1
870 W 39 1
871 L
872 W 34 3
873 W 32 1
874 L
875 W 45 1
876 W 8 1
877 W 30 2
878 W 37 1
879 W 25 3
880 W 15 1
881 W 41 1
882 W 29 1
883 L
884 W 4 1
885 W 8 3
886 W 8 3
887 W 37 3
888 W 37 3
889 W 7 1
890 W 6 1
891 W 43 1
892 W 32 1
893 L
894 W 64 1
895 W 56 1
896 L
897 W 29 1
898 W 27 1
899 L
900 W 1 3
901 W 1 3
902 W 10 3
903 W 14 1
904 W 43 1
905 W 23 1
906 W 10 3
907 W 23 1
908 W 28 1
909 W 27 1
910 L
911 W 71 1
912 W 65 1
913 W 7 1
914 W 3 1
915 W 74 1
916 W 60 1
917 W 23 3
918 W 39 1
919 W 11 1
920 W 8 1
921 W 3 3
922 W 15 1
923 W 16 1
924 W 11 1
925 L
926 W 59 2
927 L
928 W 29 3
929 W 29 3
930 W 40 1
931 W 32 1
932 L
933 W 41 1
934 W 23 1
935 W 15 2
936 W 23 1
937 W 25 1
938 W 16 1
939 W 10 3
940 W 68 1
941 W 11 1
942 W 3 1
943 W 3 3
944 W 3 3
945 W 9 1
946 W 3 1
947 W 3 3
948 W 3 3
949 W 31 1
950 W 29 1
951 L
952 W 46 1
953 W 39 1
954 L
955 W 28 1
956 W 10 1
957 W 9 1
958 W 7 1
959 W 25 1
960 W 19 1
961 L
962 W 16 1
963 W 15 1
964 L
965 W 52 2
966 W 85 1
967 L
968 W 14 1
969 W 12 1
970 W 7 1
971 W 3 1
972 W 29 3
973 W 29 3
974 W 61 1
975 W 51 1
976 L
977 W 21 1
978 W 15 1
979 W 37 3
980 W 39 1
981 W 11 1
982 W 3 1
983 W 83 1
984 W 64 1
985 L
986 W 9 1
987 W 3 1
988 W 28 1
989 W 25 1
990 L
991 W 1 3
992 W 1 3
993 W 57 2
994 W 72 2
995 W 22 1
996 W 19 1
997 L
998 W 17 3
999 W 18 1
1000 W 5 1
