1 Y
1 2 6
2 3 4
2 4 6
4 5 6
2 N
3 Y
1 2 12
2 3 12
3 4 6
3 6 12
4 5 6
6 7 8
6 8 9
6 9 12
9 10 12
10 11 12
4 N
5 Y
1 2 3
1 3 8
1 8 9
1 9 10
3 4 8
4 5 8
5 6 8
6 7 8
6 N
7 Y
1 2 5
1 5 8
2 3 5
3 4 5
5 6 7
5 7 8
8 N
9 Y
1 2 3
1 3 19
3 4 10
3 10 17
3 17 18
3 18 19
4 5 10
5 6 10
6 7 10
7 8 10
8 9 10
10 11 17
11 12 17
12 13 17
13 14 17
14 15 17
15 16 17
10 N
11 Y
1 2 20
2 3 14
2 14 17
2 17 18
2 18 19
2 19 20
3 4 14
4 5 14
5 6 14
6 7 14
7 8 14
8 9 14
9 10 14
10 11 14
11 12 14
12 13 14
14 15 17
15 16 17
12 N
13 Y
1 2 6
1 6 11
2 3 6
3 4 6
4 5 6
6 7 9
6 9 10
6 10 11
7 8 9
14 N
15 Y
1 2 3
1 3 11
3 4 11
4 5 11
5 6 11
6 7 11
7 8 11
8 9 11
9 10 11
16 N
17 Y
1 2 7
1 7 16
2 3 7
3 4 7
4 5 7
5 6 7
7 8 9
7 9 16
9 10 16
10 11 16
11 12 16
12 13 16
13 14 16
14 15 16
18 N
19 Y
1 2 4
1 4 11
2 3 4
4 5 7
4 7 8
4 8 9
4 9 10
4 10 11
5 6 7
20 N
21 Y
1 2 5
1 5 15
2 3 5
3 4 5
5 6 12
5 12 15
6 7 12
7 8 12
8 9 12
9 10 12
10 11 12
12 13 15
13 14 15
22 N
23 Y
1 2 6
1 6 20
2 3 6
3 4 6
4 5 6
6 7 16
6 16 17
6 17 18
6 18 19
6 19 20
7 8 16
8 9 16
9 10 16
10 11 16
11 12 16
12 13 16
13 14 16
14 15 16
24 N
25 Y
1 2 15
2 3 5
2 5 8
2 8 9
2 9 10
2 10 11
2 11 12
2 12 13
2 13 14
2 14 15
3 4 5
5 6 8
6 7 8
26 N
27 Y
1 2 5
1 5 16
2 3 5
3 4 5
5 6 7
5 7 11
5 11 12
5 12 13
5 13 14
5 14 15
5 15 16
7 8 11
8 9 11
9 10 11
28 N
29 Y
1 2 4
1 4 15
2 3 4
4 5 12
4 12 13
4 13 14
4 14 15
5 6 12
6 7 12
7 8 12
8 9 12
9 10 12
10 11 12
30 N
31 Y
1 2 4
1 4 15
1 15 16
1 16 17
1 17 18
2 3 4
4 5 15
5 6 15
6 7 15
7 8 15
8 9 15
9 10 15
10 11 15
11 12 15
12 13 15
13 14 15
32 N
33 Y
1 2 4
1 4 12
2 3 4
4 5 7
4 7 12
5 6 7
7 8 12
8 9 12
9 10 12
10 11 12
34 N
35 Y
1 2 13
2 3 11
2 11 12
2 12 13
3 4 11
4 5 11
5 6 11
6 7 11
7 8 11
8 9 11
9 10 11
36 N
37 Y
1 2 6
1 6 16
2 3 6
3 4 6
4 5 6
6 7 12
6 12 13
6 13 14
6 14 15
6 15 16
7 8 12
8 9 12
9 10 12
10 11 12
38 N
39 Y
1 2 20
2 3 8
2 8 17
2 17 18
2 18 19
2 19 20
3 4 8
4 5 8
5 6 8
6 7 8
8 9 17
9 10 17
10 11 17
11 12 17
12 13 17
13 14 17
14 15 17
15 16 17
40 N
41 Y
1 2 7
2 3 4
2 4 6
2 6 7
4 5 6
42 N
43 Y
1 2 5
2 3 5
3 4 5
44 N
45 Y
1 2 5
1 5 18
2 3 5
3 4 5
5 6 13
5 13 15
5 15 16
5 16 17
5 17 18
6 7 13
7 8 13
8 9 13
9 10 13
10 11 13
11 12 13
13 14 15
46 N
47 Y
1 2 3
1 3 5
3 4 5
48 N
49 Y
1 2 12
1 12 17
1 17 18
2 3 12
3 4 12
4 5 12
5 6 12
6 7 12
7 8 12
8 9 12
9 10 12
10 11 12
12 13 17
13 14 17
14 15 17
15 16 17
50 N
51 Y
1 2 8
2 3 5
2 5 7
2 7 8
3 4 5
5 6 7
52 N
53 Y
1 2 11
2 3 5
2 5 7
2 7 8
2 8 9
2 9 10
2 10 11
3 4 5
5 6 7
54 N
55 Y
1 2 5
1 5 16
2 3 5
3 4 5
5 6 12
5 12 13
5 13 14
5 14 15
5 15 16
6 7 12
7 8 12
8 9 12
9 10 12
10 11 12
56 N
57 Y
1 2 15
1 15 17
2 3 15
3 4 15
4 5 15
5 6 15
6 7 15
7 8 15
8 9 15
9 10 15
10 11 15
11 12 15
12 13 15
13 14 15
15 16 17
58 N
59 Y
1 2 4
1 4 14
2 3 4
4 5 12
4 12 13
4 13 14
5 6 12
6 7 12
7 8 12
8 9 12
9 10 12
10 11 12
60 N
61 Y
1 2 3
1 3 4
1 4 5
62 N
63 Y
1 2 13
1 13 14
2 3 13
3 4 13
4 5 13
5 6 13
6 7 13
7 8 13
8 9 13
9 10 13
10 11 13
11 12 13
64 N
65 Y
1 2 7
1 7 8
1 8 9
2 3 7
3 4 7
4 5 7
5 6 7
66 N
67 Y
1 2 5
1 5 6
1 6 7
1 7 8
2 3 5
3 4 5
68 N
69 Y
1 2 7
1 7 16
2 3 7
3 4 7
4 5 7
5 6 7
7 8 14
7 14 15
7 15 16
8 9 14
9 10 14
10 11 14
11 12 14
12 13 14
70 N
71 Y
1 2 5
1 5 20
2 3 5
3 4 5
5 6 12
5 12 13
5 13 14
5 14 15
5 15 16
5 16 17
5 17 18
5 18 19
5 19 20
6 7 12
7 8 12
8 9 12
9 10 12
10 11 12
72 N
73 Y
1 2 6
1 6 11
2 3 6
3 4 6
4 5 6
6 7 8
6 8 9
6 9 10
6 10 11
74 N
75 Y
1 2 5
1 5 16
2 3 5
3 4 5
5 6 12
5 12 13
5 13 14
5 14 15
5 15 16
6 7 12
7 8 12
8 9 12
9 10 12
10 11 12
76 N
77 Y
1 2 3
1 3 8
1 8 9
1 9 10
1 10 11
1 11 12
3 4 8
4 5 8
5 6 8
6 7 8
78 N
79 Y
1 2 8
1 8 9
2 3 8
3 4 8
4 5 8
5 6 8
6 7 8
80 N
81 Y
1 2 5
2 3 5
3 4 5
82 N
83 Y
1 2 3
1 3 5
1 5 6
3 4 5
84 N
85 Y
1 2 17
2 3 9
2 9 15
2 15 16
2 16 17
3 4 9
4 5 9
5 6 9
6 7 9
7 8 9
9 10 15
10 11 15
11 12 15
12 13 15
13 14 15
86 N
87 Y
1 2 3
1 3 20
3 4 12
3 12 15
3 15 16
3 16 17
3 17 18
3 18 19
3 19 20
4 5 12
5 6 12
6 7 12
7 8 12
8 9 12
9 10 12
10 11 12
12 13 15
13 14 15
88 N
89 Y
1 2 18
2 3 14
2 14 18
3 4 14
4 5 14
5 6 14
6 7 14
7 8 14
8 9 14
9 10 14
10 11 14
11 12 14
12 13 14
14 15 18
15 16 18
16 17 18
90 N
91 Y
1 2 4
1 4 6
2 3 4
4 5 6
92 N
93 Y
1 2 8
1 8 9
1 9 10
1 10 11
2 3 8
3 4 8
4 5 8
5 6 8
6 7 8
94 N
95 Y
1 2 9
1 9 12
2 3 9
3 4 9
4 5 9
5 6 9
6 7 9
7 8 9
9 10 11
9 11 12
96 N
97 Y
1 2 15
2 3 7
2 7 12
2 12 13
2 13 14
2 14 15
3 4 7
4 5 7
5 6 7
7 8 12
8 9 12
9 10 12
10 11 12
98 N
99 Y
1 2 20
2 3 5
2 5 18
2 18 19
2 19 20
3 4 5
5 6 18
6 7 18
7 8 18
8 9 18
9 10 18
10 11 18
11 12 18
12 13 18
13 14 18
14 15 18
15 16 18
16 17 18
100 Y
1 2 4
1 4 14
2 3 4
4 5 11
4 11 12
4 12 13
4 13 14
5 6 11
6 7 11
7 8 11
8 9 11
9 10 11
