1 56
2 8759577256290
3 199998000000000
4 86608427640625
5 11774495833750
6 668815801855371
7 281229258024
8 767039783213620
9 6643136192000
10 140506795128832
11 347825401817580
12 8451866577000
13 18942849807
14 58541155
15 1109638049740
16 2704
17 54752360
18 185893401541680
19 576436207638252
20 373088370625
21 157191373876
22 161719876995550
23 19284024375
24 597823005696
25 597723475968
26 38366891749592
27 427493066345520
28 617358640324140
29 1786857977547
30 61204682889
31 104398545566016
32 4078295122870
33 10576523423592
34 183695266107
35 388922435064
36 39884661984618
37 27535805583360
38 1013517367695
39 20729758404570
40 45731071976935
41 623457135
42 51842270274696
43 95779041930
44 2085515422770
45 87938740098
46 75
47 195495489493731
48 97559367046716
49 3305267470904
50 56431760926554
