1 1.847 1.877
2 1.440 1.511
3 2.073 2.021
4 1.237 0.773
5 1.229 0.398
6 2.339 0.332
7 1.698 0.640
8 2.127 -0.671
9 1.849 2.057
10 2.322 2.021
11 2.270 0.658
12 2.479 0.372
13 2.133 -0.438
14 1.498 0.648
15 2.512 2.328
16 2.620 -0.964
17 2.207 -0.427
18 2.307 2.113
19 1.150 0.298
20 1.630 1.187
21 1.491 1.993
22 2.802 2.218
23 1.511 -0.905
24 1.207 -0.976
25 2.403 1.308
26 1.941 -1.012
27 1.088 1.078
28 2.367 0.909
29 2.270 -0.293
30 1.083 -0.202
31 2.700 1.893
32 2.691 2.639
33 2.412 0.222
34 2.807 1.409
35 2.042 2.377
36 1.820 -0.810
37 2.200 0.712
38 2.722 1.358
39 2.703 -0.134
40 1.677 -0.149
41 2.570 2.271
42 2.227 1.439
43 2.233 1.401
44 2.697 1.190
45 1.618 -0.213
46 1.290 -0.337
47 2.012 -0.010
48 1.653 -0.699
49 2.160 2.237
50 1.973 -0.230
51 1.880 1.287
52 1.152 2.387
53 1.262 1.258
54 1.050 1.717
55 2.073 0.239
56 2.673 0.387
57 1.399 0.089
58 1.868 0.832
59 2.223 -0.999
60 1.027 0.839
61 1.963 2.297
62 1.988 1.487
63 2.327 -0.322
64 2.341 -0.134
65 2.333 0.562
66 1.398 1.097
67 1.238 2.369
68 2.542 2.047
69 2.472 1.221
70 2.559 2.513
71 1.438 -0.501
72 2.262 -1.079
73 2.377 -0.014
74 1.210 0.509
75 1.620 -0.066
76 2.353 1.557
77 1.673 0.912
78 1.080 -0.757
79 2.083 2.462
80 2.587 -0.864
81 2.569 2.193
82 1.618 -0.598
83 1.678 1.313
84 2.332 2.322
85 2.232 -0.975
86 2.458 0.618
87 1.653 -0.354
88 1.181 -0.584
89 1.933 2.458
90 2.578 -0.731
91 2.321 0.709
92 1.363 1.949
93 2.327 -0.147
94 2.201 0.880
95 1.182 1.332
96 1.530 0.469
97 2.209 0.257
98 2.738 0.653
99 1.468 -0.665
100 2.672 -0.315
101 1.631 1.963
102 2.457 0.450
103 1.843 1.858
104 1.371 2.580
105 1.237 -0.141
106 1.509 1.203
107 1.797 0.030
108 2.457 -0.244
109 2.451 -0.708
110 2.082 0.373
111 1.938 0.120
112 1.147 -0.343
113 1.601 0.952
114 2.432 2.017
115 1.990 0.302
116 1.283 0.473
117 1.940 0.247
118 2.108 1.273
119 2.468 -0.526
120 2.299 0.722
121 2.327 -0.006
122 1.142 -0.839
123 1.241 -0.661
124 2.010 2.067
125 2.423 -0.576
126 1.721 -0.996
127 1.262 2.659
128 1.367 2.213
129 1.350 1.211
130 1.830 2.123
131 1.868 -0.436
132 2.210 0.591
133 2.398 1.567
134 2.533 -0.574
135 2.627 1.272
136 1.561 -1.037
137 1.539 -0.400
138 2.003 -0.113
139 1.442 -0.553
140 1.182 0.781
141 1.869 1.363
142 1.230 0.243
143 2.630 1.883
144 1.902 -0.730
145 1.529 0.629
146 2.173 -0.634
147 1.497 -0.266
148 1.913 -0.797
149 1.109 1.127
150 1.523 2.387
151 1.399 1.499
152 2.117 2.509
153 1.730 0.263
154 1.972 -0.173
155 1.877 1.018
156 2.498 1.927
157 2.693 -0.661
158 1.770 0.719
159 1.019 -0.771
160 2.728 0.199
161 1.187 1.943
162 1.241 2.058
163 2.513 -0.373
164 1.902 1.110
165 1.731 1.203
166 2.280 0.317
167 2.419 -0.658
168 1.691 0.052
169 2.510 1.262
170 1.987 2.631
171 2.071 1.307
172 1.102 1.167
173 1.098 0.837
174 2.178 0.083
175 1.901 1.292
176 2.190 1.112
177 1.310 0.069
178 2.693 0.318
179 1.699 2.609
180 1.782 0.110
181 1.922 0.263
182 1.580 -0.922
183 2.553 -0.451
184 2.117 0.193
185 1.353 -0.088
186 2.631 2.638
187 2.522 2.053
188 1.130 1.507
189 1.390 0.099
190 1.083 -0.307
191 2.622 1.359
192 1.032 2.031
193 2.123 1.679
194 1.877 -1.076
195 2.713 1.471
196 1.401 0.477
197 1.629 0.780
198 2.257 -0.114
199 1.791 1.157
200 2.297 -0.134
201 1.973 -0.084
202 2.632 2.287
203 2.371 2.597
204 1.660 0.463
205 2.633 1.537
206 2.392 1.168
207 2.669 -1.065
208 2.609 1.963
209 2.539 2.650
210 2.342 0.620
211 1.337 2.049
212 2.701 0.177
213 2.548 2.473
214 2.677 1.579
215 1.117 2.222
216 1.940 1.658
217 1.131 0.070
218 2.669 -0.490
219 2.398 0.201
220 2.323 -0.085
221 1.760 1.153
222 1.337 1.059
223 2.793 0.063
224 2.250 1.110
225 1.297 0.221
226 1.480 0.893
227 2.567 0.797
228 1.058 0.883
229 1.869 2.632
230 2.443 -0.878
231 1.421 -0.040
232 1.860 1.167
233 2.087 2.650
234 1.983 1.293
235 2.239 1.931
236 1.600 1.140
237 1.512 2.188
238 2.433 1.042
239 2.669 -1.052
240 1.859 -0.471
241 1.709 0.867
242 1.718 1.807
243 2.098 0.418
244 1.769 -0.733
245 2.587 0.162
246 2.641 1.362
247 1.353 -1.084
248 2.557 0.647
249 1.600 2.341
250 2.103 -0.394
251 1.839 2.449
252 2.403 -0.768
253 1.213 0.513
254 1.919 2.492
255 2.009 1.203
256 1.337 -0.475
257 1.763 1.760
258 1.507 -0.860
259 1.548 2.637
260 2.120 0.062
261 1.869 0.200
262 2.331 -0.905
263 1.867 0.080
264 2.342 0.119
265 1.723 1.913
266 1.829 0.329
267 2.398 -0.524
268 1.848 1.063
269 1.209 0.150
270 2.193 1.327
271 1.498 1.358
272 2.109 0.291
273 1.137 -0.891
274 1.469 -0.167
275 1.067 1.477
276 2.417 0.257
277 1.182 -0.745
278 2.427 1.471
279 2.152 1.339
280 1.410 -0.385
281 1.919 1.369
282 1.023 -1.035
283 2.151 2.087
284 1.893 0.712
285 2.288 2.508
286 1.491 1.778
287 2.477 2.623
288 2.197 0.433
289 1.828 -0.348
290 2.132 1.879
291 1.747 2.133
292 2.771 2.251
293 2.318 0.871
294 2.421 0.822
295 2.102 1.709
296 1.922 1.587
297 2.127 2.137
298 2.513 2.103
299 2.673 0.632
300 2.529 1.071
301 1.311 -0.852
302 0.979 -0.190
303 2.307 1.890
304 1.693 0.287
305 2.197 2.503
306 0.991 0.238
307 1.761 -0.764
308 1.378 1.409
309 2.597 0.841
310 2.231 1.147
311 2.412 1.871
312 1.129 1.999
313 1.837 0.027
314 1.719 -0.662
315 1.640 1.563
316 2.050 0.971
317 1.603 2.663
318 1.743 0.599
319 1.217 1.850
320 1.258 0.488
321 1.881 -0.689
322 1.709 0.643
323 2.612 -0.303
324 1.998 -0.359
325 1.857 -0.734
326 2.642 1.873
327 1.192 0.853
328 2.223 0.113
329 1.452 0.818
330 1.051 -0.092
331 2.170 1.073
332 2.583 1.237
333 1.037 1.563
334 1.080 2.041
335 1.223 -0.156
336 2.457 0.562
337 2.780 1.550
338 1.602 -0.712
339 1.438 0.610
340 1.568 0.201
341 1.611 0.781
342 1.730 -0.122
343 1.209 0.160
344 2.278 1.023
345 1.553 1.787
346 1.371 0.800
347 1.813 1.027
348 1.342 -0.409
349 2.602 2.668
350 1.980 0.800
351 2.328 -0.099
352 2.173 1.200
353 1.153 -0.920
354 2.722 0.237
355 1.058 1.119
356 1.370 2.533
357 2.369 0.079
358 2.413 -0.242
359 1.681 0.753
360 1.078 2.681
361 2.007 -0.240
362 1.950 0.523
363 2.640 1.700
364 1.651 0.633
365 2.738 0.911
366 2.347 2.339
367 1.508 1.708
368 2.377 -0.720
369 1.470 2.493
370 1.311 -1.033
371 1.941 -1.057
372 1.410 0.763
373 1.571 1.253
374 1.750 0.911
375 1.173 -0.680
376 1.748 2.269
377 1.691 -0.751
378 2.757 1.547
379 1.350 2.279
380 2.470 -0.889
381 1.288 -0.860
382 2.598 0.537
383 1.162 1.168
384 2.797 1.361
385 1.271 1.748
386 2.407 -0.193
387 1.942 2.357
388 1.281 1.437
389 1.581 -0.794
390 2.153 -0.179
391 2.579 0.488
392 1.593 2.153
393 1.118 1.418
394 2.711 1.269
395 1.478 1.299
396 1.997 1.471
397 1.172 0.741
398 2.152 -1.084
399 1.210 2.183
400 1.138 -0.402
401 2.788 0.742
402 2.051 -0.492
403 2.457 0.322
404 1.609 -1.096
405 1.922 -0.660
406 2.473 0.162
407 1.398 2.020
408 1.617 1.049
409 1.852 0.878
410 1.808 1.898
411 1.622 0.941
412 1.687 1.348
413 2.099 2.621
414 1.621 1.843
415 1.972 2.102
416 2.633 0.737
417 2.203 -0.815
418 1.973 0.693
419 2.399 0.889
420 1.109 1.069
421 2.292 2.568
422 1.799 -0.155
423 1.389 2.672
424 1.228 0.082
425 2.071 1.219
426 1.207 1.502
427 2.297 -0.001
428 1.063 1.223
429 1.543 -0.472
430 2.783 1.452
431 1.873 -0.472
432 1.881 1.850
433 2.642 0.100
434 2.402 -0.648
435 1.217 1.178
436 1.947 0.889
437 1.718 2.217
438 1.690 1.179
439 1.139 -0.770
440 2.047 1.339
441 1.719 0.453
442 1.917 0.307
443 1.427 1.848
444 1.472 -0.509
445 1.787 -0.443
446 1.889 -0.735
447 1.959 2.610
448 1.157 0.307
449 1.307 -0.777
450 2.730 2.271
451 1.890 -0.488
452 1.048 1.771
453 1.567 -0.453
454 2.441 1.619
455 2.640 1.879
456 2.769 -0.983
457 1.411 -1.034
458 1.022 -1.100
459 2.697 -0.322
460 2.631 0.387
461 1.498 2.011
462 2.190 0.808
463 1.687 -0.903
464 2.001 -0.076
465 1.181 0.822
466 1.231 -0.968
467 1.142 -0.590
468 1.112 0.859
469 1.317 0.518
470 2.002 0.058
471 1.413 0.659
472 1.171 0.590
473 1.909 0.032
474 1.350 1.063
475 2.348 -0.041
476 1.308 1.232
477 2.461 1.601
478 1.903 -1.022
479 1.923 2.273
480 1.239 2.030
481 1.540 2.592
482 1.107 2.279
483 1.292 2.642
484 1.879 -0.930
485 1.420 1.051
486 2.757 -0.714
487 1.989 -0.073
488 1.550 2.677
489 1.651 -1.100
490 2.311 0.600
491 1.051 -0.132
492 2.069 2.423
493 1.777 0.309
494 1.357 -0.657
495 2.337 2.188
496 2.517 0.111
497 2.503 0.250
498 1.318 0.931
499 2.498 2.063
500 2.110 -0.313
501 2.637 2.637
502 1.663 0.647
503 1.347 0.210
504 2.363 1.061
505 1.508 2.239
506 2.242 -0.899
507 1.447 -0.633
508 1.497 2.083
509 1.901 0.232
510 1.531 -0.437
511 2.727 0.267
512 1.881 1.339
513 2.792 -0.754
514 2.651 0.363
515 2.082 1.048
516 1.622 -0.828
517 1.749 1.543
518 2.521 2.521
519 2.353 2.073
520 1.823 0.598
521 2.188 2.010
522 1.997 0.628
523 2.087 1.571
524 2.702 2.317
525 1.017 0.321
526 2.453 -0.454
527 2.071 2.097
528 2.509 2.229
529 2.372 0.012
530 2.118 2.051
531 1.047 2.512
532 1.510 1.162
533 1.613 0.423
534 2.102 -0.852
535 2.298 -0.720
536 1.692 2.383
537 1.928 2.633
538 1.667 -1.039
539 2.222 1.937
540 1.217 0.308
541 1.281 0.719
542 1.713 -0.238
543 1.721 -0.802
544 2.057 2.389
545 1.998 2.468
546 2.450 2.100
547 1.510 2.058
548 2.563 -0.286
549 1.810 1.597
550 2.783 1.980
551 1.370 1.893
552 2.127 2.347
553 1.097 2.302
554 2.617 2.692
555 2.608 -0.112
556 1.418 1.888
557 1.001 -0.841
558 1.663 0.150
559 2.742 -0.555
560 2.397 -0.573
561 2.392 2.372
562 1.563 1.332
563 2.567 -0.516
564 1.938 0.727
565 1.151 -0.381
566 2.183 -0.154
567 1.763 2.638
568 2.069 1.362
569 1.553 1.270
570 2.287 -0.400
571 1.797 -0.367
572 2.223 1.180
573 1.281 -0.603
574 2.722 2.181
575 1.772 1.389
576 2.212 -1.079
577 1.842 -0.400
578 1.299 -0.190
579 1.308 -0.457
580 2.372 1.470
581 2.633 0.742
582 2.162 -0.139
583 1.939 0.093
584 1.001 -0.301
585 2.391 2.013
586 1.643 0.967
587 2.063 -0.999
588 1.192 2.060
589 1.468 0.069
590 1.627 0.150
591 2.630 1.943
592 2.803 1.369
593 1.028 2.450
594 1.287 -0.390
595 1.150 0.862
596 1.472 0.527
597 1.879 0.848
598 1.997 -0.873
599 1.011 -0.607
600 1.141 -0.290
601 1.021 2.458
602 1.773 2.012
603 2.083 1.268
604 1.612 1.418
605 2.243 -0.975
606 2.509 2.093
607 1.957 1.097
608 2.778 1.008
609 2.043 1.378
610 1.987 -0.767
611 2.263 0.292
612 1.173 0.388
613 2.790 0.828
614 2.222 2.307
615 1.898 0.933
616 2.160 0.477
617 1.599 0.099
618 2.247 -0.568
619 2.792 0.699
620 2.179 -0.796
621 1.487 1.368
622 2.720 2.271
623 2.012 1.912
624 2.087 -0.477
625 2.678 -0.053
626 1.772 -0.049
627 2.661 0.858
628 2.401 1.941
629 2.287 -0.336
630 1.037 1.280
631 1.407 1.201
632 1.492 0.228
633 1.552 -0.105
634 1.523 1.541
635 2.033 1.818
636 2.513 0.722
637 2.351 1.022
638 1.983 2.277
639 1.679 -0.035
640 2.098 0.768
641 2.698 0.092
642 2.262 0.547
643 2.760 1.131
644 1.702 -0.614
645 2.370 2.401
646 2.087 0.341
647 2.502 0.652
648 1.857 2.408
649 1.883 -0.073
650 2.389 0.149
651 2.469 0.912
652 1.628 0.133
653 1.769 -0.060
654 2.761 1.998
655 2.829 2.583
656 2.242 1.782
657 1.458 2.650
658 1.699 -0.295
659 1.308 -0.894
660 2.409 1.632
661 2.203 1.668
662 1.772 -0.578
663 2.450 0.333
664 2.162 -0.832
665 1.082 -0.862
666 1.522 -0.532
667 1.893 1.782
668 1.667 1.747
669 2.870 1.521
670 1.388 2.053
671 2.098 -0.831
672 2.040 -0.996
673 2.717 0.042
674 1.960 2.158
675 1.903 0.533
676 2.011 0.419
677 0.961 0.911
678 2.197 0.353
679 1.520 -1.100
680 1.691 0.290
681 1.637 1.717
682 2.198 -0.350
683 1.721 0.879
684 1.109 -0.433
685 2.573 -0.986
686 2.691 2.313
687 1.709 -0.654
688 1.371 1.910
689 1.068 -0.081
690 1.909 2.108
691 1.318 0.388
692 1.660 -0.699
693 1.049 -0.191
694 2.417 1.758
695 2.018 0.182
696 1.887 1.407
697 1.959 2.487
698 2.028 -1.008
699 2.610 -0.688
700 2.001 2.541
701 1.043 -0.612
702 2.150 0.649
703 2.649 -0.443
704 2.472 1.399
705 1.412 2.350
706 1.100 0.682
707 1.649 2.263
708 2.532 0.819
709 1.569 2.039
710 2.188 1.222
711 2.278 2.682
712 1.278 1.507
713 1.418 2.437
714 2.059 0.277
715 2.068 -0.539
716 1.220 -1.093
717 1.922 0.553
718 2.652 2.650
719 2.679 2.303
720 1.069 2.280
721 2.038 0.817
722 1.783 0.927
723 2.337 -0.166
724 1.157 1.398
725 1.610 0.868
726 2.352 1.612
727 1.527 -0.179
728 1.041 1.571
729 1.301 1.558
730 1.750 1.570
731 2.632 1.691
732 1.598 0.380
733 1.232 -0.306
734 1.569 1.382
735 2.749 1.637
736 1.190 -0.611
737 2.432 1.133
738 1.953 2.338
739 1.403 0.223
740 1.251 1.039
741 1.211 2.320
742 1.232 1.967
743 2.641 -0.478
744 1.761 -0.703
745 2.401 -0.379
746 2.607 2.570
747 2.350 0.971
748 1.338 2.590
749 1.080 1.301
750 2.277 2.459
751 2.591 2.360
752 2.702 2.491
753 1.627 -0.336
754 2.619 -0.395
755 1.573 1.659
756 2.490 2.148
757 2.502 -1.012
758 2.221 -0.073
759 2.651 1.873
760 1.687 -0.890
761 2.417 -0.030
762 1.461 -0.732
763 1.277 2.602
764 1.221 -0.831
765 1.681 2.367
766 1.613 -0.023
767 1.972 1.772
768 1.502 0.912
769 2.398 2.431
770 1.371 0.197
771 1.191 1.333
772 1.752 0.431
773 1.928 0.992
774 1.398 1.667
775 2.408 -0.479
776 2.487 -0.687
777 2.622 -0.964
778 1.218 1.533
779 2.483 -0.143
780 1.651 -1.031
781 2.679 0.553
782 2.528 1.441
783 1.837 1.327
784 2.083 -0.379
785 1.567 -0.884
786 2.631 -0.161
787 2.263 0.053
788 2.701 2.502
789 2.013 2.153
790 2.007 1.548
791 1.362 1.027
792 2.142 2.121
793 1.727 1.793
794 2.323 1.368
795 2.471 1.053
796 2.390 2.073
797 2.222 2.278
798 1.942 -0.044
799 1.667 -0.309
800 2.437 -0.540
801 2.268 1.538
802 2.248 0.671
803 2.509 2.529
804 1.482 1.573
805 1.813 -0.351
806 2.343 -0.435
807 1.358 0.901
808 2.452 0.733
809 2.427 -0.546
810 2.731 1.773
811 1.371 -0.352
812 1.331 2.142
813 1.818 0.210
814 1.681 -0.714
815 2.678 0.707
816 2.177 -0.881
817 2.042 2.308
818 1.909 1.538
819 1.797 2.509
820 1.328 2.659
821 1.630 1.868
822 1.052 0.119
823 1.247 -0.858
824 2.198 0.828
825 1.669 0.420
826 1.992 0.197
827 2.059 1.367
828 1.820 0.073
829 2.158 0.561
830 1.511 1.100
831 1.497 2.479
832 1.672 1.323
833 1.621 1.900
834 2.160 0.892
835 1.968 2.430
836 2.010 2.202
837 2.223 2.463
838 1.290 -1.086
839 1.250 1.583
840 2.458 0.011
841 2.652 0.241
842 1.369 2.277
843 2.547 1.693
844 2.023 2.663
845 2.210 0.662
846 1.111 -0.335
847 2.189 1.661
848 1.982 0.137
849 2.011 1.599
850 2.703 -1.076
851 1.893 2.542
852 2.163 1.888
853 2.447 -0.297
854 1.682 0.741
855 2.290 1.548
856 1.638 1.673
857 1.541 1.213
858 2.212 1.453
859 2.258 1.807
860 2.427 2.203
861 2.279 0.829
862 2.259 -0.494
863 1.121 1.567
864 1.697 2.262
865 2.371 0.052
866 2.577 -0.007
867 2.759 1.132
868 2.398 -0.587
869 2.182 0.853
870 2.108 -0.943
871 1.913 -0.879
872 1.182 2.198
873 1.081 1.302
874 2.600 0.321
875 1.538 1.253
876 2.480 1.573
877 1.618 1.108
878 1.577 2.573
879 2.713 1.197
880 2.292 -1.020
881 2.731 1.387
882 2.170 -0.234
883 1.601 -0.893
884 2.638 2.493
885 1.613 -0.228
886 2.067 1.038
887 2.532 1.833
888 1.887 0.827
889 1.157 2.448
890 1.249 1.508
891 2.651 2.269
892 2.469 1.537
893 1.127 1.641
894 1.917 -0.900
895 2.150 -0.460
896 1.381 -0.898
897 1.573 0.617
898 1.671 -0.922
899 1.788 0.239
900 2.000 0.748
901 2.263 0.161
902 2.633 -0.346
903 1.608 2.163
904 2.600 2.068
905 1.400 -0.605
906 1.259 -1.074
907 2.011 -1.111
908 2.193 -0.852
909 1.187 -0.522
910 1.448 0.492
911 1.358 -0.221
912 1.801 0.669
913 2.330 -0.967
914 1.303 2.348
915 1.088 0.348
916 2.707 2.170
917 1.198 1.010
918 1.458 2.603
919 2.043 0.847
920 2.177 -0.753
921 2.600 -0.687
922 1.401 2.533
923 2.028 0.269
924 2.752 1.672
925 2.410 0.249
926 1.258 -0.048
927 2.569 2.278
928 1.218 1.207
929 2.079 1.218
930 1.553 1.257
931 2.267 -0.894
932 1.203 1.547
933 2.558 0.609
934 1.837 0.432
935 2.193 -0.121
936 1.548 -0.716
937 2.317 -0.570
938 1.493 -0.649
939 1.387 0.572
940 1.441 2.347
941 1.641 -0.128
942 1.990 1.269
943 2.470 1.202
944 1.020 -0.115
945 1.350 0.081
946 1.472 -0.541
947 1.297 0.697
948 1.219 1.540
949 1.120 1.120
950 2.152 -0.536
951 2.658 -0.955
952 1.897 -1.030
953 1.307 -1.058
954 1.319 1.083
955 1.751 2.480
956 1.110 1.657
957 2.018 0.102
958 2.197 2.411
959 2.243 0.228
960 1.467 0.018
961 1.937 0.157
962 2.671 0.303
963 1.250 2.589
964 2.743 0.101
965 1.009 1.159
966 1.633 1.187
967 1.913 0.212
968 1.631 2.118
969 1.328 -0.642
970 2.363 1.163
971 1.598 2.432
972 1.171 2.170
973 1.470 1.419
974 2.150 1.447
975 1.451 1.519
976 1.829 -0.031
977 2.533 -0.764
978 2.319 1.082
979 2.433 -0.006
980 1.187 0.367
981 2.748 0.252
982 2.261 1.023
983 2.739 0.262
984 1.807 -0.601
985 2.292 1.373
986 2.293 -0.397
987 2.632 2.143
988 1.628 -0.380
989 2.777 -0.344
990 2.310 -0.808
991 1.052 2.458
992 2.298 -0.613
993 1.522 0.073
994 2.297 -0.389
995 2.061 1.599
996 1.237 1.547
997 2.323 -0.668
998 1.732 1.930
999 2.770 -0.731
1000 2.788 0.962
