1 6.464 79.400
2 3.834 77.760
3 2.916 82.481
4 6.464 79.400
5 63.988 785.977
6 633.416 7780.366
7 2.414 34.483
8 11.133 159.020
9 51.342 733.332
10 236.769 3381.820
11 1.426 23.219
12 4.587 74.694
13 14.757 240.293
14 47.474 773.027
15 152.724 2486.841
16 1.000 18.283
17 2.590 47.353
18 6.708 122.642
19 17.373 317.638
20 44.996 822.669
21 116.538 2130.681
22 0.766 15.545
23 1.714 34.768
24 3.834 77.760
25 8.574 173.914
26 19.177 388.966
27 42.890 869.940
28 95.925 1945.657
29 0.620 13.814
30 1.246 27.773
31 2.506 55.839
32 5.038 112.268
33 10.130 225.721
34 20.366 453.825
35 40.948 912.441
36 82.327 1834.513
37 0.520 12.622
38 0.964 23.401
39 1.787 43.383
40 3.312 80.427
41 6.140 149.105
42 11.383 276.425
43 21.104 512.465
44 39.124 950.059
45 72.532 1761.316
46 0.447 11.754
47 0.778 20.441
48 1.352 35.548
49 2.352 61.819
50 4.090 107.506
51 7.113 186.957
52 12.370 325.125
53 21.512 565.406
54 37.410 983.264
55 65.058 1709.935
56 0.392 11.094
57 0.648 18.319
58 1.070 30.249
59 1.766 49.950
60 2.916 82.481
61 4.816 136.199
62 7.952 224.903
63 13.131 371.376
64 21.682 613.244
65 35.803 1012.634
66 59.121 1672.136
67 0.349 10.575
68 0.552 16.730
69 0.874 26.468
70 1.383 41.874
71 2.188 66.246
72 3.461 104.806
73 5.475 165.809
74 8.662 262.319
75 13.704 415.004
76 21.681 656.560
77 34.300 1038.716
78 54.265 1643.308
79 0.315 10.156
80 0.480 15.500
81 0.733 23.654
82 1.118 36.098
83 1.706 55.089
84 2.604 84.070
85 3.974 128.298
86 6.065 195.795
87 9.256 298.800
88 14.125 455.995
89 21.556 695.888
90 32.896 1061.987
91 50.202 1620.685
92 0.286 9.812
93 0.424 14.521
94 0.627 21.490
95 0.928 31.803
96 1.373 47.065
97 2.032 69.652
98 3.007 103.078
99 4.450 152.546
100 6.585 225.753
101 9.745 334.093
102 14.422 494.426
103 21.343 731.703
104 31.585 1082.850
105 46.743 1602.515
106 0.262 9.524
107 0.378 13.725
108 0.545 19.780
109 0.786 28.506
110 1.132 41.082
111 1.632 59.205
112 2.352 85.324
113 3.389 122.965
114 4.884 177.211
115 7.039 255.388
116 10.144 368.054
117 14.619 530.422
118 21.068 764.419
119 30.362 1101.644
120 43.757 1587.637
121 0.242 9.279
122 0.341 13.066
123 0.481 18.400
124 0.677 25.910
125 0.953 36.486
126 1.342 51.379
127 1.890 72.350
128 2.661 101.882
129 3.748 143.467
130 5.277 202.027
131 7.431 284.490
132 10.464 400.612
133 14.736 564.132
134 20.751 794.397
135 29.220 1118.650
136 0.225 9.068
137 0.311 12.512
138 0.429 17.264
139 0.591 23.821
140 0.816 32.867
141 1.126 45.349
142 1.553 62.572
143 2.143 86.335
144 2.957 119.123
145 4.080 164.362
146 5.630 226.783
147 7.768 312.910
148 10.718 431.746
149 14.788 595.712
150 20.404 821.949
151 0.210 8.885
152 0.285 12.040
153 0.386 16.315
154 0.523 22.108
155 0.709 29.958
156 0.960 40.595
157 1.301 55.008
158 1.763 74.540
159 2.389 101.006
160 3.237 136.869
161 4.386 185.466
162 5.944 251.318
163 8.054 340.552
164 10.914 461.469
165 14.789 625.319
166 0.197 8.725
167 0.263 11.633
168 0.350 15.511
169 0.467 20.682
170 0.623 27.577
171 0.830 36.770
172 1.107 49.028
173 1.476 65.372
174 1.968 87.165
175 2.625 116.223
176 3.499 154.967
177 4.666 206.627
178 6.222 275.509
179 8.296 367.353
180 11.061 489.815
181 0.185 8.583
182 0.244 11.279
183 0.320 14.823
184 0.421 19.480
185 0.553 25.599
186 0.727 33.641
187 0.955 44.210
188 1.255 58.099
189 1.650 76.351
190 2.168 100.338
191 2.849 131.860
192 3.744 173.285
193 4.920 227.724
194 6.466 299.265
195 8.497 393.281
