1
MESSAGE                 
        MESSAGE         
                 MESSAGE
                        

2
This      is a   message
                        

3
TOO BIG

4
TOO BIG

5
  This message has a [ and a ]  
                                

6
BAD TAG

7
TAG CONFLICT

8
MESSAGE                 

9
        MESSAGE         

10
                 MESSAGE

11
M  E  S  S  A  G  E     

12
  M  E  S  S  A  G  E   

13
THIS      IS A   MESSAGE

14
TWO LINE                
MESSAGE                 

15
 W   I   D   E    TEXT  
        MESSAGE         

16
Many      Type   Message

17
BAD TAG

18
BAD TAG

19
 F      U      L      L 
  M  E  S  S  A  G  E   

20
out       o  f     order

