1 1 1
[1,1] 

2 2 1
[1,1] 

3 3 2
[1,1] [3,2] 

4 4 3
[2,1] [3,3] [4,2] 

5 5 3
[3,1] [4,3] [5,5] 

6 6 4
[3,1] [4,3] [5,5] [6,2] 

7 7 5
[3,1] [4,3] [5,5] [6,2] [7,4] 

8 8 5
[4,1] [5,3] [6,5] [7,7] [8,2] 

9 9 6
[4,1] [5,3] [6,5] [7,7] [8,2] [9,4] 

10 10 7
[4,1] [5,3] [6,5] [7,7] [8,2] [9,4] [10,6] 

11 11 7
[5,1] [6,3] [7,5] [8,7] [9,9] [10,2] [11,4] 

12 12 8
[5,1] [6,3] [7,5] [8,7] [9,9] [10,2] [11,4] [12,6]

13 13 9
[5,1] [6,3] [7,5] [8,7] [9,9] [10,2] [11,4] [12,6]
[13,8] 

14 14 9
[6,1] [7,3] [8,5] [9,7] [10,9] [11,11] [12,2] [13,4]
[14,6] 

15 15 10
[6,1] [7,3] [8,5] [9,7] [10,9] [11,11] [12,2] [13,4]
[14,6] [15,8] 

16 16 11
[6,1] [7,3] [8,5] [9,7] [10,9] [11,11] [12,2] [13,4]
[14,6] [15,8] [16,10] 

17 17 11
[7,1] [8,3] [9,5] [10,7] [11,9] [12,11] [13,13] [14,2]
[15,4] [16,6] [17,8] 

18 18 12
[7,1] [8,3] [9,5] [10,7] [11,9] [12,11] [13,13] [14,2]
[15,4] [16,6] [17,8] [18,10] 

19 19 13
[7,1] [8,3] [9,5] [10,7] [11,9] [12,11] [13,13] [14,2]
[15,4] [16,6] [17,8] [18,10] [19,12] 

20 20 13
[8,1] [9,3] [10,5] [11,7] [12,9] [13,11] [14,13] [15,15]
[16,2] [17,4] [18,6] [19,8] [20,10] 

21 21 14
[8,1] [9,3] [10,5] [11,7] [12,9] [13,11] [14,13] [15,15]
[16,2] [17,4] [18,6] [19,8] [20,10] [21,12] 

22 22 15
[8,1] [9,3] [10,5] [11,7] [12,9] [13,11] [14,13] [15,15]
[16,2] [17,4] [18,6] [19,8] [20,10] [21,12] [22,14] 

23 23 15
[9,1] [10,3] [11,5] [12,7] [13,9] [14,11] [15,13] [16,15]
[17,17] [18,2] [19,4] [20,6] [21,8] [22,10] [23,12] 

24 24 16
[9,1] [10,3] [11,5] [12,7] [13,9] [14,11] [15,13] [16,15]
[17,17] [18,2] [19,4] [20,6] [21,8] [22,10] [23,12] [24,14]

25 25 17
[9,1] [10,3] [11,5] [12,7] [13,9] [14,11] [15,13] [16,15]
[17,17] [18,2] [19,4] [20,6] [21,8] [22,10] [23,12] [24,14]
[25,16] 

26 26 17
[10,1] [11,3] [12,5] [13,7] [14,9] [15,11] [16,13] [17,15]
[18,17] [19,19] [20,2] [21,4] [22,6] [23,8] [24,10] [25,12]
[26,14] 

27 27 18
[10,1] [11,3] [12,5] [13,7] [14,9] [15,11] [16,13] [17,15]
[18,17] [19,19] [20,2] [21,4] [22,6] [23,8] [24,10] [25,12]
[26,14] [27,16] 

28 28 19
[10,1] [11,3] [12,5] [13,7] [14,9] [15,11] [16,13] [17,15]
[18,17] [19,19] [20,2] [21,4] [22,6] [23,8] [24,10] [25,12]
[26,14] [27,16] [28,18] 

29 29 19
[11,1] [12,3] [13,5] [14,7] [15,9] [16,11] [17,13] [18,15]
[19,17] [20,19] [21,21] [22,2] [23,4] [24,6] [25,8] [26,10]
[27,12] [28,14] [29,16] 

30 30 20
[11,1] [12,3] [13,5] [14,7] [15,9] [16,11] [17,13] [18,15]
[19,17] [20,19] [21,21] [22,2] [23,4] [24,6] [25,8] [26,10]
[27,12] [28,14] [29,16] [30,18] 

31 31 21
[11,1] [12,3] [13,5] [14,7] [15,9] [16,11] [17,13] [18,15]
[19,17] [20,19] [21,21] [22,2] [23,4] [24,6] [25,8] [26,10]
[27,12] [28,14] [29,16] [30,18] [31,20] 

32 32 21
[12,1] [13,3] [14,5] [15,7] [16,9] [17,11] [18,13] [19,15]
[20,17] [21,19] [22,21] [23,23] [24,2] [25,4] [26,6] [27,8]
[28,10] [29,12] [30,14] [31,16] [32,18] 

33 33 22
[12,1] [13,3] [14,5] [15,7] [16,9] [17,11] [18,13] [19,15]
[20,17] [21,19] [22,21] [23,23] [24,2] [25,4] [26,6] [27,8]
[28,10] [29,12] [30,14] [31,16] [32,18] [33,20] 

34 34 23
[12,1] [13,3] [14,5] [15,7] [16,9] [17,11] [18,13] [19,15]
[20,17] [21,19] [22,21] [23,23] [24,2] [25,4] [26,6] [27,8]
[28,10] [29,12] [30,14] [31,16] [32,18] [33,20] [34,22] 

35 35 23
[13,1] [14,3] [15,5] [16,7] [17,9] [18,11] [19,13] [20,15]
[21,17] [22,19] [23,21] [24,23] [25,25] [26,2] [27,4] [28,6]
[29,8] [30,10] [31,12] [32,14] [33,16] [34,18] [35,20] 

36 36 24
[13,1] [14,3] [15,5] [16,7] [17,9] [18,11] [19,13] [20,15]
[21,17] [22,19] [23,21] [24,23] [25,25] [26,2] [27,4] [28,6]
[29,8] [30,10] [31,12] [32,14] [33,16] [34,18] [35,20] [36,22]

37 37 25
[13,1] [14,3] [15,5] [16,7] [17,9] [18,11] [19,13] [20,15]
[21,17] [22,19] [23,21] [24,23] [25,25] [26,2] [27,4] [28,6]
[29,8] [30,10] [31,12] [32,14] [33,16] [34,18] [35,20] [36,22]
[37,24] 

38 38 25
[14,1] [15,3] [16,5] [17,7] [18,9] [19,11] [20,13] [21,15]
[22,17] [23,19] [24,21] [25,23] [26,25] [27,27] [28,2] [29,4]
[30,6] [31,8] [32,10] [33,12] [34,14] [35,16] [36,18] [37,20]
[38,22] 

39 39 26
[14,1] [15,3] [16,5] [17,7] [18,9] [19,11] [20,13] [21,15]
[22,17] [23,19] [24,21] [25,23] [26,25] [27,27] [28,2] [29,4]
[30,6] [31,8] [32,10] [33,12] [34,14] [35,16] [36,18] [37,20]
[38,22] [39,24] 

40 40 27
[14,1] [15,3] [16,5] [17,7] [18,9] [19,11] [20,13] [21,15]
[22,17] [23,19] [24,21] [25,23] [26,25] [27,27] [28,2] [29,4]
[30,6] [31,8] [32,10] [33,12] [34,14] [35,16] [36,18] [37,20]
[38,22] [39,24] [40,26] 

41 41 27
[15,1] [16,3] [17,5] [18,7] [19,9] [20,11] [21,13] [22,15]
[23,17] [24,19] [25,21] [26,23] [27,25] [28,27] [29,29] [30,2]
[31,4] [32,6] [33,8] [34,10] [35,12] [36,14] [37,16] [38,18]
[39,20] [40,22] [41,24] 

42 42 28
[15,1] [16,3] [17,5] [18,7] [19,9] [20,11] [21,13] [22,15]
[23,17] [24,19] [25,21] [26,23] [27,25] [28,27] [29,29] [30,2]
[31,4] [32,6] [33,8] [34,10] [35,12] [36,14] [37,16] [38,18]
[39,20] [40,22] [41,24] [42,26] 

43 43 29
[15,1] [16,3] [17,5] [18,7] [19,9] [20,11] [21,13] [22,15]
[23,17] [24,19] [25,21] [26,23] [27,25] [28,27] [29,29] [30,2]
[31,4] [32,6] [33,8] [34,10] [35,12] [36,14] [37,16] [38,18]
[39,20] [40,22] [41,24] [42,26] [43,28] 

44 44 29
[16,1] [17,3] [18,5] [19,7] [20,9] [21,11] [22,13] [23,15]
[24,17] [25,19] [26,21] [27,23] [28,25] [29,27] [30,29] [31,31]
[32,2] [33,4] [34,6] [35,8] [36,10] [37,12] [38,14] [39,16]
[40,18] [41,20] [42,22] [43,24] [44,26] 

45 45 30
[16,1] [17,3] [18,5] [19,7] [20,9] [21,11] [22,13] [23,15]
[24,17] [25,19] [26,21] [27,23] [28,25] [29,27] [30,29] [31,31]
[32,2] [33,4] [34,6] [35,8] [36,10] [37,12] [38,14] [39,16]
[40,18] [41,20] [42,22] [43,24] [44,26] [45,28] 

46 46 31
[16,1] [17,3] [18,5] [19,7] [20,9] [21,11] [22,13] [23,15]
[24,17] [25,19] [26,21] [27,23] [28,25] [29,27] [30,29] [31,31]
[32,2] [33,4] [34,6] [35,8] [36,10] [37,12] [38,14] [39,16]
[40,18] [41,20] [42,22] [43,24] [44,26] [45,28] [46,30] 

47 47 31
[17,1] [18,3] [19,5] [20,7] [21,9] [22,11] [23,13] [24,15]
[25,17] [26,19] [27,21] [28,23] [29,25] [30,27] [31,29] [32,31]
[33,33] [34,2] [35,4] [36,6] [37,8] [38,10] [39,12] [40,14]
[41,16] [42,18] [43,20] [44,22] [45,24] [46,26] [47,28] 

48 48 32
[17,1] [18,3] [19,5] [20,7] [21,9] [22,11] [23,13] [24,15]
[25,17] [26,19] [27,21] [28,23] [29,25] [30,27] [31,29] [32,31]
[33,33] [34,2] [35,4] [36,6] [37,8] [38,10] [39,12] [40,14]
[41,16] [42,18] [43,20] [44,22] [45,24] [46,26] [47,28] [48,30]

49 49 33
[17,1] [18,3] [19,5] [20,7] [21,9] [22,11] [23,13] [24,15]
[25,17] [26,19] [27,21] [28,23] [29,25] [30,27] [31,29] [32,31]
[33,33] [34,2] [35,4] [36,6] [37,8] [38,10] [39,12] [40,14]
[41,16] [42,18] [43,20] [44,22] [45,24] [46,26] [47,28] [48,30]
[49,32] 

50 50 33
[18,1] [19,3] [20,5] [21,7] [22,9] [23,11] [24,13] [25,15]
[26,17] [27,19] [28,21] [29,23] [30,25] [31,27] [32,29] [33,31]
[34,33] [35,35] [36,2] [37,4] [38,6] [39,8] [40,10] [41,12]
[42,14] [43,16] [44,18] [45,20] [46,22] [47,24] [48,26] [49,28]
[50,30] 

51 51 34
[18,1] [19,3] [20,5] [21,7] [22,9] [23,11] [24,13] [25,15]
[26,17] [27,19] [28,21] [29,23] [30,25] [31,27] [32,29] [33,31]
[34,33] [35,35] [36,2] [37,4] [38,6] [39,8] [40,10] [41,12]
[42,14] [43,16] [44,18] [45,20] [46,22] [47,24] [48,26] [49,28]
[50,30] [51,32] 

52 52 35
[18,1] [19,3] [20,5] [21,7] [22,9] [23,11] [24,13] [25,15]
[26,17] [27,19] [28,21] [29,23] [30,25] [31,27] [32,29] [33,31]
[34,33] [35,35] [36,2] [37,4] [38,6] [39,8] [40,10] [41,12]
[42,14] [43,16] [44,18] [45,20] [46,22] [47,24] [48,26] [49,28]
[50,30] [51,32] [52,34] 

53 53 35
[19,1] [20,3] [21,5] [22,7] [23,9] [24,11] [25,13] [26,15]
[27,17] [28,19] [29,21] [30,23] [31,25] [32,27] [33,29] [34,31]
[35,33] [36,35] [37,37] [38,2] [39,4] [40,6] [41,8] [42,10]
[43,12] [44,14] [45,16] [46,18] [47,20] [48,22] [49,24] [50,26]
[51,28] [52,30] [53,32] 

54 54 36
[19,1] [20,3] [21,5] [22,7] [23,9] [24,11] [25,13] [26,15]
[27,17] [28,19] [29,21] [30,23] [31,25] [32,27] [33,29] [34,31]
[35,33] [36,35] [37,37] [38,2] [39,4] [40,6] [41,8] [42,10]
[43,12] [44,14] [45,16] [46,18] [47,20] [48,22] [49,24] [50,26]
[51,28] [52,30] [53,32] [54,34] 

55 55 37
[19,1] [20,3] [21,5] [22,7] [23,9] [24,11] [25,13] [26,15]
[27,17] [28,19] [29,21] [30,23] [31,25] [32,27] [33,29] [34,31]
[35,33] [36,35] [37,37] [38,2] [39,4] [40,6] [41,8] [42,10]
[43,12] [44,14] [45,16] [46,18] [47,20] [48,22] [49,24] [50,26]
[51,28] [52,30] [53,32] [54,34] [55,36] 

56 56 37
[20,1] [21,3] [22,5] [23,7] [24,9] [25,11] [26,13] [27,15]
[28,17] [29,19] [30,21] [31,23] [32,25] [33,27] [34,29] [35,31]
[36,33] [37,35] [38,37] [39,39] [40,2] [41,4] [42,6] [43,8]
[44,10] [45,12] [46,14] [47,16] [48,18] [49,20] [50,22] [51,24]
[52,26] [53,28] [54,30] [55,32] [56,34] 

57 57 38
[20,1] [21,3] [22,5] [23,7] [24,9] [25,11] [26,13] [27,15]
[28,17] [29,19] [30,21] [31,23] [32,25] [33,27] [34,29] [35,31]
[36,33] [37,35] [38,37] [39,39] [40,2] [41,4] [42,6] [43,8]
[44,10] [45,12] [46,14] [47,16] [48,18] [49,20] [50,22] [51,24]
[52,26] [53,28] [54,30] [55,32] [56,34] [57,36] 

58 58 39
[20,1] [21,3] [22,5] [23,7] [24,9] [25,11] [26,13] [27,15]
[28,17] [29,19] [30,21] [31,23] [32,25] [33,27] [34,29] [35,31]
[36,33] [37,35] [38,37] [39,39] [40,2] [41,4] [42,6] [43,8]
[44,10] [45,12] [46,14] [47,16] [48,18] [49,20] [50,22] [51,24]
[52,26] [53,28] [54,30] [55,32] [56,34] [57,36] [58,38] 

59 59 39
[21,1] [22,3] [23,5] [24,7] [25,9] [26,11] [27,13] [28,15]
[29,17] [30,19] [31,21] [32,23] [33,25] [34,27] [35,29] [36,31]
[37,33] [38,35] [39,37] [40,39] [41,41] [42,2] [43,4] [44,6]
[45,8] [46,10] [47,12] [48,14] [49,16] [50,18] [51,20] [52,22]
[53,24] [54,26] [55,28] [56,30] [57,32] [58,34] [59,36] 

60 60 40
[21,1] [22,3] [23,5] [24,7] [25,9] [26,11] [27,13] [28,15]
[29,17] [30,19] [31,21] [32,23] [33,25] [34,27] [35,29] [36,31]
[37,33] [38,35] [39,37] [40,39] [41,41] [42,2] [43,4] [44,6]
[45,8] [46,10] [47,12] [48,14] [49,16] [50,18] [51,20] [52,22]
[53,24] [54,26] [55,28] [56,30] [57,32] [58,34] [59,36] [60,38]

61 61 41
[21,1] [22,3] [23,5] [24,7] [25,9] [26,11] [27,13] [28,15]
[29,17] [30,19] [31,21] [32,23] [33,25] [34,27] [35,29] [36,31]
[37,33] [38,35] [39,37] [40,39] [41,41] [42,2] [43,4] [44,6]
[45,8] [46,10] [47,12] [48,14] [49,16] [50,18] [51,20] [52,22]
[53,24] [54,26] [55,28] [56,30] [57,32] [58,34] [59,36] [60,38]
[61,40] 

62 62 41
[22,1] [23,3] [24,5] [25,7] [26,9] [27,11] [28,13] [29,15]
[30,17] [31,19] [32,21] [33,23] [34,25] [35,27] [36,29] [37,31]
[38,33] [39,35] [40,37] [41,39] [42,41] [43,43] [44,2] [45,4]
[46,6] [47,8] [48,10] [49,12] [50,14] [51,16] [52,18] [53,20]
[54,22] [55,24] [56,26] [57,28] [58,30] [59,32] [60,34] [61,36]
[62,38] 

63 63 42
[22,1] [23,3] [24,5] [25,7] [26,9] [27,11] [28,13] [29,15]
[30,17] [31,19] [32,21] [33,23] [34,25] [35,27] [36,29] [37,31]
[38,33] [39,35] [40,37] [41,39] [42,41] [43,43] [44,2] [45,4]
[46,6] [47,8] [48,10] [49,12] [50,14] [51,16] [52,18] [53,20]
[54,22] [55,24] [56,26] [57,28] [58,30] [59,32] [60,34] [61,36]
[62,38] [63,40] 

64 64 43
[22,1] [23,3] [24,5] [25,7] [26,9] [27,11] [28,13] [29,15]
[30,17] [31,19] [32,21] [33,23] [34,25] [35,27] [36,29] [37,31]
[38,33] [39,35] [40,37] [41,39] [42,41] [43,43] [44,2] [45,4]
[46,6] [47,8] [48,10] [49,12] [50,14] [51,16] [52,18] [53,20]
[54,22] [55,24] [56,26] [57,28] [58,30] [59,32] [60,34] [61,36]
[62,38] [63,40] [64,42] 

65 65 43
[23,1] [24,3] [25,5] [26,7] [27,9] [28,11] [29,13] [30,15]
[31,17] [32,19] [33,21] [34,23] [35,25] [36,27] [37,29] [38,31]
[39,33] [40,35] [41,37] [42,39] [43,41] [44,43] [45,45] [46,2]
[47,4] [48,6] [49,8] [50,10] [51,12] [52,14] [53,16] [54,18]
[55,20] [56,22] [57,24] [58,26] [59,28] [60,30] [61,32] [62,34]
[63,36] [64,38] [65,40] 

66 66 44
[23,1] [24,3] [25,5] [26,7] [27,9] [28,11] [29,13] [30,15]
[31,17] [32,19] [33,21] [34,23] [35,25] [36,27] [37,29] [38,31]
[39,33] [40,35] [41,37] [42,39] [43,41] [44,43] [45,45] [46,2]
[47,4] [48,6] [49,8] [50,10] [51,12] [52,14] [53,16] [54,18]
[55,20] [56,22] [57,24] [58,26] [59,28] [60,30] [61,32] [62,34]
[63,36] [64,38] [65,40] [66,42] 

67 67 45
[23,1] [24,3] [25,5] [26,7] [27,9] [28,11] [29,13] [30,15]
[31,17] [32,19] [33,21] [34,23] [35,25] [36,27] [37,29] [38,31]
[39,33] [40,35] [41,37] [42,39] [43,41] [44,43] [45,45] [46,2]
[47,4] [48,6] [49,8] [50,10] [51,12] [52,14] [53,16] [54,18]
[55,20] [56,22] [57,24] [58,26] [59,28] [60,30] [61,32] [62,34]
[63,36] [64,38] [65,40] [66,42] [67,44] 

68 68 45
[24,1] [25,3] [26,5] [27,7] [28,9] [29,11] [30,13] [31,15]
[32,17] [33,19] [34,21] [35,23] [36,25] [37,27] [38,29] [39,31]
[40,33] [41,35] [42,37] [43,39] [44,41] [45,43] [46,45] [47,47]
[48,2] [49,4] [50,6] [51,8] [52,10] [53,12] [54,14] [55,16]
[56,18] [57,20] [58,22] [59,24] [60,26] [61,28] [62,30] [63,32]
[64,34] [65,36] [66,38] [67,40] [68,42] 

69 69 46
[24,1] [25,3] [26,5] [27,7] [28,9] [29,11] [30,13] [31,15]
[32,17] [33,19] [34,21] [35,23] [36,25] [37,27] [38,29] [39,31]
[40,33] [41,35] [42,37] [43,39] [44,41] [45,43] [46,45] [47,47]
[48,2] [49,4] [50,6] [51,8] [52,10] [53,12] [54,14] [55,16]
[56,18] [57,20] [58,22] [59,24] [60,26] [61,28] [62,30] [63,32]
[64,34] [65,36] [66,38] [67,40] [68,42] [69,44] 

70 70 47
[24,1] [25,3] [26,5] [27,7] [28,9] [29,11] [30,13] [31,15]
[32,17] [33,19] [34,21] [35,23] [36,25] [37,27] [38,29] [39,31]
[40,33] [41,35] [42,37] [43,39] [44,41] [45,43] [46,45] [47,47]
[48,2] [49,4] [50,6] [51,8] [52,10] [53,12] [54,14] [55,16]
[56,18] [57,20] [58,22] [59,24] [60,26] [61,28] [62,30] [63,32]
[64,34] [65,36] [66,38] [67,40] [68,42] [69,44] [70,46] 

71 71 47
[25,1] [26,3] [27,5] [28,7] [29,9] [30,11] [31,13] [32,15]
[33,17] [34,19] [35,21] [36,23] [37,25] [38,27] [39,29] [40,31]
[41,33] [42,35] [43,37] [44,39] [45,41] [46,43] [47,45] [48,47]
[49,49] [50,2] [51,4] [52,6] [53,8] [54,10] [55,12] [56,14]
[57,16] [58,18] [59,20] [60,22] [61,24] [62,26] [63,28] [64,30]
[65,32] [66,34] [67,36] [68,38] [69,40] [70,42] [71,44] 

72 72 48
[25,1] [26,3] [27,5] [28,7] [29,9] [30,11] [31,13] [32,15]
[33,17] [34,19] [35,21] [36,23] [37,25] [38,27] [39,29] [40,31]
[41,33] [42,35] [43,37] [44,39] [45,41] [46,43] [47,45] [48,47]
[49,49] [50,2] [51,4] [52,6] [53,8] [54,10] [55,12] [56,14]
[57,16] [58,18] [59,20] [60,22] [61,24] [62,26] [63,28] [64,30]
[65,32] [66,34] [67,36] [68,38] [69,40] [70,42] [71,44] [72,46]

73 73 49
[25,1] [26,3] [27,5] [28,7] [29,9] [30,11] [31,13] [32,15]
[33,17] [34,19] [35,21] [36,23] [37,25] [38,27] [39,29] [40,31]
[41,33] [42,35] [43,37] [44,39] [45,41] [46,43] [47,45] [48,47]
[49,49] [50,2] [51,4] [52,6] [53,8] [54,10] [55,12] [56,14]
[57,16] [58,18] [59,20] [60,22] [61,24] [62,26] [63,28] [64,30]
[65,32] [66,34] [67,36] [68,38] [69,40] [70,42] [71,44] [72,46]
[73,48] 

74 74 49
[26,1] [27,3] [28,5] [29,7] [30,9] [31,11] [32,13] [33,15]
[34,17] [35,19] [36,21] [37,23] [38,25] [39,27] [40,29] [41,31]
[42,33] [43,35] [44,37] [45,39] [46,41] [47,43] [48,45] [49,47]
[50,49] [51,51] [52,2] [53,4] [54,6] [55,8] [56,10] [57,12]
[58,14] [59,16] [60,18] [61,20] [62,22] [63,24] [64,26] [65,28]
[66,30] [67,32] [68,34] [69,36] [70,38] [71,40] [72,42] [73,44]
[74,46] 

75 75 50
[26,1] [27,3] [28,5] [29,7] [30,9] [31,11] [32,13] [33,15]
[34,17] [35,19] [36,21] [37,23] [38,25] [39,27] [40,29] [41,31]
[42,33] [43,35] [44,37] [45,39] [46,41] [47,43] [48,45] [49,47]
[50,49] [51,51] [52,2] [53,4] [54,6] [55,8] [56,10] [57,12]
[58,14] [59,16] [60,18] [61,20] [62,22] [63,24] [64,26] [65,28]
[66,30] [67,32] [68,34] [69,36] [70,38] [71,40] [72,42] [73,44]
[74,46] [75,48] 

76 76 51
[26,1] [27,3] [28,5] [29,7] [30,9] [31,11] [32,13] [33,15]
[34,17] [35,19] [36,21] [37,23] [38,25] [39,27] [40,29] [41,31]
[42,33] [43,35] [44,37] [45,39] [46,41] [47,43] [48,45] [49,47]
[50,49] [51,51] [52,2] [53,4] [54,6] [55,8] [56,10] [57,12]
[58,14] [59,16] [60,18] [61,20] [62,22] [63,24] [64,26] [65,28]
[66,30] [67,32] [68,34] [69,36] [70,38] [71,40] [72,42] [73,44]
[74,46] [75,48] [76,50] 

77 77 51
[27,1] [28,3] [29,5] [30,7] [31,9] [32,11] [33,13] [34,15]
[35,17] [36,19] [37,21] [38,23] [39,25] [40,27] [41,29] [42,31]
[43,33] [44,35] [45,37] [46,39] [47,41] [48,43] [49,45] [50,47]
[51,49] [52,51] [53,53] [54,2] [55,4] [56,6] [57,8] [58,10]
[59,12] [60,14] [61,16] [62,18] [63,20] [64,22] [65,24] [66,26]
[67,28] [68,30] [69,32] [70,34] [71,36] [72,38] [73,40] [74,42]
[75,44] [76,46] [77,48] 

78 78 52
[27,1] [28,3] [29,5] [30,7] [31,9] [32,11] [33,13] [34,15]
[35,17] [36,19] [37,21] [38,23] [39,25] [40,27] [41,29] [42,31]
[43,33] [44,35] [45,37] [46,39] [47,41] [48,43] [49,45] [50,47]
[51,49] [52,51] [53,53] [54,2] [55,4] [56,6] [57,8] [58,10]
[59,12] [60,14] [61,16] [62,18] [63,20] [64,22] [65,24] [66,26]
[67,28] [68,30] [69,32] [70,34] [71,36] [72,38] [73,40] [74,42]
[75,44] [76,46] [77,48] [78,50] 

79 79 53
[27,1] [28,3] [29,5] [30,7] [31,9] [32,11] [33,13] [34,15]
[35,17] [36,19] [37,21] [38,23] [39,25] [40,27] [41,29] [42,31]
[43,33] [44,35] [45,37] [46,39] [47,41] [48,43] [49,45] [50,47]
[51,49] [52,51] [53,53] [54,2] [55,4] [56,6] [57,8] [58,10]
[59,12] [60,14] [61,16] [62,18] [63,20] [64,22] [65,24] [66,26]
[67,28] [68,30] [69,32] [70,34] [71,36] [72,38] [73,40] [74,42]
[75,44] [76,46] [77,48] [78,50] [79,52] 

80 80 53
[28,1] [29,3] [30,5] [31,7] [32,9] [33,11] [34,13] [35,15]
[36,17] [37,19] [38,21] [39,23] [40,25] [41,27] [42,29] [43,31]
[44,33] [45,35] [46,37] [47,39] [48,41] [49,43] [50,45] [51,47]
[52,49] [53,51] [54,53] [55,55] [56,2] [57,4] [58,6] [59,8]
[60,10] [61,12] [62,14] [63,16] [64,18] [65,20] [66,22] [67,24]
[68,26] [69,28] [70,30] [71,32] [72,34] [73,36] [74,38] [75,40]
[76,42] [77,44] [78,46] [79,48] [80,50] 

81 81 54
[28,1] [29,3] [30,5] [31,7] [32,9] [33,11] [34,13] [35,15]
[36,17] [37,19] [38,21] [39,23] [40,25] [41,27] [42,29] [43,31]
[44,33] [45,35] [46,37] [47,39] [48,41] [49,43] [50,45] [51,47]
[52,49] [53,51] [54,53] [55,55] [56,2] [57,4] [58,6] [59,8]
[60,10] [61,12] [62,14] [63,16] [64,18] [65,20] [66,22] [67,24]
[68,26] [69,28] [70,30] [71,32] [72,34] [73,36] [74,38] [75,40]
[76,42] [77,44] [78,46] [79,48] [80,50] [81,52] 

82 82 55
[28,1] [29,3] [30,5] [31,7] [32,9] [33,11] [34,13] [35,15]
[36,17] [37,19] [38,21] [39,23] [40,25] [41,27] [42,29] [43,31]
[44,33] [45,35] [46,37] [47,39] [48,41] [49,43] [50,45] [51,47]
[52,49] [53,51] [54,53] [55,55] [56,2] [57,4] [58,6] [59,8]
[60,10] [61,12] [62,14] [63,16] [64,18] [65,20] [66,22] [67,24]
[68,26] [69,28] [70,30] [71,32] [72,34] [73,36] [74,38] [75,40]
[76,42] [77,44] [78,46] [79,48] [80,50] [81,52] [82,54] 

83 83 55
[29,1] [30,3] [31,5] [32,7] [33,9] [34,11] [35,13] [36,15]
[37,17] [38,19] [39,21] [40,23] [41,25] [42,27] [43,29] [44,31]
[45,33] [46,35] [47,37] [48,39] [49,41] [50,43] [51,45] [52,47]
[53,49] [54,51] [55,53] [56,55] [57,57] [58,2] [59,4] [60,6]
[61,8] [62,10] [63,12] [64,14] [65,16] [66,18] [67,20] [68,22]
[69,24] [70,26] [71,28] [72,30] [73,32] [74,34] [75,36] [76,38]
[77,40] [78,42] [79,44] [80,46] [81,48] [82,50] [83,52] 

84 84 56
[29,1] [30,3] [31,5] [32,7] [33,9] [34,11] [35,13] [36,15]
[37,17] [38,19] [39,21] [40,23] [41,25] [42,27] [43,29] [44,31]
[45,33] [46,35] [47,37] [48,39] [49,41] [50,43] [51,45] [52,47]
[53,49] [54,51] [55,53] [56,55] [57,57] [58,2] [59,4] [60,6]
[61,8] [62,10] [63,12] [64,14] [65,16] [66,18] [67,20] [68,22]
[69,24] [70,26] [71,28] [72,30] [73,32] [74,34] [75,36] [76,38]
[77,40] [78,42] [79,44] [80,46] [81,48] [82,50] [83,52] [84,54]

85 85 57
[29,1] [30,3] [31,5] [32,7] [33,9] [34,11] [35,13] [36,15]
[37,17] [38,19] [39,21] [40,23] [41,25] [42,27] [43,29] [44,31]
[45,33] [46,35] [47,37] [48,39] [49,41] [50,43] [51,45] [52,47]
[53,49] [54,51] [55,53] [56,55] [57,57] [58,2] [59,4] [60,6]
[61,8] [62,10] [63,12] [64,14] [65,16] [66,18] [67,20] [68,22]
[69,24] [70,26] [71,28] [72,30] [73,32] [74,34] [75,36] [76,38]
[77,40] [78,42] [79,44] [80,46] [81,48] [82,50] [83,52] [84,54]
[85,56] 

86 86 57
[30,1] [31,3] [32,5] [33,7] [34,9] [35,11] [36,13] [37,15]
[38,17] [39,19] [40,21] [41,23] [42,25] [43,27] [44,29] [45,31]
[46,33] [47,35] [48,37] [49,39] [50,41] [51,43] [52,45] [53,47]
[54,49] [55,51] [56,53] [57,55] [58,57] [59,59] [60,2] [61,4]
[62,6] [63,8] [64,10] [65,12] [66,14] [67,16] [68,18] [69,20]
[70,22] [71,24] [72,26] [73,28] [74,30] [75,32] [76,34] [77,36]
[78,38] [79,40] [80,42] [81,44] [82,46] [83,48] [84,50] [85,52]
[86,54] 

87 87 58
[30,1] [31,3] [32,5] [33,7] [34,9] [35,11] [36,13] [37,15]
[38,17] [39,19] [40,21] [41,23] [42,25] [43,27] [44,29] [45,31]
[46,33] [47,35] [48,37] [49,39] [50,41] [51,43] [52,45] [53,47]
[54,49] [55,51] [56,53] [57,55] [58,57] [59,59] [60,2] [61,4]
[62,6] [63,8] [64,10] [65,12] [66,14] [67,16] [68,18] [69,20]
[70,22] [71,24] [72,26] [73,28] [74,30] [75,32] [76,34] [77,36]
[78,38] [79,40] [80,42] [81,44] [82,46] [83,48] [84,50] [85,52]
[86,54] [87,56] 

88 88 59
[30,1] [31,3] [32,5] [33,7] [34,9] [35,11] [36,13] [37,15]
[38,17] [39,19] [40,21] [41,23] [42,25] [43,27] [44,29] [45,31]
[46,33] [47,35] [48,37] [49,39] [50,41] [51,43] [52,45] [53,47]
[54,49] [55,51] [56,53] [57,55] [58,57] [59,59] [60,2] [61,4]
[62,6] [63,8] [64,10] [65,12] [66,14] [67,16] [68,18] [69,20]
[70,22] [71,24] [72,26] [73,28] [74,30] [75,32] [76,34] [77,36]
[78,38] [79,40] [80,42] [81,44] [82,46] [83,48] [84,50] [85,52]
[86,54] [87,56] [88,58] 

89 89 59
[31,1] [32,3] [33,5] [34,7] [35,9] [36,11] [37,13] [38,15]
[39,17] [40,19] [41,21] [42,23] [43,25] [44,27] [45,29] [46,31]
[47,33] [48,35] [49,37] [50,39] [51,41] [52,43] [53,45] [54,47]
[55,49] [56,51] [57,53] [58,55] [59,57] [60,59] [61,61] [62,2]
[63,4] [64,6] [65,8] [66,10] [67,12] [68,14] [69,16] [70,18]
[71,20] [72,22] [73,24] [74,26] [75,28] [76,30] [77,32] [78,34]
[79,36] [80,38] [81,40] [82,42] [83,44] [84,46] [85,48] [86,50]
[87,52] [88,54] [89,56] 

90 90 60
[31,1] [32,3] [33,5] [34,7] [35,9] [36,11] [37,13] [38,15]
[39,17] [40,19] [41,21] [42,23] [43,25] [44,27] [45,29] [46,31]
[47,33] [48,35] [49,37] [50,39] [51,41] [52,43] [53,45] [54,47]
[55,49] [56,51] [57,53] [58,55] [59,57] [60,59] [61,61] [62,2]
[63,4] [64,6] [65,8] [66,10] [67,12] [68,14] [69,16] [70,18]
[71,20] [72,22] [73,24] [74,26] [75,28] [76,30] [77,32] [78,34]
[79,36] [80,38] [81,40] [82,42] [83,44] [84,46] [85,48] [86,50]
[87,52] [88,54] [89,56] [90,58] 

91 91 61
[31,1] [32,3] [33,5] [34,7] [35,9] [36,11] [37,13] [38,15]
[39,17] [40,19] [41,21] [42,23] [43,25] [44,27] [45,29] [46,31]
[47,33] [48,35] [49,37] [50,39] [51,41] [52,43] [53,45] [54,47]
[55,49] [56,51] [57,53] [58,55] [59,57] [60,59] [61,61] [62,2]
[63,4] [64,6] [65,8] [66,10] [67,12] [68,14] [69,16] [70,18]
[71,20] [72,22] [73,24] [74,26] [75,28] [76,30] [77,32] [78,34]
[79,36] [80,38] [81,40] [82,42] [83,44] [84,46] [85,48] [86,50]
[87,52] [88,54] [89,56] [90,58] [91,60] 

92 92 61
[32,1] [33,3] [34,5] [35,7] [36,9] [37,11] [38,13] [39,15]
[40,17] [41,19] [42,21] [43,23] [44,25] [45,27] [46,29] [47,31]
[48,33] [49,35] [50,37] [51,39] [52,41] [53,43] [54,45] [55,47]
[56,49] [57,51] [58,53] [59,55] [60,57] [61,59] [62,61] [63,63]
[64,2] [65,4] [66,6] [67,8] [68,10] [69,12] [70,14] [71,16]
[72,18] [73,20] [74,22] [75,24] [76,26] [77,28] [78,30] [79,32]
[80,34] [81,36] [82,38] [83,40] [84,42] [85,44] [86,46] [87,48]
[88,50] [89,52] [90,54] [91,56] [92,58] 

93 93 62
[32,1] [33,3] [34,5] [35,7] [36,9] [37,11] [38,13] [39,15]
[40,17] [41,19] [42,21] [43,23] [44,25] [45,27] [46,29] [47,31]
[48,33] [49,35] [50,37] [51,39] [52,41] [53,43] [54,45] [55,47]
[56,49] [57,51] [58,53] [59,55] [60,57] [61,59] [62,61] [63,63]
[64,2] [65,4] [66,6] [67,8] [68,10] [69,12] [70,14] [71,16]
[72,18] [73,20] [74,22] [75,24] [76,26] [77,28] [78,30] [79,32]
[80,34] [81,36] [82,38] [83,40] [84,42] [85,44] [86,46] [87,48]
[88,50] [89,52] [90,54] [91,56] [92,58] [93,60] 

94 94 63
[32,1] [33,3] [34,5] [35,7] [36,9] [37,11] [38,13] [39,15]
[40,17] [41,19] [42,21] [43,23] [44,25] [45,27] [46,29] [47,31]
[48,33] [49,35] [50,37] [51,39] [52,41] [53,43] [54,45] [55,47]
[56,49] [57,51] [58,53] [59,55] [60,57] [61,59] [62,61] [63,63]
[64,2] [65,4] [66,6] [67,8] [68,10] [69,12] [70,14] [71,16]
[72,18] [73,20] [74,22] [75,24] [76,26] [77,28] [78,30] [79,32]
[80,34] [81,36] [82,38] [83,40] [84,42] [85,44] [86,46] [87,48]
[88,50] [89,52] [90,54] [91,56] [92,58] [93,60] [94,62] 

95 95 63
[33,1] [34,3] [35,5] [36,7] [37,9] [38,11] [39,13] [40,15]
[41,17] [42,19] [43,21] [44,23] [45,25] [46,27] [47,29] [48,31]
[49,33] [50,35] [51,37] [52,39] [53,41] [54,43] [55,45] [56,47]
[57,49] [58,51] [59,53] [60,55] [61,57] [62,59] [63,61] [64,63]
[65,65] [66,2] [67,4] [68,6] [69,8] [70,10] [71,12] [72,14]
[73,16] [74,18] [75,20] [76,22] [77,24] [78,26] [79,28] [80,30]
[81,32] [82,34] [83,36] [84,38] [85,40] [86,42] [87,44] [88,46]
[89,48] [90,50] [91,52] [92,54] [93,56] [94,58] [95,60] 

96 96 64
[33,1] [34,3] [35,5] [36,7] [37,9] [38,11] [39,13] [40,15]
[41,17] [42,19] [43,21] [44,23] [45,25] [46,27] [47,29] [48,31]
[49,33] [50,35] [51,37] [52,39] [53,41] [54,43] [55,45] [56,47]
[57,49] [58,51] [59,53] [60,55] [61,57] [62,59] [63,61] [64,63]
[65,65] [66,2] [67,4] [68,6] [69,8] [70,10] [71,12] [72,14]
[73,16] [74,18] [75,20] [76,22] [77,24] [78,26] [79,28] [80,30]
[81,32] [82,34] [83,36] [84,38] [85,40] [86,42] [87,44] [88,46]
[89,48] [90,50] [91,52] [92,54] [93,56] [94,58] [95,60] [96,62]

97 97 65
[33,1] [34,3] [35,5] [36,7] [37,9] [38,11] [39,13] [40,15]
[41,17] [42,19] [43,21] [44,23] [45,25] [46,27] [47,29] [48,31]
[49,33] [50,35] [51,37] [52,39] [53,41] [54,43] [55,45] [56,47]
[57,49] [58,51] [59,53] [60,55] [61,57] [62,59] [63,61] [64,63]
[65,65] [66,2] [67,4] [68,6] [69,8] [70,10] [71,12] [72,14]
[73,16] [74,18] [75,20] [76,22] [77,24] [78,26] [79,28] [80,30]
[81,32] [82,34] [83,36] [84,38] [85,40] [86,42] [87,44] [88,46]
[89,48] [90,50] [91,52] [92,54] [93,56] [94,58] [95,60] [96,62]
[97,64] 

98 98 65
[34,1] [35,3] [36,5] [37,7] [38,9] [39,11] [40,13] [41,15]
[42,17] [43,19] [44,21] [45,23] [46,25] [47,27] [48,29] [49,31]
[50,33] [51,35] [52,37] [53,39] [54,41] [55,43] [56,45] [57,47]
[58,49] [59,51] [60,53] [61,55] [62,57] [63,59] [64,61] [65,63]
[66,65] [67,67] [68,2] [69,4] [70,6] [71,8] [72,10] [73,12]
[74,14] [75,16] [76,18] [77,20] [78,22] [79,24] [80,26] [81,28]
[82,30] [83,32] [84,34] [85,36] [86,38] [87,40] [88,42] [89,44]
[90,46] [91,48] [92,50] [93,52] [94,54] [95,56] [96,58] [97,60]
[98,62] 

99 99 66
[34,1] [35,3] [36,5] [37,7] [38,9] [39,11] [40,13] [41,15]
[42,17] [43,19] [44,21] [45,23] [46,25] [47,27] [48,29] [49,31]
[50,33] [51,35] [52,37] [53,39] [54,41] [55,43] [56,45] [57,47]
[58,49] [59,51] [60,53] [61,55] [62,57] [63,59] [64,61] [65,63]
[66,65] [67,67] [68,2] [69,4] [70,6] [71,8] [72,10] [73,12]
[74,14] [75,16] [76,18] [77,20] [78,22] [79,24] [80,26] [81,28]
[82,30] [83,32] [84,34] [85,36] [86,38] [87,40] [88,42] [89,44]
[90,46] [91,48] [92,50] [93,52] [94,54] [95,56] [96,58] [97,60]
[98,62] [99,64] 

100 100 67
[34,1] [35,3] [36,5] [37,7] [38,9] [39,11] [40,13] [41,15]
[42,17] [43,19] [44,21] [45,23] [46,25] [47,27] [48,29] [49,31]
[50,33] [51,35] [52,37] [53,39] [54,41] [55,43] [56,45] [57,47]
[58,49] [59,51] [60,53] [61,55] [62,57] [63,59] [64,61] [65,63]
[66,65] [67,67] [68,2] [69,4] [70,6] [71,8] [72,10] [73,12]
[74,14] [75,16] [76,18] [77,20] [78,22] [79,24] [80,26] [81,28]
[82,30] [83,32] [84,34] [85,36] [86,38] [87,40] [88,42] [89,44]
[90,46] [91,48] [92,50] [93,52] [94,54] [95,56] [96,58] [97,60]
[98,62] [99,64] [100,66] 

101 999 666
[334,1] [335,3] [336,5] [337,7] [338,9] [339,11] [340,13] [341,15]
[342,17] [343,19] [344,21] [345,23] [346,25] [347,27] [348,29] [349,31]
[350,33] [351,35] [352,37] [353,39] [354,41] [355,43] [356,45] [357,47]
[358,49] [359,51] [360,53] [361,55] [362,57] [363,59] [364,61] [365,63]
[366,65] [367,67] [368,69] [369,71] [370,73] [371,75] [372,77] [373,79]
[374,81] [375,83] [376,85] [377,87] [378,89] [379,91] [380,93] [381,95]
[382,97] [383,99] [384,101] [385,103] [386,105] [387,107] [388,109] [389,111]
[390,113] [391,115] [392,117] [393,119] [394,121] [395,123] [396,125] [397,127]
[398,129] [399,131] [400,133] [401,135] [402,137] [403,139] [404,141] [405,143]
[406,145] [407,147] [408,149] [409,151] [410,153] [411,155] [412,157] [413,159]
[414,161] [415,163] [416,165] [417,167] [418,169] [419,171] [420,173] [421,175]
[422,177] [423,179] [424,181] [425,183] [426,185] [427,187] [428,189] [429,191]
[430,193] [431,195] [432,197] [433,199] [434,201] [435,203] [436,205] [437,207]
[438,209] [439,211] [440,213] [441,215] [442,217] [443,219] [444,221] [445,223]
[446,225] [447,227] [448,229] [449,231] [450,233] [451,235] [452,237] [453,239]
[454,241] [455,243] [456,245] [457,247] [458,249] [459,251] [460,253] [461,255]
[462,257] [463,259] [464,261] [465,263] [466,265] [467,267] [468,269] [469,271]
[470,273] [471,275] [472,277] [473,279] [474,281] [475,283] [476,285] [477,287]
[478,289] [479,291] [480,293] [481,295] [482,297] [483,299] [484,301] [485,303]
[486,305] [487,307] [488,309] [489,311] [490,313] [491,315] [492,317] [493,319]
[494,321] [495,323] [496,325] [497,327] [498,329] [499,331] [500,333] [501,335]
[502,337] [503,339] [504,341] [505,343] [506,345] [507,347] [508,349] [509,351]
[510,353] [511,355] [512,357] [513,359] [514,361] [515,363] [516,365] [517,367]
[518,369] [519,371] [520,373] [521,375] [522,377] [523,379] [524,381] [525,383]
[526,385] [527,387] [528,389] [529,391] [530,393] [531,395] [532,397] [533,399]
[534,401] [535,403] [536,405] [537,407] [538,409] [539,411] [540,413] [541,415]
[542,417] [543,419] [544,421] [545,423] [546,425] [547,427] [548,429] [549,431]
[550,433] [551,435] [552,437] [553,439] [554,441] [555,443] [556,445] [557,447]
[558,449] [559,451] [560,453] [561,455] [562,457] [563,459] [564,461] [565,463]
[566,465] [567,467] [568,469] [569,471] [570,473] [571,475] [572,477] [573,479]
[574,481] [575,483] [576,485] [577,487] [578,489] [579,491] [580,493] [581,495]
[582,497] [583,499] [584,501] [585,503] [586,505] [587,507] [588,509] [589,511]
[590,513] [591,515] [592,517] [593,519] [594,521] [595,523] [596,525] [597,527]
[598,529] [599,531] [600,533] [601,535] [602,537] [603,539] [604,541] [605,543]
[606,545] [607,547] [608,549] [609,551] [610,553] [611,555] [612,557] [613,559]
[614,561] [615,563] [616,565] [617,567] [618,569] [619,571] [620,573] [621,575]
[622,577] [623,579] [624,581] [625,583] [626,585] [627,587] [628,589] [629,591]
[630,593] [631,595] [632,597] [633,599] [634,601] [635,603] [636,605] [637,607]
[638,609] [639,611] [640,613] [641,615] [642,617] [643,619] [644,621] [645,623]
[646,625] [647,627] [648,629] [649,631] [650,633] [651,635] [652,637] [653,639]
[654,641] [655,643] [656,645] [657,647] [658,649] [659,651] [660,653] [661,655]
[662,657] [663,659] [664,661] [665,663] [666,665] [667,667] [668,2] [669,4]
[670,6] [671,8] [672,10] [673,12] [674,14] [675,16] [676,18] [677,20]
[678,22] [679,24] [680,26] [681,28] [682,30] [683,32] [684,34] [685,36]
[686,38] [687,40] [688,42] [689,44] [690,46] [691,48] [692,50] [693,52]
[694,54] [695,56] [696,58] [697,60] [698,62] [699,64] [700,66] [701,68]
[702,70] [703,72] [704,74] [705,76] [706,78] [707,80] [708,82] [709,84]
[710,86] [711,88] [712,90] [713,92] [714,94] [715,96] [716,98] [717,100]
[718,102] [719,104] [720,106] [721,108] [722,110] [723,112] [724,114] [725,116]
[726,118] [727,120] [728,122] [729,124] [730,126] [731,128] [732,130] [733,132]
[734,134] [735,136] [736,138] [737,140] [738,142] [739,144] [740,146] [741,148]
[742,150] [743,152] [744,154] [745,156] [746,158] [747,160] [748,162] [749,164]
[750,166] [751,168] [752,170] [753,172] [754,174] [755,176] [756,178] [757,180]
[758,182] [759,184] [760,186] [761,188] [762,190] [763,192] [764,194] [765,196]
[766,198] [767,200] [768,202] [769,204] [770,206] [771,208] [772,210] [773,212]
[774,214] [775,216] [776,218] [777,220] [778,222] [779,224] [780,226] [781,228]
[782,230] [783,232] [784,234] [785,236] [786,238] [787,240] [788,242] [789,244]
[790,246] [791,248] [792,250] [793,252] [794,254] [795,256] [796,258] [797,260]
[798,262] [799,264] [800,266] [801,268] [802,270] [803,272] [804,274] [805,276]
[806,278] [807,280] [808,282] [809,284] [810,286] [811,288] [812,290] [813,292]
[814,294] [815,296] [816,298] [817,300] [818,302] [819,304] [820,306] [821,308]
[822,310] [823,312] [824,314] [825,316] [826,318] [827,320] [828,322] [829,324]
[830,326] [831,328] [832,330] [833,332] [834,334] [835,336] [836,338] [837,340]
[838,342] [839,344] [840,346] [841,348] [842,350] [843,352] [844,354] [845,356]
[846,358] [847,360] [848,362] [849,364] [850,366] [851,368] [852,370] [853,372]
[854,374] [855,376] [856,378] [857,380] [858,382] [859,384] [860,386] [861,388]
[862,390] [863,392] [864,394] [865,396] [866,398] [867,400] [868,402] [869,404]
[870,406] [871,408] [872,410] [873,412] [874,414] [875,416] [876,418] [877,420]
[878,422] [879,424] [880,426] [881,428] [882,430] [883,432] [884,434] [885,436]
[886,438] [887,440] [888,442] [889,444] [890,446] [891,448] [892,450] [893,452]
[894,454] [895,456] [896,458] [897,460] [898,462] [899,464] [900,466] [901,468]
[902,470] [903,472] [904,474] [905,476] [906,478] [907,480] [908,482] [909,484]
[910,486] [911,488] [912,490] [913,492] [914,494] [915,496] [916,498] [917,500]
[918,502] [919,504] [920,506] [921,508] [922,510] [923,512] [924,514] [925,516]
[926,518] [927,520] [928,522] [929,524] [930,526] [931,528] [932,530] [933,532]
[934,534] [935,536] [936,538] [937,540] [938,542] [939,544] [940,546] [941,548]
[942,550] [943,552] [944,554] [945,556] [946,558] [947,560] [948,562] [949,564]
[950,566] [951,568] [952,570] [953,572] [954,574] [955,576] [956,578] [957,580]
[958,582] [959,584] [960,586] [961,588] [962,590] [963,592] [964,594] [965,596]
[966,598] [967,600] [968,602] [969,604] [970,606] [971,608] [972,610] [973,612]
[974,614] [975,616] [976,618] [977,620] [978,622] [979,624] [980,626] [981,628]
[982,630] [983,632] [984,634] [985,636] [986,638] [987,640] [988,642] [989,644]
[990,646] [991,648] [992,650] [993,652] [994,654] [995,656] [996,658] [997,660]
[998,662] [999,664] 

102 1000 667
[334,1] [335,3] [336,5] [337,7] [338,9] [339,11] [340,13] [341,15]
[342,17] [343,19] [344,21] [345,23] [346,25] [347,27] [348,29] [349,31]
[350,33] [351,35] [352,37] [353,39] [354,41] [355,43] [356,45] [357,47]
[358,49] [359,51] [360,53] [361,55] [362,57] [363,59] [364,61] [365,63]
[366,65] [367,67] [368,69] [369,71] [370,73] [371,75] [372,77] [373,79]
[374,81] [375,83] [376,85] [377,87] [378,89] [379,91] [380,93] [381,95]
[382,97] [383,99] [384,101] [385,103] [386,105] [387,107] [388,109] [389,111]
[390,113] [391,115] [392,117] [393,119] [394,121] [395,123] [396,125] [397,127]
[398,129] [399,131] [400,133] [401,135] [402,137] [403,139] [404,141] [405,143]
[406,145] [407,147] [408,149] [409,151] [410,153] [411,155] [412,157] [413,159]
[414,161] [415,163] [416,165] [417,167] [418,169] [419,171] [420,173] [421,175]
[422,177] [423,179] [424,181] [425,183] [426,185] [427,187] [428,189] [429,191]
[430,193] [431,195] [432,197] [433,199] [434,201] [435,203] [436,205] [437,207]
[438,209] [439,211] [440,213] [441,215] [442,217] [443,219] [444,221] [445,223]
[446,225] [447,227] [448,229] [449,231] [450,233] [451,235] [452,237] [453,239]
[454,241] [455,243] [456,245] [457,247] [458,249] [459,251] [460,253] [461,255]
[462,257] [463,259] [464,261] [465,263] [466,265] [467,267] [468,269] [469,271]
[470,273] [471,275] [472,277] [473,279] [474,281] [475,283] [476,285] [477,287]
[478,289] [479,291] [480,293] [481,295] [482,297] [483,299] [484,301] [485,303]
[486,305] [487,307] [488,309] [489,311] [490,313] [491,315] [492,317] [493,319]
[494,321] [495,323] [496,325] [497,327] [498,329] [499,331] [500,333] [501,335]
[502,337] [503,339] [504,341] [505,343] [506,345] [507,347] [508,349] [509,351]
[510,353] [511,355] [512,357] [513,359] [514,361] [515,363] [516,365] [517,367]
[518,369] [519,371] [520,373] [521,375] [522,377] [523,379] [524,381] [525,383]
[526,385] [527,387] [528,389] [529,391] [530,393] [531,395] [532,397] [533,399]
[534,401] [535,403] [536,405] [537,407] [538,409] [539,411] [540,413] [541,415]
[542,417] [543,419] [544,421] [545,423] [546,425] [547,427] [548,429] [549,431]
[550,433] [551,435] [552,437] [553,439] [554,441] [555,443] [556,445] [557,447]
[558,449] [559,451] [560,453] [561,455] [562,457] [563,459] [564,461] [565,463]
[566,465] [567,467] [568,469] [569,471] [570,473] [571,475] [572,477] [573,479]
[574,481] [575,483] [576,485] [577,487] [578,489] [579,491] [580,493] [581,495]
[582,497] [583,499] [584,501] [585,503] [586,505] [587,507] [588,509] [589,511]
[590,513] [591,515] [592,517] [593,519] [594,521] [595,523] [596,525] [597,527]
[598,529] [599,531] [600,533] [601,535] [602,537] [603,539] [604,541] [605,543]
[606,545] [607,547] [608,549] [609,551] [610,553] [611,555] [612,557] [613,559]
[614,561] [615,563] [616,565] [617,567] [618,569] [619,571] [620,573] [621,575]
[622,577] [623,579] [624,581] [625,583] [626,585] [627,587] [628,589] [629,591]
[630,593] [631,595] [632,597] [633,599] [634,601] [635,603] [636,605] [637,607]
[638,609] [639,611] [640,613] [641,615] [642,617] [643,619] [644,621] [645,623]
[646,625] [647,627] [648,629] [649,631] [650,633] [651,635] [652,637] [653,639]
[654,641] [655,643] [656,645] [657,647] [658,649] [659,651] [660,653] [661,655]
[662,657] [663,659] [664,661] [665,663] [666,665] [667,667] [668,2] [669,4]
[670,6] [671,8] [672,10] [673,12] [674,14] [675,16] [676,18] [677,20]
[678,22] [679,24] [680,26] [681,28] [682,30] [683,32] [684,34] [685,36]
[686,38] [687,40] [688,42] [689,44] [690,46] [691,48] [692,50] [693,52]
[694,54] [695,56] [696,58] [697,60] [698,62] [699,64] [700,66] [701,68]
[702,70] [703,72] [704,74] [705,76] [706,78] [707,80] [708,82] [709,84]
[710,86] [711,88] [712,90] [713,92] [714,94] [715,96] [716,98] [717,100]
[718,102] [719,104] [720,106] [721,108] [722,110] [723,112] [724,114] [725,116]
[726,118] [727,120] [728,122] [729,124] [730,126] [731,128] [732,130] [733,132]
[734,134] [735,136] [736,138] [737,140] [738,142] [739,144] [740,146] [741,148]
[742,150] [743,152] [744,154] [745,156] [746,158] [747,160] [748,162] [749,164]
[750,166] [751,168] [752,170] [753,172] [754,174] [755,176] [756,178] [757,180]
[758,182] [759,184] [760,186] [761,188] [762,190] [763,192] [764,194] [765,196]
[766,198] [767,200] [768,202] [769,204] [770,206] [771,208] [772,210] [773,212]
[774,214] [775,216] [776,218] [777,220] [778,222] [779,224] [780,226] [781,228]
[782,230] [783,232] [784,234] [785,236] [786,238] [787,240] [788,242] [789,244]
[790,246] [791,248] [792,250] [793,252] [794,254] [795,256] [796,258] [797,260]
[798,262] [799,264] [800,266] [801,268] [802,270] [803,272] [804,274] [805,276]
[806,278] [807,280] [808,282] [809,284] [810,286] [811,288] [812,290] [813,292]
[814,294] [815,296] [816,298] [817,300] [818,302] [819,304] [820,306] [821,308]
[822,310] [823,312] [824,314] [825,316] [826,318] [827,320] [828,322] [829,324]
[830,326] [831,328] [832,330] [833,332] [834,334] [835,336] [836,338] [837,340]
[838,342] [839,344] [840,346] [841,348] [842,350] [843,352] [844,354] [845,356]
[846,358] [847,360] [848,362] [849,364] [850,366] [851,368] [852,370] [853,372]
[854,374] [855,376] [856,378] [857,380] [858,382] [859,384] [860,386] [861,388]
[862,390] [863,392] [864,394] [865,396] [866,398] [867,400] [868,402] [869,404]
[870,406] [871,408] [872,410] [873,412] [874,414] [875,416] [876,418] [877,420]
[878,422] [879,424] [880,426] [881,428] [882,430] [883,432] [884,434] [885,436]
[886,438] [887,440] [888,442] [889,444] [890,446] [891,448] [892,450] [893,452]
[894,454] [895,456] [896,458] [897,460] [898,462] [899,464] [900,466] [901,468]
[902,470] [903,472] [904,474] [905,476] [906,478] [907,480] [908,482] [909,484]
[910,486] [911,488] [912,490] [913,492] [914,494] [915,496] [916,498] [917,500]
[918,502] [919,504] [920,506] [921,508] [922,510] [923,512] [924,514] [925,516]
[926,518] [927,520] [928,522] [929,524] [930,526] [931,528] [932,530] [933,532]
[934,534] [935,536] [936,538] [937,540] [938,542] [939,544] [940,546] [941,548]
[942,550] [943,552] [944,554] [945,556] [946,558] [947,560] [948,562] [949,564]
[950,566] [951,568] [952,570] [953,572] [954,574] [955,576] [956,578] [957,580]
[958,582] [959,584] [960,586] [961,588] [962,590] [963,592] [964,594] [965,596]
[966,598] [967,600] [968,602] [969,604] [970,606] [971,608] [972,610] [973,612]
[974,614] [975,616] [976,618] [977,620] [978,622] [979,624] [980,626] [981,628]
[982,630] [983,632] [984,634] [985,636] [986,638] [987,640] [988,642] [989,644]
[990,646] [991,648] [992,650] [993,652] [994,654] [995,656] [996,658] [997,660]
[998,662] [999,664] [1000,666] 

