1 1 [0,0]
2 2 [0,1] [2,0]
3 2 [0,3] [2,0]
4 1 [5,5]
5 1 [0,12]
6 8 [0,16] [2,15] [3,13] [4,12] [7,8] [9,6] [10,5] [15,2]
7 9 [2,15] [5,13] [8,9] [9,8] [10,7] [11,6] [12,5] [14,4] [16,2]
8 7 [0,16] [2,15] [5,12] [9,8] [10,7] [14,2] [18,0]
9 10 [1,16] [2,14] [3,13] [4,11] [5,10] [6,8] [8,6] [10,4] [11,3] [13,0]
10 8 [0,16] [1,15] [3,14] [4,12] [5,10] [8,8] [16,2] [18,1]
11 9 [4,14] [7,11] [11,8] [12,7] [13,4] [14,3] [15,2] [16,1] [18,0]
12 6 [0,16] [4,14] [6,10] [10,4] [12,1] [13,0]
13 7 [1,16] [4,13] [5,11] [9,8] [13,5] [14,3] [17,1]
14 9 [0,16] [1,15] [2,14] [3,13] [7,10] [12,7] [15,4] [17,1] [18,0]
15 9 [2,15] [3,14] [5,12] [7,10] [8,8] [10,6] [12,4] [14,3] [15,0]
16 1 [1,0]
17 1 [0,1]
18 1 [2,0]
19 1 [1,1]
20 1 [3,0]
21 1 [0,2]
22 1 [4,0]
23 1 [0,3]
24 1 [5,0]
25 1 [2,2]
26 1 [6,0]
27 1 [0,4]
28 1 [7,0]
29 1 [3,3]
30 1 [0,5]
31 1 [8,0]
32 3 [0,6] [1,4] [2,3]
33 3 [3,4] [5,2] [6,0]
34 3 [0,6] [4,2] [7,0]
35 5 [0,8] [1,6] [2,5] [4,3] [6,2]
36 5 [4,5] [5,4] [6,3] [8,1] [10,0]
37 5 [0,8] [4,4] [5,3] [8,1] [9,0]
38 4 [0,10] [1,9] [4,4] [5,2]
39 4 [5,7] [6,5] [7,4] [12,0]
40 4 [0,10] [3,7] [5,6] [7,0]
41 6 [0,12] [1,11] [3,8] [4,7] [5,6] [7,3]
42 5 [6,8] [9,6] [11,4] [13,1] [14,0]
43 8 [0,12] [4,9] [5,7] [6,6] [7,5] [8,2] [9,1] [11,0]
44 6 [0,14] [1,13] [5,10] [6,6] [11,3] [12,2]
45 7 [7,10] [9,7] [10,6] [11,5] [12,2] [13,1] [14,0]
46 6 [0,14] [3,12] [7,8] [8,5] [11,3] [13,0]
47 9 [0,16] [1,15] [3,13] [4,12] [6,10] [8,8] [10,6] [11,5] [15,2]
48 7 [8,11] [9,10] [10,9] [11,6] [14,4] [17,2] [18,0]
49 7 [0,16] [6,12] [7,11] [12,3] [13,2] [14,1] [15,0]
50 9 [0,18] [1,17] [4,15] [7,12] [9,10] [10,9] [12,6] [13,5] [14,4]
51 6 [9,13] [10,11] [11,6] [12,4] [13,3] [18,0]
52 9 [0,18] [3,16] [4,15] [11,8] [12,7] [13,6] [15,5] [16,3] [19,0]
53 8 [0,18] [3,16] [5,14] [6,13] [7,7] [10,5] [11,4] [13,2]
