1 668 1234 4660
2 0 9 9
3 1023 1777 6007
4 0 129 297
5 0 9999999 161061273
6 0 0 0
7 1 1 1
8 0 0 0
9 1 1 1
10 0 9 9
11 7 7 7
12 2097151 7777777 125269879
13 0 7777778 125269880
14 1835008 7000000 117440512
15 299593 1111111 17895697
16 266305 1010101 16843009
17 1864135 7070707 117901063
18 0 9876543 159868227
19 1 1 1
20 2 2 2
21 3 3 3
22 4 4 4
23 5 5 5
24 6 6 6
25 7 7 7
26 0 8 8
27 0 9 9
28 8 10 16
29 9 11 17
30 10 12 18
31 11 13 19
32 12 14 20
33 13 15 21
34 14 16 22
35 15 17 23
36 0 18 24
37 0 19 25
38 16 20 32
39 0 0 0
40 1 1 1
41 2 2 2
42 3 3 3
43 4 4 4
44 5 5 5
45 6 6 6
46 7 7 7
47 8 10 16
48 9 11 17
49 10 12 18
50 11 13 19
51 12 14 20
52 13 15 21
53 14 16 22
54 15 17 23
55 16 20 32
56 17 21 33
57 18 22 34
58 19 23 35
59 20 24 36
60 21 25 37
61 22 26 38
62 23 27 39
63 24 30 48
64 25 31 49
65 26 32 50
66 27 33 51
67 28 34 52
68 29 35 53
69 30 36 54
70 31 37 55
71 32 40 64
72 33 41 65
73 34 42 66
74 35 43 67
75 36 44 68
76 37 45 69
77 38 46 70
78 39 47 71
