1 1/1
2 1/3
3 5/2
4 2178309/1346269
5 1/8
6 7/1
7 34/21
8 12/29
9 1/9
10 8/1
11 55/34
12 17/41
13 1/10
14 9/1
15 89/55
16 29/70
17 1/11
18 10/1
19 144/89
20 41/99
21 1/12
22 11/1
23 233/144
24 70/169
25 1/13
26 12/1
27 377/233
28 99/239
29 1/14
30 13/1
31 610/377
32 169/408
33 1/15
34 14/1
35 987/610
36 239/577
37 1/16
38 15/1
39 1597/987
40 408/985
41 1/17
42 16/1
43 2584/1597
44 577/1393
45 1/18
46 17/1
47 4181/2584
48 985/2378
49 1/19
50 18/1
51 6765/4181
52 1393/3363
53 1/20
54 19/1
55 10946/6765
56 2378/5741
57 1/21
58 20/1
59 17711/10946
60 3363/8119
61 1/22
62 21/1
63 28657/17711
64 5741/13860
65 1/23
66 22/1
67 46368/28657
68 8119/19601
69 1/24
70 23/1
71 75025/46368
72 13860/33461
73 1/25
74 24/1
75 121393/75025
76 19601/47321
77 1/26
78 25/1
79 196418/121393
80 33461/80782
81 1/27
82 26/1
83 317811/196418
84 47321/114243
85 1/28
86 27/1
87 514229/317811
88 80782/195025
89 1/29
90 28/1
91 832040/514229
92 114243/275807
93 1/30
94 29/1
95 1346269/832040
96 195025/470832
97 1/31
98 30/1
99 2178309/1346269
100 275807/665857
101 69604/98101
102 50349/42742
103 9401/64411
104 72267/128006
105 119191/46244
106 85176/305009
107 45199/37381
108 169389/146372
109 114908/30159
110 75233/178031
111 31163/118850
112 107386/174187
113 127852/100257
114 64406/173711
115 225917/99790
116 48721/11519
117 1492/2847
118 90538/65455
119 37101/28412
120 139910/228067
121 69570/29159
122 38005/51638
123 14258/34657
124 43219/16987
125 24864/31813
126 89513/72913
127 56195/33153
128 98293/78033
129 43715/69771
130 40594/140419
131 64217/44045
132 106191/43498
133 29153/65944
134 21703/33251
135 99371/14747
136 52721/96301
137 28717/98750
138 218069/88740
139 74686/54687
140 55406/89443
141 58013/218469
142 61340/16629
143 158771/112276
144 172734/45671
145 79767/114769
146 66239/36238
147 194043/68644
148 74267/20739
149 107194/191017
150 283411/79015
151 15767/101717
152 49905/55933
153 7039/26668
154 78145/108624
155 31886/25113
156 24810/7723
157 19216/61709
158 30235/98712
159 90536/66079
160 237535/165018
161 51783/20321
162 32471/6704
163 143517/54475
164 86297/33973
165 87491/115277
166 35465/14627
167 64747/102881
168 37097/68367
169 5716/15607
170 33074/20745
171 526039/305316
172 244461/90463
173 10823/20336
174 1437/10732
175 53286/20551
176 204299/131622
177 93340/159327
178 3029/16896
179 182071/67373
180 114742/88399
181 28612/67739
182 12778/10013
183 37023/104609
184 49585/31342
185 83870/182271
186 228380/313427
187 124550/85359
188 102504/131173
189 226048/81095
190 26990/86147
191 131567/73795
192 69199/19063
193 63847/27179
194 64411/157090
195 57812/33329
196 6993/1874
197 63468/216281
198 104564/47187
199 101491/85363
200 171217/126068
201 21474/94025
202 15235/11758
203 131223/73268
204 15262/10825
205 31318/20021
206 89987/50428
207 93986/227337
208 41073/88705
209 296413/183796
210 47638/132635
211 23264/18267
212 147902/121549
213 3787/4113
214 72736/42297
215 178528/129245
216 84713/53559
217 38379/48806
218 415879/243628
219 110351/46210
220 16803/47315
221 46527/28715
222 13593/44272
223 11488/15639
224 21403/100411
225 62531/13721
226 354514/224751
227 310201/119993
228 191467/105594
229 17260/12199
230 11603/87912
231 23529/19498
232 53325/29149
233 147787/38686
234 43921/201000
235 297883/187648
236 34662/55733
237 149146/32583
238 50201/135246
239 332176/242497
240 26675/23073
241 177543/67238
242 105311/18848
243 15742/37297
244 246859/315254
245 213343/129634
246 6769/52732
247 37238/46129
248 85699/120792
249 270616/100323
250 9158/41535
251 42745/24849
252 82632/143791
253 62507/39559
254 231909/136622
255 27995/50956
256 38023/62573
257 198377/35350
258 7766/32441
259 102331/63225
260 144466/63059
261 93410/119637
262 18963/127609
263 64685/19096
264 157001/72022
265 83406/58237
266 353723/216516
267 37645/98236
268 56299/149224
269 21451/49202
270 41693/99618
271 27569/115419
272 53551/83507
273 81225/33559
274 105319/31109
275 86312/59837
276 6037/7478
277 44959/189960
278 77609/63726
279 161377/277626
280 371075/143773
281 20638/17605
282 96306/131935
283 105735/65672
284 77034/28331
285 42567/13502
286 105805/62668
287 25238/105433
288 77674/184277
289 49602/9245
290 14791/26517
291 56437/39650
292 21113/26565
293 107091/145678
294 19888/67439
295 206478/92633
296 108001/196778
297 146579/60479
298 41235/138626
299 113762/372709
300 49567/60785
301 120808/45897
302 105047/171680
303 31296/133825
304 13066/7665
305 317202/120473
306 223124/174467
307 50246/73639
308 14147/19416
309 148615/87591
310 43616/61281
311 101123/77986
312 205073/112227
313 33537/6203
314 10472/26595
315 109659/375091
316 93974/27321
317 260291/95280
318 60800/78481
319 168167/214437
320 77217/121696
321 10421/2137
322 58191/23608
323 154670/67941
324 162761/230975
325 83223/19484
326 109493/20206
327 12655/22381
328 12411/66776
329 83616/227281
330 33998/7363
331 62794/77163
332 28777/37522
333 35904/12575
334 177106/463723
335 55279/14468
336 22118/117185
337 130538/102705
338 27862/17277
339 18965/33992
340 36624/43469
341 184026/132653
342 519945/329012
343 124909/47697
344 2017/11835
345 18531/31226
346 2839/30402
347 123611/79015
348 374414/135117
349 24034/26511
350 77497/109680
351 28242/20441
352 191585/68078
353 52589/20419
354 242285/67689
355 84895/39454
356 65888/15145
357 190821/53195
358 96606/155215
359 141333/108389
360 93615/170552
361 354123/258949
362 87071/18874
363 195031/271071
364 16179/57197
365 228793/165481
366 9019/48773
367 99329/169611
368 21728/15437
369 44195/19409
370 27305/98786
371 62195/43682
372 14048/21801
373 426790/188509
374 46297/19200
375 149269/355682
376 180545/285322
377 20324/64723
378 220513/172889
379 137380/222123
380 122356/68311
381 75727/98141
382 39891/94619
383 13480/65069
384 83493/113675
385 72991/124229
386 43861/63203
387 84579/121721
388 15484/67483
389 119113/45432
390 36009/28537
391 11917/62888
392 130935/169898
393 17774/93875
394 114790/148761
395 191957/457174
396 54818/141303
397 172851/297233
398 49787/140082
399 14620/66207
400 130239/159448
401 43439/8259
402 20038/126193
403 36797/12791
404 45897/35599
405 163666/115339
406 66768/19277
407 123187/54011
408 40005/16799
409 15058/64323
410 344774/192875
411 530417/327951
412 28274/74105
413 125919/91043
414 401005/244603
415 11706/56443
416 56365/11767
417 82057/146745
418 7269/18832
419 106756/166659
420 218364/51193
421 74508/53525
422 2978/10509
423 220135/505348
424 70209/165644
425 5641/20363
426 196449/90977
427 285043/59735
428 31345/8234
429 85039/117382
430 109857/30175
431 10790/12359
432 88691/55066
433 34991/64662
434 24231/10225
435 118373/73223
436 63570/45943
437 73301/264815
438 53671/74690
439 57500/7949
440 66977/84647
441 23077/79277
442 78247/55390
443 177159/74249
444 113303/71835
445 67235/85066
446 48899/13810
447 25871/86942
448 5739/7541
449 17987/12735
450 224390/158773
451 21354/27233
452 137191/105945
453 183748/141131
454 84631/121903
455 375877/159177
456 48690/6557
457 34920/42119
458 156913/436717
459 44305/105079
460 54505/178702
461 202256/85713
462 268313/340223
463 162513/61462
464 105521/66853
465 14579/35268
466 6273/8659
467 43485/59413
468 21361/77506
469 13823/2996
470 17538/60683
471 130489/311631
472 48677/128784
473 110022/262019
474 97111/34330
475 46511/19300
476 158948/43691
477 57522/39055
478 31751/112096
479 59616/36935
480 112981/29503
481 129516/341753
482 125589/90919
483 56488/11923
484 71174/86221
485 163153/198895
486 8293/68807
487 25189/42934
488 22076/94387
489 97260/81991
490 181629/117340
491 505990/209173
492 83406/29375
493 136378/85677
494 118519/21060
495 18369/50840
496 1609/2725
497 156715/107638
498 66241/56153
499 149147/56325
500 7571/19204
501 140321/55044
502 113905/96892
503 85242/135289
504 112017/80972
505 17741/41751
506 47216/73327
507 47879/21967
508 221447/46413
509 240611/389398
510 44747/51519
511 169379/230491
512 36541/62772
513 164203/69356
514 141861/325694
515 386661/150022
516 85394/134703
517 38974/30391
518 114892/66213
519 235205/169209
520 46607/20536
521 86803/113388
522 190665/30301
523 16439/76114
524 283803/207163
525 107839/41133
526 2324/14349
527 30767/100757
528 20613/56162
529 45005/33313
530 31925/120466
531 30504/55187
532 70554/121727
533 139340/51173
534 16254/57733
535 202876/124227
536 4048/1709
537 132470/183663
538 374313/145804
539 90598/70799
540 108889/44279
541 32096/17885
542 90481/386937
543 52869/191270
544 9933/27439
545 13434/23341
546 29611/41990
547 20533/96452
548 111499/263912
549 153892/216637
550 10029/4324
551 115303/73154
552 18804/20809
553 68159/31294
554 354019/222797
555 93806/161423
556 44541/28309
557 49297/136077
558 45378/163721
559 56897/145729
560 68065/12231
561 52905/167123
562 96055/41851
563 82157/60576
564 150768/110743
565 173076/95405
566 98543/174630
567 49331/28521
568 83482/57993
569 152027/44429
570 69917/44227
571 186283/71298
572 551274/397337
573 24958/42263
574 95618/40147
575 122715/193937
576 98324/40119
577 121509/95672
578 33125/36662
579 239543/141178
580 38213/60453
581 58955/130603
582 317383/85291
583 66946/174519
584 8260/29583
585 157254/27473
586 28705/118587
587 60004/86173
588 163088/46135
589 81167/47914
590 16915/6469
591 133600/39409
592 254204/98537
593 106061/67956
594 64051/92790
595 95173/124282
596 15071/2610
597 105926/24165
598 9788/14371
599 95701/20622
600 38497/33928
601 73415/41634
602 77141/42357
603 128821/158365
604 32329/108978
605 58111/83731
606 124127/67940
607 71378/49615
608 150583/97241
609 19585/48136
610 126988/200421
611 192010/44593
612 207824/335243
613 136089/104216
614 132471/112516
615 15677/6850
616 157165/47572
617 30707/5382
618 23890/9983
619 54148/119643
620 42976/117023
621 148719/64795
622 19441/15802
623 12908/14165
624 90421/53462
625 67601/85770
626 473739/342577
627 5043/29318
628 105129/166889
629 234292/299515
630 131431/213064
631 25198/90155
632 40021/184475
633 133259/35255
634 54657/39847
635 140365/97789
636 248105/158547
637 59605/197244
638 30836/86103
639 25874/65625
640 8397/47377
641 97423/179526
642 33502/144187
643 72937/196244
644 127329/103613
645 55255/98959
646 94916/58713
647 83944/152767
648 9796/75763
649 59303/107703
650 41967/61382
651 2657/18339
652 56839/23826
653 92158/130825
654 20115/3604
655 3320/12077
656 285251/110679
657 124874/95345
658 1722/13135
659 101921/248532
660 326/3061
661 54566/175513
662 85525/37706
663 86003/323976
664 306956/180925
665 117833/201349
666 9613/61361
667 40180/66483
668 156157/213499
669 18941/51829
670 8134/9351
671 16697/54973
672 269130/434417
673 33069/25219
674 63781/16607
675 224342/82003
676 21227/6859
677 226959/286360
678 157480/114857
679 81913/99354
680 63690/97847
681 31658/20191
682 119045/14188
683 23846/19239
684 36143/130823
685 122972/317017
686 166673/60059
687 163390/281089
688 131804/213299
689 160078/62009
690 29363/53203
691 210139/172468
692 104441/28867
693 267892/156645
694 216135/158054
695 15934/5615
696 212530/120031
697 24371/59861
698 33840/115673
699 49512/60989
700 133211/227476
701 144439/103737
702 62685/116846
703 28988/74657
704 101139/74861
705 424063/117334
706 264569/116114
707 7695/48346
708 2534/14631
709 28494/48115
710 204067/124474
711 323243/204572
712 27769/43990
713 63620/90709
714 184153/76482
715 159445/92679
716 93702/223747
717 55791/40150
718 10541/25899
719 189337/72196
720 163619/281621
721 32527/70106
722 195577/278477
723 17086/6563
724 53096/143053
725 174345/127289
726 41551/172714
727 6195/4777
728 432239/126735
729 22699/62727
730 186010/267733
731 152869/98548
732 27701/32459
733 179184/253399
734 136891/86265
735 191431/118623
736 213847/93937
737 129520/220789
738 131730/50327
739 182222/79107
740 122979/50564
741 30286/17783
742 131441/76518
743 67921/44050
744 11343/3416
745 39023/106572
746 9367/32542
747 95180/73293
748 134537/238565
749 46638/126703
750 189971/54945
751 51106/274233
752 32044/114925
753 29221/25181
754 10506/56197
755 36280/55707
756 20973/26354
757 47856/79027
758 77999/98897
759 136673/38226
760 30489/139046
761 81521/22868
762 6952/43663
763 345495/133861
764 5582/29605
765 16237/52140
766 74161/40950
767 69795/115037
768 61709/11114
769 1007/11253
770 293549/188087
771 25299/19897
772 138711/199160
773 105823/60015
774 135780/41071
775 66600/157681
776 43526/12619
777 41435/89131
778 137173/87042
779 22786/48171
780 75358/129905
781 43517/121273
782 305023/247128
783 9687/54128
784 18225/7741
785 19313/5339
786 157315/46839
787 122403/44699
788 87035/31272
789 15583/69076
790 149316/55369
791 142711/226341
792 23099/147342
793 31743/88097
794 32551/17169
795 171456/22519
796 32848/6379
797 12573/26792
798 9115/52808
799 15919/104834
800 163334/133167
801 69397/82206
802 476807/676984
803 131603/93277
804 45893/7952
805 59778/7901
806 306023/113478
807 42201/157412
808 129151/23156
809 145780/83971
810 122222/27697
811 17056/39035
812 11743/10595
813 198753/126064
814 64585/112226
815 29003/99660
816 123773/32706
817 34923/18568
818 40629/31505
819 55393/31197
820 33619/26494
821 86107/23732
822 146342/56715
823 38479/62242
824 52809/84080
825 35328/133687
826 50874/85993
827 156383/200233
828 418/4089
829 52319/89870
830 89485/243732
831 36337/51423
832 52599/41131
833 32597/77236
834 63545/92758
835 26919/99493
836 76431/34882
837 134580/233093
838 79124/42437
839 45863/14353
840 60317/83678
841 92167/238322
842 97443/57367
843 64187/12156
844 231337/141017
845 68821/20326
846 24778/116557
847 266482/70471
848 388609/140052
849 58062/97891
850 31475/81656
851 54377/134072
852 75525/103103
853 232518/131323
854 65523/171533
855 144995/374116
856 159293/48106
857 46012/37951
858 94465/131062
859 64319/230836
860 51433/85104
861 25254/84743
862 6804/36817
863 52321/37811
864 93574/39225
865 127655/185246
866 206541/327526
867 84325/198937
868 28831/44723
869 47443/121802
870 19835/55218
871 4518/1273
872 64058/48901
873 93075/22007
874 4448/11621
875 56001/23839
876 140277/85852
877 113112/33743
878 129749/27597
879 95152/153359
880 35223/22843
881 202717/345451
882 118131/166333
883 17534/55921
884 64085/273286
885 51075/42088
886 58165/75774
887 18215/11512
888 140831/227916
889 292561/379448
890 36576/44173
891 141575/98813
892 139625/117878
893 145207/233404
894 183241/131860
895 44511/147359
896 2464/577
897 76175/185577
898 50866/173983
899 398857/167028
900 66527/251740
901 115770/210731
902 133394/85243
903 110183/69304
904 78249/21574
905 29758/16329
906 110021/41037
907 22788/14801
908 142540/204467
909 30763/14376
910 335809/101894
911 33152/187137
912 70589/153692
913 58353/129266
914 26301/13939
915 279351/357259
916 8906/25853
917 121247/106782
918 118191/69359
919 476041/275254
920 57823/137708
921 206183/497764
922 119755/101081
923 65413/286523
924 231813/134359
925 32142/9347
926 178151/109939
927 55842/47533
928 149911/242802
929 41346/64103
930 165137/226129
931 49944/120511
932 25316/65013
933 37685/14071
934 39635/134043
935 25644/20725
936 114253/66278
937 258072/91349
938 25424/6981
939 98393/276860
940 55303/11891
941 22913/36374
942 146415/84901
943 70127/21213
944 49811/139202
945 221610/288863
946 198023/43384
947 124143/67489
948 94887/65956
949 32576/11879
950 49386/176051
951 58219/39717
952 77342/59727
953 54689/38565
954 28965/75008
955 185698/67899
956 45728/119707
957 99871/127534
958 76372/119085
959 181576/138513
960 247315/180654
961 72521/16569
962 273465/197702
963 34513/94283
964 20896/59887
965 40373/92956
966 31369/24504
967 67685/218887
968 50158/79013
969 161159/49799
970 12262/1555
971 37749/46756
972 352469/215017
973 48923/182480
974 45317/12217
975 88358/215623
976 36914/24063
977 229969/145395
978 66225/113077
979 57063/97147
980 29317/18083
981 84009/203498
982 115409/70636
983 288277/395284
984 42212/7835
985 27266/70221
986 123309/157955
987 53749/16325
988 35846/56039
989 79091/182653
990 23121/29635
991 103493/140977
992 136637/359731
993 103475/76347
994 35199/25508
995 183474/132965
996 34459/38672
997 188009/118498
998 88857/130204
999 23359/80385
1000 88547/245456
