1 4
2 66
3 15619
4 325091
5 1
6 1
7 1
8 1
9 123353
10 759383
11 718909
12 816502
13 620537
14 776140
15 169065
16 492135
17 325050
18 418370
19 811849
20 161790
21 484259
22 451845
23 252400
24 313005
25 80649
26 382999
27 856931
28 551045
29 469653
30 801674
31 435150
32 202138
33 668262
34 1
35 27602
36 610110
37 1
38 226355
39 119551
40 145079
41 532862
42 107364
43 763457
44 990159
45 379680
46 750891
47 588959
48 804376
49 65518
50 761688
51 447684
52 201262
53 16369
54 1
55 430300
56 754713
57 354658
58 931702
59 481958
60 341806
61 510518
62 233581
63 478613
64 1
65 769149
66 867575
67 69689
68 181749
69 868764
70 191192
71 263877
72 673357
73 465435
74 416043
75 1
76 554827
77 934696
78 762888
79 458926
80 977863
81 962266
82 423507
83 175447
84 637155
85 191192
86 156190
87 413474
88 270858
89 83726
90 1
91 411337
92 431685
93 695547
94 8178
95 932941
96 381023
97 1
98 916015
99 936545
100 94223
101 1191
102 570225
103 124592
104 7608
105 773752
106 536971
107 857443
108 1
109 192493
110 955723
111 957861
112 20226
113 841529
114 44609
115 913535
116 146853
117 260839
118 57
119 562633
120 878128
121 149002
122 333854
123 953475
124 385976
125 595307
126 83164
127 846353
128 46155
129 668057
130 493972
131 24253
132 718245
133 478613
134 485603
135 262125
136 201425
137 237798
138 766392
139 840792
140 725794
141 379237
142 951171
143 185101
144 684032
145 428858
146 159370
147 906446
148 512915
149 527173
150 620751
151 806039
152 20226
153 907426
154 397290
155 1
156 736122
157 382999
158 135231
159 882597
160 11
161 26
162 361313
163 16937
164 456479
165 297075
166 826524
167 406754
168 776882
169 236604
170 551291
171 626060
172 490419
173 296599
174 1
175 454672
176 246450
177 910291
178 11169
179 56604
180 354491
181 993798
182 191810
183 32752
184 493972
185 318706
186 32349
187 801827
188 730729
189 288541
190 12635
191 330303
192 174829
193 615038
194 382365
195 251069
196 90441
197 536971
198 766816
199 66
200 581359
201 1
202 252400
203 419033
204 595464
205 1
206 456078
207 134146
208 605434
209 39328
210 752061
211 717010
212 791013
213 956726
214 27602
215 801362
216 302
217 892516
218 769149
219 659548
220 866792
221 626653
222 592797
223 942786
224 105886
225 435022
226 897214
227 839372
228 111056
229 502644
230 190916
231 286389
232 1
233 329907
234 296768
235 331980
236 1
237 60015
238 698180
239 809155
240 683650
241 984549
242 596369
243 810270
244 1
245 783588
246 36610
247 411390
248 136546
249 536432
250 428858
251 202138
252 94904
253 133615
254 9165
255 541118
256 287577
257 213186
258 66780
259 516854
260 25743
261 592513
262 18480
263 21396
264 881988
265 1
266 59175
267 242815
268 236665
269 534515
270 104476
271 804556
272 574218
273 887202
274 15783
275 1
276 893401
277 14608
278 236665
279 226355
280 610771
281 456479
282 887202
283 1191
284 242815
285 185101
286 524268
287 226613
288 737285
289 47442
290 992614
291 471407
292 134265
293 637767
294 665418
295 883991
296 552818
297 644671
298 274314
299 850187
300 667071
301 4
302 770069
303 78872
304 948892
305 1
306 606555
307 762607
308 302
309 125287
310 1
311 569364
312 2036
313 678907
314 559522
315 793931
316 416043
317 534085
318 969405
319 468783
320 89522
321 122308
322 256536
323 876621
324 109480
325 228384
326 9373
327 83341
328 11
329 313005
330 784916
331 550740
332 541118
333 610538
334 584551
335 964461
336 336022
337 191192
338 382999
339 192134
340 262125
341 271337
342 356748
343 24253
344 890457
345 26946
346 430300
347 191810
348 693641
349 690920
350 756260
351 136546
352 756260
353 671687
354 366806
355 158914
356 171214
357 805922
358 899117
359 1
360 381023
361 156914
362 420442
363 439242
364 151910
365 640782
366 920144
367 942750
368 1
369 783588
370 911297
371 677900
372 795331
373 473653
374 804936
375 881875
376 732695
377 294406
378 911783
379 830385
380 662225
381 752061
382 227290
383 441348
384 915676
385 534085
386 502
387 623045
388 934245
389 887112
390 772747
391 822300
392 562940
393 57
394 831982
395 766816
396 504871
397 96505
398 837304
399 661789
400 212263
401 713736
402 1
403 474100
404 575294
405 911385
406 902470
407 1
408 1
409 667093
410 894143
411 60833
412 302
413 256651
414 11
415 654499
416 15619
417 976218
418 728097
419 367074
420 180861
421 11
422 65519
423 1
424 601703
425 184013
426 30594
427 15619
428 11543
429 810270
430 439211
431 706251
432 389323
433 47442
434 382999
435 528723
436 1
437 26483
438 502
439 75425
440 322384
441 57
442 11
443 1
444 411337
445 305275
446 626060
447 571587
448 530178
449 962266
450 118221
451 1
452 1
453 85481
454 68558
455 977553
456 910473
457 924913
458 386757
459 795157
460 629665
461 325050
462 495947
463 103636
464 389323
465 360783
466 625787
467 483365
468 490081
469 794827
470 8178
471 83749
472 820493
473 809155
474 156914
475 506809
476 805055
477 703134
478 718909
479 57
480 315155
481 122781
482 176931
483 856221
484 492059
485 911385
486 919973
487 205466
488 502795
489 716163
490 47840
491 1
492 320831
493 870357
494 747625
495 898662
496 225854
497 810733
498 196271
499 495947
500 409778
501 960218
502 120401
503 983466
504 698315
505 27612
506 4395
507 801969
508 502790
509 258988
510 894143
511 133615
512 954937
513 973414
514 686833
515 1
516 616576
517 1
518 532862
519 728097
520 1
521 555908
522 36054
523 887112
524 334492
525 398568
526 49560
527 667708
528 877296
529 873549
530 1
531 883991
532 795263
533 158152
534 638664
535 762325
536 556152
537 494048
538 241364
539 180877
540 15313
541 804936
542 761131
543 667012
544 801969
545 68558
546 1
547 502795
548 562153
549 32614
550 838762
551 176555
552 15769
553 1
554 483365
555 154116
556 472898
557 135231
558 125315
559 429559
560 4
561 11
562 11543
563 800013
564 255127
565 1
566 456479
567 176931
568 592797
569 914689
570 717010
571 212263
572 613088
573 419281
574 1
575 576186
576 382999
577 512915
578 785827
579 634790
580 592797
581 169065
582 646264
583 2416
584 913535
585 296768
586 283320
587 178924
588 86655
589 123794
590 852098
591 15619
592 764052
593 1
594 874781
595 422509
596 485603
597 122918
598 425583
599 189829
600 345736
601 131912
602 203430
603 915676
604 762607
605 42318
606 534515
607 525765
608 979559
609 725567
610 892930
611 589146
612 634767
613 913535
614 965613
615 4
616 652084
617 732943
618 868446
619 867884
620 409675
621 169802
622 90383
623 231687
624 512290
625 712890
626 732922
627 710780
628 683417
629 355137
630 633474
631 269950
632 477440
633 99400
634 856931
635 367831
636 888249
637 888483
638 600176
639 1
640 809155
641 390707
642 420083
643 129614
644 2416
645 218536
646 728097
647 562633
648 851831
649 572726
650 260839
651 1
652 70874
653 144277
654 99267
655 30491
656 750504
657 613215
658 389323
659 276775
660 51786
661 1
662 246450
663 1
664 503925
665 781165
666 469371
667 2416
668 440876
669 826373
670 414408
671 643268
672 318706
673 919973
674 1
675 61195
676 909214
677 598842
678 73734
679 631158
680 36476
681 791433
682 168203
683 236981
684 892930
685 139514
686 1191
687 784
688 563009
689 1
690 227412
691 308909
692 934696
693 27099
694 125287
695 876621
696 880920
697 845091
698 122308
699 291622
700 756260
701 481122
702 740277
703 47245
704 247
705 539307
706 1
707 456078
708 1
709 353461
710 951171
711 741689
712 7608
713 1
714 364010
715 31961
716 156342
717 15769
718 361567
719 4
720 810733
721 207141
722 1
723 712890
724 473872
725 118246
726 736122
727 1
728 790241
729 284633
730 471407
731 45454
732 435150
733 329370
734 52742
735 192134
736 822300
737 71643
738 45454
739 163376
740 856931
741 189829
742 409675
743 44609
744 44609
745 85305
746 706554
747 615886
748 434705
749 630038
750 874781
751 232078
752 469653
753 184013
754 781663
755 1
756 2036
757 887202
758 569364
759 18480
760 297571
761 537622
762 56402
763 532862
764 990729
765 297075
766 883809
767 372872
768 231149
769 176931
770 1
771 1
772 957861
773 309241
774 460208
775 701727
776 271622
777 191192
778 136966
779 1
780 888483
781 868446
782 156493
783 936545
784 123191
785 606147
786 510518
787 830213
788 990161
789 397663
790 625787
791 1
792 468783
793 103636
794 322664
795 1
796 566763
797 979117
798 725567
799 632115
800 436784
801 26
802 921159
803 723340
804 546124
805 643268
806 120401
807 850187
808 795766
809 741689
810 841529
811 123353
812 445370
813 83052
814 590859
815 493015
816 548863
817 139918
818 176555
819 540230
820 399126
821 259807
822 740724
823 71836
824 382045
825 990161
826 1
827 773105
828 329648
829 570456
830 1
831 382365
832 853086
833 302
834 993717
835 1
836 378392
837 252264
838 875239
839 65519
840 208931
841 331980
842 922689
843 1
844 696941
845 447684
846 869856
847 376565
848 459989
849 954446
850 359889
851 264342
852 357563
853 458926
854 271622
855 741689
856 74810
857 810467
858 227888
859 524268
860 664735
861 774323
862 366108
863 722963
864 133445
865 288541
866 488192
867 683850
868 620751
869 391157
870 542703
871 248647
872 263178
873 463926
874 703134
875 14608
876 1
877 341806
878 385357
879 591338
880 176931
881 1
882 144321
883 481958
884 859785
885 798268
886 884
887 414408
888 52497
889 72794
890 124019
891 160527
892 838762
893 875239
894 264539
895 396129
896 783588
897 162611
898 105886
899 592105
900 920377
901 728917
902 842249
903 818209
904 341224
905 853086
906 910073
907 552369
908 754989
909 448116
910 496140
911 578516
912 954446
913 385235
914 1
915 83749
916 290732
917 514856
918 761131
919 411006
920 296007
921 517677
922 422509
923 47840
924 292774
925 887112
926 381023
927 129614
928 161790
929 905352
930 329680
931 962266
932 338186
933 897397
934 596369
935 123537
936 922300
937 428858
938 78872
939 894143
940 868061
941 309763
942 94223
943 7745
944 1
945 1
946 174067
947 42318
948 740724
949 788518
950 280397
951 44609
952 572934
953 1
954 1
955 723340
956 411930
957 826307
958 948669
959 643268
960 879662
961 57
962 34266
963 1
964 44609
965 271460
966 176931
967 367831
968 441882
969 1
970 120
971 616427
972 784
973 46155
974 201262
975 536971
976 737285
977 1
978 448116
979 440876
980 196271
981 48286
982 1
983 639130
984 256663
985 119957
986 856931
987 688865
988 1
989 1
990 798268
991 25626
992 481122
993 786572
994 934696
995 1191
996 706081
997 788663
998 648990
999 88710
1000 554155
