1
 1 48 31 50 33 16 63 18 
30 51 46  3 62 19 14 35 
47  2 49 32 15 34 17 64 
52 29  4 45 20 61 36 13 
 5 44 25 56  9 40 21 60 
28 53  8 41 24 57 12 37 
43  6 55 26 39 10 59 22 
54 27 42  7 58 23 38 11 
2
18 63 10 39 50 31 42  7 
11 38 19 62 41  8 51 30 
64 17 40  9 32 49  6 43 
37 12 61 20  5 44 29 52 
60 21 16 33 28 53 48  1 
13 36 57 24 45  4 27 54 
22 59 34 15 56 25  2 47 
35 14 23 58  3 46 55 26 
3
11 38 23 58  7 42 27 54 
22 59 10 39 26 55  6 43 
37 12 57 24 41  8 53 28 
60 21 40  9 56 25 44  5 
13 36 61 20 45  4 29 52 
64 17 34 15 32 49  2 47 
35 14 19 62  3 46 51 30 
18 63 16 33 50 31 48  1 
4
39 18 11 64 13 22 35 58 
10 63 38 17 36 59 14 23 
19 40 61 12 21 16 57 34 
62  9 20 37 60 33 24 15 
 7 50 41 32 45 26  3 56 
42 31  8 49  4 55 46 25 
51  6 29 44 53 48 27  2 
30 43 52  5 28  1 54 47 
5
18 35 64 13 60 37 22 11 
63 14 17 36 21 12 59 38 
16 19 34 61 40 57 10 23 
33 62 15 20  9 24 39 58 
50  3 32 45 56 41 26  7 
31 46 49  4 25  8 55 42 
48 51  2 29 44 53  6 27 
 1 30 47 52  5 28 43 54 
6
47 30  1 52  5 28 43 54 
 2 51 48 29 44 53  6 27 
49 46 31  4 25  8 55 42 
32  3 50 45 56 41 26  7 
15 62 33 20  9 24 39 58 
34 19 16 61 40 57 10 23 
17 14 63 36 21 12 59 38 
64 35 18 13 60 37 22 11 
7
54 43 28  5 52  1 30 47 
27  6 53 44 29 48 51  2 
42 55  8 25  4 31 46 49 
 7 26 41 56 45 50  3 32 
58 39 24  9 20 33 62 15 
23 10 57 40 61 16 19 34 
38 59 12 21 36 63 14 17 
11 22 37 60 13 18 35 64 
8
30 51 42  7 62 19 10 39 
43  6 31 50  9 40 63 18 
52 29  8 41 20 61 38 11 
 5 44 49 32 37 12 17 64 
28 53  4 45 60 21 36 13 
 1 48 55 26 33 16 59 22 
54 27 46  3 24 57 14 35 
47  2 25 56 15 34 23 58 
9
26 55 46  3 58 23 14 35 
47  2 25 56 15 34 59 22 
54 27  4 45 24 57 36 13 
 1 48 53 28 33 16 21 60 
52 29 44  5 20 61 12 37 
43  6 49 32  9 40 17 64 
30 51  8 41 62 19 38 11 
 7 42 31 50 39 10 63 18 
10
18 63 10 39 50 31 42  7 
11 38 19 62 41  8 51 30 
64 17 40  9 32 49  6 43 
37 12 61 20  5 44 29 52 
60 21 16 33 28 53 48  1 
13 36 57 24 45  4 27 54 
22 59 34 15 56 25  2 47 
35 14 23 58  3 46 55 26 
11
18 35 64 13 60 37 22 11 
63 14 17 36 21 12 59 38 
16 19 34 61 40 57 10 23 
33 62 15 20  9 24 39 58 
50  3 32 45 56 41 26  7 
31 46 49  4 25  8 55 42 
48 51  2 29 44 53  6 27 
 1 30 47 52  5 28 43 54 
12
47 30  1 52  5 28 43 54 
 2 51 48 29 44 53  6 27 
49 46 31  4 25  8 55 42 
32  3 50 45 56 41 26  7 
15 62 33 20  9 24 39 58 
34 19 16 61 40 57 10 23 
17 14 63 36 21 12 59 38 
64 35 18 13 60 37 22 11 
13
47  2 55 26 15 34 23 58 
54 27 46  3 24 57 14 35 
 1 48 25 56 33 16 59 22 
28 53  4 45 60 21 36 13 
 5 44 49 32 37 12 17 64 
52 29  8 41 20 61 38 11 
43  6 31 50  9 40 63 18 
30 51 42  7 62 19 10 39 
14
64 17 34 15 32 49  2 47 
35 14 19 62  3 46 51 30 
18 63 16 33 50 31 48  1 
13 36 61 20 45  4 29 52 
60 21 40  9 56 25 44  5 
37 12 57 24 41  8 53 28 
22 59 10 39 26 55  6 43 
11 38 23 58  7 42 27 54 
15
58 35 22 13 64 11 18 39 
23 14 59 36 17 38 63 10 
34 57 16 21 12 61 40 19 
15 24 33 60 37 20  9 62 
26  3 56 45 32 41 50  7 
55 46 25  4 49  8 31 42 
 2 27 48 53 44 29  6 51 
47 54  1 28  5 52 43 30 
16
47  2 49 32 15 34 17 64 
30 51 46  3 62 19 14 35 
 1 48 31 50 33 16 63 18 
52 29  4 45 20 61 36 13 
 5 44 25 56  9 40 21 60 
28 53  8 41 24 57 12 37 
43  6 55 26 39 10 59 22 
54 27 42  7 58 23 38 11 
17
47 30  1 52  5 28 43 54 
 2 51 48 29 44 53  6 27 
49 46 31  4 25  8 55 42 
32  3 50 45 56 41 26  7 
15 62 33 20  9 24 39 58 
34 19 16 61 40 57 10 23 
17 14 63 36 21 12 59 38 
64 35 18 13 60 37 22 11 
18
11 38 23 58  7 42 27 54 
22 59 10 39 26 55  6 43 
37 12 57 24 41  8 53 28 
60 21 40  9 56 25 44  5 
13 36 61 20 45  4 29 52 
64 17 34 15 32 49  2 47 
35 14 19 62  3 46 51 30 
18 63 16 33 50 31 48  1 
19
64 17 34 15 32 49  2 47 
35 14 19 62  3 46 51 30 
18 63 16 33 50 31 48  1 
13 36 61 20 45  4 29 52 
60 21 40  9 56 25 44  5 
37 12 57 24 41  8 53 28 
22 59 10 39 26 55  6 43 
11 38 23 58  7 42 27 54 
20
11 22 37 60 13 18 35 64 
38 59 12 21 36 63 14 17 
23 10 57 40 61 16 19 34 
58 39 24  9 20 33 62 15 
 7 26 41 56 45 50  3 32 
42 55  8 25  4 31 46 49 
27  6 53 44 29 48 51  2 
54 43 28  5 52  1 30 47 
21
39 10 19 62  7 42 51 30 
18 63 40  9 50 31  6 43 
11 38 61 20 41  8 29 52 
64 17 12 37 32 49 44  5 
13 36 21 60 45  4 53 28 
22 59 16 33 56 25 48  1 
35 14 57 24  3 46 27 54 
58 23 34 15 26 55  2 47 
22
11 38 23 58  7 42 27 54 
22 59 10 39 26 55  6 43 
37 12 57 24 41  8 53 28 
60 21 40  9 56 25 44  5 
13 36 61 20 45  4 29 52 
64 17 34 15 32 49  2 47 
35 14 19 62  3 46 51 30 
18 63 16 33 50 31 48  1 
23
11 22 37 60 13 18 35 64 
38 59 12 21 36 63 14 17 
23 10 57 40 61 16 19 34 
58 39 24  9 20 33 62 15 
 7 26 41 56 45 50  3 32 
42 55  8 25  4 31 46 49 
27  6 53 44 29 48 51  2 
54 43 28  5 52  1 30 47 
24
 1 48 31 50 33 16 63 18 
30 51 46  3 62 19 14 35 
47  2 49 32 15 34 17 64 
52 29  4 45 20 61 36 13 
 5 44 25 56  9 40 21 60 
28 53  8 41 24 57 12 37 
43  6 55 26 39 10 59 22 
54 27 42  7 58 23 38 11 
25
39 18 11 64 13 22 35 58 
10 63 38 17 36 59 14 23 
19 40 61 12 21 16 57 34 
62  9 20 37 60 33 24 15 
 7 50 41 32 45 56  3 26 
42 31  8 49  4 25 46 55 
51  6 29 44 53 48 27  2 
30 43 52  5 28  1 54 47 
26
18 35 64 13 60 37 22 11 
63 14 17 36 21 12 59 38 
16 19 34 61 40 57 10 23 
33 62 15 20  9 24 39 58 
50  3 32 45 56 41 26  7 
31 46 49  4 25  8 55 42 
48 51  2 29 44 53  6 27 
 1 30 47 52  5 28 43 54 
27
26 47 54  1 52 43 30  7 
55  2 27 48 29  6 51 42 
46 25  4 53 44 49  8 31 
 3 56 45 28  5 32 41 50 
58 15 24 33 20  9 62 39 
23 34 57 16 61 40 19 10 
14 59 36 21 12 17 38 63 
35 22 13 60 37 64 11 18 
28
39 10 19 62  7 42 51 30 
18 63 40  9 50 31  6 43 
11 38 61 20 41  8 29 52 
64 17 12 37 32 49 44  5 
13 36 21 60 45  4 53 28 
22 59 16 33 56 25 48  1 
35 14 57 24  3 46 27 54 
58 23 34 15 26 55  2 47 
29
30 43 52  5 28  1 54 47 
51  6 29 44 53 48 27  2 
42 31  8 49  4 55 46 25 
 7 50 41 32 45 26  3 56 
62  9 20 37 60 33 24 15 
19 40 61 12 21 16 57 34 
10 63 38 17 36 59 14 23 
39 18 11 64 13 22 35 58 
30
11 38 23 58  7 42 27 54 
22 59 10 39 26 55  6 43 
37 12 57 24 41  8 53 28 
60 21 40  9 56 25 44  5 
13 36 61 20 45  4 29 52 
18 63 16 33 50 31 48  1 
35 14 19 62  3 46 51 30 
64 17 34 15 32 49  2 47 
31
 7 42 31 50  9 40 63 18 
30 51  8 41 62 19 38 11 
43  6 49 32 39 10 17 64 
52 29 44  5 20 61 12 37 
 1 48 53 28 33 16 21 60 
54 27  4 45 24 57 36 13 
47  2 25 56 15 34 59 22 
26 55 46  3 58 23 14 35 
32
39 18 11 64 13 22 35 58 
10 63 38 17 36 59 14 23 
19 40 61 12 21 16 57 34 
62  9 20 37 60 33 24 15 
 7 50 41 32 45 56  3 26 
42 31  8 49  4 25 46 55 
51  6 29 44 53 48 27  2 
30 43 52  5 28  1 54 47 
33
 1 48 31 50 33 16 63 18 
30 51 46  3 62 19 14 35 
47  2 49 32 15 34 17 64 
52 29  4 45 20 61 36 13 
 5 44 25 56  9 40 21 60 
28 53  8 41 24 57 12 37 
43  6 55 26 39 10 59 22 
54 27 42  7 58 23 38 11 
34
58 23 34 15 26 55  2 47 
35 14 57 24  3 46 27 54 
22 59 16 33 56 25 48  1 
13 36 21 60 45  4 53 28 
64 17 12 37 32 49 44  5 
11 38 61 20 41  8 29 52 
18 63 40  9 50 31  6 43 
39 10 19 62  7 42 51 30 
35
18 63 16 33 50 31 48  1 
35 14 19 62  3 46 51 30 
64 17 34 15 32 49  2 47 
13 36 61 20 45  4 29 52 
60 21 40  9 56 25 44  5 
37 12 57 24 41  8 53 28 
22 59 10 39 26 55  6 43 
11 38 23 58  7 42 27 54 
36
30 43 52  5 28  1 54 47 
51  6 29 44 53 48 27  2 
42 31  8 49  4 25 46 55 
 7 50 41 32 45 56  3 26 
62  9 20 37 60 33 24 15 
19 40 61 12 21 16 57 34 
10 63 38 17 36 59 14 23 
39 18 11 64 13 22 35 58 
37
26 47 54  1 52 43 30  7 
55  2 27 48 29  6 51 42 
46 25  4 53 44 49  8 31 
 3 56 45 28  5 32 41 50 
58 15 24 33 20  9 62 39 
23 34 57 16 61 40 19 10 
14 59 36 21 12 17 38 63 
35 22 13 60 37 64 11 18 
38
39 18 11 64 13 22 35 58 
10 63 38 17 36 59 14 23 
19 40 61 12 21 16 57 34 
62  9 20 37 60 33 24 15 
41 50  7 32 45 56  3 26 
 8 31 42 49  4 25 46 55 
51  6 29 44 53 48 27  2 
30 43 52  5 28  1 54 47 
39
47 30  1 52  5 28 43 54 
 2 51 48 29 44 53  6 27 
49 46 31  4 25  8 55 42 
32  3 50 45 56 41 26  7 
15 62 33 20  9 24 39 58 
34 19 16 61 40 57 10 23 
17 14 63 36 21 12 59 38 
64 35 18 13 60 37 22 11 
40
47  2 49 32 15 34 17 64 
30 51 46  3 62 19 14 35 
 1 48 31 50 33 16 63 18 
52 29  4 45 20 61 36 13 
 5 44 25 56  9 40 21 60 
28 53  8 41 24 57 12 37 
43  6 55 26 39 10 59 22 
54 27 42  7 58 23 38 11 
41
47  2 55 26 15 34 23 58 
54 27 46  3 24 57 14 35 
 1 48 25 56 33 16 59 22 
28 53  4 45 60 21 36 13 
 5 44 49 32 37 12 17 64 
52 29  8 41 20 61 38 11 
43  6 31 50  9 40 63 18 
30 51 42  7 62 19 10 39 
42
11 22 37 60 13 64 35 18 
38 59 12 21 36 17 14 63 
23 10 57 40 61 34 19 16 
58 39 24  9 20 15 62 33 
 7 26 41 56 45 32  3 50 
42 55  8 25  4 49 46 31 
27  6 53 44 29  2 51 48 
54 43 28  5 52 47 30  1 
43
11 22 37 60 13 64 35 18 
38 59 12 21 36 17 14 63 
23 10 57 40 61 34 19 16 
58 39 24  9 20 15 62 33 
 7 26 41 56 45 32  3 50 
42 55  8 25  4 49 46 31 
27  6 53 44 29  2 51 48 
54 43 28  5 52 47 30  1 
44
30 43 52  5 28  1 54 47 
51  6 29 44 53 48 27  2 
42 31  8 49  4 25 46 55 
 7 50 41 32 45 56  3 26 
62  9 20 37 60 33 24 15 
19 40 61 12 21 16 57 34 
10 63 38 17 36 59 14 23 
39 18 11 64 13 22 35 58 
45
58 23 34 15 26 55  2 47 
35 14 57 24  3 46 27 54 
22 59 16 33 56 25 48  1 
13 36 21 60 45  4 53 28 
64 17 12 37 32 49 44  5 
11 38 61 20 41  8 29 52 
18 63 40  9 50 31  6 43 
39 10 19 62  7 42 51 30 
46
64 35 18 13 60 37 22 11 
17 14 63 36 21 12 59 38 
34 19 16 61 40 57 10 23 
15 62 33 20  9 24 39 58 
32  3 50 45 56 41 26  7 
49 46 31  4 25  8 55 42 
 2 51 48 29 44 53  6 27 
47 30  1 52  5 28 43 54 
47
18 11 64 37 60 13 22 35 
63 38 17 12 21 36 59 14 
10 19 40 61 16 57 34 23 
39 62  9 20 33 24 15 58 
50 41 32  5 28 45 56  3 
31  8 49 44 53  4 25 46 
42 51  6 29 48 27  2 55 
 7 30 43 52  1 54 47 26 
48
18 11 64 37 60 13 22 35 
63 38 17 12 21 36 59 14 
10 19 40 61 16 57 34 23 
39 62  9 20 33 24 15 58 
50 41 32  5 28 45 56  3 
31  8 49 44 53  4 25 46 
42 51  6 29 48 27  2 55 
 7 30 43 52  1 54 47 26 
49
26 47 54  1 52 43 30  7 
55  2 27 48 29  6 51 42 
46 25  4 53 44 49  8 31 
 3 56 45 28  5 32 41 50 
58 15 24 33 20  9 62 39 
23 34 57 16 61 40 19 10 
14 59 36 21 12 17 38 63 
35 22 13 60 37 64 11 18 
50
11 38 23 58  7 42 27 54 
22 59 10 39 26 55  6 43 
37 12 57 24 41  8 53 28 
60 21 40  9 56 25 44  5 
13 36 61 20 45  4 29 52 
64 17 34 15 32 49  2 47 
35 14 19 62  3 46 51 30 
18 63 16 33 50 31 48  1 
