1 30
2 19
3 696
4 39
5 58
6 33
7 55
8 1
9 5
10 198
11 26
12 196
13 22
14 61
15 218
16 2
17 99
18 364
19 26
20 262
21 4
22 36
23 338
24 13
25 1
26 41
27 170
28 583
29 1
30 2
31 433
32 229
33 42
34 68
35 225
36 36
37 294
38 109
39 2
40 1
41 28
42 187
43 19
44 168
45 164
46 39
47 47
48 99
49 9
50 122
51 23
52 337
53 49
54 9
55 164
56 84
57 147
58 9
59 100
60 167
61 230
62 66
63 116
64 1
65 40
66 25
67 4
68 14
69 295
70 197
71 58
72 121
73 685
74 25
75 16
76 12
77 408
78 293
79 68
80 170
81 183
82 30
83 5
84 209
85 50
86 2
87 57
88 63
89 19
90 628
91 115
92 72
93 8
94 244
95 620
96 80
97 9
98 5
99 198
100 49
101 90
102 338
103 87
104 31
105 20
106 17
107 4
108 114
109 13
110 103
111 38
112 122
113 294
114 25
115 366
116 45
117 238
118 278
119 10
120 16
121 523
122 94
123 254
124 294
125 20
126 119
127 456
128 147
129 78
130 51
131 10
132 357
133 1
134 143
135 370
136 274
137 9
138 338
139 1
140 143
141 71
142 13
143 105
144 6
145 12
146 43
147 398
148 206
149 85
150 332
151 68
152 21
153 203
154 10
155 28
156 104
157 97
158 239
159 21
160 11
161 202
162 249
163 116
164 48
165 436
166 353
167 168
168 619
169 425
170 212
171 13
172 180
173 291
174 258
175 256
176 23
177 19
178 30
179 34
180 61
181 175
182 31
183 653
184 145
185 16
186 95
187 154
188 49
189 39
190 6
191 20
192 335
193 45
194 73
195 51
196 344
197 45
198 91
199 132
200 289
201 200
202 36
203 310
204 41
205 130
206 6
207 13
208 20
209 9
210 418
211 82
212 52
213 1
214 25
215 70
216 136
217 195
218 266
219 205
220 10
221 79
222 325
223 126
224 37
225 35
226 82
227 210
228 314
229 213
230 203
231 300
232 25
233 17
234 178
235 150
236 176
237 11
238 94
239 4
240 37
241 179
242 647
243 11
244 27
245 138
246 182
247 395
248 16
249 78
250 125
251 102
252 135
253 630
254 54
255 39
256 137
257 277
258 483
259 148
260 53
261 683
262 9
263 14
264 52
265 5
266 515
267 65
268 27
269 218
270 300
271 29
272 16
273 32
274 16
275 291
276 4
277 77
278 2
279 4
280 9
281 83
282 396
283 9
284 1
285 103
286 73
287 30
288 19
289 8
290 62
291 20
292 157
293 77
294 25
295 170
296 107
297 25
298 37
299 243
300 110
301 64
302 395
303 115
304 65
305 175
306 9
307 19
308 29
309 43
310 58
311 230
312 107
313 16
314 14
315 2
316 194
317 331
318 184
319 53
320 35
321 88
322 99
323 2
324 314
325 43
326 133
327 395
328 173
329 189
330 15
331 147
332 46
333 40
334 31
335 65
336 97
337 410
338 87
339 91
340 190
341 261
342 8
343 33
344 10
345 4
346 1000
347 170
348 380
349 2
350 4
351 13
352 158
353 166
354 21
355 9
356 332
357 9
358 58
359 350
360 172
361 61
362 234
363 127
364 111
365 181
366 128
367 189
368 1
369 16
370 122
371 222
372 3
373 28
374 61
375 224
376 228
377 355
378 13
379 42
380 64
381 116
382 34
383 90
384 168
385 10
386 375
387 25
388 243
389 74
390 146
391 118
392 23
393 8
394 77
395 28
396 422
397 324
398 143
399 16
400 161
401 13
402 17
403 435
404 409
405 2
406 123
407 9
408 338
409 13
410 34
411 17
412 253
413 226
414 6
415 90
416 293
417 100
418 66
419 145
420 179
421 127
422 4
423 18
424 197
425 193
426 29
427 89
428 133
429 59
430 561
431 9
432 104
433 66
434 173
435 27
436 6
437 95
438 227
439 143
440 311
441 36
442 91
443 233
444 18
445 16
446 13
447 74
448 234
449 94
450 36
451 55
452 309
453 99
454 157
455 4
456 118
457 92
458 234
459 176
460 300
461 24
462 40
463 34
464 205
465 160
466 129
467 9
468 9
469 8
470 609
471 24
472 45
473 43
474 253
475 121
476 266
477 101
478 187
479 443
480 836
481 25
482 639
483 9
484 33
485 20
486 11
487 16
488 111
489 35
490 163
491 16
492 16
493 17
494 25
495 24
496 145
497 327
498 39
499 402
500 39
501 26
502 65
503 677
504 226
505 98
506 192
507 30
508 173
509 110
510 16
511 162
512 300
513 26
514 91
515 13
516 271
517 77
518 42
519 45
520 100
521 92
522 518
523 149
524 90
525 25
526 114
527 69
528 82
529 29
530 31
531 361
532 111
533 149
534 82
535 74
536 37
537 26
538 177
539 19
540 50
541 36
542 101
543 207
544 170
545 162
546 152
547 55
548 37
549 13
550 130
551 42
552 557
553 53
554 2
555 126
556 162
557 1
558 191
559 94
560 377
561 270
562 276
563 79
564 110
565 134
566 22
567 65
568 21
569 19
570 272
571 88
572 29
573 240
574 80
575 199
576 154
577 16
578 36
579 13
580 513
581 29
582 1
583 109
584 284
585 120
586 46
587 121
588 60
589 186
590 208
591 50
592 52
593 424
594 111
595 291
596 192
597 17
598 53
599 1
600 35
601 45
602 190
603 242
604 16
605 55
606 211
607 8
608 129
609 129
610 452
611 176
612 100
613 4
614 36
615 317
616 266
617 77
618 34
619 267
620 30
621 118
622 58
623 428
624 70
625 667
626 10
627 1
628 101
629 498
630 14
631 235
632 42
633 27
634 181
635 56
636 441
637 5
638 29
639 162
640 123
641 313
642 219
643 131
644 136
645 102
646 52
647 29
648 9
649 37
650 431
651 72
652 121
653 265
654 32
655 59
656 220
657 165
658 188
659 423
660 19
661 6
662 543
663 103
664 79
665 20
666 11
667 256
668 89
669 123
670 34
671 131
672 102
673 193
674 57
675 258
676 37
677 353
678 50
679 17
680 54
681 64
682 49
683 157
684 224
685 222
686 143
687 22
688 194
689 14
690 182
691 16
692 354
693 65
694 33
695 171
696 62
697 267
698 271
699 141
700 72
701 453
702 148
703 22
704 70
705 112
706 10
707 91
708 27
709 236
710 41
711 221
712 5
713 22
714 117
715 101
716 34
717 274
718 262
719 16
720 11
721 302
722 83
723 30
724 61
725 10
726 64
727 78
728 318
729 1
730 250
731 186
732 38
733 9
734 18
735 134
736 65
737 29
738 87
739 341
740 38
741 174
742 533
743 21
744 105
745 267
746 25
747 100
748 295
749 25
750 389
751 186
752 1
753 430
754 201
755 58
756 69
757 82
758 220
759 217
760 49
761 370
762 75
763 38
764 58
765 382
766 308
767 140
768 278
769 14
770 16
771 19
772 215
773 72
774 560
775 394
776 129
777 51
778 386
779 41
780 302
781 95
782 49
783 49
784 124
785 4
786 101
787 8
788 213
789 27
790 148
791 39
792 16
793 19
794 39
795 97
796 186
797 2
798 349
799 34
800 90
801 104
802 72
803 65
804 144
805 25
806 173
807 197
808 93
809 39
810 90
811 4
812 4
813 85
814 155
815 145
816 167
817 30
818 8
819 383
820 9
821 144
822 121
823 170
824 125
825 31
826 87
827 36
828 16
829 1
830 10
831 10
832 82
833 172
834 25
835 82
836 133
837 80
838 18
839 16
840 166
841 196
842 168
843 315
844 225
845 122
846 262
847 4
848 198
849 243
850 28
851 117
852 40
853 64
854 349
855 9
856 362
857 60
858 63
859 66
860 542
861 132
862 107
863 18
864 26
865 58
866 99
867 81
868 8
869 350
870 299
871 148
872 5
873 1
874 455
875 51
876 321
877 42
878 54
879 50
880 36
881 101
882 388
883 319
884 70
885 26
886 62
887 441
888 13
889 25
890 338
891 126
892 430
893 1075
894 20
895 94
896 87
897 27
898 363
899 1
900 342
901 630
902 414
903 57
904 134
905 38
906 308
907 1
908 172
909 30
910 361
911 9
912 25
913 9
914 23
915 273
916 36
917 461
918 181
919 244
920 521
921 348
922 11
923 61
924 315
925 278
926 98
927 195
928 164
929 91
930 18
931 132
932 157
933 363
934 1
935 33
936 150
937 88
938 30
939 3
940 628
941 34
942 149
943 29
944 173
945 17
946 141
947 628
948 335
949 641
950 169
951 16
952 54
953 370
954 39
955 157
956 46
957 17
958 85
959 1
960 25
961 59
962 100
963 232
964 1
965 228
966 82
967 25
968 250
969 160
970 81
971 79
972 127
973 7
974 83
975 11
976 11
977 165
978 389
979 140
980 42
981 69
982 17
983 49
984 71
985 408
986 121
987 134
988 17
989 5
990 173
991 126
992 101
993 25
994 721
995 151
996 36
997 49
998 81
999 52
1000 84
