1
1 2 1 2 1
3 5 3 4 3
4 2 1 2 1
2
3 1 4 2 1 2 1
4 2 5 3 6 5 4
1 3 1 4 2 3 1
2 4 2 3 1 4 2
1 3 1 5 2 3 1
4 2 4 3 4 5 2
1 3 1 2 1 3 1
3
1
4
1 2 1
5
1 2 1
6
1
2
1
7
1
2
1
8
2 5 1 3 2 4 1
1 3 2 4 5 3 5
4 5 1 3 2 1 4
2 3 2 5 4 3 2
4 1 4 3 1 5 4
5 2 5 2 4 2 1
1 4 3 1 3 5 3
9
2 3 2 5 1 4 1
4 5 1 4 3 5 3
3 2 3 2 1 4 2
1 4 1 4 5 3 5
2 3 2 3 2 4 1
1 5 1 4 1 5 3
4 2 3 2 3 2 1
10
4 1 4 2 5 1 3
3 5 3 1 3 2 5
2 1 4 2 4 1 4
4 3 5 1 5 3 2
5 1 2 4 2 1 4
2 4 3 1 3 5 2
3 1 2 5 4 1 3
11
1 3 2 5 1 3 2
4 5 1 3 2 4 5
1 2 6 4 1 3 1
3 4 3 2 6 5 2
2 1 5 1 4 1 3
6 3 4 6 3 2 4
5 1 2 1 5 1 6
12
3 1 2 5 2 3 1
2 4 6 3 1 5 4
1 3 2 4 2 3 1
7 5 1 3 1 6 5
1 2 4 2 4 3 1
3 5 3 7 1 2 5
1 2 1 2 4 3 1
13
2 3 4 1 5 1 4
1 5 2 3 2 3 2
2 4 1 4 5 4 1
3 5 3 2 1 2 5
4 1 4 5 3 4 1
2 5 2 1 2 5 3
3 1 4 5 3 1 2
14
1 3 1 4 2 3 2
2 4 2 3 1 4 1
5 3 5 4 5 3 2
1 2 1 2 1 4 1
4 3 4 3 6 2 3
1 2 1 2 5 4 1
3 5 3 4 1 2 3
15
3 2 1 3 1 4 2
1 4 5 4 2 3 1
3 2 6 3 5 4 2
1 5 1 2 1 3 1
2 3 4 3 4 5 2
1 5 2 5 1 3 1
2 4 1 3 4 2 5
16
3 1 2 1 3 1 3
2 4 3 5 2 4 2
3 1 2 4 1 3 1
2 5 3 5 2 5 2
3 1 2 1 4 3 1
2 4 5 3 5 2 4
1 3 1 2 1 6 3
17
1 3 2 3 1 4 2
5 4 1 4 2 3 5
2 3 2 3 5 1 4
4 1 5 1 4 2 3
3 2 3 2 3 5 1
1 5 4 5 1 4 2
4 2 1 3 2 3 1
18
3 1 4 2 4 1 5
2 5 3 1 5 2 3
3 1 2 4 3 4 1
2 4 5 1 5 2 3
1 3 2 3 4 1 5
4 5 4 1 2 3 4
3 1 2 5 4 1 2
