1 14093/99532
2 16/113
3 1/7
4 563775/599324
5 74678/135649
6 594925/755304
7 228407/240744
8 530597/774977
9 306441/319652
10 397881/411826
11 34671/40666
12 110581/120614
13 44539/118135
14 478583/516288
15 90935/103682
16 45987/64100
17 85819/94874
18 15256/31045
19 4394/4741
20 619155/761741
21 51521/56194
22 33650/51379
23 46411/67191
24 250255/256104
25 265443/361664
26 7104/10931
27 277967/422768
28 571814/603995
29 146072/226105
30 71525/155038
31 10759/20738
32 91281/132746
33 285913/562832
34 77347/95482
35 16539/41728
36 16587/38693
37 241574/260143
38 142957/383175
39 235338/381835
40 221355/337208
41 212599/276692
42 266851/282410
43 162601/236746
44 9031/11323
45 139716/151825
46 6511/12458
47 11095/14786
48 434431/523610
49 179009/200817
50 526385/724418
51 562383/624470
52 25741/28494
53 185914/235477
54 56487/112033
55 597992/656289
56 636132/835129
57 213909/363805
58 171661/181369
59 706138/749801
60 119942/232217
61 682907/746022
62 710082/727867
63 26528/29369
64 71677/113844
65 406009/486672
66 210783/495367
67 352071/400556
68 247008/475487
69 271081/287503
70 41835/92311
71 51599/114178
72 29005/34603
73 241346/270139
74 147403/283308
75 422442/454615
76 623436/689803
77 178869/355651
78 26084/46689
79 397388/503161
80 545317/758262
81 361401/431684
82 143339/226278
83 477563/495680
84 386927/820790
85 24974/25487
86 666059/682308
87 11409/20620
88 115593/215102
89 41418/58423
90 28228/51107
91 488186/504895
92 338969/684383
93 268555/282368
94 187921/242897
95 314181/469625
96 581991/646043
97 797293/859472
98 43609/49287
99 11088/16349
100 207322/229635
101 109342/241733
102 342043/358242
103 19511/28015
104 140386/317945
105 605174/638829
106 191557/384801
107 207283/452230
108 393634/844385
109 13477/15429
110 303607/406870
111 40871/59309
112 2344/6259
113 9749/18871
114 14065/17077
115 48813/62594
116 208776/232469
117 282859/300533
118 95269/249238
119 28179/29828
120 46059/52664
121 24489/35893
122 26269/71282
123 65383/160756
124 731717/963296
125 6103/7137
126 60625/64499
127 175031/434972
128 373643/903885
129 66351/127744
130 128685/235079
131 22908/59891
132 195052/288019
133 154945/315184
134 32519/36588
135 540839/777693
136 360836/839843
137 443555/559134
138 4400/4801
139 459122/470329
140 531266/854829
141 257744/274535
142 369396/427097
143 162491/193484
144 112759/116937
145 197893/267181
146 235909/251803
147 309501/496892
148 77307/89321
149 29035/34297
150 389715/443069
151 399439/409879
152 45254/108527
153 256789/265815
154 184772/222697
155 133103/240552
156 107225/113423
157 52339/53892
158 113528/172457
159 501263/517861
160 43299/108859
161 76403/105065
162 41413/42606
163 45072/82375
164 51982/64903
165 14985/20548
166 167317/360248
167 3798/5519
168 102891/149150
169 359335/406698
170 189119/204502
171 260179/284145
172 551423/567497
173 678247/706692
174 315618/343415
175 98339/101695
176 23025/40307
177 42479/44201
178 29106/45335
179 469679/560272
180 338521/351606
181 499413/562018
182 436295/504428
183 104059/109614
184 70664/75661
185 112609/199526
186 179166/398041
187 266863/614469
188 852709/890821
189 180929/234742
190 71953/88626
191 500988/796105
192 8421/8623
193 434729/490530
194 301424/650241
195 5412/12139
196 546680/591467
197 3327/5321
198 647907/698410
199 344590/381339
200 411349/650602
201 295129/339434
202 745534/873515
203 159137/217179
204 55825/63123
205 2735/7108
206 109804/289983
207 52952/111425
208 103384/141687
209 390923/620456
210 152503/381826
211 10195/14022
212 601210/799563
213 51745/80474
214 6253/6803
215 6493/17042
216 68979/177094
217 683624/766539
218 319201/534785
219 27089/28687
220 248528/454791
221 198036/210167
222 39119/60572
223 273279/367460
224 264009/311212
225 265645/366187
226 9022/11741
227 367848/516187
228 48679/59344
229 43099/45754
230 247696/267569
231 28331/28983
232 517057/632051
233 41467/89784
234 67976/91101
235 566558/739811
236 99865/203208
237 27273/54728
238 361237/402184
239 240739/586081
240 172287/216775
241 5092/5659
242 101021/115418
243 179639/285642
244 344233/562052
245 710186/918639
246 188303/378990
247 287530/299021
248 44761/94531
249 190769/320335
250 115860/136601
251 319187/460250
252 293803/450664
253 11579/16534
254 247884/295591
255 856439/912724
256 97257/170555
257 500847/722354
258 456638/515787
259 569460/717259
260 455757/696763
261 63345/142729
262 331439/541269
263 6718/7861
264 184924/259007
265 42419/43411
266 116162/236025
267 1601/3879
268 286329/310843
269 330037/706817
270 269666/327181
271 360641/410838
272 514/525
273 229049/262542
274 56611/63771
275 11894/17751
276 545600/911401
277 482394/914593
278 17076/43019
279 333901/610533
280 111010/264953
281 184541/501764
282 301805/412702
283 233143/528053
284 115293/123203
285 563700/817397
286 345780/397283
287 6039/6205
288 384355/522987
289 97037/109977
290 156064/397207
291 65551/93883
292 187693/252753
293 615403/661020
294 150351/175717
295 222638/311327
296 497953/647300
297 55538/65067
298 138521/233981
299 688359/740300
300 233921/427821
301 505866/621575
302 209667/295768
303 153439/316145
304 78128/88433
305 118952/123311
306 127132/213249
307 482975/739183
308 454394/715743
309 127443/285101
310 720793/738669
311 383662/466717
312 147066/248425
313 21133/28678
314 52955/62294
315 307428/317575
316 39582/71647
317 408065/427257
318 275643/283471
319 509803/699502
320 283577/385177
321 51865/55078
322 523/706
323 60091/77162
324 585376/901239
325 93188/103971
326 127907/161327
327 41317/97550
328 106837/109342
329 150037/163550
330 336227/686355
331 34257/73664
332 462861/491653
333 254153/618528
334 7448/12609
335 429511/552222
336 98975/221213
337 114020/135937
338 267509/493829
339 141664/175057
340 181746/298397
341 226404/242891
342 749724/847831
343 186621/195919
344 593575/713829
345 127837/170429
346 45067/47151
347 62924/77403
348 528683/547257
349 27579/29245
350 159333/331871
351 521414/533333
352 294289/311179
353 197528/231527
354 510119/570837
355 345897/882505
356 12481/20222
357 96185/146311
358 56876/61697
359 41593/57806
360 315634/420005
361 60784/84793
362 508719/549919
363 57473/61800
364 494155/908313
365 4898/5153
366 77747/110742
367 71525/155038
368 67619/69014
369 9385/16143
370 148965/322708
371 21130/21657
372 94919/96876
373 486663/521603
374 179919/333781
375 315615/869162
376 97277/131687
377 87217/147187
378 51585/62122
379 179020/342823
380 23017/31289
381 103051/253387
382 304030/714463
383 5651/8134
384 32715/35707
385 210830/361013
386 11797/19175
387 174269/204120
388 6743/7902
389 71021/194441
390 335086/440023
391 297785/398288
392 232550/536923
393 269727/279421
394 289373/758050
395 246227/336990
396 527629/607703
397 126260/211569
398 81360/122911
399 270670/465337
400 49811/55077
401 65943/77791
402 1707/2764
403 84225/193823
404 18492/31535
405 139767/204733
406 136903/164908
407 214433/222993
408 102101/121041
409 74986/112587
410 126181/133052
411 57651/73114
412 133124/255123
413 230516/532193
414 923549/970859
415 450644/558171
416 63258/69359
417 56429/110557
418 354208/570045
419 285651/326075
420 365345/419278
421 15404/16063
422 480205/501359
423 5467/9602
424 17386/26797
425 128949/333103
426 114891/199900
427 136141/315794
428 14351/16518
429 384903/666457
430 12066/13037
431 284517/414041
432 8246/15915
433 121275/124471
434 336984/368575
435 630300/645563
436 261203/281322
437 66015/79996
438 146953/225427
439 766561/853274
440 177424/249475
441 372251/437380
442 16105/20472
443 26881/67435
444 566578/749053
445 264827/376832
446 153834/160649
447 250391/329473
448 199793/211070
449 211/371
450 15741/18566
451 232930/542909
452 115510/135521
453 58558/124007
454 152863/192452
455 76293/81101
456 111359/183961
457 49811/55077
458 41688/48605
459 19530/28513
460 326603/403206
461 163751/187129
462 503005/567606
463 327259/791464
464 167535/217118
465 26785/29541
466 1689/2665
467 115717/167245
468 367848/516187
469 285915/388048
470 7492/20467
471 90698/106039
472 165233/202666
473 74423/111407
474 35369/73896
475 208277/242631
476 174661/195703
477 76475/116423
478 76736/88655
479 8794/15091
480 374881/463094
481 77355/90656
482 33121/34484
483 13963/23011
484 206171/228317
485 462749/595883
486 14321/29639
487 450937/561212
488 129458/185047
489 16105/20472
490 10758/20461
491 8437/9899
492 192017/220110
493 93311/142338
494 1035/1844
495 554701/583174
496 12169/15832
497 26221/27637
498 316364/477109
499 276957/333182
500 118082/130147
501 172127/189757
502 48960/67867
503 18867/19571
504 123588/187693
505 19033/44416
506 252876/262811
507 13406/13751
508 114707/202359
509 82383/207706
510 93761/96724
511 62891/164169
512 95329/101442
513 749181/773006
514 68237/93207
515 111234/156851
516 32842/61575
517 194931/208408
518 21685/26107
519 497663/571611
520 241972/280067
521 77637/171650
522 10780/14939
523 167095/186399
524 87059/134618
525 437287/482748
526 26402/30025
527 184519/223137
528 66491/99056
529 597291/767596
530 13363/30775
531 201493/257975
532 9545/12272
533 40345/77176
534 11845/13622
535 14287/14767
536 32381/45801
537 131312/149759
538 813892/850175
539 61867/125004
540 2267/3772
541 6256/8369
542 60265/68032
543 115483/267040
544 293126/592301
545 59573/159810
546 101705/168202
547 329037/638917
548 60517/130397
549 547889/639429
550 133181/274753
551 551867/650104
552 687373/886825
553 130371/165025
554 29494/32577
555 123029/261146
556 95030/104313
557 397294/593035
558 373666/416221
559 24320/63391
560 1316/1453
561 1821/3167
562 97499/141848
563 365697/436052
564 493927/771104
565 41765/77522
566 64863/170674
567 58201/114678
568 438529/452814
569 4008/5237
570 12277/13448
571 184453/191136
572 228739/490498
573 407526/537163
574 215122/416535
575 45060/49393
576 34501/51202
577 48636/118045
578 181789/359236
579 347951/374419
580 257572/304135
581 235769/338637
582 250987/564238
583 56755/58613
584 281668/301421
585 24308/39509
586 143997/257014
587 230685/246286
588 210273/358012
589 411330/588211
590 417791/833024
591 26529/63808
592 224027/239353
593 15967/16544
594 906521/949616
595 81735/83657
596 79807/87177
597 155273/304105
598 97984/101659
599 213363/434627
600 671868/823133
601 79213/180386
602 14852/15273
603 599105/685809
604 3893/3991
605 467191/514737
606 181674/203423
607 720555/882001
608 260101/272840
609 83592/98375
610 199567/246773
611 415109/715276
612 338632/358399
613 172618/268857
614 19033/44416
615 196789/361058
616 19316/53123
617 177997/370168
618 682509/824548
619 13064/16315
620 21691/22188
621 229187/234628
622 71069/73105
623 496645/561952
624 349989/637391
625 101667/108701
626 9455/9768
627 17285/28447
628 94196/125173
629 182489/306545
630 159287/335163
631 249481/315706
632 3891/5441
633 320049/461186
634 184519/223137
635 82853/123544
636 158296/380533
637 477890/513523
638 29534/74179
639 53222/130187
640 49601/61531
641 172443/197252
642 25357/28767
643 16991/17679
644 676480/719199
645 54541/68615
646 46930/49161
647 31960/68073
648 117082/124619
649 237414/455761
650 10352/14817
651 675202/875561
652 115141/233158
653 119995/293982
654 30607/43193
655 298723/675791
656 186543/192358
657 243278/309735
658 87596/107043
659 234073/256117
660 308365/317834
661 6914/8793
662 78665/100552
663 114833/251694
664 218398/538967
665 151220/169611
666 8045/10077
667 502487/661017
668 413099/532265
669 173529/442385
670 404863/418532
671 68469/73759
672 512749/583024
673 176450/240677
674 49047/64948
675 19735/20654
676 630319/748352
677 51409/136051
678 357587/432660
679 336641/448343
680 14925/17101
681 67802/71083
682 84033/89848
683 629074/798945
684 432706/456287
685 327665/476049
686 124428/127513
687 3587/5300
688 454824/544385
689 272611/281851
690 169253/205654
691 114781/174892
692 31306/35251
693 611189/652859
694 122227/200573
695 813689/942447
696 157583/208401
697 313188/352855
698 362454/522473
699 457821/832805
700 121534/160625
701 86369/104779
702 209372/268647
703 92088/109343
704 208595/470848
705 68609/88313
706 449097/570641
707 129673/138178
708 146165/272266
709 113729/145259
710 309980/427773
711 247008/475487
712 185379/299819
713 272848/611019
714 201821/214952
715 59779/141222
716 384757/620931
717 743353/881624
718 321520/495239
719 263453/279844
720 94930/169789
721 355489/545594
722 411847/556108
723 120332/168297
724 171205/288327
725 805006/841297
726 393887/435629
727 18509/35383
728 400545/682372
729 244033/369865
730 49748/69555
731 153031/264005
732 89931/212093
733 309222/380825
734 135967/319167
735 19897/31291
736 85949/88239
737 37425/40079
738 190697/347567
739 61131/163865
740 654278/844001
741 499413/562018
742 219805/231297
743 266846/501447
744 87596/91355
745 608671/633284
746 35612/80029
747 22824/47879
748 415883/547834
749 498014/847387
750 419/609
751 114704/119437
752 483173/827252
753 174208/269511
754 8816/12645
755 12839/29948
756 288711/732200
757 64243/104803
758 143014/182121
759 421745/492526
760 260145/401047
761 674735/698406
762 22807/26581
763 44219/45971
764 7799/12160
765 327706/346905
766 226084/503373
767 499623/540310
768 11018/25533
769 497994/573211
770 132614/162919
771 39857/69678
772 26299/33617
773 40192/91287
774 77705/92603
775 103288/125265
776 21592/37009
777 657843/694241
778 12834/13285
779 324435/500966
780 391831/507566
781 52405/64241
782 129267/219952
783 251/642
784 192274/223521
785 125653/132409
786 362907/557276
787 338521/351606
788 164393/224422
789 406623/584957
790 115895/165228
791 10781/19182
792 182288/354341
793 228467/454459
794 527111/564544
795 376833/753263
796 357937/575869
797 25949/47534
798 436114/675695
799 291467/613185
800 329033/401711
801 295190/338089
802 417/578
803 153161/157452
804 73006/150861
805 433871/448855
806 46181/56971
807 25413/31462
808 225681/295628
809 195086/212287
810 250817/331439
811 417935/437327
812 22754/33385
813 9625/10574
814 48943/80334
815 38505/42482
816 25573/26920
817 70809/116852
818 422803/439308
819 456011/814392
820 99473/103997
821 126979/168782
822 306608/439527
823 16993/37299
824 84548/97627
825 2777/7436
826 183501/263647
827 98423/134915
828 951715/971763
829 280079/531093
830 110097/123739
831 143339/210523
832 204271/396126
833 91060/97577
834 216650/356327
835 165606/294059
836 21596/39363
837 223957/302765
838 23465/24879
839 123271/183478
840 275217/443006
841 164384/174187
842 254507/319757
843 196137/232336
844 170693/387377
845 576957/617872
846 52380/135083
847 19219/21070
848 210211/228406
849 293675/562079
850 28972/37023
851 769293/837617
852 626049/695134
853 177990/211279
854 102989/114118
855 158477/192601
856 16920/29479
857 195212/206951
858 95539/122029
859 441777/461450
860 6626/9609
861 504561/894125
862 398709/545477
863 91959/100777
864 129229/133425
865 143203/200903
866 15545/23554
867 204252/239767
868 118993/144539
869 113307/131869
870 743310/796283
871 325444/496193
872 15175/16642
873 566462/683531
874 3651/4265
875 792138/821255
876 134726/164411
877 344677/412897
878 54483/91831
879 775235/832282
880 4837/5312
881 153581/191048
882 224037/394393
883 53724/129037
884 287330/452641
885 50952/55673
886 18020/18727
887 73695/159461
888 145306/164183
889 47121/67403
890 8243/17718
891 264434/467827
892 138809/194441
893 129270/155399
894 11491/12080
895 10867/12927
896 6366/8203
897 5284/11193
898 16726/20517
899 292731/400123
900 265463/580295
901 689553/986846
902 27203/65578
903 927587/955925
904 265456/341913
905 740533/776495
906 113909/273483
907 35235/38413
908 64503/69473
909 192140/207201
910 26776/27369
911 26517/29275
912 175229/206835
913 26626/29379
914 11131/11866
915 35876/90573
916 562336/588845
917 32519/36588
918 37077/45359
919 294775/601117
920 239923/335979
921 681934/786057
922 437992/483547
923 224860/255371
924 5367/14392
925 279044/381469
926 661446/778583
927 7526/11793
928 638752/660471
929 54806/56863
930 259666/305703
931 336781/462629
932 56605/73183
933 42306/61753
934 10687/16815
935 338199/376681
936 652095/801304
937 132321/136840
938 11861/13338
939 78718/85689
940 207760/240563
941 208353/213956
942 73598/103141
943 224113/287111
944 43523/49724
945 326296/443525
946 378684/397621
947 496455/763247
948 21480/23743
949 115865/270787
950 106135/125677
951 375559/617539
952 436289/864587
953 88707/205346
954 112900/122329
955 139718/250987
956 258005/657414
957 144922/164847
958 6985/8794
959 170048/257937
960 4668/5165
961 177558/329873
962 266959/277913
963 268129/671040
964 77843/96190
965 457403/915623
966 50092/59873
967 82904/126047
968 219701/290237
969 8723/13905
970 307352/469533
971 137083/288573
972 86724/232345
973 185550/250843
974 210595/215091
975 116401/233492
976 401805/455944
977 744100/868279
978 651081/784814
979 39938/78139
980 373573/774224
981 89617/144974
982 28336/53787
983 298273/537036
984 270306/519319
985 104053/162826
986 38490/62927
987 210818/363417
988 301345/463187
989 110708/212887
990 95624/113019
991 291331/472260
992 176027/181026
993 58112/69763
994 139827/181778
995 330359/577483
996 131899/134658
997 54091/119750
998 258957/489262
999 133114/174565
1000 315781/553381
