1 292945328
2 758060765
3 963975949
4 986146286
5 63128604
6 607360887
7 755730207
8 469596738
9 627814587
10 168949129
11 295516725
12 291752317
13 141864243
14 566849842
15 205061632
16 17114776
17 603345150
18 33365191
19 346607248
20 332067159
21 237174553
22 469870101
23 926002254
24 511077646
25 864300303
26 506235356
27 340593009
28 587206022
29 395063479
30 398240904
31 336246941
32 409218472
33 333884091
34 418826187
35 284422529
36 545853701
37 14267945
38 856474893
39 75969428
40 496018503
41 746215591
42 838783551
43 982350139
44 141727977
45 276158317
46 716802125
47 472976864
48 234863501
49 657073342
50 161079090
51 752355088
52 16647964
53 171592920
54 144145953
55 409411961
56 274453387
57 753238325
58 908242450
59 31035053
60 300941531
61 823802091
62 925629003
63 109828126
64 19533605
65 157612355
66 508817725
67 498500527
68 241987592
69 69392772
70 251823211
71 665764
72 144377443
73 183287179
74 668288394
75 87255091
76 980967672
77 326394019
78 616893160
79 457513771
80 413873118
81 832488677
82 928131807
83 677853610
84 655331513
85 452319580
86 745469087
87 331456425
88 599447584
89 50201503
90 330390426
91 299682675
92 857195291
93 983764269
94 658697807
95 263084649
96 990082389
97 769420788
98 678430928
99 766201170
100 258131524
