1 001000001001001011 000000000001101111
2 001000000000011010 000000000011100010
3 001000001010000010 000000000101101000
4 000001001011010011 000000000111011101
5 000000010001000010 000000001001000100
6 000001010000011010 000000001011010010
7 000001010010001010 000000001101010010
8 000001010011011010 000000001111010110
9 001010001001000010 000000010001101100
10 000010000001010011 000000010011000101
11 000010000011000011 000000010101000101
12 000010000010010011 000000010111000001
13 000011011000001011 000000011001011011
14 000010010000010011 000000011011000001
15 000010011010001011 000000011101001011
16 001011010011011011 000000011111110111
17 010000000000001010 000000100001000010
18 010001001000011011 000000100011011011
19 011000000011000010 000000100101100100
20 011001000010011011 000000100111110011
21 010001011000000010 000000101001011000
22 010000010000011010 000000101011000010
23 011000010010000011 000000101101100001
24 011001010011010010 000000101111110100
25 010011000001001010 000000110001010110
26 010011000001010011 000000110011010101
27 011011001010000010 000000110101111000
28 011010000011011010 000000110111100110
29 011010010000001011 000000111001100011
30 011010011001011011 000000111011101111
31 000000001000001101 000001000000001011
32 000001000000011100 000001000010010010
33 000000001010000101 000001000100001001
34 001001000011010100 000001000110110100
35 001000011001001101 000001001000101111
36 000001010000011101 000001001010010011
37 001001010011001101 000001001100110111
38 001001010011011100 000001001110110110
39 000011000001001101 000001010000010111
40 001011000000011101 000001010010110011
41 000010000010001100 000001010100000010
42 001010000010010101 000001010110100001
43 001010010000000101 000001011000100001
44 001010011001010100 000001011010101100
45 000011010011000101 000001011100010101
46 000011011011011101 000001011110011111
47 011001000001000101 000001100000110101
48 010001001001010100 000001100010011100
49 011000001011001101 000001100100101111
50 011000001011010100 000001100110101100
51 010001010001001100 000001101000010110
52 011001011000010101 000001101010111001
53 011001011010000101 000001101100111001
54 010001010010011101 000001101110010011
55 010011000001001101 000001110000010111
56 010011000001010101 000001110010010101
57 011011000010000101 000001110100110001
58 011011001010011100 000001110110111010
59 010011010000000100 000001111000010000
60 011010010000011101 000001111010100011
61 001000001000101000 000010000000101010
62 001001000000110000 000010000010110000
63 001000001011101000 000010000100101110
64 001000001010110000 000010000110101000
65 000000010000101000 000010001000000010
66 000000010001110000 000010001010000100
67 000001011011100000 000010001100011100
68 000001011010111000 000010001110011010
69 001010001001100001 000010010000101101
70 001011000000111000 000010010010110010
71 000010001010100001 000010010100001001
72 000010001010111000 000010010110001010
73 001011010000101000 000010011000110010
74 000010010001111000 000010011010000110
75 000011010011100001 000010011100010101
76 001010010010110001 000010011110100001
77 010000001000100000 000010100000001000
78 010000001000110001 000010100010001001
79 010001000011101001 000010100100010111
80 010001001010110000 000010100110011000
81 011000010000101000 000010101000100010
82 011000010001110000 000010101010100100
83 010001010011100000 000010101100010100
84 011000011011111000 000010101110101110
85 011011001000100000 000010110000111000
86 010010001000111001 000010110010001011
87 010011001011100000 000010110100011100
88 010011001010110000 000010110110011000
89 011010010001101001 000010111000100111
90 010011011000111000 000010111010011010
91 000001000000100111 000011000001010001
92 001001001000111110 000011000011111010
93 001000000011101110 000011000101100110
94 001000001010111110 000011000111101010
95 000000011000100111 000011001001001001
96 001000011000110111 000011001011101001
97 001000010010100111 000011001101100001
98 001000010010111111 000011001111100011
99 000011000000101111 000011010001010011
100 000011000000111110 000011010011010010
101 000011001010100110 000011010101011000
102 000011001011111110 000011010111011110
103 001011011000100111 000011011001111001
104 000011011000111110 000011011011011010
105 001011010011100111 000011011101110101
106 000010010011111110 000011011111000110
107 011000001000100111 000011100001101001
108 010000000001110111 000011100011000101
109 011000001011100110 000011100101101100
110 011001000011110110 000011100111110100
111 010001011001101110 000011101001011110
112 010000011000110111 000011101011001001
113 010001010010100111 000011101101010001
114 011000010010110111 000011101111100001
115 011011001000100111 000011110001111001
116 010010001001110110 000011110011001100
117 011010001011101110 000011110101101110
118 010011001011111110 000011110111011110
119 011010011000100111 000011111001101001
120 011010010001110110 000011111011100100
121 001000001101001011 000100000001101111
122 000000001101011011 000100000011001111
123 001000000110001010 000100000101100010
124 000000001110011011 000100000111001011
125 001001010101000010 000100001001110100
126 001001010100011010 000100001011110010
127 000000011110001010 000100001101001010
128 000001010111010011 000100001111010101
129 000010000101000010 000100010001000100
130 001010001101011010 000100010011101110
131 000010001110001010 000100010101001010
132 000011001110011011 000100010111011011
133 000010011100001011 000100011001001011
134 000010010101011011 000100011011000111
135 001011011110000011 000100011101111001
136 001010010111010011 000100011111100101
137 011000001101001011 000100100001101111
138 011000000100010011 000100100011100001
139 010000000110001011 000100100101000011
140 010000000111010011 000100100111000101
141 010001011101000011 000100101001011101
142 011001010100010011 000100101011110001
143 011000010111001010 000100101101100110
144 011000011110010011 000100101111101001
145 011011000100000010 000100110001110000
146 010010000100011010 000100110011000010
147 011010001111001010 000100110101101110
148 010011001110011010 000100110111011010
149 010010011100001010 000100111001001010
150 011010010100010011 000100111011100001
151 000000000100000100 000101000000000000
152 000000001100011101 000101000010001011
153 001000001110001100 000101000100101010
154 001000000110011101 000101000110100011
155 000000011100001100 000101001000001010
156 001001011100011101 000101001010111011
157 000001011110000100 000101001100011000
158 000001010110010101 000101001110010001
159 000010001100000100 000101010000001000
160 000010000100011101 000101010010000011
161 001011000111001101 000101010100110111
162 000011000111010101 000101010110010101
163 000010010100001100 000101011000000010
164 001011010100011100 000101011010110010
165 000011011111001101 000101011100011111
166 001011011110010100 000101011110111000
167 010000001101001100 000101100000001110
168 011000001100010100 000101100010101000
169 011000000111000100 000101100100100100
170 010001000111010101 000101100110010101
171 011001010100000100 000101101000110000
172 011000010101011101 000101101010100111
173 011001010110000100 000101101100110000
174 010000010111010100 000101101110000100
175 010010000100000101 000101110000000001
176 011011000101011100 000101110010110110
177 011011000111000101 000101110100110101
178 010011000110011101 000101110110010011
179 010011010100001100 000101111000010010
180 011010010101011100 000101111010100110
181 000000001100100000 000110000000001000
182 000000000101111001 000110000010000111
183 001000001111101001 000110000100101111
184 000000001110110000 000110000110001000
185 000000011101100001 000110001000001101
186 001001010100110000 000110001010110000
187 001000011110101001 000110001100101011
188 001000011111111001 000110001110101111
189 000011000101100001 000110010000010101
190 000011001101111000 000110010010011110
191 000011000110100001 000110010100010001
192 000010001111110001 000110010110001101
193 001010010100101000 000110011000100010
194 000011011101110001 000110011010011101
195 001011011110100000 000110011100111000
196 001010010110111001 000110011110100011
197 011001000100101001 000110100000110011
198 010001000101110000 000110100010010100
199 010001001111100001 000110100100011101
200 010001000110111001 000110100110010011
201 011001011100100000 000110101000111000
202 011001011100111000 000110101010111010
203 010000010110101001 000110101100000011
204 011000011111110000 000110101110101100
205 010011001101100000 000110110000011100
206 010011001100110000 000110110010011000
207 010011001111100001 000110110100011101
208 011011000110110001 000110110110110001
209 010010010100101000 000110111000000010
210 010010011101111001 000110111010001111
211 001000000100100111 000111000001100001
212 000000000100111111 000111000011000011
213 001000001110101111 000111000101101011
214 000001001110111111 000111000111011011
215 001000010100101110 000111001001100010
216 000001010101111111 000111001011010111
217 000000011110100110 000111001101001000
218 000000010110110110 000111001111000000
219 000011000100101110 000111010001010010
220 000011000100111110 000111010011010010
221 000010000110100110 000111010101000000
222 001011001110110110 000111010111111000
223 001010010101101110 000111011001100110
224 001010011100110111 000111011011101001
225 000011011111100111 000111011101011101
226 001010010111111110 000111011111100110
227 011001000100100111 000111100001110001
228 011000000101110111 000111100011100101
229 010000001111100110 000111100101001100
230 011000001110111110 000111100111101010
231 011001011100101110 000111101001111010
232 011001010101110110 000111101011110100
233 011000010111101110 000111101101100110
234 011001011110111111 000111101111111011
235 010010001100101110 000111110001001010
236 010011000100110111 000111110011010001
237 011010000111101110 000111110101100110
238 010010001110111111 000111110111001011
239 010010011101101111 000111111001001111
240 010011011101110110 000111111011011100
241 001001100000001001 001000000000110011
242 000000100000011000 001000000010000010
243 001001100011001000 001000000100110110
244 001000100010010000 001000000110100000
245 000000111001001001 001000001000001111
246 001001110000010000 001000001010110000
247 000001111010001000 001000001100011010
248 000001110011011000 001000001110010110
249 000011101000001000 001000010000011010
250 001010100000011001 001000010010100011
251 001011100011000001 001000010100110101
252 001011100010010001 001000010110110001
253 001010111000001000 001000011000101010
254 000011111000010000 001000011010011000
255 001010110011000000 001000011100100100
256 001010111010010001 001000011110101001
257 010001100000001000 001000100000010010
258 010000100000011000 001000100010000010
259 011001100010001001 001000100100110011
260 010000100010010001 001000100110000001
261 011001111000001001 001000101000111011
262 010001110000010001 001000101010010001
263 011000110011000000 001000101100100100
264 011001110011010000 001000101110110100
265 010011101001000001 001000110000011101
266 011010100000011001 001000110010100011
267 011010100010000000 001000110100100000
268 010011100011010000 001000110110010100
269 011011110000001000 001000111000110010
270 010010110000011001 001000111010000011
271 001000101000000111 001001000001101001
272 001001100000010110 001001000011110000
273 000001100011000111 001001000101010101
274 000000101010010111 001001000111001001
275 000000111001001111 001001001001001111
276 001000111000011111 001001001011101011
277 000001110011001110 001001001101010110
278 000001111010010111 001001001111011001
279 000010100000001110 001001010001000010
280 000011101000010111 001001010011011001
281 000011101011000110 001001010101011100
282 001010101011011110 001001010111101110
283 001011111000000111 001001011001111001
284 001011111000010111 001001011011111001
285 001011110011000110 001001011101110100
286 001010110010010110 001001011111100000
287 010001101001000111 001001100001011101
288 011001100001011110 001001100011110110
289 011000101010000111 001001100101101001
290 010001101011010111 001001100111011101
291 011001111000000110 001001101001111000
292 010000111000010111 001001101011001001
293 010001111011000110 001001101101011100
294 010000111011010110 001001101111001100
295 010010100001000111 001001110001000101
296 011011100001011111 001001110011110111
297 010010101011001110 001001110101001110
298 011011100010010111 001001110111110001
299 010010110000000111 001001111001000001
300 011010110000010110 001001111011100000
301 000000100000100010 001010000001000000
302 001001101000111010 001010000011111010
303 001000100010100011 001010000101100001
304 001001101010111011 001010000111111011
305 000000110000101011 001010001001000011
306 000001110000111011 001010001011010011
307 000001110010100010 001010001101010000
308 000000110011111011 001010001111000111
309 001011100000100011 001010010001110001
310 001011100000110011 001010010011110001
311 001010100011100011 001010010101100101
312 000010100011111010 001010010111000110
313 001011110000100011 001010011001110001
314 000010111001110011 001010011011001101
315 001010110010101011 001010011101100011
316 001011111010110011 001010011111111001
317 010001100000100010 001010100001010000
318 010001101000111010 001010100011011010
319 010001101010100011 001010100101011001
320 010000101010110010 001010100111001000
321 010001110001101010 001010101001010110
322 011000110000111011 001010101011100011
323 011001110011101010 001010101101110110
324 011001110011111010 001010101111110110
325 010010100000100011 001010110001000001
326 011011101000110010 001010110011111000
327 010011101011101011 001010110101011111
328 010011101010111010 001010110111011010
329 010011110001101011 001010111001010111
330 011011110001110011 001010111011110101
331 001000101001100111 001011000001101101
332 000000101001110111 001011000011001101
333 000000101011100110 001011000101001100
334 000000101010110110 001011000111001000
335 001000110000100110 001011001001100000
336 000000110001110111 001011001011000101
337 001001110011100111 001011001101110101
338 001000110011110110 001011001111100100
339 000010100000100111 001011010001000001
340 001011101000111110 001011010011111010
341 000010100011101110 001011010101000110
342 000011100011111110 001011010111010110
343 000010110000100111 001011011001000001
344 000010110001110110 001011011011000100
345 001010110011100110 001011011101100100
346 000010110010111110 001011011111000010
347 011001100000100111 001011100001110001
348 010000100000110111 001011100011000001
349 010000101011101111 001011100101001111
350 011001100010111110 001011100111110010
351 010000111001100111 001011101001001101
352 010001111000111110 001011101011011010
353 011000111011100110 001011101101101100
354 011001111010111111 001011101111111011
355 010010101001100110 001011110001001100
356 011010100001111111 001011110011100111
357 011010100010100111 001011110101100001
358 011010101011110110 001011110111101100
359 011011110001101110 001011111001110110
360 011011110000111110 001011111011110010
361 000000101100000011 001100000001001001
362 001000101101011010 001100000011101110
363 001000100110000011 001100000101100001
364 001000100110011010 001100000111100010
365 000000110100001010 001100001001000010
366 000000111100010010 001100001011001000
367 001000110111001010 001100001101100110
368 000000110111011011 001100001111000111
369 000010100101000011 001100010001000101
370 000011100100011010 001100010011010010
371 000010101110001011 001100010101001011
372 000010100110011010 001100010111000010
373 000011111100000011 001100011001011001
374 000011110100010011 001100011011010001
375 001010110110001010 001100011101100010
376 000010111111011010 001100011111001110
377 010001101100000010 001100100001011000
378 011001100101011010 001100100011110110
379 010000101111001010 001100100101001110
380 010000101111010010 001100100111001100
381 011001111100001011 001100101001111011
382 010000111101010011 001100101011001101
383 011001110110001010 001100101101110010
384 011000111111011011 001100101111101111
385 011010100101000011 001100110001100101
386 010011100100011010 001100110011010010
387 010011100110000011 001100110101010001
388 010010101111010011 001100110111001101
389 011011110100001010 001100111001110010
390 010011110101011011 001100111011010111
391 001000100100000100 001101000000100000
392 000000100101010101 001101000010000101
393 001000101110001100 001101000100101010
394 000001100111010100 001101000110010100
395 001001110101000101 001101001000110101
396 000000110101011101 001101001010000111
397 000000110110001100 001101001100000010
398 000001110110011101 001101001110010011
399 001010101101001101 001101010000101111
400 001010101101010101 001101010010101101
401 001010101110001101 001101010100101011
402 000010100111010100 001101010110000100
403 001010111100001101 001101011000101011
404 001010110100010100 001101011010100000
405 001010111110000101 001101011100101001
406 000011110111010101 001101011110010101
407 011000101100001101 001101100000101011
408 010000101101010100 001101100010001100
409 011000101111000101 001101100100101101
410 011001100111010101 001101100110110101
411 011000111101000101 001101101000101101
412 010000111100011101 001101101010001011
413 011000110110000100 001101101100100000
414 010001110111011100 001101101110010110
415 010010100100001100 001101110000000010
416 010011101100011100 001101110010011010
417 011010101111000100 001101110100101100
418 011010101110010100 001101110110101000
419 011010111101001101 001101111000101111
420 010011110101010100 001101111010010100
421 000000101101101010 001110000001001110
422 001001100100111010 001110000011110010
423 000000101110101010 001110000101001010
424 001001100111111011 001110000111110111
425 001001110101100011 001110001001110101
426 000001111101111011 001110001011011111
427 000001110111100010 001110001101010100
428 001001111110110010 001110001111111000
429 001010101101101011 001110010001101111
430 000011101100110011 001110010011011001
431 000010101110101010 001110010101001010
432 000011100111110010 001110010111010100
433 000010111101101010 001110011001001110
434 001011110101111011 001110011011110111
435 000011111110100010 001110011101011000
436 001011111110111011 001110011111111011
437 010001101100100011 001110100001011001
438 011001101100110010 001110100011111000
439 011000100110101010 001110100101100010
440 011000100111111010 001110100111100110
441 010001110101101010 001110101001010110
442 010001111101111011 001110101011011111
443 010001111110101010 001110101101011010
444 011001111110111010 001110101111111010
445 011010100100100011 001110110001100001
446 010011101101111011 001110110011011111
447 011010101111100010 001110110101101100
448 011011101110111010 001110110111111010
449 010011111100100010 001110111001011000
450 011011111100111011 001110111011111011
451 001000101100100100 001111000000101000
452 000001101100111101 001111000010011011
453 001000101110100100 001111000100101000
454 000000100111111100 001111000110000110
455 000000111100101100 001111001000001010
456 000001110100110101 001111001010010001
457 000000111110101100 001111001100001010
458 001000110110111101 001111001110100011
459 001010100101100100 001111010000100100
460 001010101101111101 001111010010101111
461 001010101110101101 001111010100101011
462 000011100110111100 001111010110010010
463 000011111100100100 001111011000011000
464 000010111100110101 001111011010001001
465 000011110111101100 001111011100010110
466 001010111111111100 001111011110101110
467 011000101101100101 001111100000101101
468 010000100101111101 001111100010000111
469 011001101110100101 001111100100111001
470 010000101111111100 001111100110001110
471 011000111101100101 001111101000101101
472 010000110101111101 001111101010000111
473 011001110110100101 001111101100110001
474 010000111110110100 001111101110001000
475 011010101100101101 001111110000101011
476 010011100101110100 001111110010010100
477 010010100110101100 001111110100000010
478 010011100111111100 001111110110010110
479 010010110100101101 001111111000000011
480 011011111100110100 001111111010111000
481 000100000000000011 010000000001000001
482 001101000001011011 010000000011110111
483 000100000011000011 010000000101000101
484 000100000011010010 010000000111000100
485 001100011000000010 010000001001101000
486 000101010001011010 010000001011010110
487 000101010010000010 010000001101010000
488 001101010010011010 010000001111110010
489 001110001001001010 010000010001101110
490 000111001001011011 010000010011011111
491 001111000010001011 010000010101110011
492 001111000010011011 010000010111110011
493 001110011001001011 010000011001101111
494 001110010000010011 010000011011100001
495 001110011010000010 010000011101101000
496 000111011011011010 010000011111011110
497 011100001001000010 010000100001101100
498 010100001000010010 010000100011001000
499 011100001010001011 010000100101101011
500 010101000011010010 010000100111010100
501 010101011001001011 010000101001011111
502 010100010000011010 010000101011000010
503 010101011011000011 010000101101011101
504 010100010010010010 010000101111000000
505 010110001001000011 010000110001001101
506 011111001000011010 010000110011111010
507 011111001010001010 010000110101111010
508 010111001010010011 010000110111011001
509 011110011001001011 010000111001101111
510 010111010000010011 010000111011010001
511 000101000000001100 010001000000010010
512 000101000000011101 010001000010010011
513 000101000011001101 010001000100010111
514 001100001010010100 010001000110101000
515 001100010001000101 010001001000100101
516 001100011001010100 010001001010101100
517 001101011010000101 010001001100111001
518 000100011010010100 010001001110001000
519 001111000001000101 010001010000110101
520 000110000001011101 010001010010000111
521 000110000010000101 010001010100000001
522 001111000010011100 010001010110110010
523 000110010000000100 010001011000000000
524 001111010000010100 010001011010110000
525 001110010010000101 010001011100100001
526 000111011010010100 010001011110011000
527 010101001000000101 010001100000011001
528 010100000000010100 010001100010000000
529 010101001011001101 010001100100011111
530 010101001010010100 010001100110011000
531 011101010001001101 010001101000110111
532 010101010000010100 010001101010010000
533 010100011011000100 010001101100001100
534 010100011010011100 010001101110001010
535 011110001000001101 010001110000101011
536 010111001000010101 010001110010011001
537 011110000011000100 010001110100100100
538 011111001010010100 010001110110111000
539 010110010001001100 010001111000000110
540 011111011000010101 010001111010111001
541 001100000001100001 010010000000100101
542 001101001000110001 010010000010111001
543 001101000010101001 010010000100110011
544 001101000010110001 010010000110110001
545 000101010001100001 010010001000010101
546 001101011000110000 010010001010111000
547 000100010010101000 010010001100000010
548 001100010011110001 010010001110100101
549 001110000000100000 010010010000100000
550 001111001000110001 010010010010111001
551 001110000011100000 010010010100100100
552 000110000011110001 010010010110000101
553 001110011000100001 010010011000101001
554 000110010000111001 010010011010000011
555 000110011010100001 010010011100001001
556 001111010010110001 010010011110110001
557 010100000001100001 010010100000000101
558 010101000000111001 010010100010010011
559 011101000011100000 010010100100110100
560 011100000011110000 010010100110100100
561 011100010000101001 010010101000100011
562 011101010001110001 010010101010110101
563 011100011010101000 010010101100101010
564 011100011011110000 010010101110101100
565 011110000000101000 010010110000100010
566 011111000001111000 010010110010110110
567 011111000011100000 010010110100110100
568 011110000011110001 010010110110100101
569 010111011001100001 010010111000011101
570 011110010000110000 010010111010100000
571 000101001000101111 010011000001011011
572 000101000001111111 010011000011010111
573 000100001010101111 010011000101001011
574 001101000011111111 010011000111110111
575 001100011001101111 010011001001101111
576 001101010000110110 010011001011110000
577 001101010011101111 010011001101110111
578 001100010011111110 010011001111100110
579 000110000000101111 010011010001000011
580 000110000000111110 010011010011000010
581 001111000011101110 010011010101110110
582 000111001011111111 010011010111011111
583 000110010000100111 010011011001000001
584 000110011001111111 010011011011001111
585 001110010011101111 010011011101100111
586 000110010011110111 010011011111000101
587 011100001000100111 010011100001101001
588 011101000000111110 010011100011110010
589 010100000011101110 010011100101000110
590 010100001011111110 010011100111001110
591 010101011000100111 010011101001011001
592 011100011000111111 010011101011101011
593 010101011011101110 010011101101011110
594 011101011010111110 010011101111111010
595 010111000000101111 010011110001010011
596 010111000001110111 010011110011010101
597 010110001011100111 010011110101001101
598 010110001011111110 010011110111001110
599 010111010000100111 010011111001010001
600 010110011001111110 010011111011001110
601 000100001101000001 010100000000001101
602 001100000101010000 010100000010100100
603 000101001110000001 010100000100011001
604 000100000110011000 010100000110000010
605 001101010100000000 010100001000110000
606 001100011100010001 010100001010101001
607 000100010110000000 010100001100000000
608 000100011111010001 010100001110001101
609 000111000101000001 010100010000010101
610 001111000101011001 010100010010110111
611 000110001111001001 010100010100001111
612 000110000110011000 010100010110000010
613 000110010100001000 010100011000000010
614 000110011100011001 010100011010001011
615 001110010111000001 010100011100100101
616 000111011110010000 010100011110011000
617 011100000101001000 010100100000100110
618 010100001101010000 010100100010001100
619 010101000111001001 010100100100010111
620 011100000111010000 010100100110100100
621 010100011101000001 010100101000001101
622 010101010101010000 010100101010010100
623 010100011111000001 010100101100001101
624 011100010110011001 010100101110100011
625 011110000100000000 010100110000100000
626 011110000101011000 010100110010100110
627 010110001110001000 010100110100001010
628 011111001110010001 010100110110111001
629 011111010101000000 010100111000110100
630 011110010100010000 010100111010100000
631 000101001101000111 010101000001011101
632 000100001100011111 010101000011001011
633 000100000110000110 010101000101000000
634 000101001111010110 010101000111011100
635 000100010101000111 010101001001000101
636 000100011100011110 010101001011001010
637 001101011110000111 010101001101111001
638 000100011110010111 010101001111001001
639 000110001100001110 010101010001001010
640 000111001100010111 010101010011011001
641 001110000110000111 010101010101100001
642 001111000111011110 010101010111110110
643 001111010100001111 010101011001110011
644 001110011100010110 010101011011101000
645 000111011110000110 010101011101011000
646 001110010111011110 010101011111100110
647 011100000100001111 010101100001100011
648 011101001100011111 010101100011111011
649 011100000110000110 010101100101100000
650 011100001111010111 010101100111101101
651 010100010101000110 010101101001000100
652 010100010100010111 010101101011000001
653 010100010110001111 010101101101000011
654 011101010110010111 010101101111110001
655 010110001101001111 010101110001001111
656 010111001101010110 010101110011011100
657 010110001111000110 010101110101001100
658 011111001110010111 010101110111111001
659 010111011101000111 010101111001011101
660 011110010101010110 010101111011100100
661 000100000101101011 010110000001000111
662 001100001101111011 010110000011101111
663 000101000111100011 010110000101010101
664 000101001111110011 010110000111011101
665 001100011100100010 010110001001101000
666 001100010100110011 010110001011100001
667 000100011111101010 010110001101001110
668 000101010111110011 010110001111010101
669 000111000100100011 010110010001010001
670 001111000101111011 010110010011110111
671 001110001110101011 010110010101101011
672 001111000111110011 010110010111110101
673 001111010101100010 010110011001110100
674 000111011100110010 010110011011011000
675 000111010111100011 010110011101010101
676 001111010111110010 010110011111110100
677 011100000101101011 010110100001100111
678 010101001101111010 010110100011011110
679 010101001111100010 010110100101011100
680 010100000111111011 010110100111000111
681 010100010101100010 010110101001000100
682 011101010101111011 010110101011110111
683 010100010111101010 010110101101000110
684 010101010110111010 010110101111010010
685 010110001100101010 010110110001001010
686 011110001101111011 010110110011101111
687 010111001110101011 010110110101011011
688 010111001110110010 010110110111011000
689 010111010101101011 010110111001010111
690 011110011100110011 010110111011101001
691 000100000101101110 010111000001000110
692 000101000101111111 010111000011010111
693 000100001110101110 010111000101001010
694 000101001111111111 010111000111011111
695 000100011100100111 010111001001001001
696 000100010100110110 010111001011000000
697 001100011111100110 010111001101101100
698 001100011110111110 010111001111101010
699 001111001100101111 010111010001111011
700 001110000100110111 010111010011100001
701 000111001111101111 010111010101011111
702 001110001111110110 010111010111101100
703 000111010100101110 010111011001010010
704 001111010101110110 010111011011110100
705 000111011111101110 010111011101011110
706 000110010111110111 010111011111000101
707 011101000101101111 010111100001110111
708 011100000101111111 010111100011100111
709 010100000110101111 010111100101000011
710 010101000111111110 010111100111010110
711 011100010101101110 010111101001100110
712 010101011100111111 010111101011011011
713 010101011110100110 010111101101011000
714 010101011111110110 010111101111011100
715 010111001101101111 010111110001011111
716 011110001101110110 010111110011101100
717 011111000111100111 010111110101110101
718 011110000110111111 010111110111100011
719 010110010101100111 010111111001000101
720 011110010100110110 010111111011100000
