1 3.002 ABCD EFGHIJK LMNOPQR STUVWXYZ 
2 2.395 ABCD EFG HIJKLM NOPQR STUVWXYZ 
3 2.045 ABCD EFG HIJKLM NOPQ RS TUVWXYZ 
4 1.788 ABCD EFG HIJK LM NOPQ RS TUVWXYZ 
5 1.647 AB CD EFG HIJK LM NOPQ RS TUVWXYZ 
6 1.510 AB CD EFG HIJK LM NOPQ RS TUV WXYZ 
7 1.415 AB CD EFG HIJK LM N OPQ RS TUV WXYZ 
8 1.336 AB CD EFG H IJK LM N OPQ RS TUV WXYZ 
9 1.273 AB CD EFG H IJK LM N OPQ R S TUV WXYZ 
10 1.230 AB C D EFG H IJK LM N OPQ R S TUV WXYZ 
11 1.188 AB C D E FG H IJK LM N OPQ R S TUV WXYZ 
12 1.147 AB C D E FG H IJK LM N OPQ R S TUV WX YZ 
13 1.065 AB C D E FG H IJK L M N O PQ R S T UV WX YZ 
14 1.015 A B C D E F G H IJ K L M N O PQ R S T UV WX YZ 
15 1.002 A B C D E F G H I J K L M N O PQ R S T U V W X YZ 
16 3.120 ABCDEFG HIJKLMN OPQR STUVWXYZ 
17 2.360 ABCDEF GHIJKLM NOP QR STUVWXYZ 
18 2.040 AB CDEFG HIJKLM NOP QR STUVWXYZ 
19 1.820 AB CDEFG HIJKLM NO PQ RSTU VWXYZ 
20 1.680 AB CDEFG HIJKLM NO PQ R STUV WXYZ 
21 1.550 AB CDEFG HIJKLM N OP Q R STUV WXYZ 
22 1.450 AB CDE FGHI JKLM N OP Q R STUV WXYZ 
23 1.360 A B CDE FGHI JKLM N OP Q R STUV WXYZ 
24 1.280 A B CDE FGHI JKLM N O P Q R STUV WXYZ 
25 1.230 A B CD EFG HIJ KLM N O P Q R STUV WXYZ 
26 1.180 A B CD EFG HIJ KLM N O P Q R ST UVW XYZ 
27 1.150 A B CD EF GH IJ KLM N O P Q R ST UVW XYZ 
28 1.090 A B C D E FG HI JK LM N O P Q R ST UV WX YZ 
29 1.060 A B C D E F G H I J K LM N O P Q R ST UV WX YZ 
30 1.030 A B C D E F G H I J K L M N O P Q R S T U V WX YZ 
