1 5 589
2 10 315589
3 15 11687815589
4 20 65539031565589
5 4 89
6 9 315589
7 14 1922190589
8 19 4503875315589
9 3 89
10 8 3089
11 13 945628089
12 18 1452117503089
13 2 9
14 7 3089
15 12 164378089
16 17 231414378089
17 1 1
18 6 3089
19 11 8128089
20 16 109344065589
21 20 65539031565589
22 20 65539031565589
23 20 65539031565589
24 20 65539031565589
25 20 65539031565589
26 20 65539031565589
27 20 65539031565589
28 20 65539031565589
29 20 65539031565589
30 20 65539031565589
31 20 65539031565589
32 20 65539031565589
33 20 65539031565589
34 20 65539031565589
35 20 65539031565589
36 20 65539031565589
37 20 65539031565589
38 20 65539031565589
39 20 65539031565589
40 20 65539031565589
41 20 65539031565589
42 20 65539031565589
43 20 65539031565589
44 20 65539031565589
45 20 65539031565589
46 20 65539031565589
47 20 65539031565589
48 20 65539031565589
49 20 65539031565589
50 20 65539031565589
