1 11/21/2005 IS 1 DAY AFTER
2 11/17/2005 IS 3 DAYS PRIOR
3 SAME DAY
4 11/13/2005 IS 7 DAYS PRIOR
5 OUT OF RANGE
6 12/30/2004 IS 3 DAYS PRIOR
7 1/3/2101 IS 3 DAYS AFTER
8 OUT OF RANGE
9 OUT OF RANGE
10 OUT OF RANGE
11 OUT OF RANGE
12 11/21/2005 IS 1 DAY AFTER
13 11/22/2005 IS 2 DAYS AFTER
14 11/23/2005 IS 3 DAYS AFTER
15 11/24/2005 IS 4 DAYS AFTER
16 11/25/2005 IS 5 DAYS AFTER
17 11/26/2005 IS 6 DAYS AFTER
18 11/27/2005 IS 7 DAYS AFTER
19 2/25/2004 IS 5 DAYS PRIOR
20 2/26/2004 IS 4 DAYS PRIOR
21 2/27/2004 IS 3 DAYS PRIOR
22 2/25/2004 IS 5 DAYS PRIOR
23 2/28/2004 IS 2 DAYS PRIOR
24 2/29/2004 IS 1 DAY PRIOR
25 SAME DAY
26 3/2/2004 IS 1 DAY AFTER
27 3/3/2004 IS 2 DAYS AFTER
28 2/25/2000 IS 5 DAYS PRIOR
29 2/26/2000 IS 4 DAYS PRIOR
30 2/27/2000 IS 3 DAYS PRIOR
31 2/25/2000 IS 5 DAYS PRIOR
32 2/28/2000 IS 2 DAYS PRIOR
33 2/29/2000 IS 1 DAY PRIOR
34 SAME DAY
35 3/2/2000 IS 1 DAY AFTER
36 3/3/2000 IS 2 DAYS AFTER
37 2/25/2100 IS 4 DAYS PRIOR
38 2/26/2100 IS 3 DAYS PRIOR
39 2/27/2100 IS 2 DAYS PRIOR
40 2/25/2100 IS 4 DAYS PRIOR
41 2/28/2100 IS 1 DAY PRIOR
42 SAME DAY
43 3/2/2100 IS 1 DAY AFTER
44 3/3/2100 IS 2 DAYS AFTER
45 OUT OF RANGE
46 OUT OF RANGE
47 OUT OF RANGE
48 OUT OF RANGE
49 12/25/1999 IS 7 DAYS PRIOR
50 12/26/1999 IS 6 DAYS PRIOR
51 12/27/1999 IS 5 DAYS PRIOR
52 12/28/1999 IS 4 DAYS PRIOR
53 12/29/1999 IS 3 DAYS PRIOR
54 12/30/1999 IS 2 DAYS PRIOR
55 12/31/1999 IS 1 DAY PRIOR
56 1/2/2000 IS 1 DAY AFTER
57 1/3/2000 IS 2 DAYS AFTER
58 1/4/2000 IS 3 DAYS AFTER
59 1/5/2000 IS 4 DAYS AFTER
60 1/6/2000 IS 5 DAYS AFTER
61 1/7/2000 IS 6 DAYS AFTER
62 1/8/2000 IS 7 DAYS AFTER
63 12/18/2200 IS 7 DAYS PRIOR
64 12/19/2200 IS 6 DAYS PRIOR
65 12/20/2200 IS 5 DAYS PRIOR
66 12/21/2200 IS 4 DAYS PRIOR
67 12/22/2200 IS 3 DAYS PRIOR
68 12/23/2200 IS 2 DAYS PRIOR
69 12/24/2200 IS 1 DAY PRIOR
70 SAME DAY
71 12/26/2200 IS 1 DAY AFTER
72 12/27/2200 IS 2 DAYS AFTER
73 12/28/2200 IS 3 DAYS AFTER
74 12/29/2200 IS 4 DAYS AFTER
75 12/30/2200 IS 5 DAYS AFTER
76 12/31/2200 IS 6 DAYS AFTER
77 1/1/2201 IS 7 DAYS AFTER
78 OUT OF RANGE
79 OUT OF RANGE
80 OUT OF RANGE
81 OUT OF RANGE
82 OUT OF RANGE
83 OUT OF RANGE
84 OUT OF RANGE
85 OUT OF RANGE
86 OUT OF RANGE
87 OUT OF RANGE
88 OUT OF RANGE
89 OUT OF RANGE
90 OUT OF RANGE
91 OUT OF RANGE
92 OUT OF RANGE
93 OUT OF RANGE
94 OUT OF RANGE
95 OUT OF RANGE
96 1/26/2004 IS 7 DAYS PRIOR
97 1/27/2004 IS 6 DAYS PRIOR
98 1/28/2004 IS 5 DAYS PRIOR
99 1/29/2004 IS 4 DAYS PRIOR
100 1/30/2004 IS 3 DAYS PRIOR
101 1/31/2004 IS 2 DAYS PRIOR
102 2/1/2004 IS 1 DAY PRIOR
103 SAME DAY
104 2/3/2004 IS 1 DAY AFTER
105 2/4/2004 IS 2 DAYS AFTER
106 2/5/2004 IS 3 DAYS AFTER
107 2/6/2004 IS 4 DAYS AFTER
108 2/7/2004 IS 5 DAYS AFTER
109 2/8/2004 IS 6 DAYS AFTER
110 2/9/2004 IS 7 DAYS AFTER
111 OUT OF RANGE
112 OUT OF RANGE
113 OUT OF RANGE
114 OUT OF RANGE
115 8/7/2003 IS 7 DAYS PRIOR
116 8/8/2003 IS 6 DAYS PRIOR
117 8/12/2003 IS 2 DAYS PRIOR
118 8/13/2003 IS 1 DAY PRIOR
119 SAME DAY
120 8/15/2003 IS 1 DAY AFTER
121 OUT OF RANGE
122 OUT OF RANGE
