1 8
sHShhSHs

2 2
HH

3 65
sHShhsHHHShhhhsHHHHHshhhhhsHHHHHshhhhhsHHHHHshhhhh
SHHHHshhhSHHshS

4 168
sHShhsHHHShhhhsHHHHHShhhhhhsHHHHHHHShhhhhhhhsHHHHH
HHHHShhhhhhhhhhsHHHHHHHHHHHShhhhhhhhhhhhSHHHHHHHHH
HHshhhhhhhhhhSHHHHHHHHHshhhhhhhhSHHHHHHHshhhhhhSHH
HHHshhhhSHHHshhSHs

5 12
hhhhhhhhhhhs

6 12
HHHHHHHHHHHS

7 132
sHShhsHHHShhhhsHHHHHShhhhhhSHHHHHHShhhhhhSHHHHHHSh
hhhhhSHHHHHHShhhhhhSHHHHHHShhhhhhSHHHHHHShhhhhhSHH
HHHHShhhhhhSHHHHHshhhhSHHHshhSHs

8 119
sHShhsHHHShhhhsHHHHHshhhhhsHHHHHshhhhhsHHHHHshhhhh
sHHHHHshhhhhsHHHHHshhhhhsHHHHHshhhhhsHHHHHshhhhhsH
HHHHshhhhSHHHshhSHs

9 104
sHShhsHHHShhhhsHHHHshhhhsHHHHshhhhsHHHHshhhhsHHHHs
hhhhsHHHHshhhhsHHHHshhhhsHHHHshhhhsHHHHshhhhSHHHsh
hSHs

10 120
sHShhsHHHShhhhsHHHHHShhhhhhsHHHHHHHShhhhhhhhsHHHHH
HHHHShhhhhhhhhhSHHHHHHHHHshhhhhhhhSHHHHHHHshhhhhhS
HHHHHshhhhSHHHshhSHs

11 87
sHShhsHHHShhhSHHHShhhSHHHShhhSHHHShhhSHHHShhhSHHHS
hhhSHHHShhhSHHHShhhSHHHShhhSHHHshhSHs

12 62
sHShhsHHHShhhhsHHHHHShhhhhhSHHHHHHShhhhhhSHHHHHshh
hhSHHHshhSHs

13 19
sHShSHShSHShSHShSHs

14 103
sHShhsHHHShhhhsHHHHHShhhhhhsHHHHHHHShhhhhhhSHHHHHH
HShhhhhhhSHHHHHHHShhhhhhhSHHHHHHshhhhhSHHHHshhhSHH
shS

15 47
sHshsHshsHshsHshsHshsHshsHshsHshsHshsHshsHshsHs

16 119
sHShhsHHHShhhhsHHHHHShhhhhhsHHHHHHHShhhhhhhhsHHHHH
HHHHShhhhhhhhhSHHHHHHHHHshhhhhhhhSHHHHHHHshhhhhhSH
HHHHshhhhSHHHshhSHs

17 47
sHShhsHHHShhhhsHHHHHshhhhhsHHHHHshhhhSHHHshhSHs

18 107
sHShhsHHHShhhhsHHHHHShhhhhhsHHHHHHHShhhhhhhhsHHHHH
HHHshhhhhhhhsHHHHHHHHshhhhhhhSHHHHHHshhhhhSHHHHshh
hSHHshS

19 43
sHShhsHHHshhhsHHHshhhsHHHshhhsHHHshhhSHHshS

20 71
sHShhsHHHShhhhsHHHHHShhhhhhsHHHHHHHshhhhhhhSHHHHHH
shhhhhSHHHHshhhSHHshS

