1: 6.1000 4.1607
2: 1.0000 1.0000
3: 6.0000 9.6603
4: 10.7000 15.9100
5: 7.8000 5.2143
6: 11.6849 9.8029
7: 11.2379 13.1185
8: 4.9344 5.5263
9: 9.9604 8.8937
10: 3.7114 3.7925
11: 7.8137 8.2132
12: 7.7999 8.2707
13: 11.0541 13.2075
14: 11.1237 13.1847
15: 7.0144 6.2036
16: 11.9588 12.5303
17: 14.0833 13.2447
18: 11.7889 12.5129
19: 9.4538 12.0277
20: 9.5799 9.1799
21: 11.5239 12.8739
22: 5.5104 4.8971
23: 12.8029 11.7009
24: 7.1662 8.8257
25: 11.0618 10.6573
26: 8.0159 8.0789
27: 12.5339 11.9912
28: 9.7164 11.7211
29: 11.7136 12.7502
30: 2.0067 2.7282
31: 7.6583 8.3211
32: 3.8094 3.8436
33: 3.7121 3.7891
34: 2.5109 2.3105
35: 12.8417 11.5687
36: 14.1680 12.9136
37: 6.8011 6.3840
38: 7.0048 6.1984
39: 7.9227 8.0684
40: 7.6937 8.2666
41: 2.5222 2.2973
42: 8.6773 10.1099
43: 3.5947 4.0368
44: 11.0998 10.4974
45: 7.4952 8.5761
46: 3.4152 4.1790
47: 11.1588 13.2031
48: 6.6820 6.4453
49: 8.4184 7.5970
50: 13.9454 13.3466
51: 3.8045 3.8424
52: 8.6378 7.4230
53: 8.9224 9.8181
54: 3.6576 3.9567
55: 3.3074 4.2641
56: 6.8567 6.3780
57: 10.5040 11.1404
58: 8.9789 9.9023
59: 11.4715 10.1071
60: 2.0994 2.6708
61: 11.2572 13.0294
62: 6.2509 6.9603
63: 13.9168 13.1386
64: 3.8197 3.7837
65: 3.8334 3.8200
66: 8.4939 10.2532
67: 9.7212 9.1397
68: 10.6965 10.9765
69: 13.2289 13.8613
70: 12.0718 15.0078
71: 7.7547 8.3024
72: 3.6631 3.9756
73: 4.0193 3.5935
74: 7.8227 8.1740
75: 7.6561 8.3822
76: 3.9863 3.6547
77: 7.8665 8.2116
78: 2.1971 2.6021
79: 11.5193 13.0112
80: 4.6079 5.7854
81: 5.9220 7.2559
82: 9.2768 9.5384
83: 9.2741 9.5666
84: 13.2231 14.0544
85: 4.8995 5.4235
86: 7.7852 8.1942
87: 12.6790 11.7255
88: 6.6624 6.4822
89: 10.0374 11.5300
90: 6.9408 6.2176
91: 10.2088 11.3424
92: 10.6358 11.0248
93: 5.2039 5.2247
94: 3.2187 4.3283
95: 6.0004 7.2039
96: 3.2079 4.3264
97: 9.0225 9.6350
98: 10.0238 11.5596
99: 10.4985 11.0431
100: 5.1384 5.2355
