1: TS 3D 4D 5D 6D 7D 8D 9D TD AD TH TC
2: 4S 5S 6S 7S 8S 9S TS JS QS KS AS 2D 3D 6D 7D
   8D 9D TD JD QD KD AD 2H 3H 4H 5H 6H 7H 8H 9H
   TH QH KH 4C 5C 6C 7C 8C 9C TC JC QC KC AC
3: LOSER
4: AC
5: 5D
6: 9H 9C
7: 3S 4S 5S 6S 7S 8S 9S TS JS KS AS 2D 4D 5D 6D
   7D 8D 9D TD JD KD AD 2H 4H 5H 6H 7H 8H 9H TH
   JH KH AH 3C 4C 5C 6C 7C 8C 9C TC JC KC AC
8: 3S 2D 3D 2H 3C
9: QS
10: JD
11: 2S 3S 4S 5S 6S 7S 8S 9S QS KS AS 2D 3D 4D 5D
   6D 7D 8D 9D QD KD AD 2H 3H 4H 5H 6H 7H 8H 9H
   QH KH AH 2C 3C 4C 5C 6C 7C 8C 9C QC KC
12: 2S 3S 4S 5S 6S 9S TS JS QS KS AS 2D 3D 4D 5D
   6D 9D TD JD QD KD AD 2H 3H 4H 5H 6H 9H TH JH
   QH KH AH 2C 3C 4C 5C 6C 9C TC JC QC KC AC
13: 3H
14: 6H
15: 2S 3S 4S 5S 6S 7S 8S 9S TS JS QS KS AS 4D 6D
   7D 8D 9D QD KD 2H 3H 4H 5H 6H 7H 8H 9H TH JH
   QH KH AH 2C 3C 4C 5C 6C 7C 8C 9C TC JC QC
16: LOSER
17: 5D 6D 7D 9D QD AD
18: 3S 4S 7S 9S TS QS KS AS 2D 3D 4D 5D 7D 8D TD
   QD KD AD 2H 3H 4H 5H 8H 9H TH QH KH AH 2C 4C
   5C 7C 8C 9C QC KC AC
19: 3S 4S 6S 7S 9S TS JS QS KS AS 2D 3D 4D 5D 7D
   8D TD JD QD KD AD 2H 3H 4H 5H 6H 8H 9H TH JH
   QH KH AH 2C 3C 4C 5C 7C 8C 9C JC QC KC AC
20: TS TD TH TC
21: 3S 4S 5S 6S 7S 9S TS JS QS KS AS 2D 3D 4D 6D
   7D 9D TD JD QD KD AD 2H 3H 4H 6H 7H 8H 9H TH
   JH QH KH AH 3C 4C 5C 6C 7C 9C TC QC KC AC
22: 5S 5H
23: AS AC
24: 4S 5S 6S 7S 8S TS JS QS KS AS 2D 4D 6D 7D 9D
   TD JD QD KD AD 2H 4H 5H 6H 7H 8H 9H TH JH QH
   AH 2C 4C 6C 7C 8C 9C TC JC QC KC AC
25: 3S 5S 6S 7S 8S 9S TS JS QS KS AS 3D 5D 6D 7D
   8D 9D TD QD KD AD 2H 3H 5H 6H 8H 9H TH JH QH
   KH 2C 3C 5C 6C 7C 8C 9C TC QC KC AC
26: KS KH KC
27: 3S 4S 5S 6S 8S 9S TS JS QS KS AS 2D 3D 6D 9D
   TD JD QD KD AD 2H 3H 4H 5H 6H 8H 9H TH JH QH
   KH 2C 3C 4C 6C 8C 9C TC QC KC AC
28: 5S AS 5D AD 5H 5C AC
29: 3S 4S 5S 6S 7S 8S 9S TS QS KS AS 3D 4D 5D 6D
   7D 8D 9D TD JD QD KD AD 3H 4H 5H 6H 8H 9H TH
   JH QH AH 4C 5C 6C 7C 8C 9C TC JC QC KC AC
30: 8S 8D 8H
31: 4S 6S 7S 8S 4D 6D 7D 8D 4H 6H 7H 8H 4C 6C 7C
32: 2S 4S 5S 6S 7S 8S 9S TS QS KS AS 2D 3D 4D 6D
   7D 8D 9D TD JD QD KD AD 3H 4H 6H 7H 8H TH JH
   QH KH AH 2C 4C 6C 7C 8C 9C TC JC QC KC AC
33: 4S 7S 8S 9S TS QS KS 4D 5D 7D 8D 9D TD JD QD
   4H 5H 7H 8H 9H TH JH QH KH 5C 7C 8C 9C TC JC
   QC KC
