1 READ OF 4 BYTES FROM SLAVE 47
2 WRITE OF 8 BYTES TO SLAVE 11
3 ERROR NO STOP BIT
4 ERROR NO ACK FROM SLAVE 1A
5 READ OF 1 BYTES FROM SLAVE 12
6 READ OF 4 BYTES FROM SLAVE 12
7 READ OF 4 BYTES FROM SLAVE 12
8 READ OF 4 BYTES FROM SLAVE 12
9 READ OF 4 BYTES FROM SLAVE 12
10 READ OF 4 BYTES FROM SLAVE 12
11 READ OF 5 BYTES FROM SLAVE 12
12 READ OF 5 BYTES FROM SLAVE 12
13 READ OF 5 BYTES FROM SLAVE 12
14 READ OF 5 BYTES FROM SLAVE 12
15 READ OF 5 BYTES FROM SLAVE 12
16 WRITE OF 8 BYTES TO SLAVE 33
17 WRITE OF 5 BYTES TO SLAVE 22
18 ERROR NO STOP BIT
19 ERROR NO ACK FOR DATA
20 ERROR NO ACK FOR DATA
21 READ OF 61 BYTES FROM SLAVE 77
22 WRITE OF 1 BYTES TO SLAVE 61
23 READ OF 2 BYTES FROM SLAVE 62
24 READ OF 1 BYTES FROM SLAVE 62
25 WRITE OF 1 BYTES TO SLAVE 01
26 ERROR NO ACK FROM SLAVE 01
27 ERROR NO STOP BIT
28 ERROR NO START BIT
29 ERROR NO START BIT
30 ERROR NO START BIT
31 ERROR NO START BIT
32 ERROR NO START BIT
33 ERROR NO START BIT
34 ERROR NO START BIT
35 ERROR NO START BIT
