1 1.00000 0.00000 4.00000
2 0.99347 -0.11408 5.98771
3 0.45018 0.89294 0.81417
4 0.66369 0.74801 1.01564
5 0.99195 0.12660 0.99190
6 0.18008 0.98365 0.39495
7 0.20301 0.97918 0.43869
8 0.24485 0.96956 0.51367
9 0.30519 0.95229 0.61261
10 0.36527 0.93090 0.70252
11 0.88314 -0.46912 1.44895
12 0.15735 0.98754 10.82966
13 0.98958 0.14397 12.66892
14 0.12420 -0.99226 -4.53918
15 0.96731 0.25360 15.90411
16 0.95844 0.28529 10.38504
17 0.27024 -0.96279 -12.50763
18 0.90124 -0.43333 9.73557
19 0.43031 0.90268 14.32711
20 0.61994 -0.78465 -3.55120
21 0.98206 0.18857 10.17999
22 0.86422 0.50311 17.05240
23 0.60203 -0.79847 3.01572
24 0.48389 0.87513 9.19427
25 0.34399 -0.93897 -3.71963
26 0.13462 0.99090 3.19003
27 0.98914 0.14699 8.73226
28 0.97037 0.24162 15.70437
29 0.77365 -0.63362 6.71834
30 0.84783 -0.53027 0.68846
31 0.88006 -0.47487 0.96152
32 0.55574 -0.83136 0.44257
33 0.74381 0.66839 17.20822
34 0.08211 0.99662 11.75941
35 0.94791 0.31855 6.72398
36 0.11489 0.99338 10.22082
37 0.99005 -0.14069 10.87633
38 0.88173 0.47176 7.43554
39 0.99905 -0.04366 4.51742
40 0.57785 0.81614 19.20479
41 0.94928 0.31442 5.97116
42 0.99973 0.02328 9.47081
43 0.99615 -0.08770 13.44292
44 0.27157 0.96242 16.03083
45 0.16036 0.98706 17.48682
46 0.81056 0.58566 13.81284
47 0.04855 -0.99882 -14.67848
48 0.99010 0.14033 13.93641
49 0.17019 -0.98541 -13.25646
50 0.10669 -0.99429 -11.77099
