1 1
049705682302
2 2
049705682302
049835682302
3 9
049005681302
049005682002
049035688302
049035689002
049105684302
049105685002
049135681302
049135682002
4 0
5 0
6 2
044000037550
653154464114
7 3
071429091832
071429099432
071429191532
8 1
043000285558
9 2
043000285558
043093285558
10 6
033300402113
034000402113
035700402113
036400402113
037100402113
038800402113
11 4
034000032525
034000058525
034000074525
034000087525
12 9
070020416006
070440416006
071140416006
071720416006
072420416006
072840416006
073120416006
073540416006
