
H....
HoLe.
H....
HEL..
HELLO

P....
PAR..
PAR..
PAR..
PAR..
PA.TY
party

H....
H....
HELIX

M....
maybe

B....
B.l..
B.lk.
Bal.c
BLACK

C....
CARDS

M....
M....
M....
M....
M....
MILKS

B....
B....
B....
B.OWN
B.OWN
BLOWN

H....
HoLe.
H....
HEL..
HELLO

P....
PAR..
PAR..
PAR..
PAR..
PA.TY
party

H....
H....
HELIX

M....
maybe

B....
B.l..
B.lk.
Bal.c
BLACK

C....
CARDS

M....
M....
M....
M....
M....
MILKS

B....
B....
B....
B.OWN
B.OWN
BLOWN

L....
L....
L....
L....
LINGS

R....
R....
R....
RO.un
R.ndo
dnUor
round

I....
tunip
tu.ip
INPUT
