DATASET #1
MULTIPLE TABLES
DATASET #2
MULTIPLE TABLES
DATASET #3
H = 0
I = 1
DATASET #4
A = 10
B = 11
C = 0
DATASET #5
  = 0
D = 10
E = 110
H = 1110
L = 11110
O = 111110
R = 1111110
W = 1111111
DATASET #6
MULTIPLE TABLES
DATASET #7
MULTIPLE TABLES
DATASET #8
  = 0
D = 10
E = 110
H = 1110
L = 11110
O = 111110
R = 1111110
W = 1111111
DATASET #9
A = 0
B = 10
C = 110
D = 1110
E = 11110
F = 111110
G = 1111110
H = 11111110
I = 111111110
J = 111111111
DATASET #10
A = 00
B = 01
C = 1
DATASET #11
A = 10
B = 11
C = 0
DATASET #12
A = 0
B = 1
DATASET #13
A = 0
B = 1
DATASET #14
A = 0
B = 10
C = 11
DATASET #15
A = 10
B = 11
C = 0100
D = 0101
E = 0110
F = 0111
G = 0000
H = 0001
I = 0010
J = 0011
DATASET #16
A = 10
B = 11
C = 0100
D = 0101
E = 0110
F = 0111
G = 0000
H = 0001
I = 0010
J = 0011
DATASET #17
A = 0
B = 10
C = 110
D = 1110
E = 11110
F = 111110
G = 1111110
H = 11111110
I = 11111111
DATASET #18
A = 1
B = 0000
C = 0001
D = 0010
E = 0011
F = 01
