2

15.6030 4.6260
7.5905 0.0000
8.9396 3.8313


8.1575 0.0000
15.8312 4.4304
12.0075 5.1461

1

10.0510 0.0000
14.6315 5.4587
11.5450 4.9479

0
4

8.9222 0.0000
18.6579 5.6210
13.1279 9.8459


18.7819 5.3234
9.5616 0.0000
8.7150 6.5362


2.5043 1.8782
16.7826 10.1218
18.0936 0.0000


16.5755 10.6188
6.0755 4.5566
12.0396 -0.0000

3

101.0484 -100.0000
102.4103 -99.2137
100.0000 -98.1841


100.0000 -98.3559
101.2330 -97.6441
100.9492 -100.0000


101.5000 -98.0000
100.0000 -98.8660
102.6547 -100.0000

3

101.5034 -100.0000
102.1544 -98.8725
100.0000 -99.1320


101.9200 -98.5600
101.0886 -100.0000
100.0000 -97.4515


100.0000 -98.7875
100.9094 -97.2125
102.1001 -100.0000

1

101.9200 -98.5600
101.9200 -100.0000
100.0000 -98.5600

3

100.1302 -100.0000
102.9268 -99.9023
100.0000 -96.2713


100.0000 -98.0259
101.4806 -97.9741
100.0689 -100.0000


101.5000 -98.0000
100.0000 -98.0524
101.5698 -100.0000

3

101.5000 -98.0000
100.0000 -97.1340
100.3453 -100.0000


101.0831 -100.0000
100.0000 -99.3747
101.9169 -98.5559


100.0000 -99.2137
101.3619 -100.0000
101.0484 -97.3978

1

101.5000 -98.0000
100.0000 -98.0000
101.5000 -100.0000

