1 0
2 190
3 19
4 171
5 86
6 69
7 70
8 123
9 103
10 92
11 96
12 81
13 102
14 70
15 99
16 116
17 106
18 95
19 79
20 100
21 101
22 73
23 94
24 106
25 104
26 76
27 95
28 89
29 106
30 95
31 84
32 91
33 99
34 102
35 111
36 98
37 94
38 101
39 100
40 89
41 76
42 87
43 123
44 80
45 92
46 51
47 96
48 95
49 92
50 108
51 108
52 98
53 107
54 97
55 96
56 111
57 89
58 67
59 114
60 105
61 70
62 108
63 109
64 104
65 108
66 107
67 70
68 100
69 100
70 79
71 79
72 90
73 61
74 108
75 108
76 72
77 98
78 90
79 91
80 84
81 120
82 95
83 99
84 91
85 91
86 86
87 122
88 91
89 107
90 104
91 88
92 90
93 83
94 90
95 106
96 111
97 105
98 119
99 83
100 104
101 104
102 96
103 99
104 104
105 82
106 107
107 88
108 116
109 117
110 109
111 131
112 110
113 71
114 111
115 75
116 106
117 114
118 95
119 82
120 77
121 111
122 75
123 107
124 69
125 80
126 89
127 104
128 111
129 113
130 111
131 113
132 89
133 100
134 94
135 97
136 76
137 82
138 91
139 74
140 86
141 87
142 112
143 71
144 123
145 76
146 94
147 120
148 106
149 106
150 68
151 76
152 92
153 110
154 89
155 105
156 87
157 81
158 124
159 127
160 99
161 108
162 79
163 111
164 82
165 96
166 90
167 113
168 91
169 84
170 104
171 95
172 82
173 75
174 88
175 79
176 78
177 116
178 98
179 104
180 121
181 102
182 64
183 120
184 107
185 102
186 72
187 105
188 107
189 93
190 90
191 137
192 111
193 89
194 89
195 79
196 96
197 76
198 89
199 98
200 80
201 107
202 89
203 92
204 92
205 87
206 90
207 90
208 96
209 92
210 65
211 98
212 99
213 91
214 121
215 95
216 95
217 90
218 108
219 92
220 95
221 119
222 90
223 82
224 92
225 74
226 75
227 105
228 99
229 115
230 92
231 86
232 113
233 85
234 115
235 96
236 109
237 89
238 102
239 107
240 109
241 83
242 102
243 66
244 122
245 107
246 100
247 98
248 90
249 121
250 89
251 87
252 109
253 101
254 84
255 87
256 121
257 84
258 92
259 89
260 82
261 80
262 91
263 101
264 84
265 98
266 92
267 112
268 89
269 136
270 76
271 101
272 114
273 64
274 86
275 108
276 75
277 85
278 113
279 87
280 95
281 106
282 137
283 66
284 90
285 87
286 92
287 87
288 97
289 107
290 80
291 95
292 98
293 123
294 88
295 89
296 78
297 111
298 90
299 89
300 74
301 87
302 81
303 56
304 93
305 90
306 101
307 97
308 114
309 121
310 102
311 110
312 95
313 78
314 100
315 93
316 103
317 89
318 87
319 85
320 108
321 82
322 93
323 102
324 65
325 97
326 92
327 90
328 94
329 73
330 73
331 68
332 90
333 121
334 83
335 101
336 96
337 112
338 106
339 79
340 70
341 107
342 109
343 76
344 92
345 72
346 96
347 106
348 94
349 81
350 89
351 81
352 118
353 109
354 92
355 77
356 109
357 83
358 102
359 77
360 101
361 85
362 91
363 92
364 90
365 103
366 85
367 97
368 90
369 91
370 70
371 103
372 69
373 92
374 123
375 76
376 86
377 106
378 73
379 93
380 107
381 78
382 122
383 140
384 88
385 85
386 102
387 97
388 103
389 119
390 83
391 86
392 76
393 106
394 66
395 77
396 115
397 128
398 89
399 105
400 111
401 98
402 84
403 110
404 94
405 98
406 115
407 96
408 92
409 90
410 103
411 118
412 83
413 101
414 95
415 92
416 123
417 115
418 111
419 79
420 116
421 96
422 113
423 73
424 99
425 112
426 87
427 97
428 100
429 96
430 102
431 85
432 99
433 108
434 105
435 114
436 94
437 80
438 123
439 99
440 91
441 95
442 78
443 83
444 81
445 88
446 63
447 81
448 88
449 129
450 109
451 110
452 102
453 79
454 118
455 105
456 82
457 109
458 73
459 94
460 123
461 82
462 98
463 94
464 109
465 76
466 107
467 88
468 119
469 87
470 81
471 129
472 117
473 116
474 92
475 78
476 104
477 81
478 108
479 126
480 99
481 123
482 110
483 97
484 84
485 109
486 84
487 69
488 87
489 110
490 72
491 74
492 96
493 90
494 110
495 97
496 95
497 85
498 80
499 109
500 103
501 115
502 101
503 109
504 101
505 107
506 76
507 94
508 118
509 93
510 118
511 79
512 90
513 94
514 105
515 94
516 58
517 78
518 87
519 93
520 84
521 93
522 93
523 107
524 103
525 91
526 70
527 127
528 87
529 110
530 107
531 88
532 113
533 89
534 81
535 79
536 72
537 88
538 106
539 100
540 88
541 89
542 94
543 65
544 98
545 102
546 111
547 99
548 102
549 93
550 98
551 88
552 77
553 85
554 102
555 87
556 113
557 94
558 105
559 113
560 108
561 96
562 90
563 78
564 58
565 110
566 105
567 70
568 110
569 84
570 110
571 88
572 82
573 85
574 54
575 106
576 69
577 112
578 71
579 98
580 96
581 98
582 85
583 97
584 94
585 100
586 89
587 73
588 111
589 102
590 60
591 110
592 79
593 104
594 103
595 99
596 84
597 81
598 86
599 89
600 95
601 148
602 82
603 113
604 85
605 115
606 98
607 114
608 112
609 118
610 108
611 88
612 109
613 100
614 95
615 98
616 98
617 116
618 118
619 94
620 80
621 106
622 113
623 104
624 110
625 112
626 104
627 77
628 98
629 90
630 111
631 97
632 99
633 74
634 97
635 102
636 110
637 92
638 69
639 110
640 91
641 100
642 83
643 87
644 98
645 95
646 97
647 77
648 118
649 105
650 106
651 97
652 90
653 89
654 111
655 90
656 70
657 116
658 103
659 112
660 94
661 97
662 112
663 119
664 74
665 89
666 66
667 107
668 102
669 96
670 97
671 110
672 85
673 73
674 107
675 107
676 108
677 84
678 86
679 125
680 85
681 62
682 83
683 92
684 80
685 114
686 70
687 105
688 100
689 79
690 98
691 111
692 134
693 124
694 81
695 70
696 99
697 69
698 107
699 90
700 94
701 105
702 112
703 87
704 99
705 76
706 86
707 101
708 97
709 85
710 106
711 117
712 94
713 75
714 91
715 91
716 76
717 81
718 66
719 108
720 107
721 115
722 93
723 93
724 84
725 97
726 97
727 87
728 83
729 114
730 109
731 71
732 99
733 65
734 88
735 98
736 88
737 76
738 98
739 118
740 93
741 124
742 83
743 77
744 94
745 75
746 127
747 83
748 111
749 74
750 117
751 78
752 89
753 84
754 79
755 102
756 121
757 95
758 110
759 112
760 113
761 121
762 77
763 101
764 107
765 75
766 88
767 76
768 109
769 113
770 104
771 112
772 88
773 87
774 114
775 108
776 125
777 76
778 97
779 98
780 93
781 88
782 102
783 103
784 110
785 92
786 99
787 87
788 74
789 92
790 104
791 120
792 90
793 93
794 86
795 113
796 88
797 85
798 84
799 117
800 88
801 88
802 89
803 94
804 122
805 79
806 78
807 90
808 65
809 70
810 107
811 75
812 76
813 105
814 107
815 77
816 64
817 110
818 101
819 59
820 104
821 118
822 71
823 89
824 80
825 111
826 116
827 81
828 115
829 100
830 105
831 103
832 89
833 103
834 112
835 78
836 77
837 81
838 106
839 88
840 71
841 84
842 81
843 118
844 92
845 79
846 107
847 107
848 80
849 114
850 84
851 96
852 107
853 78
854 92
855 96
856 113
857 114
858 71
859 59
860 79
861 118
862 93
863 97
864 102
865 100
866 94
867 119
868 108
869 86
870 102
871 109
872 63
873 130
874 54
875 77
876 84
877 97
878 74
879 116
880 67
881 103
882 89
883 97
884 91
885 107
886 98
887 91
888 88
889 88
890 93
891 103
892 74
893 111
894 113
895 99
896 89
897 104
898 102
899 78
900 74
901 112
902 95
903 81
904 79
905 101
906 84
907 90
908 87
909 80
910 82
911 100
912 98
913 103
914 79
915 100
916 112
917 90
918 92
919 83
920 108
921 89
922 85
923 118
924 126
925 124
926 88
927 94
928 105
929 92
930 115
931 129
932 96
933 105
934 103
935 94
936 82
937 79
938 101
939 104
940 101
941 86
942 85
943 70
944 105
945 94
946 89
947 110
948 95
949 71
950 78
951 92
952 104
953 108
954 85
955 128
956 72
957 78
958 100
959 86
960 99
961 95
962 123
963 105
964 60
965 91
966 84
967 100
968 98
969 107
970 102
971 76
972 46
973 118
974 108
975 115
976 102
977 87
978 96
979 106
980 84
981 77
982 88
983 120
984 56
985 101
986 101
987 90
988 124
989 109
990 103
991 100
992 103
993 70
994 119
995 81
996 111
997 107
998 101
999 122
1000 94
